---------------------------------------------
1 ROUGE-1 Average_R: 0.22130 (95%-conf.int. 0.20175 - 0.24106)
1 ROUGE-1 Average_P: 0.23855 (95%-conf.int. 0.22018 - 0.25809)
1 ROUGE-1 Average_F: 0.22898 (95%-conf.int. 0.21025 - 0.24839)
.............................................
1 ROUGE-1 Eval D1001-A.M.100.A.1 R:0.20165 P:0.21121 F:0.20632
1 ROUGE-1 Eval D1002-A.M.100.A.1 R:0.15900 P:0.19000 F:0.17312
1 ROUGE-1 Eval D1003-A.M.100.A.1 R:0.23377 P:0.26471 F:0.24828
1 ROUGE-1 Eval D1004-A.M.100.A.1 R:0.28512 P:0.28750 F:0.28631
1 ROUGE-1 Eval D1005-A.M.100.A.1 R:0.22541 P:0.27500 F:0.24775
1 ROUGE-1 Eval D1006-A.M.100.A.1 R:0.21839 P:0.27941 F:0.24516
1 ROUGE-1 Eval D1007-A.M.100.B.1 R:0.29333 P:0.29464 F:0.29398
1 ROUGE-1 Eval D1008-A.M.100.B.1 R:0.14516 P:0.17647 F:0.15929
1 ROUGE-1 Eval D1009-A.M.100.B.1 R:0.17699 P:0.17857 F:0.17778
1 ROUGE-1 Eval D1010-A.M.100.B.1 R:0.34800 P:0.33984 F:0.34387
1 ROUGE-1 Eval D1011-A.M.100.C.1 R:0.12931 P:0.10135 F:0.11364
1 ROUGE-1 Eval D1012-A.M.100.C.1 R:0.19919 P:0.19758 F:0.19838
1 ROUGE-1 Eval D1013-A.M.100.C.1 R:0.24900 P:0.27193 F:0.25996
1 ROUGE-1 Eval D1014-A.M.100.C.1 R:0.11297 P:0.11638 F:0.11465
1 ROUGE-1 Eval D1015-A.M.100.C.1 R:0.26792 P:0.26894 F:0.26843
1 ROUGE-1 Eval D1016-A.M.100.C.1 R:0.24664 P:0.29255 F:0.26764
1 ROUGE-1 Eval D1017-A.M.100.D.1 R:0.19184 P:0.21364 F:0.20215
1 ROUGE-1 Eval D1018-A.M.100.D.1 R:0.25105 P:0.25862 F:0.25478
1 ROUGE-1 Eval D1019-A.M.100.D.1 R:0.37500 P:0.35156 F:0.36290
1 ROUGE-1 Eval D1020-A.M.100.D.1 R:0.13223 P:0.14815 F:0.13974
1 ROUGE-1 Eval D1021-A.M.100.D.1 R:0.27119 P:0.27586 F:0.27351
1 ROUGE-1 Eval D1022-A.M.100.D.1 R:0.25105 P:0.25862 F:0.25478
1 ROUGE-1 Eval D1023-A.M.100.E.1 R:0.20661 P:0.21930 F:0.21277
1 ROUGE-1 Eval D1024-A.M.100.E.1 R:0.28750 P:0.30263 F:0.29487
1 ROUGE-1 Eval D1025-A.M.100.E.1 R:0.22566 P:0.24057 F:0.23288
1 ROUGE-1 Eval D1026-A.M.100.E.1 R:0.07265 P:0.09884 F:0.08375
1 ROUGE-1 Eval D1027-A.M.100.E.1 R:0.24603 P:0.31000 F:0.27434
1 ROUGE-1 Eval D1028-A.M.100.E.1 R:0.38750 P:0.38750 F:0.38750
1 ROUGE-1 Eval D1029-A.M.100.F.1 R:0.16250 P:0.17727 F:0.16956
1 ROUGE-1 Eval D1030-A.M.100.F.1 R:0.16667 P:0.24419 F:0.19812
1 ROUGE-1 Eval D1031-A.M.100.F.1 R:0.20816 P:0.20565 F:0.20690
1 ROUGE-1 Eval D1032-A.M.100.F.1 R:0.14885 P:0.17727 F:0.16182
1 ROUGE-1 Eval D1033-A.M.100.F.1 R:0.26033 P:0.25820 F:0.25926
1 ROUGE-1 Eval D1034-A.M.100.F.1 R:0.13169 P:0.15686 F:0.14318
1 ROUGE-1 Eval D1035-A.M.100.G.1 R:0.21138 P:0.27083 F:0.23744
1 ROUGE-1 Eval D1036-A.M.100.G.1 R:0.05714 P:0.07143 F:0.06349
1 ROUGE-1 Eval D1037-A.M.100.G.1 R:0.20370 P:0.19643 F:0.20000
1 ROUGE-1 Eval D1038-A.M.100.G.1 R:0.16863 P:0.19545 F:0.18105
1 ROUGE-1 Eval D1039-A.M.100.G.1 R:0.21633 P:0.21032 F:0.21328
1 ROUGE-1 Eval D1040-A.M.100.G.1 R:0.27660 P:0.29545 F:0.28571
1 ROUGE-1 Eval D1041-A.M.100.H.1 R:0.30709 P:0.36111 F:0.33192
1 ROUGE-1 Eval D1042-A.M.100.H.1 R:0.26457 P:0.26339 F:0.26398
1 ROUGE-1 Eval D1043-A.M.100.H.1 R:0.27966 P:0.27966 F:0.27966
1 ROUGE-1 Eval D1044-A.M.100.H.1 R:0.21519 P:0.23611 F:0.22517
1 ROUGE-1 Eval D1045-A.M.100.H.1 R:0.25197 P:0.30189 F:0.27468
1 ROUGE-1 Eval D1046-A.M.100.H.1 R:0.28346 P:0.27273 F:0.27799
---------------------------------------------
1 ROUGE-2 Average_R: 0.05667 (95%-conf.int. 0.04628 - 0.06796)
1 ROUGE-2 Average_P: 0.06059 (95%-conf.int. 0.05018 - 0.07262)
1 ROUGE-2 Average_F: 0.05842 (95%-conf.int. 0.04811 - 0.06999)
.............................................
1 ROUGE-2 Eval D1001-A.M.100.A.1 R:0.03347 P:0.03509 F:0.03426
1 ROUGE-2 Eval D1002-A.M.100.A.1 R:0.02979 P:0.03571 F:0.03248
1 ROUGE-2 Eval D1003-A.M.100.A.1 R:0.03965 P:0.04500 F:0.04216
1 ROUGE-2 Eval D1004-A.M.100.A.1 R:0.07563 P:0.07627 F:0.07595
1 ROUGE-2 Eval D1005-A.M.100.A.1 R:0.02917 P:0.03571 F:0.03211
1 ROUGE-2 Eval D1006-A.M.100.A.1 R:0.04280 P:0.05500 F:0.04814
1 ROUGE-2 Eval D1007-A.M.100.B.1 R:0.06787 P:0.06818 F:0.06802
1 ROUGE-2 Eval D1008-A.M.100.B.1 R:0.02869 P:0.03500 F:0.03153
1 ROUGE-2 Eval D1009-A.M.100.B.1 R:0.03153 P:0.03182 F:0.03167
1 ROUGE-2 Eval D1010-A.M.100.B.1 R:0.12602 P:0.12302 F:0.12450
1 ROUGE-2 Eval D1011-A.M.100.C.1 R:0.03509 P:0.02740 F:0.03077
1 ROUGE-2 Eval D1012-A.M.100.C.1 R:0.05372 P:0.05328 F:0.05350
1 ROUGE-2 Eval D1013-A.M.100.C.1 R:0.13878 P:0.15179 F:0.14499
1 ROUGE-2 Eval D1014-A.M.100.C.1 R:0.00426 P:0.00439 F:0.00432
1 ROUGE-2 Eval D1015-A.M.100.C.1 R:0.10345 P:0.10385 F:0.10365
1 ROUGE-2 Eval D1016-A.M.100.C.1 R:0.05023 P:0.05978 F:0.05459
1 ROUGE-2 Eval D1017-A.M.100.D.1 R:0.01660 P:0.01852 F:0.01751
1 ROUGE-2 Eval D1018-A.M.100.D.1 R:0.08936 P:0.09211 F:0.09071
1 ROUGE-2 Eval D1019-A.M.100.D.1 R:0.08051 P:0.07540 F:0.07787
1 ROUGE-2 Eval D1020-A.M.100.D.1 R:0.01261 P:0.01415 F:0.01334
1 ROUGE-2 Eval D1021-A.M.100.D.1 R:0.11207 P:0.11404 F:0.11305
1 ROUGE-2 Eval D1022-A.M.100.D.1 R:0.03830 P:0.03947 F:0.03888
1 ROUGE-2 Eval D1023-A.M.100.E.1 R:0.01261 P:0.01339 F:0.01299
1 ROUGE-2 Eval D1024-A.M.100.E.1 R:0.08475 P:0.08929 F:0.08696
1 ROUGE-2 Eval D1025-A.M.100.E.1 R:0.04505 P:0.04808 F:0.04652
1 ROUGE-2 Eval D1026-A.M.100.E.1 R:0.00000 P:0.00000 F:0.00000
1 ROUGE-2 Eval D1027-A.M.100.E.1 R:0.08065 P:0.10204 F:0.09009
1 ROUGE-2 Eval D1028-A.M.100.E.1 R:0.13983 P:0.13983 F:0.13983
1 ROUGE-2 Eval D1029-A.M.100.F.1 R:0.01695 P:0.01852 F:0.01770
1 ROUGE-2 Eval D1030-A.M.100.F.1 R:0.02823 P:0.04167 F:0.03366
1 ROUGE-2 Eval D1031-A.M.100.F.1 R:0.05394 P:0.05328 F:0.05361
1 ROUGE-2 Eval D1032-A.M.100.F.1 R:0.00775 P:0.00926 F:0.00844
1 ROUGE-2 Eval D1033-A.M.100.F.1 R:0.07143 P:0.07083 F:0.07113
1 ROUGE-2 Eval D1034-A.M.100.F.1 R:0.01255 P:0.01500 F:0.01367
1 ROUGE-2 Eval D1035-A.M.100.G.1 R:0.07025 P:0.09043 F:0.07907
1 ROUGE-2 Eval D1036-A.M.100.G.1 R:0.01660 P:0.02083 F:0.01848
1 ROUGE-2 Eval D1037-A.M.100.G.1 R:0.01887 P:0.01818 F:0.01852
1 ROUGE-2 Eval D1038-A.M.100.G.1 R:0.05578 P:0.06481 F:0.05996
1 ROUGE-2 Eval D1039-A.M.100.G.1 R:0.04564 P:0.04435 F:0.04499
1 ROUGE-2 Eval D1040-A.M.100.G.1 R:0.06494 P:0.06944 F:0.06711
1 ROUGE-2 Eval D1041-A.M.100.H.1 R:0.14400 P:0.16981 F:0.15584
1 ROUGE-2 Eval D1042-A.M.100.H.1 R:0.08676 P:0.08636 F:0.08656
1 ROUGE-2 Eval D1043-A.M.100.H.1 R:0.13793 P:0.13793 F:0.13793
1 ROUGE-2 Eval D1044-A.M.100.H.1 R:0.05150 P:0.05660 F:0.05393
1 ROUGE-2 Eval D1045-A.M.100.H.1 R:0.05600 P:0.06731 F:0.06114
1 ROUGE-2 Eval D1046-A.M.100.H.1 R:0.07600 P:0.07308 F:0.07451
