---------------------------------------------
1 ROUGE-1 Average_R: 0.22102 (95%-conf.int. 0.20286 - 0.24030)
1 ROUGE-1 Average_P: 0.23790 (95%-conf.int. 0.21975 - 0.25690)
1 ROUGE-1 Average_F: 0.22852 (95%-conf.int. 0.20999 - 0.24706)
.............................................
1 ROUGE-1 Eval D1001-A.M.100.A.1 R:0.20165 P:0.21121 F:0.20632
1 ROUGE-1 Eval D1002-A.M.100.A.1 R:0.16736 P:0.20408 F:0.18390
1 ROUGE-1 Eval D1003-A.M.100.A.1 R:0.23377 P:0.26471 F:0.24828
1 ROUGE-1 Eval D1004-A.M.100.A.1 R:0.28099 P:0.27869 F:0.27984
1 ROUGE-1 Eval D1005-A.M.100.A.1 R:0.20902 P:0.25500 F:0.22973
1 ROUGE-1 Eval D1006-A.M.100.A.1 R:0.21839 P:0.27941 F:0.24516
1 ROUGE-1 Eval D1007-A.M.100.B.1 R:0.30222 P:0.30357 F:0.30289
1 ROUGE-1 Eval D1008-A.M.100.B.1 R:0.18548 P:0.22115 F:0.20175
1 ROUGE-1 Eval D1009-A.M.100.B.1 R:0.18584 P:0.19444 F:0.19004
1 ROUGE-1 Eval D1010-A.M.100.B.1 R:0.31600 P:0.30385 F:0.30981
1 ROUGE-1 Eval D1011-A.M.100.C.1 R:0.13362 P:0.10473 F:0.11742
1 ROUGE-1 Eval D1012-A.M.100.C.1 R:0.19919 P:0.19758 F:0.19838
1 ROUGE-1 Eval D1013-A.M.100.C.1 R:0.25301 P:0.27155 F:0.26195
1 ROUGE-1 Eval D1014-A.M.100.C.1 R:0.10879 P:0.11017 F:0.10948
1 ROUGE-1 Eval D1015-A.M.100.C.1 R:0.26792 P:0.26894 F:0.26843
1 ROUGE-1 Eval D1016-A.M.100.C.1 R:0.27354 P:0.31122 F:0.29117
1 ROUGE-1 Eval D1017-A.M.100.D.1 R:0.19184 P:0.21364 F:0.20215
1 ROUGE-1 Eval D1018-A.M.100.D.1 R:0.23849 P:0.23361 F:0.23602
1 ROUGE-1 Eval D1019-A.M.100.D.1 R:0.37500 P:0.35714 F:0.36585
1 ROUGE-1 Eval D1020-A.M.100.D.1 R:0.13223 P:0.14815 F:0.13974
1 ROUGE-1 Eval D1021-A.M.100.D.1 R:0.27119 P:0.27119 F:0.27119
1 ROUGE-1 Eval D1022-A.M.100.D.1 R:0.25105 P:0.25862 F:0.25478
1 ROUGE-1 Eval D1023-A.M.100.E.1 R:0.20661 P:0.21930 F:0.21277
1 ROUGE-1 Eval D1024-A.M.100.E.1 R:0.30417 P:0.32589 F:0.31466
1 ROUGE-1 Eval D1025-A.M.100.E.1 R:0.23009 P:0.23636 F:0.23318
1 ROUGE-1 Eval D1026-A.M.100.E.1 R:0.07265 P:0.09884 F:0.08375
1 ROUGE-1 Eval D1027-A.M.100.E.1 R:0.24603 P:0.31000 F:0.27434
1 ROUGE-1 Eval D1028-A.M.100.E.1 R:0.37500 P:0.39474 F:0.38462
1 ROUGE-1 Eval D1029-A.M.100.F.1 R:0.16667 P:0.17544 F:0.17094
1 ROUGE-1 Eval D1030-A.M.100.F.1 R:0.16667 P:0.24419 F:0.19812
1 ROUGE-1 Eval D1031-A.M.100.F.1 R:0.20816 P:0.20565 F:0.20690
1 ROUGE-1 Eval D1032-A.M.100.F.1 R:0.14504 P:0.17593 F:0.15900
1 ROUGE-1 Eval D1033-A.M.100.F.1 R:0.26033 P:0.25820 F:0.25926
1 ROUGE-1 Eval D1034-A.M.100.F.1 R:0.11523 P:0.14000 F:0.12641
1 ROUGE-1 Eval D1035-A.M.100.G.1 R:0.20732 P:0.25500 F:0.22870
1 ROUGE-1 Eval D1036-A.M.100.G.1 R:0.07347 P:0.09184 F:0.08163
1 ROUGE-1 Eval D1037-A.M.100.G.1 R:0.19907 P:0.19545 F:0.19724
1 ROUGE-1 Eval D1038-A.M.100.G.1 R:0.17255 P:0.19298 F:0.18219
1 ROUGE-1 Eval D1039-A.M.100.G.1 R:0.20000 P:0.19141 F:0.19561
1 ROUGE-1 Eval D1040-A.M.100.G.1 R:0.27660 P:0.29018 F:0.28323
1 ROUGE-1 Eval D1041-A.M.100.H.1 R:0.27165 P:0.33824 F:0.30131
1 ROUGE-1 Eval D1042-A.M.100.H.1 R:0.26457 P:0.26339 F:0.26398
1 ROUGE-1 Eval D1043-A.M.100.H.1 R:0.27966 P:0.27966 F:0.27966
1 ROUGE-1 Eval D1044-A.M.100.H.1 R:0.21519 P:0.23611 F:0.22517
1 ROUGE-1 Eval D1045-A.M.100.H.1 R:0.25197 P:0.30189 F:0.27468
1 ROUGE-1 Eval D1046-A.M.100.H.1 R:0.28346 P:0.27273 F:0.27799
---------------------------------------------
1 ROUGE-2 Average_R: 0.05600 (95%-conf.int. 0.04601 - 0.06636)
1 ROUGE-2 Average_P: 0.05982 (95%-conf.int. 0.04970 - 0.07109)
1 ROUGE-2 Average_F: 0.05769 (95%-conf.int. 0.04776 - 0.06860)
.............................................
1 ROUGE-2 Eval D1001-A.M.100.A.1 R:0.03347 P:0.03509 F:0.03426
1 ROUGE-2 Eval D1002-A.M.100.A.1 R:0.02979 P:0.03646 F:0.03279
1 ROUGE-2 Eval D1003-A.M.100.A.1 R:0.03965 P:0.04500 F:0.04216
1 ROUGE-2 Eval D1004-A.M.100.A.1 R:0.07563 P:0.07500 F:0.07531
1 ROUGE-2 Eval D1005-A.M.100.A.1 R:0.02500 P:0.03061 F:0.02752
1 ROUGE-2 Eval D1006-A.M.100.A.1 R:0.04280 P:0.05500 F:0.04814
1 ROUGE-2 Eval D1007-A.M.100.B.1 R:0.06787 P:0.06818 F:0.06802
1 ROUGE-2 Eval D1008-A.M.100.B.1 R:0.05328 P:0.06373 F:0.05804
1 ROUGE-2 Eval D1009-A.M.100.B.1 R:0.03153 P:0.03302 F:0.03226
1 ROUGE-2 Eval D1010-A.M.100.B.1 R:0.11382 P:0.10938 F:0.11156
1 ROUGE-2 Eval D1011-A.M.100.C.1 R:0.03509 P:0.02740 F:0.03077
1 ROUGE-2 Eval D1012-A.M.100.C.1 R:0.05372 P:0.05328 F:0.05350
1 ROUGE-2 Eval D1013-A.M.100.C.1 R:0.12653 P:0.13596 F:0.13108
1 ROUGE-2 Eval D1014-A.M.100.C.1 R:0.00851 P:0.00862 F:0.00856
1 ROUGE-2 Eval D1015-A.M.100.C.1 R:0.10345 P:0.10385 F:0.10365
1 ROUGE-2 Eval D1016-A.M.100.C.1 R:0.05023 P:0.05729 F:0.05353
1 ROUGE-2 Eval D1017-A.M.100.D.1 R:0.01660 P:0.01852 F:0.01751
1 ROUGE-2 Eval D1018-A.M.100.D.1 R:0.08936 P:0.08750 F:0.08842
1 ROUGE-2 Eval D1019-A.M.100.D.1 R:0.08051 P:0.07661 F:0.07851
1 ROUGE-2 Eval D1020-A.M.100.D.1 R:0.01261 P:0.01415 F:0.01334
1 ROUGE-2 Eval D1021-A.M.100.D.1 R:0.11207 P:0.11207 F:0.11207
1 ROUGE-2 Eval D1022-A.M.100.D.1 R:0.03830 P:0.03947 F:0.03888
1 ROUGE-2 Eval D1023-A.M.100.E.1 R:0.01261 P:0.01339 F:0.01299
1 ROUGE-2 Eval D1024-A.M.100.E.1 R:0.08898 P:0.09545 F:0.09210
1 ROUGE-2 Eval D1025-A.M.100.E.1 R:0.04505 P:0.04630 F:0.04567
1 ROUGE-2 Eval D1026-A.M.100.E.1 R:0.00000 P:0.00000 F:0.00000
1 ROUGE-2 Eval D1027-A.M.100.E.1 R:0.08065 P:0.10204 F:0.09009
1 ROUGE-2 Eval D1028-A.M.100.E.1 R:0.13559 P:0.14286 F:0.13913
1 ROUGE-2 Eval D1029-A.M.100.F.1 R:0.01695 P:0.01786 F:0.01739
1 ROUGE-2 Eval D1030-A.M.100.F.1 R:0.02823 P:0.04167 F:0.03366
1 ROUGE-2 Eval D1031-A.M.100.F.1 R:0.04979 P:0.04918 F:0.04948
1 ROUGE-2 Eval D1032-A.M.100.F.1 R:0.00775 P:0.00943 F:0.00851
1 ROUGE-2 Eval D1033-A.M.100.F.1 R:0.07143 P:0.07083 F:0.07113
1 ROUGE-2 Eval D1034-A.M.100.F.1 R:0.00837 P:0.01020 F:0.00919
1 ROUGE-2 Eval D1035-A.M.100.G.1 R:0.07851 P:0.09694 F:0.08676
1 ROUGE-2 Eval D1036-A.M.100.G.1 R:0.01660 P:0.02083 F:0.01848
1 ROUGE-2 Eval D1037-A.M.100.G.1 R:0.01415 P:0.01389 F:0.01402
1 ROUGE-2 Eval D1038-A.M.100.G.1 R:0.05578 P:0.06250 F:0.05895
1 ROUGE-2 Eval D1039-A.M.100.G.1 R:0.04564 P:0.04365 F:0.04462
1 ROUGE-2 Eval D1040-A.M.100.G.1 R:0.06061 P:0.06364 F:0.06209
1 ROUGE-2 Eval D1041-A.M.100.H.1 R:0.12400 P:0.15500 F:0.13778
1 ROUGE-2 Eval D1042-A.M.100.H.1 R:0.08676 P:0.08636 F:0.08656
1 ROUGE-2 Eval D1043-A.M.100.H.1 R:0.13793 P:0.13793 F:0.13793
1 ROUGE-2 Eval D1044-A.M.100.H.1 R:0.04721 P:0.05189 F:0.04944
1 ROUGE-2 Eval D1045-A.M.100.H.1 R:0.05600 P:0.06731 F:0.06114
1 ROUGE-2 Eval D1046-A.M.100.H.1 R:0.07600 P:0.07308 F:0.07451
