---------------------------------------------
1 ROUGE-1 Average_R: 0.26367 (95%-conf.int. 0.24523 - 0.28236)
1 ROUGE-1 Average_P: 0.28894 (95%-conf.int. 0.26957 - 0.31045)
1 ROUGE-1 Average_F: 0.27495 (95%-conf.int. 0.25605 - 0.29451)
.............................................
1 ROUGE-1 Eval D1001-A.M.100.A.1 R:0.24691 P:0.30612 F:0.27335
1 ROUGE-1 Eval D1002-A.M.100.A.1 R:0.29289 P:0.31818 F:0.30501
1 ROUGE-1 Eval D1003-A.M.100.A.1 R:0.25541 P:0.25000 F:0.25268
1 ROUGE-1 Eval D1004-A.M.100.A.1 R:0.30579 P:0.28462 F:0.29483
1 ROUGE-1 Eval D1005-A.M.100.A.1 R:0.18852 P:0.25000 F:0.21495
1 ROUGE-1 Eval D1006-A.M.100.A.1 R:0.22989 P:0.34091 F:0.27460
1 ROUGE-1 Eval D1007-A.M.100.B.1 R:0.28000 P:0.29167 F:0.28572
1 ROUGE-1 Eval D1008-A.M.100.B.1 R:0.19758 P:0.24500 F:0.21875
1 ROUGE-1 Eval D1009-A.M.100.B.1 R:0.25664 P:0.27358 F:0.26484
1 ROUGE-1 Eval D1010-A.M.100.B.1 R:0.19600 P:0.21491 F:0.20502
1 ROUGE-1 Eval D1011-A.M.100.C.1 R:0.16379 P:0.19792 F:0.17924
1 ROUGE-1 Eval D1012-A.M.100.C.1 R:0.23171 P:0.25000 F:0.24051
1 ROUGE-1 Eval D1013-A.M.100.C.1 R:0.35743 P:0.42788 F:0.38949
1 ROUGE-1 Eval D1014-A.M.100.C.1 R:0.16736 P:0.16949 F:0.16842
1 ROUGE-1 Eval D1015-A.M.100.C.1 R:0.30943 P:0.34167 F:0.32475
1 ROUGE-1 Eval D1016-A.M.100.C.1 R:0.37220 P:0.42347 F:0.39618
1 ROUGE-1 Eval D1017-A.M.100.D.1 R:0.20000 P:0.23113 F:0.21444
1 ROUGE-1 Eval D1018-A.M.100.D.1 R:0.25523 P:0.28774 F:0.27051
1 ROUGE-1 Eval D1019-A.M.100.D.1 R:0.35833 P:0.37719 F:0.36752
1 ROUGE-1 Eval D1020-A.M.100.D.1 R:0.20248 P:0.22685 F:0.21397
1 ROUGE-1 Eval D1021-A.M.100.D.1 R:0.29237 P:0.27823 F:0.28512
1 ROUGE-1 Eval D1022-A.M.100.D.1 R:0.36820 P:0.39286 F:0.38013
1 ROUGE-1 Eval D1023-A.M.100.E.1 R:0.30992 P:0.31250 F:0.31120
1 ROUGE-1 Eval D1024-A.M.100.E.1 R:0.38333 P:0.39655 F:0.38983
1 ROUGE-1 Eval D1025-A.M.100.E.1 R:0.26106 P:0.25431 F:0.25764
1 ROUGE-1 Eval D1026-A.M.100.E.1 R:0.17949 P:0.17213 F:0.17573
1 ROUGE-1 Eval D1027-A.M.100.E.1 R:0.42063 P:0.43443 F:0.42742
1 ROUGE-1 Eval D1028-A.M.100.E.1 R:0.29583 P:0.29583 F:0.29583
1 ROUGE-1 Eval D1029-A.M.100.F.1 R:0.16250 P:0.16250 F:0.16250
1 ROUGE-1 Eval D1030-A.M.100.F.1 R:0.25397 P:0.30769 F:0.27826
1 ROUGE-1 Eval D1031-A.M.100.F.1 R:0.17551 P:0.19907 F:0.18655
1 ROUGE-1 Eval D1032-A.M.100.F.1 R:0.25191 P:0.39286 F:0.30698
1 ROUGE-1 Eval D1033-A.M.100.F.1 R:0.32231 P:0.33051 F:0.32636
1 ROUGE-1 Eval D1034-A.M.100.F.1 R:0.16872 P:0.18304 F:0.17559
1 ROUGE-1 Eval D1035-A.M.100.G.1 R:0.29268 P:0.36000 F:0.32287
1 ROUGE-1 Eval D1036-A.M.100.G.1 R:0.20816 P:0.23182 F:0.21935
1 ROUGE-1 Eval D1037-A.M.100.G.1 R:0.27778 P:0.28846 F:0.28302
1 ROUGE-1 Eval D1038-A.M.100.G.1 R:0.19608 P:0.22727 F:0.21053
1 ROUGE-1 Eval D1039-A.M.100.G.1 R:0.29388 P:0.31579 F:0.30444
1 ROUGE-1 Eval D1040-A.M.100.G.1 R:0.23404 P:0.25000 F:0.24176
1 ROUGE-1 Eval D1041-A.M.100.H.1 R:0.27953 P:0.31696 F:0.29707
1 ROUGE-1 Eval D1042-A.M.100.H.1 R:0.25561 P:0.26887 F:0.26207
1 ROUGE-1 Eval D1043-A.M.100.H.1 R:0.29237 P:0.26953 F:0.28049
1 ROUGE-1 Eval D1044-A.M.100.H.1 R:0.27848 P:0.30000 F:0.28884
1 ROUGE-1 Eval D1045-A.M.100.H.1 R:0.33071 P:0.33333 F:0.33201
1 ROUGE-1 Eval D1046-A.M.100.H.1 R:0.28740 P:0.32018 F:0.30291
---------------------------------------------
1 ROUGE-2 Average_R: 0.07158 (95%-conf.int. 0.06113 - 0.08225)
1 ROUGE-2 Average_P: 0.07789 (95%-conf.int. 0.06650 - 0.08945)
1 ROUGE-2 Average_F: 0.07442 (95%-conf.int. 0.06360 - 0.08530)
.............................................
1 ROUGE-2 Eval D1001-A.M.100.A.1 R:0.05439 P:0.06771 F:0.06032
1 ROUGE-2 Eval D1002-A.M.100.A.1 R:0.07660 P:0.08333 F:0.07982
1 ROUGE-2 Eval D1003-A.M.100.A.1 R:0.04846 P:0.04741 F:0.04793
1 ROUGE-2 Eval D1004-A.M.100.A.1 R:0.07983 P:0.07422 F:0.07692
1 ROUGE-2 Eval D1005-A.M.100.A.1 R:0.00833 P:0.01111 F:0.00952
1 ROUGE-2 Eval D1006-A.M.100.A.1 R:0.03502 P:0.05233 F:0.04196
1 ROUGE-2 Eval D1007-A.M.100.B.1 R:0.09050 P:0.09434 F:0.09238
1 ROUGE-2 Eval D1008-A.M.100.B.1 R:0.02869 P:0.03571 F:0.03182
1 ROUGE-2 Eval D1009-A.M.100.B.1 R:0.04955 P:0.05288 F:0.05116
1 ROUGE-2 Eval D1010-A.M.100.B.1 R:0.08130 P:0.08929 F:0.08511
1 ROUGE-2 Eval D1011-A.M.100.C.1 R:0.05702 P:0.06915 F:0.06250
1 ROUGE-2 Eval D1012-A.M.100.C.1 R:0.05372 P:0.05804 F:0.05580
1 ROUGE-2 Eval D1013-A.M.100.C.1 R:0.18367 P:0.22059 F:0.20044
1 ROUGE-2 Eval D1014-A.M.100.C.1 R:0.02553 P:0.02586 F:0.02569
1 ROUGE-2 Eval D1015-A.M.100.C.1 R:0.12261 P:0.13559 F:0.12877
1 ROUGE-2 Eval D1016-A.M.100.C.1 R:0.10502 P:0.11979 F:0.11192
1 ROUGE-2 Eval D1017-A.M.100.D.1 R:0.01660 P:0.01923 F:0.01782
1 ROUGE-2 Eval D1018-A.M.100.D.1 R:0.09362 P:0.10577 F:0.09932
1 ROUGE-2 Eval D1019-A.M.100.D.1 R:0.05932 P:0.06250 F:0.06087
1 ROUGE-2 Eval D1020-A.M.100.D.1 R:0.03782 P:0.04245 F:0.04000
1 ROUGE-2 Eval D1021-A.M.100.D.1 R:0.12069 P:0.11475 F:0.11765
1 ROUGE-2 Eval D1022-A.M.100.D.1 R:0.13191 P:0.14091 F:0.13626
1 ROUGE-2 Eval D1023-A.M.100.E.1 R:0.04202 P:0.04237 F:0.04219
1 ROUGE-2 Eval D1024-A.M.100.E.1 R:0.10593 P:0.10965 F:0.10776
1 ROUGE-2 Eval D1025-A.M.100.E.1 R:0.07658 P:0.07456 F:0.07556
1 ROUGE-2 Eval D1026-A.M.100.E.1 R:0.05217 P:0.05000 F:0.05106
1 ROUGE-2 Eval D1027-A.M.100.E.1 R:0.14113 P:0.14583 F:0.14344
1 ROUGE-2 Eval D1028-A.M.100.E.1 R:0.07203 P:0.07203 F:0.07203
1 ROUGE-2 Eval D1029-A.M.100.F.1 R:0.02966 P:0.02966 F:0.02966
1 ROUGE-2 Eval D1030-A.M.100.F.1 R:0.07661 P:0.09314 F:0.08407
1 ROUGE-2 Eval D1031-A.M.100.F.1 R:0.02905 P:0.03302 F:0.03091
1 ROUGE-2 Eval D1032-A.M.100.F.1 R:0.05426 P:0.08537 F:0.06635
1 ROUGE-2 Eval D1033-A.M.100.F.1 R:0.11765 P:0.12069 F:0.11915
1 ROUGE-2 Eval D1034-A.M.100.F.1 R:0.01674 P:0.01818 F:0.01743
1 ROUGE-2 Eval D1035-A.M.100.G.1 R:0.07025 P:0.08673 F:0.07762
1 ROUGE-2 Eval D1036-A.M.100.G.1 R:0.02490 P:0.02778 F:0.02626
1 ROUGE-2 Eval D1037-A.M.100.G.1 R:0.05189 P:0.05392 F:0.05289
1 ROUGE-2 Eval D1038-A.M.100.G.1 R:0.05578 P:0.06481 F:0.05996
1 ROUGE-2 Eval D1039-A.M.100.G.1 R:0.08714 P:0.09375 F:0.09032
1 ROUGE-2 Eval D1040-A.M.100.G.1 R:0.08225 P:0.08796 F:0.08501
1 ROUGE-2 Eval D1041-A.M.100.H.1 R:0.10400 P:0.11818 F:0.11064
1 ROUGE-2 Eval D1042-A.M.100.H.1 R:0.08676 P:0.09135 F:0.08900
1 ROUGE-2 Eval D1043-A.M.100.H.1 R:0.11638 P:0.10714 F:0.11157
1 ROUGE-2 Eval D1044-A.M.100.H.1 R:0.07296 P:0.07870 F:0.07572
1 ROUGE-2 Eval D1045-A.M.100.H.1 R:0.09600 P:0.09677 F:0.09638
1 ROUGE-2 Eval D1046-A.M.100.H.1 R:0.07600 P:0.08482 F:0.08017
