---------------------------------------------
1 ROUGE-1 Average_R: 0.25946 (95%-conf.int. 0.23933 - 0.27591)
1 ROUGE-1 Average_P: 0.27224 (95%-conf.int. 0.25346 - 0.28975)
1 ROUGE-1 Average_F: 0.26514 (95%-conf.int. 0.24593 - 0.28133)
.............................................
1 ROUGE-1 Eval D1001-A.M.100.A.1 R:0.27984 P:0.34000 F:0.30700
1 ROUGE-1 Eval D1002-A.M.100.A.1 R:0.18410 P:0.23913 F:0.20804
1 ROUGE-1 Eval D1003-A.M.100.A.1 R:0.27706 P:0.25397 F:0.26501
1 ROUGE-1 Eval D1004-A.M.100.A.1 R:0.32231 P:0.31967 F:0.32098
1 ROUGE-1 Eval D1005-A.M.100.A.1 R:0.31557 P:0.33190 F:0.32353
1 ROUGE-1 Eval D1006-A.M.100.A.1 R:0.19923 P:0.22414 F:0.21095
1 ROUGE-1 Eval D1007-A.M.100.B.1 R:0.29333 P:0.31731 F:0.30485
1 ROUGE-1 Eval D1008-A.M.100.B.1 R:0.18145 P:0.18145 F:0.18145
1 ROUGE-1 Eval D1009-A.M.100.B.1 R:0.34513 P:0.31967 F:0.33191
1 ROUGE-1 Eval D1010-A.M.100.B.1 R:0.35600 P:0.35317 F:0.35458
1 ROUGE-1 Eval D1011-A.M.100.C.1 R:0.24138 P:0.22222 F:0.23140
1 ROUGE-1 Eval D1012-A.M.100.C.1 R:0.23577 P:0.24576 F:0.24066
1 ROUGE-1 Eval D1013-A.M.100.C.1 R:0.29317 P:0.30932 F:0.30103
1 ROUGE-1 Eval D1014-A.M.100.C.1 R:0.17992 P:0.18860 F:0.18416
1 ROUGE-1 Eval D1015-A.M.100.C.1 R:0.27547 P:0.28516 F:0.28023
1 ROUGE-1 Eval D1016-A.M.100.C.1 R:0.33632 P:0.31250 F:0.32397
1 ROUGE-1 Eval D1017-A.M.100.D.1 R:0.17551 P:0.18220 F:0.17879
1 ROUGE-1 Eval D1018-A.M.100.D.1 R:0.28033 P:0.25000 F:0.26430
1 ROUGE-1 Eval D1019-A.M.100.D.1 R:0.32083 P:0.30556 F:0.31301
1 ROUGE-1 Eval D1020-A.M.100.D.1 R:0.23140 P:0.24561 F:0.23829
1 ROUGE-1 Eval D1021-A.M.100.D.1 R:0.20763 P:0.22685 F:0.21681
1 ROUGE-1 Eval D1022-A.M.100.D.1 R:0.28452 P:0.32075 F:0.30155
1 ROUGE-1 Eval D1023-A.M.100.E.1 R:0.25207 P:0.25847 F:0.25523
1 ROUGE-1 Eval D1024-A.M.100.E.1 R:0.34583 P:0.35776 F:0.35169
1 ROUGE-1 Eval D1025-A.M.100.E.1 R:0.33628 P:0.30645 F:0.32067
1 ROUGE-1 Eval D1026-A.M.100.E.1 R:0.13248 P:0.13136 F:0.13192
1 ROUGE-1 Eval D1027-A.M.100.E.1 R:0.36905 P:0.40789 F:0.38750
1 ROUGE-1 Eval D1028-A.M.100.E.1 R:0.30833 P:0.30328 F:0.30578
1 ROUGE-1 Eval D1029-A.M.100.F.1 R:0.24583 P:0.25431 F:0.25000
1 ROUGE-1 Eval D1030-A.M.100.F.1 R:0.24206 P:0.24597 F:0.24400
1 ROUGE-1 Eval D1031-A.M.100.F.1 R:0.17143 P:0.18750 F:0.17911
1 ROUGE-1 Eval D1032-A.M.100.F.1 R:0.29771 P:0.39796 F:0.34061
1 ROUGE-1 Eval D1033-A.M.100.F.1 R:0.31405 P:0.29231 F:0.30279
1 ROUGE-1 Eval D1034-A.M.100.F.1 R:0.16872 P:0.18304 F:0.17559
1 ROUGE-1 Eval D1035-A.M.100.G.1 R:0.21545 P:0.26500 F:0.23767
1 ROUGE-1 Eval D1036-A.M.100.G.1 R:0.10204 P:0.11574 F:0.10846
1 ROUGE-1 Eval D1037-A.M.100.G.1 R:0.29167 P:0.31500 F:0.30289
1 ROUGE-1 Eval D1038-A.M.100.G.1 R:0.17255 P:0.20000 F:0.18526
1 ROUGE-1 Eval D1039-A.M.100.G.1 R:0.26122 P:0.28571 F:0.27292
1 ROUGE-1 Eval D1040-A.M.100.G.1 R:0.25957 P:0.28241 F:0.27051
1 ROUGE-1 Eval D1041-A.M.100.H.1 R:0.20472 P:0.24528 F:0.22317
1 ROUGE-1 Eval D1042-A.M.100.H.1 R:0.24664 P:0.24554 F:0.24609
1 ROUGE-1 Eval D1043-A.M.100.H.1 R:0.28814 P:0.29310 F:0.29060
1 ROUGE-1 Eval D1044-A.M.100.H.1 R:0.31224 P:0.31897 F:0.31557
1 ROUGE-1 Eval D1045-A.M.100.H.1 R:0.33465 P:0.37946 F:0.35565
1 ROUGE-1 Eval D1046-A.M.100.H.1 R:0.26772 P:0.29825 F:0.28216
---------------------------------------------
1 ROUGE-2 Average_R: 0.07419 (95%-conf.int. 0.06308 - 0.08440)
1 ROUGE-2 Average_P: 0.07763 (95%-conf.int. 0.06608 - 0.08827)
1 ROUGE-2 Average_F: 0.07570 (95%-conf.int. 0.06433 - 0.08586)
.............................................
1 ROUGE-2 Eval D1001-A.M.100.A.1 R:0.10879 P:0.13265 F:0.11954
1 ROUGE-2 Eval D1002-A.M.100.A.1 R:0.02553 P:0.03333 F:0.02891
1 ROUGE-2 Eval D1003-A.M.100.A.1 R:0.07048 P:0.06452 F:0.06737
1 ROUGE-2 Eval D1004-A.M.100.A.1 R:0.10504 P:0.10417 F:0.10460
1 ROUGE-2 Eval D1005-A.M.100.A.1 R:0.05417 P:0.05702 F:0.05556
1 ROUGE-2 Eval D1006-A.M.100.A.1 R:0.00778 P:0.00877 F:0.00825
1 ROUGE-2 Eval D1007-A.M.100.B.1 R:0.06787 P:0.07353 F:0.07059
1 ROUGE-2 Eval D1008-A.M.100.B.1 R:0.03279 P:0.03279 F:0.03279
1 ROUGE-2 Eval D1009-A.M.100.B.1 R:0.08559 P:0.07917 F:0.08225
1 ROUGE-2 Eval D1010-A.M.100.B.1 R:0.15041 P:0.14919 F:0.14980
1 ROUGE-2 Eval D1011-A.M.100.C.1 R:0.09211 P:0.08468 F:0.08824
1 ROUGE-2 Eval D1012-A.M.100.C.1 R:0.04545 P:0.04741 F:0.04641
1 ROUGE-2 Eval D1013-A.M.100.C.1 R:0.17143 P:0.18103 F:0.17610
1 ROUGE-2 Eval D1014-A.M.100.C.1 R:0.01702 P:0.01786 F:0.01743
1 ROUGE-2 Eval D1015-A.M.100.C.1 R:0.09195 P:0.09524 F:0.09357
1 ROUGE-2 Eval D1016-A.M.100.C.1 R:0.08219 P:0.07627 F:0.07912
1 ROUGE-2 Eval D1017-A.M.100.D.1 R:0.02075 P:0.02155 F:0.02114
1 ROUGE-2 Eval D1018-A.M.100.D.1 R:0.12340 P:0.10985 F:0.11623
1 ROUGE-2 Eval D1019-A.M.100.D.1 R:0.07203 P:0.06855 F:0.07025
1 ROUGE-2 Eval D1020-A.M.100.D.1 R:0.03361 P:0.03571 F:0.03463
1 ROUGE-2 Eval D1021-A.M.100.D.1 R:0.08190 P:0.08962 F:0.08559
1 ROUGE-2 Eval D1022-A.M.100.D.1 R:0.05106 P:0.05769 F:0.05417
1 ROUGE-2 Eval D1023-A.M.100.E.1 R:0.04202 P:0.04310 F:0.04255
1 ROUGE-2 Eval D1024-A.M.100.E.1 R:0.13559 P:0.14035 F:0.13793
1 ROUGE-2 Eval D1025-A.M.100.E.1 R:0.09910 P:0.09016 F:0.09442
1 ROUGE-2 Eval D1026-A.M.100.E.1 R:0.03913 P:0.03879 F:0.03896
1 ROUGE-2 Eval D1027-A.M.100.E.1 R:0.13306 P:0.14732 F:0.13983
1 ROUGE-2 Eval D1028-A.M.100.E.1 R:0.07203 P:0.07083 F:0.07142
1 ROUGE-2 Eval D1029-A.M.100.F.1 R:0.05085 P:0.05263 F:0.05172
1 ROUGE-2 Eval D1030-A.M.100.F.1 R:0.07258 P:0.07377 F:0.07317
1 ROUGE-2 Eval D1031-A.M.100.F.1 R:0.04564 P:0.05000 F:0.04772
1 ROUGE-2 Eval D1032-A.M.100.F.1 R:0.07752 P:0.10417 F:0.08889
1 ROUGE-2 Eval D1033-A.M.100.F.1 R:0.09664 P:0.08984 F:0.09312
1 ROUGE-2 Eval D1034-A.M.100.F.1 R:0.01674 P:0.01818 F:0.01743
1 ROUGE-2 Eval D1035-A.M.100.G.1 R:0.07851 P:0.09694 F:0.08676
1 ROUGE-2 Eval D1036-A.M.100.G.1 R:0.02075 P:0.02358 F:0.02207
1 ROUGE-2 Eval D1037-A.M.100.G.1 R:0.06604 P:0.07143 F:0.06863
1 ROUGE-2 Eval D1038-A.M.100.G.1 R:0.05578 P:0.06481 F:0.05996
1 ROUGE-2 Eval D1039-A.M.100.G.1 R:0.08299 P:0.09091 F:0.08677
1 ROUGE-2 Eval D1040-A.M.100.G.1 R:0.09091 P:0.09906 F:0.09481
1 ROUGE-2 Eval D1041-A.M.100.H.1 R:0.08400 P:0.10096 F:0.09170
1 ROUGE-2 Eval D1042-A.M.100.H.1 R:0.09132 P:0.09091 F:0.09111
1 ROUGE-2 Eval D1043-A.M.100.H.1 R:0.13362 P:0.13596 F:0.13478
1 ROUGE-2 Eval D1044-A.M.100.H.1 R:0.09871 P:0.10088 F:0.09978
1 ROUGE-2 Eval D1045-A.M.100.H.1 R:0.07200 P:0.08182 F:0.07660
1 ROUGE-2 Eval D1046-A.M.100.H.1 R:0.07200 P:0.08036 F:0.07595
