---------------------------------------------
1 ROUGE-1 Average_R: 0.25506 (95%-conf.int. 0.23611 - 0.27411)
1 ROUGE-1 Average_P: 0.27432 (95%-conf.int. 0.25554 - 0.29408)
1 ROUGE-1 Average_F: 0.26377 (95%-conf.int. 0.24571 - 0.28293)
.............................................
1 ROUGE-1 Eval D1001-A.M.100.A.1 R:0.23457 P:0.25909 F:0.24622
1 ROUGE-1 Eval D1002-A.M.100.A.1 R:0.25941 P:0.30392 F:0.27991
1 ROUGE-1 Eval D1003-A.M.100.A.1 R:0.23810 P:0.21825 F:0.22774
1 ROUGE-1 Eval D1004-A.M.100.A.1 R:0.36364 P:0.34921 F:0.35628
1 ROUGE-1 Eval D1005-A.M.100.A.1 R:0.18443 P:0.24457 F:0.21028
1 ROUGE-1 Eval D1006-A.M.100.A.1 R:0.18391 P:0.26087 F:0.21573
1 ROUGE-1 Eval D1007-A.M.100.B.1 R:0.22667 P:0.25000 F:0.23776
1 ROUGE-1 Eval D1008-A.M.100.B.1 R:0.16935 P:0.17500 F:0.17213
1 ROUGE-1 Eval D1009-A.M.100.B.1 R:0.25221 P:0.26887 F:0.26027
1 ROUGE-1 Eval D1010-A.M.100.B.1 R:0.25200 P:0.25820 F:0.25506
1 ROUGE-1 Eval D1011-A.M.100.C.1 R:0.18103 P:0.15441 F:0.16666
1 ROUGE-1 Eval D1012-A.M.100.C.1 R:0.25203 P:0.26724 F:0.25941
1 ROUGE-1 Eval D1013-A.M.100.C.1 R:0.32932 P:0.35345 F:0.34096
1 ROUGE-1 Eval D1014-A.M.100.C.1 R:0.18410 P:0.20755 F:0.19512
1 ROUGE-1 Eval D1015-A.M.100.C.1 R:0.30943 P:0.32540 F:0.31721
1 ROUGE-1 Eval D1016-A.M.100.C.1 R:0.38565 P:0.38393 F:0.38479
1 ROUGE-1 Eval D1017-A.M.100.D.1 R:0.15102 P:0.19681 F:0.17090
1 ROUGE-1 Eval D1018-A.M.100.D.1 R:0.25523 P:0.28774 F:0.27051
1 ROUGE-1 Eval D1019-A.M.100.D.1 R:0.33750 P:0.36161 F:0.34914
1 ROUGE-1 Eval D1020-A.M.100.D.1 R:0.19421 P:0.21759 F:0.20524
1 ROUGE-1 Eval D1021-A.M.100.D.1 R:0.26695 P:0.28125 F:0.27391
1 ROUGE-1 Eval D1022-A.M.100.D.1 R:0.30544 P:0.33796 F:0.32088
1 ROUGE-1 Eval D1023-A.M.100.E.1 R:0.23140 P:0.25926 F:0.24454
1 ROUGE-1 Eval D1024-A.M.100.E.1 R:0.38333 P:0.39655 F:0.38983
1 ROUGE-1 Eval D1025-A.M.100.E.1 R:0.23451 P:0.25000 F:0.24201
1 ROUGE-1 Eval D1026-A.M.100.E.1 R:0.18803 P:0.18333 F:0.18565
1 ROUGE-1 Eval D1027-A.M.100.E.1 R:0.40873 P:0.42917 F:0.41870
1 ROUGE-1 Eval D1028-A.M.100.E.1 R:0.34583 P:0.34583 F:0.34583
1 ROUGE-1 Eval D1029-A.M.100.F.1 R:0.19167 P:0.20175 F:0.19658
1 ROUGE-1 Eval D1030-A.M.100.F.1 R:0.21429 P:0.24107 F:0.22689
1 ROUGE-1 Eval D1031-A.M.100.F.1 R:0.17959 P:0.18333 F:0.18144
1 ROUGE-1 Eval D1032-A.M.100.F.1 R:0.25573 P:0.37222 F:0.30317
1 ROUGE-1 Eval D1033-A.M.100.F.1 R:0.33471 P:0.33197 F:0.33333
1 ROUGE-1 Eval D1034-A.M.100.F.1 R:0.16872 P:0.18304 F:0.17559
1 ROUGE-1 Eval D1035-A.M.100.G.1 R:0.28049 P:0.32547 F:0.30131
1 ROUGE-1 Eval D1036-A.M.100.G.1 R:0.10612 P:0.12500 F:0.11479
1 ROUGE-1 Eval D1037-A.M.100.G.1 R:0.32407 P:0.31818 F:0.32110
1 ROUGE-1 Eval D1038-A.M.100.G.1 R:0.19216 P:0.19444 F:0.19329
1 ROUGE-1 Eval D1039-A.M.100.G.1 R:0.24898 P:0.26293 F:0.25576
1 ROUGE-1 Eval D1040-A.M.100.G.1 R:0.28511 P:0.32212 F:0.30249
1 ROUGE-1 Eval D1041-A.M.100.H.1 R:0.26378 P:0.29386 F:0.27801
1 ROUGE-1 Eval D1042-A.M.100.H.1 R:0.25561 P:0.26887 F:0.26207
1 ROUGE-1 Eval D1043-A.M.100.H.1 R:0.24576 P:0.26364 F:0.25439
1 ROUGE-1 Eval D1044-A.M.100.H.1 R:0.29958 P:0.29583 F:0.29769
1 ROUGE-1 Eval D1045-A.M.100.H.1 R:0.33465 P:0.34836 F:0.34137
1 ROUGE-1 Eval D1046-A.M.100.H.1 R:0.26378 P:0.27917 F:0.27126
---------------------------------------------
1 ROUGE-2 Average_R: 0.07206 (95%-conf.int. 0.06043 - 0.08386)
1 ROUGE-2 Average_P: 0.07671 (95%-conf.int. 0.06432 - 0.08905)
1 ROUGE-2 Average_F: 0.07420 (95%-conf.int. 0.06228 - 0.08614)
.............................................
1 ROUGE-2 Eval D1001-A.M.100.A.1 R:0.09623 P:0.10648 F:0.10110
1 ROUGE-2 Eval D1002-A.M.100.A.1 R:0.05957 P:0.07000 F:0.06437
1 ROUGE-2 Eval D1003-A.M.100.A.1 R:0.03524 P:0.03226 F:0.03368
1 ROUGE-2 Eval D1004-A.M.100.A.1 R:0.11765 P:0.11290 F:0.11523
1 ROUGE-2 Eval D1005-A.M.100.A.1 R:0.01667 P:0.02222 F:0.01905
1 ROUGE-2 Eval D1006-A.M.100.A.1 R:0.03113 P:0.04444 F:0.03661
1 ROUGE-2 Eval D1007-A.M.100.B.1 R:0.05882 P:0.06500 F:0.06176
1 ROUGE-2 Eval D1008-A.M.100.B.1 R:0.03689 P:0.03814 F:0.03750
1 ROUGE-2 Eval D1009-A.M.100.B.1 R:0.03604 P:0.03846 F:0.03721
1 ROUGE-2 Eval D1010-A.M.100.B.1 R:0.09756 P:0.10000 F:0.09876
1 ROUGE-2 Eval D1011-A.M.100.C.1 R:0.06579 P:0.05597 F:0.06048
1 ROUGE-2 Eval D1012-A.M.100.C.1 R:0.05372 P:0.05702 F:0.05532
1 ROUGE-2 Eval D1013-A.M.100.C.1 R:0.17959 P:0.19298 F:0.18604
1 ROUGE-2 Eval D1014-A.M.100.C.1 R:0.02128 P:0.02404 F:0.02258
1 ROUGE-2 Eval D1015-A.M.100.C.1 R:0.11111 P:0.11694 F:0.11395
1 ROUGE-2 Eval D1016-A.M.100.C.1 R:0.13699 P:0.13636 F:0.13667
1 ROUGE-2 Eval D1017-A.M.100.D.1 R:0.00830 P:0.01087 F:0.00941
1 ROUGE-2 Eval D1018-A.M.100.D.1 R:0.09362 P:0.10577 F:0.09932
1 ROUGE-2 Eval D1019-A.M.100.D.1 R:0.05508 P:0.05909 F:0.05701
1 ROUGE-2 Eval D1020-A.M.100.D.1 R:0.03782 P:0.04245 F:0.04000
1 ROUGE-2 Eval D1021-A.M.100.D.1 R:0.09914 P:0.10455 F:0.10177
1 ROUGE-2 Eval D1022-A.M.100.D.1 R:0.10213 P:0.11321 F:0.10738
1 ROUGE-2 Eval D1023-A.M.100.E.1 R:0.03361 P:0.03774 F:0.03556
1 ROUGE-2 Eval D1024-A.M.100.E.1 R:0.10593 P:0.10965 F:0.10776
1 ROUGE-2 Eval D1025-A.M.100.E.1 R:0.04955 P:0.05288 F:0.05116
1 ROUGE-2 Eval D1026-A.M.100.E.1 R:0.05217 P:0.05085 F:0.05150
1 ROUGE-2 Eval D1027-A.M.100.E.1 R:0.14919 P:0.15678 F:0.15289
1 ROUGE-2 Eval D1028-A.M.100.E.1 R:0.11017 P:0.11017 F:0.11017
1 ROUGE-2 Eval D1029-A.M.100.F.1 R:0.01695 P:0.01786 F:0.01739
1 ROUGE-2 Eval D1030-A.M.100.F.1 R:0.06855 P:0.07727 F:0.07265
1 ROUGE-2 Eval D1031-A.M.100.F.1 R:0.02490 P:0.02542 F:0.02516
1 ROUGE-2 Eval D1032-A.M.100.F.1 R:0.03876 P:0.05682 F:0.04608
1 ROUGE-2 Eval D1033-A.M.100.F.1 R:0.11765 P:0.11667 F:0.11716
1 ROUGE-2 Eval D1034-A.M.100.F.1 R:0.01674 P:0.01818 F:0.01743
1 ROUGE-2 Eval D1035-A.M.100.G.1 R:0.11570 P:0.13462 F:0.12444
1 ROUGE-2 Eval D1036-A.M.100.G.1 R:0.00830 P:0.00980 F:0.00899
1 ROUGE-2 Eval D1037-A.M.100.G.1 R:0.06604 P:0.06481 F:0.06542
1 ROUGE-2 Eval D1038-A.M.100.G.1 R:0.04382 P:0.04435 F:0.04408
1 ROUGE-2 Eval D1039-A.M.100.G.1 R:0.09959 P:0.10526 F:0.10235
1 ROUGE-2 Eval D1040-A.M.100.G.1 R:0.11255 P:0.12745 F:0.11954
1 ROUGE-2 Eval D1041-A.M.100.H.1 R:0.08800 P:0.09821 F:0.09283
1 ROUGE-2 Eval D1042-A.M.100.H.1 R:0.08676 P:0.09135 F:0.08900
1 ROUGE-2 Eval D1043-A.M.100.H.1 R:0.10776 P:0.11574 F:0.11161
1 ROUGE-2 Eval D1044-A.M.100.H.1 R:0.11159 P:0.11017 F:0.11088
1 ROUGE-2 Eval D1045-A.M.100.H.1 R:0.07200 P:0.07500 F:0.07347
1 ROUGE-2 Eval D1046-A.M.100.H.1 R:0.06800 P:0.07203 F:0.06996
