---------------------------------------------
1 ROUGE-1 Average_R: 0.26777 (95%-conf.int. 0.24916 - 0.28843)
1 ROUGE-1 Average_P: 0.29281 (95%-conf.int. 0.27277 - 0.31412)
1 ROUGE-1 Average_F: 0.27888 (95%-conf.int. 0.25953 - 0.29905)
.............................................
1 ROUGE-1 Eval D1001-A.M.100.A.1 R:0.24691 P:0.30612 F:0.27335
1 ROUGE-1 Eval D1002-A.M.100.A.1 R:0.29289 P:0.31818 F:0.30501
1 ROUGE-1 Eval D1003-A.M.100.A.1 R:0.25541 P:0.25000 F:0.25268
1 ROUGE-1 Eval D1004-A.M.100.A.1 R:0.34298 P:0.33468 F:0.33878
1 ROUGE-1 Eval D1005-A.M.100.A.1 R:0.25410 P:0.29808 F:0.27434
1 ROUGE-1 Eval D1006-A.M.100.A.1 R:0.22989 P:0.34091 F:0.27460
1 ROUGE-1 Eval D1007-A.M.100.B.1 R:0.28000 P:0.29167 F:0.28572
1 ROUGE-1 Eval D1008-A.M.100.B.1 R:0.19758 P:0.24500 F:0.21875
1 ROUGE-1 Eval D1009-A.M.100.B.1 R:0.23009 P:0.23636 F:0.23318
1 ROUGE-1 Eval D1010-A.M.100.B.1 R:0.19600 P:0.21491 F:0.20502
1 ROUGE-1 Eval D1011-A.M.100.C.1 R:0.17241 P:0.23810 F:0.20000
1 ROUGE-1 Eval D1012-A.M.100.C.1 R:0.23171 P:0.25000 F:0.24051
1 ROUGE-1 Eval D1013-A.M.100.C.1 R:0.35743 P:0.42788 F:0.38949
1 ROUGE-1 Eval D1014-A.M.100.C.1 R:0.16736 P:0.16949 F:0.16842
1 ROUGE-1 Eval D1015-A.M.100.C.1 R:0.30943 P:0.34167 F:0.32475
1 ROUGE-1 Eval D1016-A.M.100.C.1 R:0.37220 P:0.42347 F:0.39618
1 ROUGE-1 Eval D1017-A.M.100.D.1 R:0.20000 P:0.23113 F:0.21444
1 ROUGE-1 Eval D1018-A.M.100.D.1 R:0.17155 P:0.21354 F:0.19026
1 ROUGE-1 Eval D1019-A.M.100.D.1 R:0.35833 P:0.35246 F:0.35537
1 ROUGE-1 Eval D1020-A.M.100.D.1 R:0.20248 P:0.22685 F:0.21397
1 ROUGE-1 Eval D1021-A.M.100.D.1 R:0.34746 P:0.31061 F:0.32800
1 ROUGE-1 Eval D1022-A.M.100.D.1 R:0.36820 P:0.39286 F:0.38013
1 ROUGE-1 Eval D1023-A.M.100.E.1 R:0.30165 P:0.30932 F:0.30544
1 ROUGE-1 Eval D1024-A.M.100.E.1 R:0.38333 P:0.39655 F:0.38983
1 ROUGE-1 Eval D1025-A.M.100.E.1 R:0.26106 P:0.25431 F:0.25764
1 ROUGE-1 Eval D1026-A.M.100.E.1 R:0.17949 P:0.17213 F:0.17573
1 ROUGE-1 Eval D1027-A.M.100.E.1 R:0.42063 P:0.44167 F:0.43089
1 ROUGE-1 Eval D1028-A.M.100.E.1 R:0.32917 P:0.31855 F:0.32377
1 ROUGE-1 Eval D1029-A.M.100.F.1 R:0.16250 P:0.16250 F:0.16250
1 ROUGE-1 Eval D1030-A.M.100.F.1 R:0.25397 P:0.30769 F:0.27826
1 ROUGE-1 Eval D1031-A.M.100.F.1 R:0.17551 P:0.19907 F:0.18655
1 ROUGE-1 Eval D1032-A.M.100.F.1 R:0.25191 P:0.39286 F:0.30698
1 ROUGE-1 Eval D1033-A.M.100.F.1 R:0.33471 P:0.33750 F:0.33610
1 ROUGE-1 Eval D1034-A.M.100.F.1 R:0.16872 P:0.18304 F:0.17559
1 ROUGE-1 Eval D1035-A.M.100.G.1 R:0.29268 P:0.36000 F:0.32287
1 ROUGE-1 Eval D1036-A.M.100.G.1 R:0.20816 P:0.23182 F:0.21935
1 ROUGE-1 Eval D1037-A.M.100.G.1 R:0.27778 P:0.28846 F:0.28302
1 ROUGE-1 Eval D1038-A.M.100.G.1 R:0.18039 P:0.21698 F:0.19700
1 ROUGE-1 Eval D1039-A.M.100.G.1 R:0.29796 P:0.30932 F:0.30353
1 ROUGE-1 Eval D1040-A.M.100.G.1 R:0.24681 P:0.25893 F:0.25272
1 ROUGE-1 Eval D1041-A.M.100.H.1 R:0.27953 P:0.31696 F:0.29707
1 ROUGE-1 Eval D1042-A.M.100.H.1 R:0.25561 P:0.26887 F:0.26207
1 ROUGE-1 Eval D1043-A.M.100.H.1 R:0.33898 P:0.33898 F:0.33898
1 ROUGE-1 Eval D1044-A.M.100.H.1 R:0.29536 P:0.28689 F:0.29106
1 ROUGE-1 Eval D1045-A.M.100.H.1 R:0.36220 P:0.39655 F:0.37860
1 ROUGE-1 Eval D1046-A.M.100.H.1 R:0.28740 P:0.32018 F:0.30291
---------------------------------------------
1 ROUGE-2 Average_R: 0.07568 (95%-conf.int. 0.06402 - 0.08683)
1 ROUGE-2 Average_P: 0.08229 (95%-conf.int. 0.06973 - 0.09469)
1 ROUGE-2 Average_F: 0.07862 (95%-conf.int. 0.06667 - 0.09048)
.............................................
1 ROUGE-2 Eval D1001-A.M.100.A.1 R:0.05439 P:0.06771 F:0.06032
1 ROUGE-2 Eval D1002-A.M.100.A.1 R:0.07660 P:0.08333 F:0.07982
1 ROUGE-2 Eval D1003-A.M.100.A.1 R:0.04846 P:0.04741 F:0.04793
1 ROUGE-2 Eval D1004-A.M.100.A.1 R:0.12605 P:0.12295 F:0.12448
1 ROUGE-2 Eval D1005-A.M.100.A.1 R:0.04167 P:0.04902 F:0.04505
1 ROUGE-2 Eval D1006-A.M.100.A.1 R:0.03502 P:0.05233 F:0.04196
1 ROUGE-2 Eval D1007-A.M.100.B.1 R:0.09050 P:0.09434 F:0.09238
1 ROUGE-2 Eval D1008-A.M.100.B.1 R:0.02869 P:0.03571 F:0.03182
1 ROUGE-2 Eval D1009-A.M.100.B.1 R:0.01802 P:0.01852 F:0.01827
1 ROUGE-2 Eval D1010-A.M.100.B.1 R:0.08130 P:0.08929 F:0.08511
1 ROUGE-2 Eval D1011-A.M.100.C.1 R:0.05702 P:0.07927 F:0.06633
1 ROUGE-2 Eval D1012-A.M.100.C.1 R:0.05372 P:0.05804 F:0.05580
1 ROUGE-2 Eval D1013-A.M.100.C.1 R:0.18367 P:0.22059 F:0.20044
1 ROUGE-2 Eval D1014-A.M.100.C.1 R:0.02553 P:0.02586 F:0.02569
1 ROUGE-2 Eval D1015-A.M.100.C.1 R:0.12261 P:0.13559 F:0.12877
1 ROUGE-2 Eval D1016-A.M.100.C.1 R:0.10502 P:0.11979 F:0.11192
1 ROUGE-2 Eval D1017-A.M.100.D.1 R:0.01660 P:0.01923 F:0.01782
1 ROUGE-2 Eval D1018-A.M.100.D.1 R:0.09362 P:0.11702 F:0.10402
1 ROUGE-2 Eval D1019-A.M.100.D.1 R:0.09322 P:0.09167 F:0.09244
1 ROUGE-2 Eval D1020-A.M.100.D.1 R:0.03782 P:0.04245 F:0.04000
1 ROUGE-2 Eval D1021-A.M.100.D.1 R:0.14655 P:0.13077 F:0.13821
1 ROUGE-2 Eval D1022-A.M.100.D.1 R:0.13191 P:0.14091 F:0.13626
1 ROUGE-2 Eval D1023-A.M.100.E.1 R:0.04622 P:0.04741 F:0.04681
1 ROUGE-2 Eval D1024-A.M.100.E.1 R:0.10593 P:0.10965 F:0.10776
1 ROUGE-2 Eval D1025-A.M.100.E.1 R:0.07658 P:0.07456 F:0.07556
1 ROUGE-2 Eval D1026-A.M.100.E.1 R:0.05217 P:0.05000 F:0.05106
1 ROUGE-2 Eval D1027-A.M.100.E.1 R:0.14113 P:0.14831 F:0.14463
1 ROUGE-2 Eval D1028-A.M.100.E.1 R:0.08475 P:0.08197 F:0.08334
1 ROUGE-2 Eval D1029-A.M.100.F.1 R:0.02966 P:0.02966 F:0.02966
1 ROUGE-2 Eval D1030-A.M.100.F.1 R:0.07661 P:0.09314 F:0.08407
1 ROUGE-2 Eval D1031-A.M.100.F.1 R:0.02905 P:0.03302 F:0.03091
1 ROUGE-2 Eval D1032-A.M.100.F.1 R:0.05426 P:0.08537 F:0.06635
1 ROUGE-2 Eval D1033-A.M.100.F.1 R:0.13445 P:0.13559 F:0.13502
1 ROUGE-2 Eval D1034-A.M.100.F.1 R:0.01674 P:0.01818 F:0.01743
1 ROUGE-2 Eval D1035-A.M.100.G.1 R:0.07025 P:0.08673 F:0.07762
1 ROUGE-2 Eval D1036-A.M.100.G.1 R:0.02490 P:0.02778 F:0.02626
1 ROUGE-2 Eval D1037-A.M.100.G.1 R:0.05189 P:0.05392 F:0.05289
1 ROUGE-2 Eval D1038-A.M.100.G.1 R:0.03984 P:0.04808 F:0.04357
1 ROUGE-2 Eval D1039-A.M.100.G.1 R:0.11203 P:0.11638 F:0.11416
1 ROUGE-2 Eval D1040-A.M.100.G.1 R:0.08658 P:0.09091 F:0.08869
1 ROUGE-2 Eval D1041-A.M.100.H.1 R:0.10400 P:0.11818 F:0.11064
1 ROUGE-2 Eval D1042-A.M.100.H.1 R:0.08676 P:0.09135 F:0.08900
1 ROUGE-2 Eval D1043-A.M.100.H.1 R:0.14224 P:0.14224 F:0.14224
1 ROUGE-2 Eval D1044-A.M.100.H.1 R:0.08584 P:0.08333 F:0.08457
1 ROUGE-2 Eval D1045-A.M.100.H.1 R:0.09200 P:0.10088 F:0.09624
1 ROUGE-2 Eval D1046-A.M.100.H.1 R:0.07600 P:0.08482 F:0.08017
