---------------------------------------------
1 ROUGE-1 Average_R: 0.24833 (95%-conf.int. 0.22904 - 0.26654)
1 ROUGE-1 Average_P: 0.26518 (95%-conf.int. 0.24691 - 0.28525)
1 ROUGE-1 Average_F: 0.25594 (95%-conf.int. 0.23726 - 0.27463)
.............................................
1 ROUGE-1 Eval D1001-A.M.100.A.1 R:0.27984 P:0.32692 F:0.30155
1 ROUGE-1 Eval D1002-A.M.100.A.1 R:0.18828 P:0.25568 F:0.21686
1 ROUGE-1 Eval D1003-A.M.100.A.1 R:0.23377 P:0.22500 F:0.22930
1 ROUGE-1 Eval D1004-A.M.100.A.1 R:0.35950 P:0.35656 F:0.35802
1 ROUGE-1 Eval D1005-A.M.100.A.1 R:0.28279 P:0.30804 F:0.29488
1 ROUGE-1 Eval D1006-A.M.100.A.1 R:0.21073 P:0.23707 F:0.22313
1 ROUGE-1 Eval D1007-A.M.100.B.1 R:0.20889 P:0.23500 F:0.22118
1 ROUGE-1 Eval D1008-A.M.100.B.1 R:0.17339 P:0.17917 F:0.17623
1 ROUGE-1 Eval D1009-A.M.100.B.1 R:0.19027 P:0.19196 F:0.19111
1 ROUGE-1 Eval D1010-A.M.100.B.1 R:0.36000 P:0.32609 F:0.34221
1 ROUGE-1 Eval D1011-A.M.100.C.1 R:0.24138 P:0.22222 F:0.23140
1 ROUGE-1 Eval D1012-A.M.100.C.1 R:0.23984 P:0.25431 F:0.24686
1 ROUGE-1 Eval D1013-A.M.100.C.1 R:0.27711 P:0.30263 F:0.28931
1 ROUGE-1 Eval D1014-A.M.100.C.1 R:0.15900 P:0.16379 F:0.16136
1 ROUGE-1 Eval D1015-A.M.100.C.1 R:0.27547 P:0.28516 F:0.28023
1 ROUGE-1 Eval D1016-A.M.100.C.1 R:0.32735 P:0.33182 F:0.32957
1 ROUGE-1 Eval D1017-A.M.100.D.1 R:0.21224 P:0.22807 F:0.21987
1 ROUGE-1 Eval D1018-A.M.100.D.1 R:0.28033 P:0.25379 F:0.26640
1 ROUGE-1 Eval D1019-A.M.100.D.1 R:0.32083 P:0.33190 F:0.32627
1 ROUGE-1 Eval D1020-A.M.100.D.1 R:0.22314 P:0.22500 F:0.22407
1 ROUGE-1 Eval D1021-A.M.100.D.1 R:0.20339 P:0.22642 F:0.21429
1 ROUGE-1 Eval D1022-A.M.100.D.1 R:0.25523 P:0.26754 F:0.26124
1 ROUGE-1 Eval D1023-A.M.100.E.1 R:0.22314 P:0.22881 F:0.22594
1 ROUGE-1 Eval D1024-A.M.100.E.1 R:0.34583 P:0.35776 F:0.35169
1 ROUGE-1 Eval D1025-A.M.100.E.1 R:0.26106 P:0.27315 F:0.26697
1 ROUGE-1 Eval D1026-A.M.100.E.1 R:0.13248 P:0.13596 F:0.13420
1 ROUGE-1 Eval D1027-A.M.100.E.1 R:0.39286 P:0.43421 F:0.41250
1 ROUGE-1 Eval D1028-A.M.100.E.1 R:0.29167 P:0.30172 F:0.29661
1 ROUGE-1 Eval D1029-A.M.100.F.1 R:0.15833 P:0.19792 F:0.17593
1 ROUGE-1 Eval D1030-A.M.100.F.1 R:0.24206 P:0.26754 F:0.25416
1 ROUGE-1 Eval D1031-A.M.100.F.1 R:0.17143 P:0.20192 F:0.18543
1 ROUGE-1 Eval D1032-A.M.100.F.1 R:0.26336 P:0.35204 F:0.30131
1 ROUGE-1 Eval D1033-A.M.100.F.1 R:0.31405 P:0.29231 F:0.30279
1 ROUGE-1 Eval D1034-A.M.100.F.1 R:0.16872 P:0.18304 F:0.17559
1 ROUGE-1 Eval D1035-A.M.100.G.1 R:0.20325 P:0.26596 F:0.23041
1 ROUGE-1 Eval D1036-A.M.100.G.1 R:0.08980 P:0.11458 F:0.10069
1 ROUGE-1 Eval D1037-A.M.100.G.1 R:0.31019 P:0.33500 F:0.32212
1 ROUGE-1 Eval D1038-A.M.100.G.1 R:0.18824 P:0.19048 F:0.18935
1 ROUGE-1 Eval D1039-A.M.100.G.1 R:0.23673 P:0.26852 F:0.25162
1 ROUGE-1 Eval D1040-A.M.100.G.1 R:0.28511 P:0.31604 F:0.29978
1 ROUGE-1 Eval D1041-A.M.100.H.1 R:0.24016 P:0.28241 F:0.25958
1 ROUGE-1 Eval D1042-A.M.100.H.1 R:0.25561 P:0.24569 F:0.25055
1 ROUGE-1 Eval D1043-A.M.100.H.1 R:0.20763 P:0.22273 F:0.21492
1 ROUGE-1 Eval D1044-A.M.100.H.1 R:0.32489 P:0.31557 F:0.32016
1 ROUGE-1 Eval D1045-A.M.100.H.1 R:0.33858 P:0.37719 F:0.35684
1 ROUGE-1 Eval D1046-A.M.100.H.1 R:0.29921 P:0.32759 F:0.31276
---------------------------------------------
1 ROUGE-2 Average_R: 0.06451 (95%-conf.int. 0.05349 - 0.07524)
1 ROUGE-2 Average_P: 0.06853 (95%-conf.int. 0.05699 - 0.07938)
1 ROUGE-2 Average_F: 0.06630 (95%-conf.int. 0.05504 - 0.07700)
.............................................
1 ROUGE-2 Eval D1001-A.M.100.A.1 R:0.10879 P:0.12745 F:0.11738
1 ROUGE-2 Eval D1002-A.M.100.A.1 R:0.02553 P:0.03488 F:0.02948
1 ROUGE-2 Eval D1003-A.M.100.A.1 R:0.05727 P:0.05508 F:0.05615
1 ROUGE-2 Eval D1004-A.M.100.A.1 R:0.11765 P:0.11667 F:0.11716
1 ROUGE-2 Eval D1005-A.M.100.A.1 R:0.05000 P:0.05455 F:0.05218
1 ROUGE-2 Eval D1006-A.M.100.A.1 R:0.00778 P:0.00877 F:0.00825
1 ROUGE-2 Eval D1007-A.M.100.B.1 R:0.04072 P:0.04592 F:0.04316
1 ROUGE-2 Eval D1008-A.M.100.B.1 R:0.02459 P:0.02542 F:0.02500
1 ROUGE-2 Eval D1009-A.M.100.B.1 R:0.04505 P:0.04545 F:0.04525
1 ROUGE-2 Eval D1010-A.M.100.B.1 R:0.14228 P:0.12868 F:0.13514
1 ROUGE-2 Eval D1011-A.M.100.C.1 R:0.09211 P:0.08468 F:0.08824
1 ROUGE-2 Eval D1012-A.M.100.C.1 R:0.02893 P:0.03070 F:0.02979
1 ROUGE-2 Eval D1013-A.M.100.C.1 R:0.13878 P:0.15179 F:0.14499
1 ROUGE-2 Eval D1014-A.M.100.C.1 R:0.00851 P:0.00877 F:0.00864
1 ROUGE-2 Eval D1015-A.M.100.C.1 R:0.09195 P:0.09524 F:0.09357
1 ROUGE-2 Eval D1016-A.M.100.C.1 R:0.05023 P:0.05093 F:0.05058
1 ROUGE-2 Eval D1017-A.M.100.D.1 R:0.02905 P:0.03125 F:0.03011
1 ROUGE-2 Eval D1018-A.M.100.D.1 R:0.11489 P:0.10385 F:0.10909
1 ROUGE-2 Eval D1019-A.M.100.D.1 R:0.04237 P:0.04386 F:0.04310
1 ROUGE-2 Eval D1020-A.M.100.D.1 R:0.03361 P:0.03390 F:0.03375
1 ROUGE-2 Eval D1021-A.M.100.D.1 R:0.08190 P:0.09135 F:0.08637
1 ROUGE-2 Eval D1022-A.M.100.D.1 R:0.02553 P:0.02679 F:0.02614
1 ROUGE-2 Eval D1023-A.M.100.E.1 R:0.03361 P:0.03448 F:0.03404
1 ROUGE-2 Eval D1024-A.M.100.E.1 R:0.13559 P:0.14035 F:0.13793
1 ROUGE-2 Eval D1025-A.M.100.E.1 R:0.02703 P:0.02830 F:0.02765
1 ROUGE-2 Eval D1026-A.M.100.E.1 R:0.03913 P:0.04018 F:0.03965
1 ROUGE-2 Eval D1027-A.M.100.E.1 R:0.13710 P:0.15179 F:0.14407
1 ROUGE-2 Eval D1028-A.M.100.E.1 R:0.06780 P:0.07018 F:0.06897
1 ROUGE-2 Eval D1029-A.M.100.F.1 R:0.00424 P:0.00532 F:0.00472
1 ROUGE-2 Eval D1030-A.M.100.F.1 R:0.06048 P:0.06696 F:0.06356
1 ROUGE-2 Eval D1031-A.M.100.F.1 R:0.04564 P:0.05392 F:0.04944
1 ROUGE-2 Eval D1032-A.M.100.F.1 R:0.05814 P:0.07812 F:0.06667
1 ROUGE-2 Eval D1033-A.M.100.F.1 R:0.09664 P:0.08984 F:0.09312
1 ROUGE-2 Eval D1034-A.M.100.F.1 R:0.01674 P:0.01818 F:0.01743
1 ROUGE-2 Eval D1035-A.M.100.G.1 R:0.07851 P:0.10326 F:0.08920
1 ROUGE-2 Eval D1036-A.M.100.G.1 R:0.01660 P:0.02128 F:0.01865
1 ROUGE-2 Eval D1037-A.M.100.G.1 R:0.07075 P:0.07653 F:0.07353
1 ROUGE-2 Eval D1038-A.M.100.G.1 R:0.03586 P:0.03629 F:0.03607
1 ROUGE-2 Eval D1039-A.M.100.G.1 R:0.08299 P:0.09434 F:0.08830
1 ROUGE-2 Eval D1040-A.M.100.G.1 R:0.09091 P:0.10096 F:0.09567
1 ROUGE-2 Eval D1041-A.M.100.H.1 R:0.10400 P:0.12264 F:0.11255
1 ROUGE-2 Eval D1042-A.M.100.H.1 R:0.09132 P:0.08772 F:0.08948
1 ROUGE-2 Eval D1043-A.M.100.H.1 R:0.06466 P:0.06944 F:0.06696
1 ROUGE-2 Eval D1044-A.M.100.H.1 R:0.10300 P:0.10000 F:0.10148
1 ROUGE-2 Eval D1045-A.M.100.H.1 R:0.07200 P:0.08036 F:0.07595
1 ROUGE-2 Eval D1046-A.M.100.H.1 R:0.08400 P:0.09211 F:0.08787
