---------------------------------------------
1 ROUGE-1 Average_R: 0.22506 (95%-conf.int. 0.20719 - 0.24383)
1 ROUGE-1 Average_P: 0.23832 (95%-conf.int. 0.22126 - 0.25527)
1 ROUGE-1 Average_F: 0.23089 (95%-conf.int. 0.21388 - 0.24887)
.............................................
1 ROUGE-1 Eval D1001-A.M.100.A.1 R:0.13992 P:0.16346 F:0.15078
1 ROUGE-1 Eval D1002-A.M.100.A.1 R:0.16318 P:0.18396 F:0.17295
1 ROUGE-1 Eval D1003-A.M.100.A.1 R:0.28571 P:0.28947 F:0.28758
1 ROUGE-1 Eval D1004-A.M.100.A.1 R:0.27273 P:0.27049 F:0.27161
1 ROUGE-1 Eval D1005-A.M.100.A.1 R:0.27049 P:0.29464 F:0.28205
1 ROUGE-1 Eval D1006-A.M.100.A.1 R:0.21073 P:0.23707 F:0.22313
1 ROUGE-1 Eval D1007-A.M.100.B.1 R:0.28000 P:0.29717 F:0.28833
1 ROUGE-1 Eval D1008-A.M.100.B.1 R:0.22984 P:0.25446 F:0.24152
1 ROUGE-1 Eval D1009-A.M.100.B.1 R:0.17699 P:0.17857 F:0.17778
1 ROUGE-1 Eval D1010-A.M.100.B.1 R:0.31600 P:0.30385 F:0.30981
1 ROUGE-1 Eval D1011-A.M.100.C.1 R:0.13362 P:0.10473 F:0.11742
1 ROUGE-1 Eval D1012-A.M.100.C.1 R:0.19512 P:0.19048 F:0.19277
1 ROUGE-1 Eval D1013-A.M.100.C.1 R:0.25301 P:0.27155 F:0.26195
1 ROUGE-1 Eval D1014-A.M.100.C.1 R:0.16318 P:0.18750 F:0.17450
1 ROUGE-1 Eval D1015-A.M.100.C.1 R:0.17736 P:0.17029 F:0.17375
1 ROUGE-1 Eval D1016-A.M.100.C.1 R:0.30493 P:0.28333 F:0.29373
1 ROUGE-1 Eval D1017-A.M.100.D.1 R:0.19184 P:0.21364 F:0.20215
1 ROUGE-1 Eval D1018-A.M.100.D.1 R:0.23849 P:0.23361 F:0.23602
1 ROUGE-1 Eval D1019-A.M.100.D.1 R:0.32083 P:0.29615 F:0.30800
1 ROUGE-1 Eval D1020-A.M.100.D.1 R:0.16942 P:0.16803 F:0.16872
1 ROUGE-1 Eval D1021-A.M.100.D.1 R:0.20339 P:0.22642 F:0.21429
1 ROUGE-1 Eval D1022-A.M.100.D.1 R:0.25105 P:0.25862 F:0.25478
1 ROUGE-1 Eval D1023-A.M.100.E.1 R:0.21901 P:0.23246 F:0.22553
1 ROUGE-1 Eval D1024-A.M.100.E.1 R:0.31667 P:0.32759 F:0.32204
1 ROUGE-1 Eval D1025-A.M.100.E.1 R:0.26106 P:0.28365 F:0.27189
1 ROUGE-1 Eval D1026-A.M.100.E.1 R:0.12393 P:0.15426 F:0.13744
1 ROUGE-1 Eval D1027-A.M.100.E.1 R:0.22619 P:0.25909 F:0.24152
1 ROUGE-1 Eval D1028-A.M.100.E.1 R:0.33750 P:0.32661 F:0.33197
1 ROUGE-1 Eval D1029-A.M.100.F.1 R:0.17500 P:0.20192 F:0.18750
1 ROUGE-1 Eval D1030-A.M.100.F.1 R:0.13492 P:0.19767 F:0.16038
1 ROUGE-1 Eval D1031-A.M.100.F.1 R:0.18776 P:0.19167 F:0.18969
1 ROUGE-1 Eval D1032-A.M.100.F.1 R:0.20229 P:0.25000 F:0.22363
1 ROUGE-1 Eval D1033-A.M.100.F.1 R:0.30579 P:0.29839 F:0.30204
1 ROUGE-1 Eval D1034-A.M.100.F.1 R:0.12757 P:0.16848 F:0.14520
1 ROUGE-1 Eval D1035-A.M.100.G.1 R:0.20325 P:0.26596 F:0.23041
1 ROUGE-1 Eval D1036-A.M.100.G.1 R:0.11020 P:0.13235 F:0.12026
1 ROUGE-1 Eval D1037-A.M.100.G.1 R:0.18056 P:0.19118 F:0.18572
1 ROUGE-1 Eval D1038-A.M.100.G.1 R:0.16863 P:0.17063 F:0.16962
1 ROUGE-1 Eval D1039-A.M.100.G.1 R:0.23265 P:0.23361 F:0.23313
1 ROUGE-1 Eval D1040-A.M.100.G.1 R:0.22553 P:0.25980 F:0.24146
1 ROUGE-1 Eval D1041-A.M.100.H.1 R:0.25984 P:0.31731 F:0.28571
1 ROUGE-1 Eval D1042-A.M.100.H.1 R:0.26009 P:0.24167 F:0.25054
1 ROUGE-1 Eval D1043-A.M.100.H.1 R:0.27966 P:0.26190 F:0.27049
1 ROUGE-1 Eval D1044-A.M.100.H.1 R:0.21097 P:0.23585 F:0.22272
1 ROUGE-1 Eval D1045-A.M.100.H.1 R:0.33071 P:0.35593 F:0.34286
1 ROUGE-1 Eval D1046-A.M.100.H.1 R:0.33858 P:0.32576 F:0.33205
---------------------------------------------
1 ROUGE-2 Average_R: 0.05390 (95%-conf.int. 0.04430 - 0.06344)
1 ROUGE-2 Average_P: 0.05659 (95%-conf.int. 0.04686 - 0.06643)
1 ROUGE-2 Average_F: 0.05507 (95%-conf.int. 0.04532 - 0.06469)
.............................................
1 ROUGE-2 Eval D1001-A.M.100.A.1 R:0.05439 P:0.06373 F:0.05869
1 ROUGE-2 Eval D1002-A.M.100.A.1 R:0.02979 P:0.03365 F:0.03160
1 ROUGE-2 Eval D1003-A.M.100.A.1 R:0.05727 P:0.05804 F:0.05765
1 ROUGE-2 Eval D1004-A.M.100.A.1 R:0.06303 P:0.06250 F:0.06276
1 ROUGE-2 Eval D1005-A.M.100.A.1 R:0.05833 P:0.06364 F:0.06087
1 ROUGE-2 Eval D1006-A.M.100.A.1 R:0.00778 P:0.00877 F:0.00825
1 ROUGE-2 Eval D1007-A.M.100.B.1 R:0.06335 P:0.06731 F:0.06527
1 ROUGE-2 Eval D1008-A.M.100.B.1 R:0.05738 P:0.06364 F:0.06035
1 ROUGE-2 Eval D1009-A.M.100.B.1 R:0.03604 P:0.03636 F:0.03620
1 ROUGE-2 Eval D1010-A.M.100.B.1 R:0.11382 P:0.10938 F:0.11156
1 ROUGE-2 Eval D1011-A.M.100.C.1 R:0.03509 P:0.02740 F:0.03077
1 ROUGE-2 Eval D1012-A.M.100.C.1 R:0.02893 P:0.02823 F:0.02858
1 ROUGE-2 Eval D1013-A.M.100.C.1 R:0.12653 P:0.13596 F:0.13108
1 ROUGE-2 Eval D1014-A.M.100.C.1 R:0.01277 P:0.01471 F:0.01367
1 ROUGE-2 Eval D1015-A.M.100.C.1 R:0.04598 P:0.04412 F:0.04503
1 ROUGE-2 Eval D1016-A.M.100.C.1 R:0.05936 P:0.05508 F:0.05714
1 ROUGE-2 Eval D1017-A.M.100.D.1 R:0.01660 P:0.01852 F:0.01751
1 ROUGE-2 Eval D1018-A.M.100.D.1 R:0.08936 P:0.08750 F:0.08842
1 ROUGE-2 Eval D1019-A.M.100.D.1 R:0.05085 P:0.04688 F:0.04878
1 ROUGE-2 Eval D1020-A.M.100.D.1 R:0.01261 P:0.01250 F:0.01255
1 ROUGE-2 Eval D1021-A.M.100.D.1 R:0.08190 P:0.09135 F:0.08637
1 ROUGE-2 Eval D1022-A.M.100.D.1 R:0.03830 P:0.03947 F:0.03888
1 ROUGE-2 Eval D1023-A.M.100.E.1 R:0.01261 P:0.01339 F:0.01299
1 ROUGE-2 Eval D1024-A.M.100.E.1 R:0.07627 P:0.07895 F:0.07759
1 ROUGE-2 Eval D1025-A.M.100.E.1 R:0.05405 P:0.05882 F:0.05633
1 ROUGE-2 Eval D1026-A.M.100.E.1 R:0.00000 P:0.00000 F:0.00000
1 ROUGE-2 Eval D1027-A.M.100.E.1 R:0.06855 P:0.07870 F:0.07328
1 ROUGE-2 Eval D1028-A.M.100.E.1 R:0.10593 P:0.10246 F:0.10417
1 ROUGE-2 Eval D1029-A.M.100.F.1 R:0.02119 P:0.02451 F:0.02273
1 ROUGE-2 Eval D1030-A.M.100.F.1 R:0.00806 P:0.01190 F:0.00961
1 ROUGE-2 Eval D1031-A.M.100.F.1 R:0.04564 P:0.04661 F:0.04612
1 ROUGE-2 Eval D1032-A.M.100.F.1 R:0.04651 P:0.05769 F:0.05150
1 ROUGE-2 Eval D1033-A.M.100.F.1 R:0.08403 P:0.08197 F:0.08299
1 ROUGE-2 Eval D1034-A.M.100.F.1 R:0.01255 P:0.01667 F:0.01432
1 ROUGE-2 Eval D1035-A.M.100.G.1 R:0.07851 P:0.10326 F:0.08920
1 ROUGE-2 Eval D1036-A.M.100.G.1 R:0.02905 P:0.03500 F:0.03175
1 ROUGE-2 Eval D1037-A.M.100.G.1 R:0.01415 P:0.01500 F:0.01456
1 ROUGE-2 Eval D1038-A.M.100.G.1 R:0.03984 P:0.04032 F:0.04008
1 ROUGE-2 Eval D1039-A.M.100.G.1 R:0.06224 P:0.06250 F:0.06237
1 ROUGE-2 Eval D1040-A.M.100.G.1 R:0.04762 P:0.05500 F:0.05104
1 ROUGE-2 Eval D1041-A.M.100.H.1 R:0.10000 P:0.12255 F:0.11013
1 ROUGE-2 Eval D1042-A.M.100.H.1 R:0.09589 P:0.08898 F:0.09231
1 ROUGE-2 Eval D1043-A.M.100.H.1 R:0.13793 P:0.12903 F:0.13333
1 ROUGE-2 Eval D1044-A.M.100.H.1 R:0.04721 P:0.05288 F:0.04988
1 ROUGE-2 Eval D1045-A.M.100.H.1 R:0.07200 P:0.07759 F:0.07469
1 ROUGE-2 Eval D1046-A.M.100.H.1 R:0.08400 P:0.08077 F:0.08235
