---------------------------------------------
1 ROUGE-1 Average_R: 0.27363 (95%-conf.int. 0.25534 - 0.29231)
1 ROUGE-1 Average_P: 0.29940 (95%-conf.int. 0.28110 - 0.31899)
1 ROUGE-1 Average_F: 0.28522 (95%-conf.int. 0.26775 - 0.30355)
.............................................
1 ROUGE-1 Eval D1001-A.M.100.A.1 R:0.34568 P:0.39623 F:0.36923
1 ROUGE-1 Eval D1002-A.M.100.A.1 R:0.24268 P:0.30208 F:0.26914
1 ROUGE-1 Eval D1003-A.M.100.A.1 R:0.24242 P:0.25455 F:0.24834
1 ROUGE-1 Eval D1004-A.M.100.A.1 R:0.34711 P:0.31818 F:0.33202
1 ROUGE-1 Eval D1005-A.M.100.A.1 R:0.25410 P:0.29808 F:0.27434
1 ROUGE-1 Eval D1006-A.M.100.A.1 R:0.22989 P:0.30000 F:0.26031
1 ROUGE-1 Eval D1007-A.M.100.B.1 R:0.26667 P:0.28846 F:0.27714
1 ROUGE-1 Eval D1008-A.M.100.B.1 R:0.22177 P:0.31977 F:0.26190
1 ROUGE-1 Eval D1009-A.M.100.B.1 R:0.36726 P:0.37727 F:0.37220
1 ROUGE-1 Eval D1010-A.M.100.B.1 R:0.29200 P:0.32018 F:0.30544
1 ROUGE-1 Eval D1011-A.M.100.C.1 R:0.20690 P:0.27907 F:0.23763
1 ROUGE-1 Eval D1012-A.M.100.C.1 R:0.26016 P:0.27586 F:0.26778
1 ROUGE-1 Eval D1013-A.M.100.C.1 R:0.28514 P:0.32273 F:0.30277
1 ROUGE-1 Eval D1014-A.M.100.C.1 R:0.18410 P:0.19298 F:0.18844
1 ROUGE-1 Eval D1015-A.M.100.C.1 R:0.25283 P:0.25000 F:0.25141
1 ROUGE-1 Eval D1016-A.M.100.C.1 R:0.35426 P:0.34649 F:0.35033
1 ROUGE-1 Eval D1017-A.M.100.D.1 R:0.18776 P:0.20175 F:0.19450
1 ROUGE-1 Eval D1018-A.M.100.D.1 R:0.29707 P:0.26894 F:0.28231
1 ROUGE-1 Eval D1019-A.M.100.D.1 R:0.38750 P:0.38115 F:0.38430
1 ROUGE-1 Eval D1020-A.M.100.D.1 R:0.20248 P:0.24020 F:0.21973
1 ROUGE-1 Eval D1021-A.M.100.D.1 R:0.27119 P:0.27119 F:0.27119
1 ROUGE-1 Eval D1022-A.M.100.D.1 R:0.36402 P:0.41038 F:0.38581
1 ROUGE-1 Eval D1023-A.M.100.E.1 R:0.20661 P:0.24038 F:0.22222
1 ROUGE-1 Eval D1024-A.M.100.E.1 R:0.35000 P:0.37500 F:0.36207
1 ROUGE-1 Eval D1025-A.M.100.E.1 R:0.31416 P:0.30603 F:0.31004
1 ROUGE-1 Eval D1026-A.M.100.E.1 R:0.12393 P:0.13426 F:0.12889
1 ROUGE-1 Eval D1027-A.M.100.E.1 R:0.40476 P:0.44737 F:0.42500
1 ROUGE-1 Eval D1028-A.M.100.E.1 R:0.34583 P:0.34583 F:0.34583
1 ROUGE-1 Eval D1029-A.M.100.F.1 R:0.16667 P:0.17857 F:0.17241
1 ROUGE-1 Eval D1030-A.M.100.F.1 R:0.26190 P:0.27966 F:0.27049
1 ROUGE-1 Eval D1031-A.M.100.F.1 R:0.20000 P:0.23558 F:0.21634
1 ROUGE-1 Eval D1032-A.M.100.F.1 R:0.28244 P:0.33636 F:0.30705
1 ROUGE-1 Eval D1033-A.M.100.F.1 R:0.35124 P:0.34836 F:0.34979
1 ROUGE-1 Eval D1034-A.M.100.F.1 R:0.16461 P:0.21739 F:0.18735
1 ROUGE-1 Eval D1035-A.M.100.G.1 R:0.30488 P:0.35377 F:0.32751
1 ROUGE-1 Eval D1036-A.M.100.G.1 R:0.16735 P:0.23295 F:0.19477
1 ROUGE-1 Eval D1037-A.M.100.G.1 R:0.28241 P:0.29902 F:0.29048
1 ROUGE-1 Eval D1038-A.M.100.G.1 R:0.21176 P:0.25000 F:0.22930
1 ROUGE-1 Eval D1039-A.M.100.G.1 R:0.31837 P:0.36111 F:0.33840
1 ROUGE-1 Eval D1040-A.M.100.G.1 R:0.25957 P:0.28241 F:0.27051
1 ROUGE-1 Eval D1041-A.M.100.H.1 R:0.32283 P:0.38679 F:0.35193
1 ROUGE-1 Eval D1042-A.M.100.H.1 R:0.27354 P:0.27727 F:0.27539
1 ROUGE-1 Eval D1043-A.M.100.H.1 R:0.29237 P:0.27823 F:0.28512
1 ROUGE-1 Eval D1044-A.M.100.H.1 R:0.29114 P:0.29741 F:0.29424
1 ROUGE-1 Eval D1045-A.M.100.H.1 R:0.36220 P:0.39655 F:0.37860
1 ROUGE-1 Eval D1046-A.M.100.H.1 R:0.28740 P:0.32018 F:0.30291
---------------------------------------------
1 ROUGE-2 Average_R: 0.07863 (95%-conf.int. 0.06791 - 0.08922)
1 ROUGE-2 Average_P: 0.08514 (95%-conf.int. 0.07395 - 0.09622)
1 ROUGE-2 Average_F: 0.08157 (95%-conf.int. 0.07066 - 0.09215)
.............................................
1 ROUGE-2 Eval D1001-A.M.100.A.1 R:0.12134 P:0.13942 F:0.12975
1 ROUGE-2 Eval D1002-A.M.100.A.1 R:0.06809 P:0.08511 F:0.07565
1 ROUGE-2 Eval D1003-A.M.100.A.1 R:0.05727 P:0.06019 F:0.05869
1 ROUGE-2 Eval D1004-A.M.100.A.1 R:0.10504 P:0.09615 F:0.10040
1 ROUGE-2 Eval D1005-A.M.100.A.1 R:0.04167 P:0.04902 F:0.04505
1 ROUGE-2 Eval D1006-A.M.100.A.1 R:0.05837 P:0.07653 F:0.06623
1 ROUGE-2 Eval D1007-A.M.100.B.1 R:0.07240 P:0.07843 F:0.07529
1 ROUGE-2 Eval D1008-A.M.100.B.1 R:0.02869 P:0.04167 F:0.03398
1 ROUGE-2 Eval D1009-A.M.100.B.1 R:0.12162 P:0.12500 F:0.12329
1 ROUGE-2 Eval D1010-A.M.100.B.1 R:0.13008 P:0.14286 F:0.13617
1 ROUGE-2 Eval D1011-A.M.100.C.1 R:0.07456 P:0.10119 F:0.08586
1 ROUGE-2 Eval D1012-A.M.100.C.1 R:0.04545 P:0.04825 F:0.04681
1 ROUGE-2 Eval D1013-A.M.100.C.1 R:0.13469 P:0.15278 F:0.14317
1 ROUGE-2 Eval D1014-A.M.100.C.1 R:0.01702 P:0.01786 F:0.01743
1 ROUGE-2 Eval D1015-A.M.100.C.1 R:0.08046 P:0.07955 F:0.08000
1 ROUGE-2 Eval D1016-A.M.100.C.1 R:0.08676 P:0.08482 F:0.08578
1 ROUGE-2 Eval D1017-A.M.100.D.1 R:0.02490 P:0.02679 F:0.02581
1 ROUGE-2 Eval D1018-A.M.100.D.1 R:0.12340 P:0.11154 F:0.11717
1 ROUGE-2 Eval D1019-A.M.100.D.1 R:0.09746 P:0.09583 F:0.09664
1 ROUGE-2 Eval D1020-A.M.100.D.1 R:0.02521 P:0.03000 F:0.02740
1 ROUGE-2 Eval D1021-A.M.100.D.1 R:0.11207 P:0.11207 F:0.11207
1 ROUGE-2 Eval D1022-A.M.100.D.1 R:0.12766 P:0.14423 F:0.13544
1 ROUGE-2 Eval D1023-A.M.100.E.1 R:0.04202 P:0.04902 F:0.04525
1 ROUGE-2 Eval D1024-A.M.100.E.1 R:0.13136 P:0.14091 F:0.13597
1 ROUGE-2 Eval D1025-A.M.100.E.1 R:0.11261 P:0.10965 F:0.11111
1 ROUGE-2 Eval D1026-A.M.100.E.1 R:0.03913 P:0.04245 F:0.04072
1 ROUGE-2 Eval D1027-A.M.100.E.1 R:0.16129 P:0.17857 F:0.16949
1 ROUGE-2 Eval D1028-A.M.100.E.1 R:0.08475 P:0.08475 F:0.08475
1 ROUGE-2 Eval D1029-A.M.100.F.1 R:0.01695 P:0.01818 F:0.01754
1 ROUGE-2 Eval D1030-A.M.100.F.1 R:0.06855 P:0.07328 F:0.07084
1 ROUGE-2 Eval D1031-A.M.100.F.1 R:0.03320 P:0.03922 F:0.03596
1 ROUGE-2 Eval D1032-A.M.100.F.1 R:0.05814 P:0.06944 F:0.06329
1 ROUGE-2 Eval D1033-A.M.100.F.1 R:0.14706 P:0.14583 F:0.14644
1 ROUGE-2 Eval D1034-A.M.100.F.1 R:0.02092 P:0.02778 F:0.02387
1 ROUGE-2 Eval D1035-A.M.100.G.1 R:0.07025 P:0.08173 F:0.07556
1 ROUGE-2 Eval D1036-A.M.100.G.1 R:0.01660 P:0.02326 F:0.01937
1 ROUGE-2 Eval D1037-A.M.100.G.1 R:0.05660 P:0.06000 F:0.05825
1 ROUGE-2 Eval D1038-A.M.100.G.1 R:0.05976 P:0.07075 F:0.06479
1 ROUGE-2 Eval D1039-A.M.100.G.1 R:0.10373 P:0.11792 F:0.11037
1 ROUGE-2 Eval D1040-A.M.100.G.1 R:0.09091 P:0.09906 F:0.09481
1 ROUGE-2 Eval D1041-A.M.100.H.1 R:0.11600 P:0.13942 F:0.12664
1 ROUGE-2 Eval D1042-A.M.100.H.1 R:0.08676 P:0.08796 F:0.08736
1 ROUGE-2 Eval D1043-A.M.100.H.1 R:0.11638 P:0.11066 F:0.11345
1 ROUGE-2 Eval D1044-A.M.100.H.1 R:0.07296 P:0.07456 F:0.07375
1 ROUGE-2 Eval D1045-A.M.100.H.1 R:0.09200 P:0.10088 F:0.09624
1 ROUGE-2 Eval D1046-A.M.100.H.1 R:0.07600 P:0.08482 F:0.08017
