---------------------------------------------
1 ROUGE-1 Average_R: 0.26679 (95%-conf.int. 0.24901 - 0.28550)
1 ROUGE-1 Average_P: 0.29210 (95%-conf.int. 0.27286 - 0.31123)
1 ROUGE-1 Average_F: 0.27811 (95%-conf.int. 0.26008 - 0.29615)
.............................................
1 ROUGE-1 Eval D1001-A.M.100.A.1 R:0.24691 P:0.30612 F:0.27335
1 ROUGE-1 Eval D1002-A.M.100.A.1 R:0.29289 P:0.31818 F:0.30501
1 ROUGE-1 Eval D1003-A.M.100.A.1 R:0.23810 P:0.25000 F:0.24390
1 ROUGE-1 Eval D1004-A.M.100.A.1 R:0.34298 P:0.33468 F:0.33878
1 ROUGE-1 Eval D1005-A.M.100.A.1 R:0.22951 P:0.29167 F:0.25688
1 ROUGE-1 Eval D1006-A.M.100.A.1 R:0.22989 P:0.34091 F:0.27460
1 ROUGE-1 Eval D1007-A.M.100.B.1 R:0.26667 P:0.28846 F:0.27714
1 ROUGE-1 Eval D1008-A.M.100.B.1 R:0.19758 P:0.24500 F:0.21875
1 ROUGE-1 Eval D1009-A.M.100.B.1 R:0.23009 P:0.23636 F:0.23318
1 ROUGE-1 Eval D1010-A.M.100.B.1 R:0.35600 P:0.35887 F:0.35743
1 ROUGE-1 Eval D1011-A.M.100.C.1 R:0.17241 P:0.23810 F:0.20000
1 ROUGE-1 Eval D1012-A.M.100.C.1 R:0.23171 P:0.25000 F:0.24051
1 ROUGE-1 Eval D1013-A.M.100.C.1 R:0.34137 P:0.40865 F:0.37199
1 ROUGE-1 Eval D1014-A.M.100.C.1 R:0.16736 P:0.17544 F:0.17130
1 ROUGE-1 Eval D1015-A.M.100.C.1 R:0.31321 P:0.32937 F:0.32109
1 ROUGE-1 Eval D1016-A.M.100.C.1 R:0.37220 P:0.38426 F:0.37813
1 ROUGE-1 Eval D1017-A.M.100.D.1 R:0.20000 P:0.23113 F:0.21444
1 ROUGE-1 Eval D1018-A.M.100.D.1 R:0.24268 P:0.24167 F:0.24217
1 ROUGE-1 Eval D1019-A.M.100.D.1 R:0.35833 P:0.37069 F:0.36441
1 ROUGE-1 Eval D1020-A.M.100.D.1 R:0.20248 P:0.22685 F:0.21397
1 ROUGE-1 Eval D1021-A.M.100.D.1 R:0.31780 P:0.30738 F:0.31250
1 ROUGE-1 Eval D1022-A.M.100.D.1 R:0.36820 P:0.38596 F:0.37687
1 ROUGE-1 Eval D1023-A.M.100.E.1 R:0.28099 P:0.29825 F:0.28936
1 ROUGE-1 Eval D1024-A.M.100.E.1 R:0.38333 P:0.39655 F:0.38983
1 ROUGE-1 Eval D1025-A.M.100.E.1 R:0.26106 P:0.27315 F:0.26697
1 ROUGE-1 Eval D1026-A.M.100.E.1 R:0.17949 P:0.17213 F:0.17573
1 ROUGE-1 Eval D1027-A.M.100.E.1 R:0.36508 P:0.37705 F:0.37097
1 ROUGE-1 Eval D1028-A.M.100.E.1 R:0.25000 P:0.26316 F:0.25641
1 ROUGE-1 Eval D1029-A.M.100.F.1 R:0.16667 P:0.16949 F:0.16807
1 ROUGE-1 Eval D1030-A.M.100.F.1 R:0.24603 P:0.29808 F:0.26957
1 ROUGE-1 Eval D1031-A.M.100.F.1 R:0.15102 P:0.17788 F:0.16335
1 ROUGE-1 Eval D1032-A.M.100.F.1 R:0.25191 P:0.39286 F:0.30698
1 ROUGE-1 Eval D1033-A.M.100.F.1 R:0.33471 P:0.33750 F:0.33610
1 ROUGE-1 Eval D1034-A.M.100.F.1 R:0.16872 P:0.18304 F:0.17559
1 ROUGE-1 Eval D1035-A.M.100.G.1 R:0.29268 P:0.36000 F:0.32287
1 ROUGE-1 Eval D1036-A.M.100.G.1 R:0.21633 P:0.24537 F:0.22994
1 ROUGE-1 Eval D1037-A.M.100.G.1 R:0.30093 P:0.32500 F:0.31250
1 ROUGE-1 Eval D1038-A.M.100.G.1 R:0.17255 P:0.18333 F:0.17778
1 ROUGE-1 Eval D1039-A.M.100.G.1 R:0.29796 P:0.30932 F:0.30353
1 ROUGE-1 Eval D1040-A.M.100.G.1 R:0.24681 P:0.25893 F:0.25272
1 ROUGE-1 Eval D1041-A.M.100.H.1 R:0.28740 P:0.34434 F:0.31330
1 ROUGE-1 Eval D1042-A.M.100.H.1 R:0.25561 P:0.26887 F:0.26207
1 ROUGE-1 Eval D1043-A.M.100.H.1 R:0.34746 P:0.34746 F:0.34746
1 ROUGE-1 Eval D1044-A.M.100.H.1 R:0.29536 P:0.29661 F:0.29598
1 ROUGE-1 Eval D1045-A.M.100.H.1 R:0.32283 P:0.33065 F:0.32669
1 ROUGE-1 Eval D1046-A.M.100.H.1 R:0.28740 P:0.32018 F:0.30291
---------------------------------------------
1 ROUGE-2 Average_R: 0.07595 (95%-conf.int. 0.06352 - 0.08808)
1 ROUGE-2 Average_P: 0.08232 (95%-conf.int. 0.06956 - 0.09505)
1 ROUGE-2 Average_F: 0.07880 (95%-conf.int. 0.06623 - 0.09106)
.............................................
1 ROUGE-2 Eval D1001-A.M.100.A.1 R:0.05439 P:0.06771 F:0.06032
1 ROUGE-2 Eval D1002-A.M.100.A.1 R:0.07660 P:0.08333 F:0.07982
1 ROUGE-2 Eval D1003-A.M.100.A.1 R:0.04846 P:0.05093 F:0.04966
1 ROUGE-2 Eval D1004-A.M.100.A.1 R:0.12605 P:0.12295 F:0.12448
1 ROUGE-2 Eval D1005-A.M.100.A.1 R:0.04167 P:0.05319 F:0.04673
1 ROUGE-2 Eval D1006-A.M.100.A.1 R:0.03502 P:0.05233 F:0.04196
1 ROUGE-2 Eval D1007-A.M.100.B.1 R:0.07240 P:0.07843 F:0.07529
1 ROUGE-2 Eval D1008-A.M.100.B.1 R:0.02869 P:0.03571 F:0.03182
1 ROUGE-2 Eval D1009-A.M.100.B.1 R:0.01802 P:0.01852 F:0.01827
1 ROUGE-2 Eval D1010-A.M.100.B.1 R:0.12602 P:0.12705 F:0.12653
1 ROUGE-2 Eval D1011-A.M.100.C.1 R:0.05702 P:0.07927 F:0.06633
1 ROUGE-2 Eval D1012-A.M.100.C.1 R:0.05372 P:0.05804 F:0.05580
1 ROUGE-2 Eval D1013-A.M.100.C.1 R:0.19184 P:0.23039 F:0.20936
1 ROUGE-2 Eval D1014-A.M.100.C.1 R:0.02553 P:0.02679 F:0.02614
1 ROUGE-2 Eval D1015-A.M.100.C.1 R:0.11877 P:0.12500 F:0.12181
1 ROUGE-2 Eval D1016-A.M.100.C.1 R:0.11872 P:0.12264 F:0.12065
1 ROUGE-2 Eval D1017-A.M.100.D.1 R:0.01660 P:0.01923 F:0.01782
1 ROUGE-2 Eval D1018-A.M.100.D.1 R:0.11915 P:0.11864 F:0.11889
1 ROUGE-2 Eval D1019-A.M.100.D.1 R:0.09322 P:0.09649 F:0.09483
1 ROUGE-2 Eval D1020-A.M.100.D.1 R:0.03782 P:0.04245 F:0.04000
1 ROUGE-2 Eval D1021-A.M.100.D.1 R:0.13793 P:0.13333 F:0.13559
1 ROUGE-2 Eval D1022-A.M.100.D.1 R:0.12766 P:0.13393 F:0.13072
1 ROUGE-2 Eval D1023-A.M.100.E.1 R:0.04622 P:0.04911 F:0.04762
1 ROUGE-2 Eval D1024-A.M.100.E.1 R:0.10593 P:0.10965 F:0.10776
1 ROUGE-2 Eval D1025-A.M.100.E.1 R:0.07658 P:0.08019 F:0.07834
1 ROUGE-2 Eval D1026-A.M.100.E.1 R:0.05217 P:0.05000 F:0.05106
1 ROUGE-2 Eval D1027-A.M.100.E.1 R:0.12500 P:0.12917 F:0.12705
1 ROUGE-2 Eval D1028-A.M.100.E.1 R:0.04661 P:0.04911 F:0.04783
1 ROUGE-2 Eval D1029-A.M.100.F.1 R:0.02542 P:0.02586 F:0.02564
1 ROUGE-2 Eval D1030-A.M.100.F.1 R:0.07661 P:0.09314 F:0.08407
1 ROUGE-2 Eval D1031-A.M.100.F.1 R:0.02075 P:0.02451 F:0.02247
1 ROUGE-2 Eval D1032-A.M.100.F.1 R:0.05426 P:0.08537 F:0.06635
1 ROUGE-2 Eval D1033-A.M.100.F.1 R:0.13445 P:0.13559 F:0.13502
1 ROUGE-2 Eval D1034-A.M.100.F.1 R:0.01674 P:0.01818 F:0.01743
1 ROUGE-2 Eval D1035-A.M.100.G.1 R:0.07025 P:0.08673 F:0.07762
1 ROUGE-2 Eval D1036-A.M.100.G.1 R:0.02075 P:0.02358 F:0.02207
1 ROUGE-2 Eval D1037-A.M.100.G.1 R:0.05660 P:0.06122 F:0.05882
1 ROUGE-2 Eval D1038-A.M.100.G.1 R:0.04781 P:0.05085 F:0.04928
1 ROUGE-2 Eval D1039-A.M.100.G.1 R:0.11203 P:0.11638 F:0.11416
1 ROUGE-2 Eval D1040-A.M.100.G.1 R:0.08658 P:0.09091 F:0.08869
1 ROUGE-2 Eval D1041-A.M.100.H.1 R:0.11600 P:0.13942 F:0.12664
1 ROUGE-2 Eval D1042-A.M.100.H.1 R:0.08676 P:0.09135 F:0.08900
1 ROUGE-2 Eval D1043-A.M.100.H.1 R:0.15948 P:0.15948 F:0.15948
1 ROUGE-2 Eval D1044-A.M.100.H.1 R:0.08584 P:0.08621 F:0.08602
1 ROUGE-2 Eval D1045-A.M.100.H.1 R:0.07600 P:0.07787 F:0.07692
1 ROUGE-2 Eval D1046-A.M.100.H.1 R:0.07600 P:0.08482 F:0.08017
