---------------------------------------------
1 ROUGE-1 Average_R: 0.24490 (95%-conf.int. 0.22761 - 0.26365)
1 ROUGE-1 Average_P: 0.26201 (95%-conf.int. 0.24343 - 0.27999)
1 ROUGE-1 Average_F: 0.25265 (95%-conf.int. 0.23539 - 0.27032)
.............................................
1 ROUGE-1 Eval D1001-A.M.100.A.1 R:0.27984 P:0.32692 F:0.30155
1 ROUGE-1 Eval D1002-A.M.100.A.1 R:0.22176 P:0.27041 F:0.24368
1 ROUGE-1 Eval D1003-A.M.100.A.1 R:0.17749 P:0.17373 F:0.17559
1 ROUGE-1 Eval D1004-A.M.100.A.1 R:0.37603 P:0.34470 F:0.35968
1 ROUGE-1 Eval D1005-A.M.100.A.1 R:0.28279 P:0.35204 F:0.31364
1 ROUGE-1 Eval D1006-A.M.100.A.1 R:0.18391 P:0.21429 F:0.19794
1 ROUGE-1 Eval D1007-A.M.100.B.1 R:0.24444 P:0.25943 F:0.25171
1 ROUGE-1 Eval D1008-A.M.100.B.1 R:0.17339 P:0.17917 F:0.17623
1 ROUGE-1 Eval D1009-A.M.100.B.1 R:0.17257 P:0.17727 F:0.17489
1 ROUGE-1 Eval D1010-A.M.100.B.1 R:0.35600 P:0.33712 F:0.34630
1 ROUGE-1 Eval D1011-A.M.100.C.1 R:0.15948 P:0.14015 F:0.14919
1 ROUGE-1 Eval D1012-A.M.100.C.1 R:0.15854 P:0.18750 F:0.17181
1 ROUGE-1 Eval D1013-A.M.100.C.1 R:0.30120 P:0.32895 F:0.31446
1 ROUGE-1 Eval D1014-A.M.100.C.1 R:0.19247 P:0.19492 F:0.19369
1 ROUGE-1 Eval D1015-A.M.100.C.1 R:0.27547 P:0.28516 F:0.28023
1 ROUGE-1 Eval D1016-A.M.100.C.1 R:0.27354 P:0.30500 F:0.28841
1 ROUGE-1 Eval D1017-A.M.100.D.1 R:0.17959 P:0.19643 F:0.18763
1 ROUGE-1 Eval D1018-A.M.100.D.1 R:0.26778 P:0.23529 F:0.25049
1 ROUGE-1 Eval D1019-A.M.100.D.1 R:0.35417 P:0.34274 F:0.34836
1 ROUGE-1 Eval D1020-A.M.100.D.1 R:0.23140 P:0.24561 F:0.23829
1 ROUGE-1 Eval D1021-A.M.100.D.1 R:0.20339 P:0.22642 F:0.21429
1 ROUGE-1 Eval D1022-A.M.100.D.1 R:0.27615 P:0.30556 F:0.29011
1 ROUGE-1 Eval D1023-A.M.100.E.1 R:0.26033 P:0.28636 F:0.27273
1 ROUGE-1 Eval D1024-A.M.100.E.1 R:0.31667 P:0.32759 F:0.32204
1 ROUGE-1 Eval D1025-A.M.100.E.1 R:0.31858 P:0.35294 F:0.33488
1 ROUGE-1 Eval D1026-A.M.100.E.1 R:0.13248 P:0.13136 F:0.13192
1 ROUGE-1 Eval D1027-A.M.100.E.1 R:0.32937 P:0.37054 F:0.34874
1 ROUGE-1 Eval D1028-A.M.100.E.1 R:0.29167 P:0.28689 F:0.28926
1 ROUGE-1 Eval D1029-A.M.100.F.1 R:0.20000 P:0.22642 F:0.21239
1 ROUGE-1 Eval D1030-A.M.100.F.1 R:0.25000 P:0.26695 F:0.25820
1 ROUGE-1 Eval D1031-A.M.100.F.1 R:0.18776 P:0.22115 F:0.20309
1 ROUGE-1 Eval D1032-A.M.100.F.1 R:0.29008 P:0.33333 F:0.31020
1 ROUGE-1 Eval D1033-A.M.100.F.1 R:0.30579 P:0.29839 F:0.30204
1 ROUGE-1 Eval D1034-A.M.100.F.1 R:0.16872 P:0.18304 F:0.17559
1 ROUGE-1 Eval D1035-A.M.100.G.1 R:0.20325 P:0.26596 F:0.23041
1 ROUGE-1 Eval D1036-A.M.100.G.1 R:0.08571 P:0.11170 F:0.09699
1 ROUGE-1 Eval D1037-A.M.100.G.1 R:0.30093 P:0.32500 F:0.31250
1 ROUGE-1 Eval D1038-A.M.100.G.1 R:0.16863 P:0.17063 F:0.16962
1 ROUGE-1 Eval D1039-A.M.100.G.1 R:0.22041 P:0.23276 F:0.22642
1 ROUGE-1 Eval D1040-A.M.100.G.1 R:0.25532 P:0.29412 F:0.27335
1 ROUGE-1 Eval D1041-A.M.100.H.1 R:0.22835 P:0.26364 F:0.24473
1 ROUGE-1 Eval D1042-A.M.100.H.1 R:0.26009 P:0.24167 F:0.25054
1 ROUGE-1 Eval D1043-A.M.100.H.1 R:0.27966 P:0.26190 F:0.27049
1 ROUGE-1 Eval D1044-A.M.100.H.1 R:0.26160 P:0.30392 F:0.28118
1 ROUGE-1 Eval D1045-A.M.100.H.1 R:0.33071 P:0.35593 F:0.34286
1 ROUGE-1 Eval D1046-A.M.100.H.1 R:0.29921 P:0.32759 F:0.31276
---------------------------------------------
1 ROUGE-2 Average_R: 0.06423 (95%-conf.int. 0.05418 - 0.07450)
1 ROUGE-2 Average_P: 0.06845 (95%-conf.int. 0.05810 - 0.07853)
1 ROUGE-2 Average_F: 0.06611 (95%-conf.int. 0.05584 - 0.07597)
.............................................
1 ROUGE-2 Eval D1001-A.M.100.A.1 R:0.10879 P:0.12745 F:0.11738
1 ROUGE-2 Eval D1002-A.M.100.A.1 R:0.04681 P:0.05729 F:0.05152
1 ROUGE-2 Eval D1003-A.M.100.A.1 R:0.02643 P:0.02586 F:0.02614
1 ROUGE-2 Eval D1004-A.M.100.A.1 R:0.09664 P:0.08846 F:0.09237
1 ROUGE-2 Eval D1005-A.M.100.A.1 R:0.07917 P:0.09896 F:0.08797
1 ROUGE-2 Eval D1006-A.M.100.A.1 R:0.00389 P:0.00455 F:0.00419
1 ROUGE-2 Eval D1007-A.M.100.B.1 R:0.03167 P:0.03365 F:0.03263
1 ROUGE-2 Eval D1008-A.M.100.B.1 R:0.02459 P:0.02542 F:0.02500
1 ROUGE-2 Eval D1009-A.M.100.B.1 R:0.03604 P:0.03704 F:0.03653
1 ROUGE-2 Eval D1010-A.M.100.B.1 R:0.14228 P:0.13462 F:0.13834
1 ROUGE-2 Eval D1011-A.M.100.C.1 R:0.03509 P:0.03077 F:0.03279
1 ROUGE-2 Eval D1012-A.M.100.C.1 R:0.03306 P:0.03922 F:0.03588
1 ROUGE-2 Eval D1013-A.M.100.C.1 R:0.15102 P:0.16518 F:0.15778
1 ROUGE-2 Eval D1014-A.M.100.C.1 R:0.02128 P:0.02155 F:0.02141
1 ROUGE-2 Eval D1015-A.M.100.C.1 R:0.09195 P:0.09524 F:0.09357
1 ROUGE-2 Eval D1016-A.M.100.C.1 R:0.05479 P:0.06122 F:0.05783
1 ROUGE-2 Eval D1017-A.M.100.D.1 R:0.01245 P:0.01364 F:0.01302
1 ROUGE-2 Eval D1018-A.M.100.D.1 R:0.12340 P:0.10821 F:0.11531
1 ROUGE-2 Eval D1019-A.M.100.D.1 R:0.08051 P:0.07787 F:0.07917
1 ROUGE-2 Eval D1020-A.M.100.D.1 R:0.03361 P:0.03571 F:0.03463
1 ROUGE-2 Eval D1021-A.M.100.D.1 R:0.08190 P:0.09135 F:0.08637
1 ROUGE-2 Eval D1022-A.M.100.D.1 R:0.03404 P:0.03774 F:0.03579
1 ROUGE-2 Eval D1023-A.M.100.E.1 R:0.03361 P:0.03704 F:0.03524
1 ROUGE-2 Eval D1024-A.M.100.E.1 R:0.07627 P:0.07895 F:0.07759
1 ROUGE-2 Eval D1025-A.M.100.E.1 R:0.11261 P:0.12500 F:0.11848
1 ROUGE-2 Eval D1026-A.M.100.E.1 R:0.03913 P:0.03879 F:0.03896
1 ROUGE-2 Eval D1027-A.M.100.E.1 R:0.09677 P:0.10909 F:0.10256
1 ROUGE-2 Eval D1028-A.M.100.E.1 R:0.05932 P:0.05833 F:0.05882
1 ROUGE-2 Eval D1029-A.M.100.F.1 R:0.02119 P:0.02404 F:0.02253
1 ROUGE-2 Eval D1030-A.M.100.F.1 R:0.06452 P:0.06897 F:0.06667
1 ROUGE-2 Eval D1031-A.M.100.F.1 R:0.04149 P:0.04902 F:0.04494
1 ROUGE-2 Eval D1032-A.M.100.F.1 R:0.07752 P:0.08929 F:0.08299
1 ROUGE-2 Eval D1033-A.M.100.F.1 R:0.08403 P:0.08197 F:0.08299
1 ROUGE-2 Eval D1034-A.M.100.F.1 R:0.01674 P:0.01818 F:0.01743
1 ROUGE-2 Eval D1035-A.M.100.G.1 R:0.07851 P:0.10326 F:0.08920
1 ROUGE-2 Eval D1036-A.M.100.G.1 R:0.01660 P:0.02174 F:0.01883
1 ROUGE-2 Eval D1037-A.M.100.G.1 R:0.06604 P:0.07143 F:0.06863
1 ROUGE-2 Eval D1038-A.M.100.G.1 R:0.03984 P:0.04032 F:0.04008
1 ROUGE-2 Eval D1039-A.M.100.G.1 R:0.05394 P:0.05702 F:0.05544
1 ROUGE-2 Eval D1040-A.M.100.G.1 R:0.09091 P:0.10500 F:0.09745
1 ROUGE-2 Eval D1041-A.M.100.H.1 R:0.09200 P:0.10648 F:0.09871
1 ROUGE-2 Eval D1042-A.M.100.H.1 R:0.09589 P:0.08898 F:0.09231
1 ROUGE-2 Eval D1043-A.M.100.H.1 R:0.13793 P:0.12903 F:0.13333
1 ROUGE-2 Eval D1044-A.M.100.H.1 R:0.06009 P:0.07000 F:0.06467
1 ROUGE-2 Eval D1045-A.M.100.H.1 R:0.07200 P:0.07759 F:0.07469
1 ROUGE-2 Eval D1046-A.M.100.H.1 R:0.08400 P:0.09211 F:0.08787
