---------------------------------------------
1 ROUGE-1 Average_R: 0.21834 (95%-conf.int. 0.19748 - 0.23806)
1 ROUGE-1 Average_P: 0.23924 (95%-conf.int. 0.21945 - 0.25903)
1 ROUGE-1 Average_F: 0.22771 (95%-conf.int. 0.20747 - 0.24707)
.............................................
1 ROUGE-1 Eval D1001-A.M.100.A.1 R:0.15638 P:0.19000 F:0.17156
1 ROUGE-1 Eval D1002-A.M.100.A.1 R:0.10879 P:0.14773 F:0.12530
1 ROUGE-1 Eval D1003-A.M.100.A.1 R:0.28571 P:0.25385 F:0.26884
1 ROUGE-1 Eval D1004-A.M.100.A.1 R:0.32231 P:0.31967 F:0.32098
1 ROUGE-1 Eval D1005-A.M.100.A.1 R:0.25410 P:0.26724 F:0.26050
1 ROUGE-1 Eval D1006-A.M.100.A.1 R:0.15709 P:0.18636 F:0.17048
1 ROUGE-1 Eval D1007-A.M.100.B.1 R:0.23111 P:0.25000 F:0.24018
1 ROUGE-1 Eval D1008-A.M.100.B.1 R:0.16532 P:0.17672 F:0.17083
1 ROUGE-1 Eval D1009-A.M.100.B.1 R:0.20354 P:0.23958 F:0.22009
1 ROUGE-1 Eval D1010-A.M.100.B.1 R:0.21200 P:0.22458 F:0.21811
1 ROUGE-1 Eval D1011-A.M.100.C.1 R:0.10345 P:0.13043 F:0.11538
1 ROUGE-1 Eval D1012-A.M.100.C.1 R:0.20732 P:0.26020 F:0.23077
1 ROUGE-1 Eval D1013-A.M.100.C.1 R:0.14458 P:0.19149 F:0.16476
1 ROUGE-1 Eval D1014-A.M.100.C.1 R:0.17992 P:0.17917 F:0.17954
1 ROUGE-1 Eval D1015-A.M.100.C.1 R:0.26415 P:0.27344 F:0.26871
1 ROUGE-1 Eval D1016-A.M.100.C.1 R:0.26457 P:0.27315 F:0.26879
1 ROUGE-1 Eval D1017-A.M.100.D.1 R:0.08980 P:0.12500 F:0.10452
1 ROUGE-1 Eval D1018-A.M.100.D.1 R:0.23431 P:0.26415 F:0.24834
1 ROUGE-1 Eval D1019-A.M.100.D.1 R:0.25417 P:0.27232 F:0.26293
1 ROUGE-1 Eval D1020-A.M.100.D.1 R:0.12810 P:0.13596 F:0.13191
1 ROUGE-1 Eval D1021-A.M.100.D.1 R:0.16525 P:0.19500 F:0.17890
1 ROUGE-1 Eval D1022-A.M.100.D.1 R:0.33054 P:0.37264 F:0.35033
1 ROUGE-1 Eval D1023-A.M.100.E.1 R:0.16529 P:0.20408 F:0.18265
1 ROUGE-1 Eval D1024-A.M.100.E.1 R:0.29167 P:0.33019 F:0.30974
1 ROUGE-1 Eval D1025-A.M.100.E.1 R:0.17257 P:0.19118 F:0.18140
1 ROUGE-1 Eval D1026-A.M.100.E.1 R:0.14957 P:0.18617 F:0.16588
1 ROUGE-1 Eval D1027-A.M.100.E.1 R:0.35317 P:0.36475 F:0.35887
1 ROUGE-1 Eval D1028-A.M.100.E.1 R:0.32500 P:0.32500 F:0.32500
1 ROUGE-1 Eval D1029-A.M.100.F.1 R:0.25833 P:0.25833 F:0.25833
1 ROUGE-1 Eval D1030-A.M.100.F.1 R:0.21429 P:0.25962 F:0.23479
1 ROUGE-1 Eval D1031-A.M.100.F.1 R:0.16327 P:0.18182 F:0.17205
1 ROUGE-1 Eval D1032-A.M.100.F.1 R:0.28244 P:0.34906 F:0.31224
1 ROUGE-1 Eval D1033-A.M.100.F.1 R:0.26033 P:0.21875 F:0.23774
1 ROUGE-1 Eval D1034-A.M.100.F.1 R:0.12346 P:0.14706 F:0.13423
1 ROUGE-1 Eval D1035-A.M.100.G.1 R:0.20732 P:0.19922 F:0.20319
1 ROUGE-1 Eval D1036-A.M.100.G.1 R:0.12653 P:0.17222 F:0.14588
1 ROUGE-1 Eval D1037-A.M.100.G.1 R:0.19907 P:0.17623 F:0.18696
1 ROUGE-1 Eval D1038-A.M.100.G.1 R:0.21176 P:0.22131 F:0.21643
1 ROUGE-1 Eval D1039-A.M.100.G.1 R:0.24082 P:0.26339 F:0.25160
1 ROUGE-1 Eval D1040-A.M.100.G.1 R:0.26383 P:0.30392 F:0.28246
1 ROUGE-1 Eval D1041-A.M.100.H.1 R:0.13780 P:0.17157 F:0.15284
1 ROUGE-1 Eval D1042-A.M.100.H.1 R:0.25561 P:0.28500 F:0.26951
1 ROUGE-1 Eval D1043-A.M.100.H.1 R:0.20763 P:0.22273 F:0.21492
1 ROUGE-1 Eval D1044-A.M.100.H.1 R:0.34599 P:0.39423 F:0.36854
1 ROUGE-1 Eval D1045-A.M.100.H.1 R:0.33465 P:0.35417 F:0.34413
1 ROUGE-1 Eval D1046-A.M.100.H.1 R:0.30709 P:0.30952 F:0.30830
---------------------------------------------
1 ROUGE-2 Average_R: 0.05467 (95%-conf.int. 0.04471 - 0.06506)
1 ROUGE-2 Average_P: 0.05946 (95%-conf.int. 0.04894 - 0.07067)
1 ROUGE-2 Average_F: 0.05683 (95%-conf.int. 0.04663 - 0.06718)
.............................................
1 ROUGE-2 Eval D1001-A.M.100.A.1 R:0.02092 P:0.02551 F:0.02299
1 ROUGE-2 Eval D1002-A.M.100.A.1 R:0.02128 P:0.02907 F:0.02457
1 ROUGE-2 Eval D1003-A.M.100.A.1 R:0.06608 P:0.05859 F:0.06211
1 ROUGE-2 Eval D1004-A.M.100.A.1 R:0.10504 P:0.10417 F:0.10460
1 ROUGE-2 Eval D1005-A.M.100.A.1 R:0.04167 P:0.04386 F:0.04274
1 ROUGE-2 Eval D1006-A.M.100.A.1 R:0.03502 P:0.04167 F:0.03806
1 ROUGE-2 Eval D1007-A.M.100.B.1 R:0.04977 P:0.05392 F:0.05176
1 ROUGE-2 Eval D1008-A.M.100.B.1 R:0.05738 P:0.06140 F:0.05932
1 ROUGE-2 Eval D1009-A.M.100.B.1 R:0.03604 P:0.04255 F:0.03903
1 ROUGE-2 Eval D1010-A.M.100.B.1 R:0.08130 P:0.08621 F:0.08368
1 ROUGE-2 Eval D1011-A.M.100.C.1 R:0.03947 P:0.05000 F:0.04412
1 ROUGE-2 Eval D1012-A.M.100.C.1 R:0.04959 P:0.06250 F:0.05530
1 ROUGE-2 Eval D1013-A.M.100.C.1 R:0.03265 P:0.04348 F:0.03729
1 ROUGE-2 Eval D1014-A.M.100.C.1 R:0.00851 P:0.00847 F:0.00849
1 ROUGE-2 Eval D1015-A.M.100.C.1 R:0.09195 P:0.09524 F:0.09357
1 ROUGE-2 Eval D1016-A.M.100.C.1 R:0.06849 P:0.07075 F:0.06960
1 ROUGE-2 Eval D1017-A.M.100.D.1 R:0.00000 P:0.00000 F:0.00000
1 ROUGE-2 Eval D1018-A.M.100.D.1 R:0.11489 P:0.12981 F:0.12190
1 ROUGE-2 Eval D1019-A.M.100.D.1 R:0.03390 P:0.03636 F:0.03509
1 ROUGE-2 Eval D1020-A.M.100.D.1 R:0.01261 P:0.01339 F:0.01299
1 ROUGE-2 Eval D1021-A.M.100.D.1 R:0.01293 P:0.01531 F:0.01402
1 ROUGE-2 Eval D1022-A.M.100.D.1 R:0.12766 P:0.14423 F:0.13544
1 ROUGE-2 Eval D1023-A.M.100.E.1 R:0.01261 P:0.01562 F:0.01395
1 ROUGE-2 Eval D1024-A.M.100.E.1 R:0.11017 P:0.12500 F:0.11712
1 ROUGE-2 Eval D1025-A.M.100.E.1 R:0.02252 P:0.02500 F:0.02370
1 ROUGE-2 Eval D1026-A.M.100.E.1 R:0.00435 P:0.00543 F:0.00483
1 ROUGE-2 Eval D1027-A.M.100.E.1 R:0.12097 P:0.12500 F:0.12295
1 ROUGE-2 Eval D1028-A.M.100.E.1 R:0.10169 P:0.10169 F:0.10169
1 ROUGE-2 Eval D1029-A.M.100.F.1 R:0.06356 P:0.06356 F:0.06356
1 ROUGE-2 Eval D1030-A.M.100.F.1 R:0.03629 P:0.04412 F:0.03982
1 ROUGE-2 Eval D1031-A.M.100.F.1 R:0.03734 P:0.04167 F:0.03939
1 ROUGE-2 Eval D1032-A.M.100.F.1 R:0.10465 P:0.12981 F:0.11588
1 ROUGE-2 Eval D1033-A.M.100.F.1 R:0.07143 P:0.05986 F:0.06514
1 ROUGE-2 Eval D1034-A.M.100.F.1 R:0.00837 P:0.01000 F:0.00911
1 ROUGE-2 Eval D1035-A.M.100.G.1 R:0.05785 P:0.05556 F:0.05668
1 ROUGE-2 Eval D1036-A.M.100.G.1 R:0.01245 P:0.01705 F:0.01439
1 ROUGE-2 Eval D1037-A.M.100.G.1 R:0.04245 P:0.03750 F:0.03982
1 ROUGE-2 Eval D1038-A.M.100.G.1 R:0.05976 P:0.06250 F:0.06110
1 ROUGE-2 Eval D1039-A.M.100.G.1 R:0.07469 P:0.08182 F:0.07809
1 ROUGE-2 Eval D1040-A.M.100.G.1 R:0.07792 P:0.09000 F:0.08353
1 ROUGE-2 Eval D1041-A.M.100.H.1 R:0.03200 P:0.04000 F:0.03556
1 ROUGE-2 Eval D1042-A.M.100.H.1 R:0.08219 P:0.09184 F:0.08675
1 ROUGE-2 Eval D1043-A.M.100.H.1 R:0.03017 P:0.03241 F:0.03125
1 ROUGE-2 Eval D1044-A.M.100.H.1 R:0.10300 P:0.11765 F:0.10984
1 ROUGE-2 Eval D1045-A.M.100.H.1 R:0.07600 P:0.08051 F:0.07819
1 ROUGE-2 Eval D1046-A.M.100.H.1 R:0.07600 P:0.07661 F:0.07630
