---------------------------------------------
1 ROUGE-1 Average_R: 0.25235 (95%-conf.int. 0.23344 - 0.26845)
1 ROUGE-1 Average_P: 0.26298 (95%-conf.int. 0.24362 - 0.28053)
1 ROUGE-1 Average_F: 0.25708 (95%-conf.int. 0.23815 - 0.27399)
.............................................
1 ROUGE-1 Eval D1001-A.M.100.A.1 R:0.27984 P:0.34000 F:0.30700
1 ROUGE-1 Eval D1002-A.M.100.A.1 R:0.18410 P:0.23913 F:0.20804
1 ROUGE-1 Eval D1003-A.M.100.A.1 R:0.27706 P:0.24242 F:0.25859
1 ROUGE-1 Eval D1004-A.M.100.A.1 R:0.35537 P:0.34677 F:0.35102
1 ROUGE-1 Eval D1005-A.M.100.A.1 R:0.28279 P:0.30804 F:0.29488
1 ROUGE-1 Eval D1006-A.M.100.A.1 R:0.19157 P:0.21186 F:0.20120
1 ROUGE-1 Eval D1007-A.M.100.B.1 R:0.20889 P:0.23500 F:0.22118
1 ROUGE-1 Eval D1008-A.M.100.B.1 R:0.17339 P:0.16288 F:0.16797
1 ROUGE-1 Eval D1009-A.M.100.B.1 R:0.30973 P:0.29661 F:0.30303
1 ROUGE-1 Eval D1010-A.M.100.B.1 R:0.32400 P:0.30682 F:0.31518
1 ROUGE-1 Eval D1011-A.M.100.C.1 R:0.24138 P:0.22222 F:0.23140
1 ROUGE-1 Eval D1012-A.M.100.C.1 R:0.23984 P:0.25431 F:0.24686
1 ROUGE-1 Eval D1013-A.M.100.C.1 R:0.29317 P:0.30932 F:0.30103
1 ROUGE-1 Eval D1014-A.M.100.C.1 R:0.18410 P:0.20370 F:0.19340
1 ROUGE-1 Eval D1015-A.M.100.C.1 R:0.27547 P:0.28516 F:0.28023
1 ROUGE-1 Eval D1016-A.M.100.C.1 R:0.31390 P:0.29661 F:0.30501
1 ROUGE-1 Eval D1017-A.M.100.D.1 R:0.17551 P:0.18220 F:0.17879
1 ROUGE-1 Eval D1018-A.M.100.D.1 R:0.29289 P:0.26515 F:0.27833
1 ROUGE-1 Eval D1019-A.M.100.D.1 R:0.32083 P:0.30556 F:0.31301
1 ROUGE-1 Eval D1020-A.M.100.D.1 R:0.23140 P:0.24561 F:0.23829
1 ROUGE-1 Eval D1021-A.M.100.D.1 R:0.20763 P:0.22685 F:0.21681
1 ROUGE-1 Eval D1022-A.M.100.D.1 R:0.25523 P:0.26754 F:0.26124
1 ROUGE-1 Eval D1023-A.M.100.E.1 R:0.22314 P:0.22881 F:0.22594
1 ROUGE-1 Eval D1024-A.M.100.E.1 R:0.34583 P:0.35776 F:0.35169
1 ROUGE-1 Eval D1025-A.M.100.E.1 R:0.30973 P:0.29661 F:0.30303
1 ROUGE-1 Eval D1026-A.M.100.E.1 R:0.13248 P:0.13136 F:0.13192
1 ROUGE-1 Eval D1027-A.M.100.E.1 R:0.36905 P:0.43056 F:0.39744
1 ROUGE-1 Eval D1028-A.M.100.E.1 R:0.31667 P:0.32759 F:0.32204
1 ROUGE-1 Eval D1029-A.M.100.F.1 R:0.23750 P:0.23750 F:0.23750
1 ROUGE-1 Eval D1030-A.M.100.F.1 R:0.24206 P:0.24597 F:0.24400
1 ROUGE-1 Eval D1031-A.M.100.F.1 R:0.17143 P:0.18750 F:0.17911
1 ROUGE-1 Eval D1032-A.M.100.F.1 R:0.29008 P:0.33333 F:0.31020
1 ROUGE-1 Eval D1033-A.M.100.F.1 R:0.31405 P:0.29231 F:0.30279
1 ROUGE-1 Eval D1034-A.M.100.F.1 R:0.16872 P:0.18304 F:0.17559
1 ROUGE-1 Eval D1035-A.M.100.G.1 R:0.23577 P:0.27885 F:0.25551
1 ROUGE-1 Eval D1036-A.M.100.G.1 R:0.08571 P:0.10096 F:0.09271
1 ROUGE-1 Eval D1037-A.M.100.G.1 R:0.29167 P:0.31500 F:0.30289
1 ROUGE-1 Eval D1038-A.M.100.G.1 R:0.17255 P:0.16667 F:0.16956
1 ROUGE-1 Eval D1039-A.M.100.G.1 R:0.25306 P:0.27679 F:0.26439
1 ROUGE-1 Eval D1040-A.M.100.G.1 R:0.20000 P:0.23039 F:0.21412
1 ROUGE-1 Eval D1041-A.M.100.H.1 R:0.22441 P:0.26389 F:0.24255
1 ROUGE-1 Eval D1042-A.M.100.H.1 R:0.26009 P:0.26364 F:0.26185
1 ROUGE-1 Eval D1043-A.M.100.H.1 R:0.28814 P:0.29310 F:0.29060
1 ROUGE-1 Eval D1044-A.M.100.H.1 R:0.30380 P:0.28571 F:0.29448
1 ROUGE-1 Eval D1045-A.M.100.H.1 R:0.33465 P:0.37946 F:0.35565
1 ROUGE-1 Eval D1046-A.M.100.H.1 R:0.24409 P:0.26271 F:0.25306
---------------------------------------------
1 ROUGE-2 Average_R: 0.06937 (95%-conf.int. 0.05812 - 0.07948)
1 ROUGE-2 Average_P: 0.07191 (95%-conf.int. 0.06024 - 0.08228)
1 ROUGE-2 Average_F: 0.07048 (95%-conf.int. 0.05909 - 0.08044)
.............................................
1 ROUGE-2 Eval D1001-A.M.100.A.1 R:0.10879 P:0.13265 F:0.11954
1 ROUGE-2 Eval D1002-A.M.100.A.1 R:0.02553 P:0.03333 F:0.02891
1 ROUGE-2 Eval D1003-A.M.100.A.1 R:0.07048 P:0.06154 F:0.06571
1 ROUGE-2 Eval D1004-A.M.100.A.1 R:0.09664 P:0.09426 F:0.09544
1 ROUGE-2 Eval D1005-A.M.100.A.1 R:0.05000 P:0.05455 F:0.05218
1 ROUGE-2 Eval D1006-A.M.100.A.1 R:0.00389 P:0.00431 F:0.00409
1 ROUGE-2 Eval D1007-A.M.100.B.1 R:0.04072 P:0.04592 F:0.04316
1 ROUGE-2 Eval D1008-A.M.100.B.1 R:0.02869 P:0.02692 F:0.02778
1 ROUGE-2 Eval D1009-A.M.100.B.1 R:0.07658 P:0.07328 F:0.07489
1 ROUGE-2 Eval D1010-A.M.100.B.1 R:0.14228 P:0.13462 F:0.13834
1 ROUGE-2 Eval D1011-A.M.100.C.1 R:0.09211 P:0.08468 F:0.08824
1 ROUGE-2 Eval D1012-A.M.100.C.1 R:0.02893 P:0.03070 F:0.02979
1 ROUGE-2 Eval D1013-A.M.100.C.1 R:0.17143 P:0.18103 F:0.17610
1 ROUGE-2 Eval D1014-A.M.100.C.1 R:0.01277 P:0.01415 F:0.01342
1 ROUGE-2 Eval D1015-A.M.100.C.1 R:0.09195 P:0.09524 F:0.09357
1 ROUGE-2 Eval D1016-A.M.100.C.1 R:0.06849 P:0.06466 F:0.06652
1 ROUGE-2 Eval D1017-A.M.100.D.1 R:0.02075 P:0.02155 F:0.02114
1 ROUGE-2 Eval D1018-A.M.100.D.1 R:0.12340 P:0.11154 F:0.11717
1 ROUGE-2 Eval D1019-A.M.100.D.1 R:0.07203 P:0.06855 F:0.07025
1 ROUGE-2 Eval D1020-A.M.100.D.1 R:0.03361 P:0.03571 F:0.03463
1 ROUGE-2 Eval D1021-A.M.100.D.1 R:0.08190 P:0.08962 F:0.08559
1 ROUGE-2 Eval D1022-A.M.100.D.1 R:0.02553 P:0.02679 F:0.02614
1 ROUGE-2 Eval D1023-A.M.100.E.1 R:0.03361 P:0.03448 F:0.03404
1 ROUGE-2 Eval D1024-A.M.100.E.1 R:0.13559 P:0.14035 F:0.13793
1 ROUGE-2 Eval D1025-A.M.100.E.1 R:0.09009 P:0.08621 F:0.08811
1 ROUGE-2 Eval D1026-A.M.100.E.1 R:0.03913 P:0.03879 F:0.03896
1 ROUGE-2 Eval D1027-A.M.100.E.1 R:0.11694 P:0.13679 F:0.12609
1 ROUGE-2 Eval D1028-A.M.100.E.1 R:0.08051 P:0.08333 F:0.08190
1 ROUGE-2 Eval D1029-A.M.100.F.1 R:0.05508 P:0.05508 F:0.05508
1 ROUGE-2 Eval D1030-A.M.100.F.1 R:0.07258 P:0.07377 F:0.07317
1 ROUGE-2 Eval D1031-A.M.100.F.1 R:0.04564 P:0.05000 F:0.04772
1 ROUGE-2 Eval D1032-A.M.100.F.1 R:0.07752 P:0.08929 F:0.08299
1 ROUGE-2 Eval D1033-A.M.100.F.1 R:0.09664 P:0.08984 F:0.09312
1 ROUGE-2 Eval D1034-A.M.100.F.1 R:0.01674 P:0.01818 F:0.01743
1 ROUGE-2 Eval D1035-A.M.100.G.1 R:0.07438 P:0.08824 F:0.08072
1 ROUGE-2 Eval D1036-A.M.100.G.1 R:0.01660 P:0.01961 F:0.01798
1 ROUGE-2 Eval D1037-A.M.100.G.1 R:0.06604 P:0.07143 F:0.06863
1 ROUGE-2 Eval D1038-A.M.100.G.1 R:0.05578 P:0.05385 F:0.05480
1 ROUGE-2 Eval D1039-A.M.100.G.1 R:0.08299 P:0.09091 F:0.08677
1 ROUGE-2 Eval D1040-A.M.100.G.1 R:0.04329 P:0.05000 F:0.04640
1 ROUGE-2 Eval D1041-A.M.100.H.1 R:0.08800 P:0.10377 F:0.09524
1 ROUGE-2 Eval D1042-A.M.100.H.1 R:0.08676 P:0.08796 F:0.08736
1 ROUGE-2 Eval D1043-A.M.100.H.1 R:0.13362 P:0.13596 F:0.13478
1 ROUGE-2 Eval D1044-A.M.100.H.1 R:0.09871 P:0.09274 F:0.09563
1 ROUGE-2 Eval D1045-A.M.100.H.1 R:0.07200 P:0.08182 F:0.07660
1 ROUGE-2 Eval D1046-A.M.100.H.1 R:0.05200 P:0.05603 F:0.05394
