---------------------------------------------
1 ROUGE-1 Average_R: 0.26175 (95%-conf.int. 0.24278 - 0.27939)
1 ROUGE-1 Average_P: 0.27885 (95%-conf.int. 0.26191 - 0.29580)
1 ROUGE-1 Average_F: 0.26929 (95%-conf.int. 0.25131 - 0.28587)
.............................................
1 ROUGE-1 Eval D1001-A.M.100.A.1 R:0.28807 P:0.35714 F:0.31891
1 ROUGE-1 Eval D1002-A.M.100.A.1 R:0.26778 P:0.30769 F:0.28635
1 ROUGE-1 Eval D1003-A.M.100.A.1 R:0.25541 P:0.23047 F:0.24230
1 ROUGE-1 Eval D1004-A.M.100.A.1 R:0.35950 P:0.33984 F:0.34939
1 ROUGE-1 Eval D1005-A.M.100.A.1 R:0.31148 P:0.32759 F:0.31933
1 ROUGE-1 Eval D1006-A.M.100.A.1 R:0.18391 P:0.28571 F:0.22378
1 ROUGE-1 Eval D1007-A.M.100.B.1 R:0.29333 P:0.31731 F:0.30485
1 ROUGE-1 Eval D1008-A.M.100.B.1 R:0.15323 P:0.16667 F:0.15967
1 ROUGE-1 Eval D1009-A.M.100.B.1 R:0.24336 P:0.25000 F:0.24664
1 ROUGE-1 Eval D1010-A.M.100.B.1 R:0.35600 P:0.35317 F:0.35458
1 ROUGE-1 Eval D1011-A.M.100.C.1 R:0.24138 P:0.24138 F:0.24138
1 ROUGE-1 Eval D1012-A.M.100.C.1 R:0.23577 P:0.25439 F:0.24473
1 ROUGE-1 Eval D1013-A.M.100.C.1 R:0.25301 P:0.27632 F:0.26415
1 ROUGE-1 Eval D1014-A.M.100.C.1 R:0.17992 P:0.18860 F:0.18416
1 ROUGE-1 Eval D1015-A.M.100.C.1 R:0.22642 P:0.22388 F:0.22514
1 ROUGE-1 Eval D1016-A.M.100.C.1 R:0.37220 P:0.36404 F:0.36807
1 ROUGE-1 Eval D1017-A.M.100.D.1 R:0.18776 P:0.23000 F:0.20674
1 ROUGE-1 Eval D1018-A.M.100.D.1 R:0.28033 P:0.25769 F:0.26853
1 ROUGE-1 Eval D1019-A.M.100.D.1 R:0.32083 P:0.31557 F:0.31818
1 ROUGE-1 Eval D1020-A.M.100.D.1 R:0.23140 P:0.24561 F:0.23829
1 ROUGE-1 Eval D1021-A.M.100.D.1 R:0.19068 P:0.22500 F:0.20642
1 ROUGE-1 Eval D1022-A.M.100.D.1 R:0.28033 P:0.30455 F:0.29194
1 ROUGE-1 Eval D1023-A.M.100.E.1 R:0.23967 P:0.25439 F:0.24681
1 ROUGE-1 Eval D1024-A.M.100.E.1 R:0.34167 P:0.38679 F:0.36283
1 ROUGE-1 Eval D1025-A.M.100.E.1 R:0.33628 P:0.30645 F:0.32067
1 ROUGE-1 Eval D1026-A.M.100.E.1 R:0.13248 P:0.13136 F:0.13192
1 ROUGE-1 Eval D1027-A.M.100.E.1 R:0.32937 P:0.37054 F:0.34874
1 ROUGE-1 Eval D1028-A.M.100.E.1 R:0.30833 P:0.30328 F:0.30578
1 ROUGE-1 Eval D1029-A.M.100.F.1 R:0.25417 P:0.26293 F:0.25848
1 ROUGE-1 Eval D1030-A.M.100.F.1 R:0.24206 P:0.26293 F:0.25206
1 ROUGE-1 Eval D1031-A.M.100.F.1 R:0.20816 P:0.26020 F:0.23129
1 ROUGE-1 Eval D1032-A.M.100.F.1 R:0.32443 P:0.36638 F:0.34413
1 ROUGE-1 Eval D1033-A.M.100.F.1 R:0.31405 P:0.29231 F:0.30279
1 ROUGE-1 Eval D1034-A.M.100.F.1 R:0.14815 P:0.17647 F:0.16107
1 ROUGE-1 Eval D1035-A.M.100.G.1 R:0.27236 P:0.29386 F:0.28270
1 ROUGE-1 Eval D1036-A.M.100.G.1 R:0.17551 P:0.21078 F:0.19153
1 ROUGE-1 Eval D1037-A.M.100.G.1 R:0.34722 P:0.34091 F:0.34404
1 ROUGE-1 Eval D1038-A.M.100.G.1 R:0.18039 P:0.21698 F:0.19700
1 ROUGE-1 Eval D1039-A.M.100.G.1 R:0.23265 P:0.25000 F:0.24101
1 ROUGE-1 Eval D1040-A.M.100.G.1 R:0.25106 P:0.27315 F:0.26164
1 ROUGE-1 Eval D1041-A.M.100.H.1 R:0.19685 P:0.27778 F:0.23042
1 ROUGE-1 Eval D1042-A.M.100.H.1 R:0.25561 P:0.27404 F:0.26450
1 ROUGE-1 Eval D1043-A.M.100.H.1 R:0.29661 P:0.28689 F:0.29167
1 ROUGE-1 Eval D1044-A.M.100.H.1 R:0.30380 P:0.28571 F:0.29448
1 ROUGE-1 Eval D1045-A.M.100.H.1 R:0.35433 P:0.37500 F:0.36437
1 ROUGE-1 Eval D1046-A.M.100.H.1 R:0.29921 P:0.32759 F:0.31276
---------------------------------------------
1 ROUGE-2 Average_R: 0.06974 (95%-conf.int. 0.05999 - 0.07857)
1 ROUGE-2 Average_P: 0.07363 (95%-conf.int. 0.06313 - 0.08285)
1 ROUGE-2 Average_F: 0.07145 (95%-conf.int. 0.06126 - 0.08027)
.............................................
1 ROUGE-2 Eval D1001-A.M.100.A.1 R:0.12552 P:0.15625 F:0.13921
1 ROUGE-2 Eval D1002-A.M.100.A.1 R:0.05957 P:0.06863 F:0.06378
1 ROUGE-2 Eval D1003-A.M.100.A.1 R:0.06608 P:0.05952 F:0.06263
1 ROUGE-2 Eval D1004-A.M.100.A.1 R:0.09664 P:0.09127 F:0.09388
1 ROUGE-2 Eval D1005-A.M.100.A.1 R:0.04167 P:0.04386 F:0.04274
1 ROUGE-2 Eval D1006-A.M.100.A.1 R:0.00000 P:0.00000 F:0.00000
1 ROUGE-2 Eval D1007-A.M.100.B.1 R:0.06787 P:0.07353 F:0.07059
1 ROUGE-2 Eval D1008-A.M.100.B.1 R:0.02869 P:0.03125 F:0.02992
1 ROUGE-2 Eval D1009-A.M.100.B.1 R:0.09009 P:0.09259 F:0.09132
1 ROUGE-2 Eval D1010-A.M.100.B.1 R:0.15041 P:0.14919 F:0.14980
1 ROUGE-2 Eval D1011-A.M.100.C.1 R:0.08772 P:0.08772 F:0.08772
1 ROUGE-2 Eval D1012-A.M.100.C.1 R:0.04545 P:0.04911 F:0.04721
1 ROUGE-2 Eval D1013-A.M.100.C.1 R:0.13878 P:0.15179 F:0.14499
1 ROUGE-2 Eval D1014-A.M.100.C.1 R:0.01702 P:0.01786 F:0.01743
1 ROUGE-2 Eval D1015-A.M.100.C.1 R:0.06513 P:0.06439 F:0.06476
1 ROUGE-2 Eval D1016-A.M.100.C.1 R:0.09589 P:0.09375 F:0.09481
1 ROUGE-2 Eval D1017-A.M.100.D.1 R:0.02490 P:0.03061 F:0.02746
1 ROUGE-2 Eval D1018-A.M.100.D.1 R:0.12340 P:0.11328 F:0.11812
1 ROUGE-2 Eval D1019-A.M.100.D.1 R:0.06780 P:0.06667 F:0.06723
1 ROUGE-2 Eval D1020-A.M.100.D.1 R:0.03361 P:0.03571 F:0.03463
1 ROUGE-2 Eval D1021-A.M.100.D.1 R:0.06034 P:0.07143 F:0.06542
1 ROUGE-2 Eval D1022-A.M.100.D.1 R:0.02553 P:0.02778 F:0.02661
1 ROUGE-2 Eval D1023-A.M.100.E.1 R:0.03782 P:0.04018 F:0.03896
1 ROUGE-2 Eval D1024-A.M.100.E.1 R:0.09322 P:0.10577 F:0.09910
1 ROUGE-2 Eval D1025-A.M.100.E.1 R:0.09910 P:0.09016 F:0.09442
1 ROUGE-2 Eval D1026-A.M.100.E.1 R:0.03913 P:0.03879 F:0.03896
1 ROUGE-2 Eval D1027-A.M.100.E.1 R:0.09677 P:0.10909 F:0.10256
1 ROUGE-2 Eval D1028-A.M.100.E.1 R:0.07203 P:0.07083 F:0.07142
1 ROUGE-2 Eval D1029-A.M.100.F.1 R:0.06356 P:0.06579 F:0.06466
1 ROUGE-2 Eval D1030-A.M.100.F.1 R:0.06452 P:0.07018 F:0.06723
1 ROUGE-2 Eval D1031-A.M.100.F.1 R:0.05394 P:0.06771 F:0.06005
1 ROUGE-2 Eval D1032-A.M.100.F.1 R:0.08140 P:0.09211 F:0.08642
1 ROUGE-2 Eval D1033-A.M.100.F.1 R:0.09664 P:0.08984 F:0.09312
1 ROUGE-2 Eval D1034-A.M.100.F.1 R:0.02092 P:0.02500 F:0.02278
1 ROUGE-2 Eval D1035-A.M.100.G.1 R:0.07851 P:0.08482 F:0.08154
1 ROUGE-2 Eval D1036-A.M.100.G.1 R:0.02490 P:0.03000 F:0.02721
1 ROUGE-2 Eval D1037-A.M.100.G.1 R:0.08019 P:0.07870 F:0.07944
1 ROUGE-2 Eval D1038-A.M.100.G.1 R:0.05179 P:0.06250 F:0.05664
1 ROUGE-2 Eval D1039-A.M.100.G.1 R:0.08299 P:0.08929 F:0.08602
1 ROUGE-2 Eval D1040-A.M.100.G.1 R:0.05195 P:0.05660 F:0.05418
1 ROUGE-2 Eval D1041-A.M.100.H.1 R:0.07200 P:0.10227 F:0.08451
1 ROUGE-2 Eval D1042-A.M.100.H.1 R:0.09132 P:0.09804 F:0.09456
1 ROUGE-2 Eval D1043-A.M.100.H.1 R:0.09914 P:0.09583 F:0.09746
1 ROUGE-2 Eval D1044-A.M.100.H.1 R:0.09871 P:0.09274 F:0.09563
1 ROUGE-2 Eval D1045-A.M.100.H.1 R:0.06400 P:0.06780 F:0.06585
1 ROUGE-2 Eval D1046-A.M.100.H.1 R:0.08400 P:0.09211 F:0.08787
