---------------------------------------------
1 ROUGE-1 Average_R: 0.25990 (95%-conf.int. 0.24008 - 0.27764)
1 ROUGE-1 Average_P: 0.27534 (95%-conf.int. 0.25665 - 0.29351)
1 ROUGE-1 Average_F: 0.26680 (95%-conf.int. 0.24763 - 0.28459)
.............................................
1 ROUGE-1 Eval D1001-A.M.100.A.1 R:0.30041 P:0.33796 F:0.31808
1 ROUGE-1 Eval D1002-A.M.100.A.1 R:0.23431 P:0.28571 F:0.25747
1 ROUGE-1 Eval D1003-A.M.100.A.1 R:0.27706 P:0.25397 F:0.26501
1 ROUGE-1 Eval D1004-A.M.100.A.1 R:0.32231 P:0.31967 F:0.32098
1 ROUGE-1 Eval D1005-A.M.100.A.1 R:0.29918 P:0.30932 F:0.30417
1 ROUGE-1 Eval D1006-A.M.100.A.1 R:0.23755 P:0.30392 F:0.26667
1 ROUGE-1 Eval D1007-A.M.100.B.1 R:0.29333 P:0.31731 F:0.30485
1 ROUGE-1 Eval D1008-A.M.100.B.1 R:0.18145 P:0.18145 F:0.18145
1 ROUGE-1 Eval D1009-A.M.100.B.1 R:0.27876 P:0.29167 F:0.28507
1 ROUGE-1 Eval D1010-A.M.100.B.1 R:0.35600 P:0.33712 F:0.34630
1 ROUGE-1 Eval D1011-A.M.100.C.1 R:0.24138 P:0.22222 F:0.23140
1 ROUGE-1 Eval D1012-A.M.100.C.1 R:0.23577 P:0.24576 F:0.24066
1 ROUGE-1 Eval D1013-A.M.100.C.1 R:0.25301 P:0.27632 F:0.26415
1 ROUGE-1 Eval D1014-A.M.100.C.1 R:0.17992 P:0.18860 F:0.18416
1 ROUGE-1 Eval D1015-A.M.100.C.1 R:0.24151 P:0.23881 F:0.24015
1 ROUGE-1 Eval D1016-A.M.100.C.1 R:0.35426 P:0.36574 F:0.35991
1 ROUGE-1 Eval D1017-A.M.100.D.1 R:0.17143 P:0.19444 F:0.18221
1 ROUGE-1 Eval D1018-A.M.100.D.1 R:0.28033 P:0.25000 F:0.26430
1 ROUGE-1 Eval D1019-A.M.100.D.1 R:0.32083 P:0.30556 F:0.31301
1 ROUGE-1 Eval D1020-A.M.100.D.1 R:0.23140 P:0.24561 F:0.23829
1 ROUGE-1 Eval D1021-A.M.100.D.1 R:0.20763 P:0.22685 F:0.21681
1 ROUGE-1 Eval D1022-A.M.100.D.1 R:0.27615 P:0.33000 F:0.30068
1 ROUGE-1 Eval D1023-A.M.100.E.1 R:0.22314 P:0.22881 F:0.22594
1 ROUGE-1 Eval D1024-A.M.100.E.1 R:0.40000 P:0.43636 F:0.41739
1 ROUGE-1 Eval D1025-A.M.100.E.1 R:0.30973 P:0.28689 F:0.29787
1 ROUGE-1 Eval D1026-A.M.100.E.1 R:0.13248 P:0.13136 F:0.13192
1 ROUGE-1 Eval D1027-A.M.100.E.1 R:0.36905 P:0.40789 F:0.38750
1 ROUGE-1 Eval D1028-A.M.100.E.1 R:0.29167 P:0.28689 F:0.28926
1 ROUGE-1 Eval D1029-A.M.100.F.1 R:0.27500 P:0.28448 F:0.27966
1 ROUGE-1 Eval D1030-A.M.100.F.1 R:0.25000 P:0.26695 F:0.25820
1 ROUGE-1 Eval D1031-A.M.100.F.1 R:0.17143 P:0.18750 F:0.17911
1 ROUGE-1 Eval D1032-A.M.100.F.1 R:0.29008 P:0.33333 F:0.31020
1 ROUGE-1 Eval D1033-A.M.100.F.1 R:0.31405 P:0.29231 F:0.30279
1 ROUGE-1 Eval D1034-A.M.100.F.1 R:0.14815 P:0.17647 F:0.16107
1 ROUGE-1 Eval D1035-A.M.100.G.1 R:0.20732 P:0.26562 F:0.23288
1 ROUGE-1 Eval D1036-A.M.100.G.1 R:0.10204 P:0.11574 F:0.10846
1 ROUGE-1 Eval D1037-A.M.100.G.1 R:0.29167 P:0.31500 F:0.30289
1 ROUGE-1 Eval D1038-A.M.100.G.1 R:0.17255 P:0.20000 F:0.18526
1 ROUGE-1 Eval D1039-A.M.100.G.1 R:0.26939 P:0.29464 F:0.28145
1 ROUGE-1 Eval D1040-A.M.100.G.1 R:0.26383 P:0.29245 F:0.27740
1 ROUGE-1 Eval D1041-A.M.100.H.1 R:0.20866 P:0.30114 F:0.24651
1 ROUGE-1 Eval D1042-A.M.100.H.1 R:0.27354 P:0.28241 F:0.27790
1 ROUGE-1 Eval D1043-A.M.100.H.1 R:0.28814 P:0.29310 F:0.29060
1 ROUGE-1 Eval D1044-A.M.100.H.1 R:0.30380 P:0.28571 F:0.29448
1 ROUGE-1 Eval D1045-A.M.100.H.1 R:0.35433 P:0.37500 F:0.36437
1 ROUGE-1 Eval D1046-A.M.100.H.1 R:0.29921 P:0.32759 F:0.31276
---------------------------------------------
1 ROUGE-2 Average_R: 0.07356 (95%-conf.int. 0.06244 - 0.08329)
1 ROUGE-2 Average_P: 0.07760 (95%-conf.int. 0.06653 - 0.08774)
1 ROUGE-2 Average_F: 0.07534 (95%-conf.int. 0.06428 - 0.08526)
.............................................
1 ROUGE-2 Eval D1001-A.M.100.A.1 R:0.12552 P:0.14151 F:0.13304
1 ROUGE-2 Eval D1002-A.M.100.A.1 R:0.03830 P:0.04688 F:0.04216
1 ROUGE-2 Eval D1003-A.M.100.A.1 R:0.07048 P:0.06452 F:0.06737
1 ROUGE-2 Eval D1004-A.M.100.A.1 R:0.10504 P:0.10417 F:0.10460
1 ROUGE-2 Eval D1005-A.M.100.A.1 R:0.06250 P:0.06466 F:0.06356
1 ROUGE-2 Eval D1006-A.M.100.A.1 R:0.00389 P:0.00500 F:0.00438
1 ROUGE-2 Eval D1007-A.M.100.B.1 R:0.06787 P:0.07353 F:0.07059
1 ROUGE-2 Eval D1008-A.M.100.B.1 R:0.03279 P:0.03279 F:0.03279
1 ROUGE-2 Eval D1009-A.M.100.B.1 R:0.08559 P:0.08962 F:0.08756
1 ROUGE-2 Eval D1010-A.M.100.B.1 R:0.14228 P:0.13462 F:0.13834
1 ROUGE-2 Eval D1011-A.M.100.C.1 R:0.09211 P:0.08468 F:0.08824
1 ROUGE-2 Eval D1012-A.M.100.C.1 R:0.04545 P:0.04741 F:0.04641
1 ROUGE-2 Eval D1013-A.M.100.C.1 R:0.13878 P:0.15179 F:0.14499
1 ROUGE-2 Eval D1014-A.M.100.C.1 R:0.01702 P:0.01786 F:0.01743
1 ROUGE-2 Eval D1015-A.M.100.C.1 R:0.07663 P:0.07576 F:0.07619
1 ROUGE-2 Eval D1016-A.M.100.C.1 R:0.08676 P:0.08962 F:0.08817
1 ROUGE-2 Eval D1017-A.M.100.D.1 R:0.01245 P:0.01415 F:0.01325
1 ROUGE-2 Eval D1018-A.M.100.D.1 R:0.12340 P:0.10985 F:0.11623
1 ROUGE-2 Eval D1019-A.M.100.D.1 R:0.07203 P:0.06855 F:0.07025
1 ROUGE-2 Eval D1020-A.M.100.D.1 R:0.03361 P:0.03571 F:0.03463
1 ROUGE-2 Eval D1021-A.M.100.D.1 R:0.08190 P:0.08962 F:0.08559
1 ROUGE-2 Eval D1022-A.M.100.D.1 R:0.05106 P:0.06122 F:0.05568
1 ROUGE-2 Eval D1023-A.M.100.E.1 R:0.03361 P:0.03448 F:0.03404
1 ROUGE-2 Eval D1024-A.M.100.E.1 R:0.13983 P:0.15278 F:0.14602
1 ROUGE-2 Eval D1025-A.M.100.E.1 R:0.08559 P:0.07917 F:0.08225
1 ROUGE-2 Eval D1026-A.M.100.E.1 R:0.03913 P:0.03879 F:0.03896
1 ROUGE-2 Eval D1027-A.M.100.E.1 R:0.13306 P:0.14732 F:0.13983
1 ROUGE-2 Eval D1028-A.M.100.E.1 R:0.05932 P:0.05833 F:0.05882
1 ROUGE-2 Eval D1029-A.M.100.F.1 R:0.06780 P:0.07018 F:0.06897
1 ROUGE-2 Eval D1030-A.M.100.F.1 R:0.06452 P:0.06897 F:0.06667
1 ROUGE-2 Eval D1031-A.M.100.F.1 R:0.04564 P:0.05000 F:0.04772
1 ROUGE-2 Eval D1032-A.M.100.F.1 R:0.07752 P:0.08929 F:0.08299
1 ROUGE-2 Eval D1033-A.M.100.F.1 R:0.09664 P:0.08984 F:0.09312
1 ROUGE-2 Eval D1034-A.M.100.F.1 R:0.02092 P:0.02500 F:0.02278
1 ROUGE-2 Eval D1035-A.M.100.G.1 R:0.07851 P:0.10106 F:0.08837
1 ROUGE-2 Eval D1036-A.M.100.G.1 R:0.02075 P:0.02358 F:0.02207
1 ROUGE-2 Eval D1037-A.M.100.G.1 R:0.06604 P:0.07143 F:0.06863
1 ROUGE-2 Eval D1038-A.M.100.G.1 R:0.05578 P:0.06481 F:0.05996
1 ROUGE-2 Eval D1039-A.M.100.G.1 R:0.09544 P:0.10455 F:0.09979
1 ROUGE-2 Eval D1040-A.M.100.G.1 R:0.09091 P:0.10096 F:0.09567
1 ROUGE-2 Eval D1041-A.M.100.H.1 R:0.08400 P:0.12209 F:0.09953
1 ROUGE-2 Eval D1042-A.M.100.H.1 R:0.09132 P:0.09434 F:0.09281
1 ROUGE-2 Eval D1043-A.M.100.H.1 R:0.13362 P:0.13596 F:0.13478
1 ROUGE-2 Eval D1044-A.M.100.H.1 R:0.09871 P:0.09274 F:0.09563
1 ROUGE-2 Eval D1045-A.M.100.H.1 R:0.06400 P:0.06780 F:0.06585
1 ROUGE-2 Eval D1046-A.M.100.H.1 R:0.08400 P:0.09211 F:0.08787
