---------------------------------------------
1 ROUGE-1 Average_R: 0.24859 (95%-conf.int. 0.23044 - 0.26616)
1 ROUGE-1 Average_P: 0.27490 (95%-conf.int. 0.25709 - 0.29249)
1 ROUGE-1 Average_F: 0.26055 (95%-conf.int. 0.24291 - 0.27747)
.............................................
1 ROUGE-1 Eval D1001-A.M.100.A.1 R:0.29218 P:0.34804 F:0.31767
1 ROUGE-1 Eval D1002-A.M.100.A.1 R:0.18828 P:0.25568 F:0.21686
1 ROUGE-1 Eval D1003-A.M.100.A.1 R:0.25108 P:0.24576 F:0.24839
1 ROUGE-1 Eval D1004-A.M.100.A.1 R:0.35124 P:0.36017 F:0.35565
1 ROUGE-1 Eval D1005-A.M.100.A.1 R:0.23361 P:0.27404 F:0.25222
1 ROUGE-1 Eval D1006-A.M.100.A.1 R:0.15326 P:0.20000 F:0.17354
1 ROUGE-1 Eval D1007-A.M.100.B.1 R:0.20889 P:0.23500 F:0.22118
1 ROUGE-1 Eval D1008-A.M.100.B.1 R:0.15726 P:0.19500 F:0.17411
1 ROUGE-1 Eval D1009-A.M.100.B.1 R:0.16814 P:0.18627 F:0.17674
1 ROUGE-1 Eval D1010-A.M.100.B.1 R:0.31200 P:0.30469 F:0.30830
1 ROUGE-1 Eval D1011-A.M.100.C.1 R:0.20259 P:0.25000 F:0.22381
1 ROUGE-1 Eval D1012-A.M.100.C.1 R:0.25203 P:0.25410 F:0.25306
1 ROUGE-1 Eval D1013-A.M.100.C.1 R:0.30522 P:0.35849 F:0.32972
1 ROUGE-1 Eval D1014-A.M.100.C.1 R:0.19247 P:0.22549 F:0.20768
1 ROUGE-1 Eval D1015-A.M.100.C.1 R:0.30189 P:0.33898 F:0.31936
1 ROUGE-1 Eval D1016-A.M.100.C.1 R:0.31839 P:0.39444 F:0.35236
1 ROUGE-1 Eval D1017-A.M.100.D.1 R:0.20408 P:0.23585 F:0.21882
1 ROUGE-1 Eval D1018-A.M.100.D.1 R:0.26778 P:0.24615 F:0.25651
1 ROUGE-1 Eval D1019-A.M.100.D.1 R:0.36250 P:0.35081 F:0.35656
1 ROUGE-1 Eval D1020-A.M.100.D.1 R:0.23140 P:0.24561 F:0.23829
1 ROUGE-1 Eval D1021-A.M.100.D.1 R:0.19915 P:0.20982 F:0.20435
1 ROUGE-1 Eval D1022-A.M.100.D.1 R:0.29289 P:0.33654 F:0.31320
1 ROUGE-1 Eval D1023-A.M.100.E.1 R:0.21074 P:0.23611 F:0.22270
1 ROUGE-1 Eval D1024-A.M.100.E.1 R:0.32083 P:0.35648 F:0.33772
1 ROUGE-1 Eval D1025-A.M.100.E.1 R:0.25221 P:0.27404 F:0.26267
1 ROUGE-1 Eval D1026-A.M.100.E.1 R:0.13248 P:0.13596 F:0.13420
1 ROUGE-1 Eval D1027-A.M.100.E.1 R:0.32937 P:0.37727 F:0.35170
1 ROUGE-1 Eval D1028-A.M.100.E.1 R:0.25417 P:0.28774 F:0.26992
1 ROUGE-1 Eval D1029-A.M.100.F.1 R:0.16667 P:0.17241 F:0.16949
1 ROUGE-1 Eval D1030-A.M.100.F.1 R:0.26190 P:0.27966 F:0.27049
1 ROUGE-1 Eval D1031-A.M.100.F.1 R:0.20408 P:0.26596 F:0.23095
1 ROUGE-1 Eval D1032-A.M.100.F.1 R:0.28244 P:0.33636 F:0.30705
1 ROUGE-1 Eval D1033-A.M.100.F.1 R:0.35950 P:0.35656 F:0.35802
1 ROUGE-1 Eval D1034-A.M.100.F.1 R:0.16461 P:0.19608 F:0.17897
1 ROUGE-1 Eval D1035-A.M.100.G.1 R:0.23577 P:0.29000 F:0.26009
1 ROUGE-1 Eval D1036-A.M.100.G.1 R:0.11837 P:0.14500 F:0.13034
1 ROUGE-1 Eval D1037-A.M.100.G.1 R:0.26389 P:0.28500 F:0.27404
1 ROUGE-1 Eval D1038-A.M.100.G.1 R:0.18039 P:0.19492 F:0.18737
1 ROUGE-1 Eval D1039-A.M.100.G.1 R:0.25714 P:0.27632 F:0.26639
1 ROUGE-1 Eval D1040-A.M.100.G.1 R:0.31064 P:0.33182 F:0.32088
1 ROUGE-1 Eval D1041-A.M.100.H.1 R:0.22835 P:0.28431 F:0.25328
1 ROUGE-1 Eval D1042-A.M.100.H.1 R:0.26457 P:0.26339 F:0.26398
1 ROUGE-1 Eval D1043-A.M.100.H.1 R:0.29237 P:0.27823 F:0.28512
1 ROUGE-1 Eval D1044-A.M.100.H.1 R:0.32489 P:0.31557 F:0.32016
1 ROUGE-1 Eval D1045-A.M.100.H.1 R:0.29921 P:0.35185 F:0.32340
1 ROUGE-1 Eval D1046-A.M.100.H.1 R:0.29921 P:0.32759 F:0.31276
---------------------------------------------
1 ROUGE-2 Average_R: 0.06968 (95%-conf.int. 0.05888 - 0.07998)
1 ROUGE-2 Average_P: 0.07636 (95%-conf.int. 0.06480 - 0.08721)
1 ROUGE-2 Average_F: 0.07272 (95%-conf.int. 0.06183 - 0.08322)
.............................................
1 ROUGE-2 Eval D1001-A.M.100.A.1 R:0.10879 P:0.13000 F:0.11845
1 ROUGE-2 Eval D1002-A.M.100.A.1 R:0.02553 P:0.03488 F:0.02948
1 ROUGE-2 Eval D1003-A.M.100.A.1 R:0.03524 P:0.03448 F:0.03486
1 ROUGE-2 Eval D1004-A.M.100.A.1 R:0.10504 P:0.10776 F:0.10638
1 ROUGE-2 Eval D1005-A.M.100.A.1 R:0.04583 P:0.05392 F:0.04955
1 ROUGE-2 Eval D1006-A.M.100.A.1 R:0.01556 P:0.02041 F:0.01766
1 ROUGE-2 Eval D1007-A.M.100.B.1 R:0.04072 P:0.04592 F:0.04316
1 ROUGE-2 Eval D1008-A.M.100.B.1 R:0.02869 P:0.03571 F:0.03182
1 ROUGE-2 Eval D1009-A.M.100.B.1 R:0.04505 P:0.05000 F:0.04740
1 ROUGE-2 Eval D1010-A.M.100.B.1 R:0.14228 P:0.13889 F:0.14056
1 ROUGE-2 Eval D1011-A.M.100.C.1 R:0.06579 P:0.08152 F:0.07282
1 ROUGE-2 Eval D1012-A.M.100.C.1 R:0.03719 P:0.03750 F:0.03734
1 ROUGE-2 Eval D1013-A.M.100.C.1 R:0.15102 P:0.17788 F:0.16335
1 ROUGE-2 Eval D1014-A.M.100.C.1 R:0.02128 P:0.02500 F:0.02299
1 ROUGE-2 Eval D1015-A.M.100.C.1 R:0.11877 P:0.13362 F:0.12576
1 ROUGE-2 Eval D1016-A.M.100.C.1 R:0.05479 P:0.06818 F:0.06076
1 ROUGE-2 Eval D1017-A.M.100.D.1 R:0.03320 P:0.03846 F:0.03564
1 ROUGE-2 Eval D1018-A.M.100.D.1 R:0.12340 P:0.11328 F:0.11812
1 ROUGE-2 Eval D1019-A.M.100.D.1 R:0.08051 P:0.07787 F:0.07917
1 ROUGE-2 Eval D1020-A.M.100.D.1 R:0.03361 P:0.03571 F:0.03463
1 ROUGE-2 Eval D1021-A.M.100.D.1 R:0.08190 P:0.08636 F:0.08407
1 ROUGE-2 Eval D1022-A.M.100.D.1 R:0.10213 P:0.11765 F:0.10934
1 ROUGE-2 Eval D1023-A.M.100.E.1 R:0.03361 P:0.03774 F:0.03556
1 ROUGE-2 Eval D1024-A.M.100.E.1 R:0.09746 P:0.10849 F:0.10268
1 ROUGE-2 Eval D1025-A.M.100.E.1 R:0.07658 P:0.08333 F:0.07981
1 ROUGE-2 Eval D1026-A.M.100.E.1 R:0.03913 P:0.04018 F:0.03965
1 ROUGE-2 Eval D1027-A.M.100.E.1 R:0.09677 P:0.11111 F:0.10345
1 ROUGE-2 Eval D1028-A.M.100.E.1 R:0.06780 P:0.07692 F:0.07207
1 ROUGE-2 Eval D1029-A.M.100.F.1 R:0.01695 P:0.01754 F:0.01724
1 ROUGE-2 Eval D1030-A.M.100.F.1 R:0.06855 P:0.07328 F:0.07084
1 ROUGE-2 Eval D1031-A.M.100.F.1 R:0.04564 P:0.05978 F:0.05176
1 ROUGE-2 Eval D1032-A.M.100.F.1 R:0.05814 P:0.06944 F:0.06329
1 ROUGE-2 Eval D1033-A.M.100.F.1 R:0.14286 P:0.14167 F:0.14226
1 ROUGE-2 Eval D1034-A.M.100.F.1 R:0.02092 P:0.02500 F:0.02278
1 ROUGE-2 Eval D1035-A.M.100.G.1 R:0.07438 P:0.09184 F:0.08219
1 ROUGE-2 Eval D1036-A.M.100.G.1 R:0.00830 P:0.01020 F:0.00915
1 ROUGE-2 Eval D1037-A.M.100.G.1 R:0.03774 P:0.04082 F:0.03922
1 ROUGE-2 Eval D1038-A.M.100.G.1 R:0.05578 P:0.06034 F:0.05797
1 ROUGE-2 Eval D1039-A.M.100.G.1 R:0.09129 P:0.09821 F:0.09462
1 ROUGE-2 Eval D1040-A.M.100.G.1 R:0.12121 P:0.12963 F:0.12528
1 ROUGE-2 Eval D1041-A.M.100.H.1 R:0.10000 P:0.12500 F:0.11111
1 ROUGE-2 Eval D1042-A.M.100.H.1 R:0.08676 P:0.08636 F:0.08656
1 ROUGE-2 Eval D1043-A.M.100.H.1 R:0.11638 P:0.11066 F:0.11345
1 ROUGE-2 Eval D1044-A.M.100.H.1 R:0.10300 P:0.10000 F:0.10148
1 ROUGE-2 Eval D1045-A.M.100.H.1 R:0.07200 P:0.08491 F:0.07792
1 ROUGE-2 Eval D1046-A.M.100.H.1 R:0.08400 P:0.09211 F:0.08787
