---------------------------------------------
1 ROUGE-1 Average_R: 0.27476 (95%-conf.int. 0.25664 - 0.29314)
1 ROUGE-1 Average_P: 0.30708 (95%-conf.int. 0.28790 - 0.32834)
1 ROUGE-1 Average_F: 0.28934 (95%-conf.int. 0.27169 - 0.30895)
.............................................
1 ROUGE-1 Eval D1001-A.M.100.A.1 R:0.31276 P:0.36538 F:0.33703
1 ROUGE-1 Eval D1002-A.M.100.A.1 R:0.29289 P:0.31818 F:0.30501
1 ROUGE-1 Eval D1003-A.M.100.A.1 R:0.25541 P:0.25000 F:0.25268
1 ROUGE-1 Eval D1004-A.M.100.A.1 R:0.36364 P:0.36066 F:0.36214
1 ROUGE-1 Eval D1005-A.M.100.A.1 R:0.22951 P:0.29167 F:0.25688
1 ROUGE-1 Eval D1006-A.M.100.A.1 R:0.22989 P:0.34091 F:0.27460
1 ROUGE-1 Eval D1007-A.M.100.B.1 R:0.26667 P:0.28846 F:0.27714
1 ROUGE-1 Eval D1008-A.M.100.B.1 R:0.22984 P:0.31667 F:0.26636
1 ROUGE-1 Eval D1009-A.M.100.B.1 R:0.35841 P:0.33750 F:0.34764
1 ROUGE-1 Eval D1010-A.M.100.B.1 R:0.29200 P:0.36500 F:0.32444
1 ROUGE-1 Eval D1011-A.M.100.C.1 R:0.17241 P:0.25000 F:0.20408
1 ROUGE-1 Eval D1012-A.M.100.C.1 R:0.26829 P:0.30000 F:0.28326
1 ROUGE-1 Eval D1013-A.M.100.C.1 R:0.33333 P:0.40686 F:0.36644
1 ROUGE-1 Eval D1014-A.M.100.C.1 R:0.16736 P:0.19231 F:0.17897
1 ROUGE-1 Eval D1015-A.M.100.C.1 R:0.29057 P:0.32627 F:0.30739
1 ROUGE-1 Eval D1016-A.M.100.C.1 R:0.29596 P:0.33673 F:0.31503
1 ROUGE-1 Eval D1017-A.M.100.D.1 R:0.21633 P:0.23661 F:0.22602
1 ROUGE-1 Eval D1018-A.M.100.D.1 R:0.28452 P:0.32075 F:0.30155
1 ROUGE-1 Eval D1019-A.M.100.D.1 R:0.34583 P:0.36404 F:0.35470
1 ROUGE-1 Eval D1020-A.M.100.D.1 R:0.18182 P:0.22000 F:0.19910
1 ROUGE-1 Eval D1021-A.M.100.D.1 R:0.28814 P:0.29310 F:0.29060
1 ROUGE-1 Eval D1022-A.M.100.D.1 R:0.35146 P:0.36842 F:0.35974
1 ROUGE-1 Eval D1023-A.M.100.E.1 R:0.27686 P:0.28390 F:0.28034
1 ROUGE-1 Eval D1024-A.M.100.E.1 R:0.37083 P:0.39035 F:0.38034
1 ROUGE-1 Eval D1025-A.M.100.E.1 R:0.26106 P:0.25431 F:0.25764
1 ROUGE-1 Eval D1026-A.M.100.E.1 R:0.12393 P:0.13182 F:0.12775
1 ROUGE-1 Eval D1027-A.M.100.E.1 R:0.41667 P:0.46875 F:0.44118
1 ROUGE-1 Eval D1028-A.M.100.E.1 R:0.30417 P:0.34434 F:0.32301
1 ROUGE-1 Eval D1029-A.M.100.F.1 R:0.16250 P:0.16250 F:0.16250
1 ROUGE-1 Eval D1030-A.M.100.F.1 R:0.26190 P:0.27966 F:0.27049
1 ROUGE-1 Eval D1031-A.M.100.F.1 R:0.17551 P:0.19907 F:0.18655
1 ROUGE-1 Eval D1032-A.M.100.F.1 R:0.32824 P:0.43000 F:0.37229
1 ROUGE-1 Eval D1033-A.M.100.F.1 R:0.35124 P:0.33730 F:0.34413
1 ROUGE-1 Eval D1034-A.M.100.F.1 R:0.16461 P:0.19608 F:0.17897
1 ROUGE-1 Eval D1035-A.M.100.G.1 R:0.24390 P:0.30000 F:0.26906
1 ROUGE-1 Eval D1036-A.M.100.G.1 R:0.20816 P:0.24519 F:0.22516
1 ROUGE-1 Eval D1037-A.M.100.G.1 R:0.29167 P:0.30882 F:0.30000
1 ROUGE-1 Eval D1038-A.M.100.G.1 R:0.20784 P:0.24091 F:0.22316
1 ROUGE-1 Eval D1039-A.M.100.G.1 R:0.32245 P:0.35268 F:0.33689
1 ROUGE-1 Eval D1040-A.M.100.G.1 R:0.31064 P:0.33182 F:0.32088
1 ROUGE-1 Eval D1041-A.M.100.H.1 R:0.30315 P:0.36321 F:0.33047
1 ROUGE-1 Eval D1042-A.M.100.H.1 R:0.26906 P:0.30612 F:0.28640
1 ROUGE-1 Eval D1043-A.M.100.H.1 R:0.34322 P:0.35526 F:0.34914
1 ROUGE-1 Eval D1044-A.M.100.H.1 R:0.29114 P:0.29741 F:0.29424
1 ROUGE-1 Eval D1045-A.M.100.H.1 R:0.33858 P:0.37069 F:0.35391
1 ROUGE-1 Eval D1046-A.M.100.H.1 R:0.31890 P:0.36161 F:0.33891
---------------------------------------------
1 ROUGE-2 Average_R: 0.07591 (95%-conf.int. 0.06510 - 0.08580)
1 ROUGE-2 Average_P: 0.08440 (95%-conf.int. 0.07272 - 0.09498)
1 ROUGE-2 Average_F: 0.07974 (95%-conf.int. 0.06860 - 0.09011)
.............................................
1 ROUGE-2 Eval D1001-A.M.100.A.1 R:0.08368 P:0.09804 F:0.09029
1 ROUGE-2 Eval D1002-A.M.100.A.1 R:0.07660 P:0.08333 F:0.07982
1 ROUGE-2 Eval D1003-A.M.100.A.1 R:0.04846 P:0.04741 F:0.04793
1 ROUGE-2 Eval D1004-A.M.100.A.1 R:0.12605 P:0.12500 F:0.12552
1 ROUGE-2 Eval D1005-A.M.100.A.1 R:0.04167 P:0.05319 F:0.04673
1 ROUGE-2 Eval D1006-A.M.100.A.1 R:0.03502 P:0.05233 F:0.04196
1 ROUGE-2 Eval D1007-A.M.100.B.1 R:0.07240 P:0.07843 F:0.07529
1 ROUGE-2 Eval D1008-A.M.100.B.1 R:0.02869 P:0.03977 F:0.03333
1 ROUGE-2 Eval D1009-A.M.100.B.1 R:0.10811 P:0.10169 F:0.10480
1 ROUGE-2 Eval D1010-A.M.100.B.1 R:0.11789 P:0.14796 F:0.13122
1 ROUGE-2 Eval D1011-A.M.100.C.1 R:0.05702 P:0.08333 F:0.06771
1 ROUGE-2 Eval D1012-A.M.100.C.1 R:0.04545 P:0.05093 F:0.04803
1 ROUGE-2 Eval D1013-A.M.100.C.1 R:0.13878 P:0.17000 F:0.15281
1 ROUGE-2 Eval D1014-A.M.100.C.1 R:0.01702 P:0.01961 F:0.01822
1 ROUGE-2 Eval D1015-A.M.100.C.1 R:0.10345 P:0.11638 F:0.10953
1 ROUGE-2 Eval D1016-A.M.100.C.1 R:0.07763 P:0.08854 F:0.08273
1 ROUGE-2 Eval D1017-A.M.100.D.1 R:0.03734 P:0.04091 F:0.03904
1 ROUGE-2 Eval D1018-A.M.100.D.1 R:0.12340 P:0.13942 F:0.13092
1 ROUGE-2 Eval D1019-A.M.100.D.1 R:0.06780 P:0.07143 F:0.06957
1 ROUGE-2 Eval D1020-A.M.100.D.1 R:0.03782 P:0.04592 F:0.04148
1 ROUGE-2 Eval D1021-A.M.100.D.1 R:0.12069 P:0.12281 F:0.12174
1 ROUGE-2 Eval D1022-A.M.100.D.1 R:0.12766 P:0.13393 F:0.13072
1 ROUGE-2 Eval D1023-A.M.100.E.1 R:0.04622 P:0.04741 F:0.04681
1 ROUGE-2 Eval D1024-A.M.100.E.1 R:0.11441 P:0.12054 F:0.11740
1 ROUGE-2 Eval D1025-A.M.100.E.1 R:0.07658 P:0.07456 F:0.07556
1 ROUGE-2 Eval D1026-A.M.100.E.1 R:0.03913 P:0.04167 F:0.04036
1 ROUGE-2 Eval D1027-A.M.100.E.1 R:0.12500 P:0.14091 F:0.13248
1 ROUGE-2 Eval D1028-A.M.100.E.1 R:0.05085 P:0.05769 F:0.05405
1 ROUGE-2 Eval D1029-A.M.100.F.1 R:0.02966 P:0.02966 F:0.02966
1 ROUGE-2 Eval D1030-A.M.100.F.1 R:0.06855 P:0.07328 F:0.07084
1 ROUGE-2 Eval D1031-A.M.100.F.1 R:0.02905 P:0.03302 F:0.03091
1 ROUGE-2 Eval D1032-A.M.100.F.1 R:0.08527 P:0.11224 F:0.09691
1 ROUGE-2 Eval D1033-A.M.100.F.1 R:0.13866 P:0.13306 F:0.13580
1 ROUGE-2 Eval D1034-A.M.100.F.1 R:0.02092 P:0.02500 F:0.02278
1 ROUGE-2 Eval D1035-A.M.100.G.1 R:0.06198 P:0.07653 F:0.06849
1 ROUGE-2 Eval D1036-A.M.100.G.1 R:0.01245 P:0.01471 F:0.01349
1 ROUGE-2 Eval D1037-A.M.100.G.1 R:0.05660 P:0.06000 F:0.05825
1 ROUGE-2 Eval D1038-A.M.100.G.1 R:0.05578 P:0.06481 F:0.05996
1 ROUGE-2 Eval D1039-A.M.100.G.1 R:0.12033 P:0.13182 F:0.12581
1 ROUGE-2 Eval D1040-A.M.100.G.1 R:0.12121 P:0.12963 F:0.12528
1 ROUGE-2 Eval D1041-A.M.100.H.1 R:0.10800 P:0.12981 F:0.11790
1 ROUGE-2 Eval D1042-A.M.100.H.1 R:0.08219 P:0.09375 F:0.08759
1 ROUGE-2 Eval D1043-A.M.100.H.1 R:0.11638 P:0.12054 F:0.11842
1 ROUGE-2 Eval D1044-A.M.100.H.1 R:0.07296 P:0.07456 F:0.07375
1 ROUGE-2 Eval D1045-A.M.100.H.1 R:0.08800 P:0.09649 F:0.09205
1 ROUGE-2 Eval D1046-A.M.100.H.1 R:0.09200 P:0.10455 F:0.09787
