---------------------------------------------
1 ROUGE-1 Average_R: 0.26596 (95%-conf.int. 0.24745 - 0.28498)
1 ROUGE-1 Average_P: 0.28838 (95%-conf.int. 0.26852 - 0.30826)
1 ROUGE-1 Average_F: 0.27603 (95%-conf.int. 0.25651 - 0.29513)
.............................................
1 ROUGE-1 Eval D1001-A.M.100.A.1 R:0.24691 P:0.30612 F:0.27335
1 ROUGE-1 Eval D1002-A.M.100.A.1 R:0.28033 P:0.30455 F:0.29194
1 ROUGE-1 Eval D1003-A.M.100.A.1 R:0.25541 P:0.25000 F:0.25268
1 ROUGE-1 Eval D1004-A.M.100.A.1 R:0.32645 P:0.32377 F:0.32510
1 ROUGE-1 Eval D1005-A.M.100.A.1 R:0.25410 P:0.29808 F:0.27434
1 ROUGE-1 Eval D1006-A.M.100.A.1 R:0.21073 P:0.29891 F:0.24719
1 ROUGE-1 Eval D1007-A.M.100.B.1 R:0.28000 P:0.29167 F:0.28572
1 ROUGE-1 Eval D1008-A.M.100.B.1 R:0.15726 P:0.16525 F:0.16116
1 ROUGE-1 Eval D1009-A.M.100.B.1 R:0.23009 P:0.23636 F:0.23318
1 ROUGE-1 Eval D1010-A.M.100.B.1 R:0.19600 P:0.21491 F:0.20502
1 ROUGE-1 Eval D1011-A.M.100.C.1 R:0.17241 P:0.23810 F:0.20000
1 ROUGE-1 Eval D1012-A.M.100.C.1 R:0.23171 P:0.25000 F:0.24051
1 ROUGE-1 Eval D1013-A.M.100.C.1 R:0.34137 P:0.40865 F:0.37199
1 ROUGE-1 Eval D1014-A.M.100.C.1 R:0.16736 P:0.16949 F:0.16842
1 ROUGE-1 Eval D1015-A.M.100.C.1 R:0.31321 P:0.32937 F:0.32109
1 ROUGE-1 Eval D1016-A.M.100.C.1 R:0.34081 P:0.36538 F:0.35267
1 ROUGE-1 Eval D1017-A.M.100.D.1 R:0.22857 P:0.24561 F:0.23678
1 ROUGE-1 Eval D1018-A.M.100.D.1 R:0.17155 P:0.21354 F:0.19026
1 ROUGE-1 Eval D1019-A.M.100.D.1 R:0.35833 P:0.35246 F:0.35537
1 ROUGE-1 Eval D1020-A.M.100.D.1 R:0.22314 P:0.25472 F:0.23789
1 ROUGE-1 Eval D1021-A.M.100.D.1 R:0.31356 P:0.30833 F:0.31092
1 ROUGE-1 Eval D1022-A.M.100.D.1 R:0.36820 P:0.39286 F:0.38013
1 ROUGE-1 Eval D1023-A.M.100.E.1 R:0.30165 P:0.30932 F:0.30544
1 ROUGE-1 Eval D1024-A.M.100.E.1 R:0.38333 P:0.39655 F:0.38983
1 ROUGE-1 Eval D1025-A.M.100.E.1 R:0.26106 P:0.25431 F:0.25764
1 ROUGE-1 Eval D1026-A.M.100.E.1 R:0.17949 P:0.17213 F:0.17573
1 ROUGE-1 Eval D1027-A.M.100.E.1 R:0.42063 P:0.44167 F:0.43089
1 ROUGE-1 Eval D1028-A.M.100.E.1 R:0.32917 P:0.31855 F:0.32377
1 ROUGE-1 Eval D1029-A.M.100.F.1 R:0.16667 P:0.16949 F:0.16807
1 ROUGE-1 Eval D1030-A.M.100.F.1 R:0.25397 P:0.30189 F:0.27586
1 ROUGE-1 Eval D1031-A.M.100.F.1 R:0.17551 P:0.19907 F:0.18655
1 ROUGE-1 Eval D1032-A.M.100.F.1 R:0.25191 P:0.39286 F:0.30698
1 ROUGE-1 Eval D1033-A.M.100.F.1 R:0.33471 P:0.33197 F:0.33333
1 ROUGE-1 Eval D1034-A.M.100.F.1 R:0.16872 P:0.18304 F:0.17559
1 ROUGE-1 Eval D1035-A.M.100.G.1 R:0.28455 P:0.33019 F:0.30568
1 ROUGE-1 Eval D1036-A.M.100.G.1 R:0.20816 P:0.23182 F:0.21935
1 ROUGE-1 Eval D1037-A.M.100.G.1 R:0.28241 P:0.29902 F:0.29048
1 ROUGE-1 Eval D1038-A.M.100.G.1 R:0.18824 P:0.21818 F:0.20211
1 ROUGE-1 Eval D1039-A.M.100.G.1 R:0.29796 P:0.30932 F:0.30353
1 ROUGE-1 Eval D1040-A.M.100.G.1 R:0.24681 P:0.25893 F:0.25272
1 ROUGE-1 Eval D1041-A.M.100.H.1 R:0.27953 P:0.31696 F:0.29707
1 ROUGE-1 Eval D1042-A.M.100.H.1 R:0.27354 P:0.28241 F:0.27790
1 ROUGE-1 Eval D1043-A.M.100.H.1 R:0.34746 P:0.34746 F:0.34746
1 ROUGE-1 Eval D1044-A.M.100.H.1 R:0.29536 P:0.28689 F:0.29106
1 ROUGE-1 Eval D1045-A.M.100.H.1 R:0.36220 P:0.39655 F:0.37860
1 ROUGE-1 Eval D1046-A.M.100.H.1 R:0.28740 P:0.32018 F:0.30291
---------------------------------------------
1 ROUGE-2 Average_R: 0.07561 (95%-conf.int. 0.06436 - 0.08657)
1 ROUGE-2 Average_P: 0.08179 (95%-conf.int. 0.06949 - 0.09286)
1 ROUGE-2 Average_F: 0.07839 (95%-conf.int. 0.06668 - 0.08924)
.............................................
1 ROUGE-2 Eval D1001-A.M.100.A.1 R:0.05439 P:0.06771 F:0.06032
1 ROUGE-2 Eval D1002-A.M.100.A.1 R:0.07660 P:0.08333 F:0.07982
1 ROUGE-2 Eval D1003-A.M.100.A.1 R:0.04846 P:0.04741 F:0.04793
1 ROUGE-2 Eval D1004-A.M.100.A.1 R:0.10504 P:0.10417 F:0.10460
1 ROUGE-2 Eval D1005-A.M.100.A.1 R:0.04167 P:0.04902 F:0.04505
1 ROUGE-2 Eval D1006-A.M.100.A.1 R:0.02724 P:0.03889 F:0.03204
1 ROUGE-2 Eval D1007-A.M.100.B.1 R:0.09050 P:0.09434 F:0.09238
1 ROUGE-2 Eval D1008-A.M.100.B.1 R:0.02049 P:0.02155 F:0.02101
1 ROUGE-2 Eval D1009-A.M.100.B.1 R:0.01802 P:0.01852 F:0.01827
1 ROUGE-2 Eval D1010-A.M.100.B.1 R:0.08130 P:0.08929 F:0.08511
1 ROUGE-2 Eval D1011-A.M.100.C.1 R:0.05702 P:0.07927 F:0.06633
1 ROUGE-2 Eval D1012-A.M.100.C.1 R:0.05372 P:0.05804 F:0.05580
1 ROUGE-2 Eval D1013-A.M.100.C.1 R:0.16735 P:0.20098 F:0.18263
1 ROUGE-2 Eval D1014-A.M.100.C.1 R:0.02553 P:0.02586 F:0.02569
1 ROUGE-2 Eval D1015-A.M.100.C.1 R:0.11877 P:0.12500 F:0.12181
1 ROUGE-2 Eval D1016-A.M.100.C.1 R:0.08219 P:0.08824 F:0.08511
1 ROUGE-2 Eval D1017-A.M.100.D.1 R:0.04149 P:0.04464 F:0.04301
1 ROUGE-2 Eval D1018-A.M.100.D.1 R:0.09362 P:0.11702 F:0.10402
1 ROUGE-2 Eval D1019-A.M.100.D.1 R:0.09322 P:0.09167 F:0.09244
1 ROUGE-2 Eval D1020-A.M.100.D.1 R:0.04202 P:0.04808 F:0.04485
1 ROUGE-2 Eval D1021-A.M.100.D.1 R:0.13793 P:0.13559 F:0.13675
1 ROUGE-2 Eval D1022-A.M.100.D.1 R:0.13191 P:0.14091 F:0.13626
1 ROUGE-2 Eval D1023-A.M.100.E.1 R:0.04622 P:0.04741 F:0.04681
1 ROUGE-2 Eval D1024-A.M.100.E.1 R:0.10593 P:0.10965 F:0.10776
1 ROUGE-2 Eval D1025-A.M.100.E.1 R:0.07658 P:0.07456 F:0.07556
1 ROUGE-2 Eval D1026-A.M.100.E.1 R:0.05217 P:0.05000 F:0.05106
1 ROUGE-2 Eval D1027-A.M.100.E.1 R:0.14113 P:0.14831 F:0.14463
1 ROUGE-2 Eval D1028-A.M.100.E.1 R:0.08475 P:0.08197 F:0.08334
1 ROUGE-2 Eval D1029-A.M.100.F.1 R:0.02542 P:0.02586 F:0.02564
1 ROUGE-2 Eval D1030-A.M.100.F.1 R:0.09274 P:0.11058 F:0.10088
1 ROUGE-2 Eval D1031-A.M.100.F.1 R:0.02905 P:0.03302 F:0.03091
1 ROUGE-2 Eval D1032-A.M.100.F.1 R:0.05426 P:0.08537 F:0.06635
1 ROUGE-2 Eval D1033-A.M.100.F.1 R:0.13445 P:0.13333 F:0.13389
1 ROUGE-2 Eval D1034-A.M.100.F.1 R:0.01674 P:0.01818 F:0.01743
1 ROUGE-2 Eval D1035-A.M.100.G.1 R:0.06612 P:0.07692 F:0.07111
1 ROUGE-2 Eval D1036-A.M.100.G.1 R:0.02490 P:0.02778 F:0.02626
1 ROUGE-2 Eval D1037-A.M.100.G.1 R:0.05660 P:0.06000 F:0.05825
1 ROUGE-2 Eval D1038-A.M.100.G.1 R:0.04781 P:0.05556 F:0.05139
1 ROUGE-2 Eval D1039-A.M.100.G.1 R:0.11203 P:0.11638 F:0.11416
1 ROUGE-2 Eval D1040-A.M.100.G.1 R:0.08658 P:0.09091 F:0.08869
1 ROUGE-2 Eval D1041-A.M.100.H.1 R:0.10400 P:0.11818 F:0.11064
1 ROUGE-2 Eval D1042-A.M.100.H.1 R:0.10502 P:0.10849 F:0.10673
1 ROUGE-2 Eval D1043-A.M.100.H.1 R:0.15948 P:0.15948 F:0.15948
1 ROUGE-2 Eval D1044-A.M.100.H.1 R:0.08584 P:0.08333 F:0.08457
1 ROUGE-2 Eval D1045-A.M.100.H.1 R:0.09200 P:0.10088 F:0.09624
1 ROUGE-2 Eval D1046-A.M.100.H.1 R:0.07600 P:0.08482 F:0.08017
