---------------------------------------------
1 ROUGE-1 Average_R: 0.25633 (95%-conf.int. 0.23975 - 0.27232)
1 ROUGE-1 Average_P: 0.28023 (95%-conf.int. 0.26246 - 0.29826)
1 ROUGE-1 Average_F: 0.26725 (95%-conf.int. 0.25055 - 0.28389)
.............................................
1 ROUGE-1 Eval D1001-A.M.100.A.1 R:0.22634 P:0.28061 F:0.25057
1 ROUGE-1 Eval D1002-A.M.100.A.1 R:0.18828 P:0.23936 F:0.21077
1 ROUGE-1 Eval D1003-A.M.100.A.1 R:0.27706 P:0.26667 F:0.27177
1 ROUGE-1 Eval D1004-A.M.100.A.1 R:0.24793 P:0.27778 F:0.26201
1 ROUGE-1 Eval D1005-A.M.100.A.1 R:0.28279 P:0.30804 F:0.29488
1 ROUGE-1 Eval D1006-A.M.100.A.1 R:0.20690 P:0.28125 F:0.23841
1 ROUGE-1 Eval D1007-A.M.100.B.1 R:0.27111 P:0.29902 F:0.28438
1 ROUGE-1 Eval D1008-A.M.100.B.1 R:0.17339 P:0.17917 F:0.17623
1 ROUGE-1 Eval D1009-A.M.100.B.1 R:0.29646 P:0.32212 F:0.30876
1 ROUGE-1 Eval D1010-A.M.100.B.1 R:0.32800 P:0.33065 F:0.32932
1 ROUGE-1 Eval D1011-A.M.100.C.1 R:0.16810 P:0.15984 F:0.16387
1 ROUGE-1 Eval D1012-A.M.100.C.1 R:0.24390 P:0.25862 F:0.25104
1 ROUGE-1 Eval D1013-A.M.100.C.1 R:0.27711 P:0.30263 F:0.28931
1 ROUGE-1 Eval D1014-A.M.100.C.1 R:0.23013 P:0.22541 F:0.22775
1 ROUGE-1 Eval D1015-A.M.100.C.1 R:0.26038 P:0.28750 F:0.27327
1 ROUGE-1 Eval D1016-A.M.100.C.1 R:0.31390 P:0.36458 F:0.33735
1 ROUGE-1 Eval D1017-A.M.100.D.1 R:0.17551 P:0.21078 F:0.19153
1 ROUGE-1 Eval D1018-A.M.100.D.1 R:0.33473 P:0.35714 F:0.34557
1 ROUGE-1 Eval D1019-A.M.100.D.1 R:0.30833 P:0.33036 F:0.31897
1 ROUGE-1 Eval D1020-A.M.100.D.1 R:0.23554 P:0.25446 F:0.24463
1 ROUGE-1 Eval D1021-A.M.100.D.1 R:0.26695 P:0.27632 F:0.27155
1 ROUGE-1 Eval D1022-A.M.100.D.1 R:0.29289 P:0.33019 F:0.31042
1 ROUGE-1 Eval D1023-A.M.100.E.1 R:0.24380 P:0.29500 F:0.26697
1 ROUGE-1 Eval D1024-A.M.100.E.1 R:0.33333 P:0.35088 F:0.34188
1 ROUGE-1 Eval D1025-A.M.100.E.1 R:0.30531 P:0.30804 F:0.30667
1 ROUGE-1 Eval D1026-A.M.100.E.1 R:0.17094 P:0.17544 F:0.17316
1 ROUGE-1 Eval D1027-A.M.100.E.1 R:0.35317 P:0.42788 F:0.38695
1 ROUGE-1 Eval D1028-A.M.100.E.1 R:0.35417 P:0.42500 F:0.38637
1 ROUGE-1 Eval D1029-A.M.100.F.1 R:0.23750 P:0.25909 F:0.24783
1 ROUGE-1 Eval D1030-A.M.100.F.1 R:0.16667 P:0.21000 F:0.18584
1 ROUGE-1 Eval D1031-A.M.100.F.1 R:0.20408 P:0.24038 F:0.22075
1 ROUGE-1 Eval D1032-A.M.100.F.1 R:0.29008 P:0.28358 F:0.28679
1 ROUGE-1 Eval D1033-A.M.100.F.1 R:0.26860 P:0.24254 F:0.25491
1 ROUGE-1 Eval D1034-A.M.100.F.1 R:0.16872 P:0.18304 F:0.17559
1 ROUGE-1 Eval D1035-A.M.100.G.1 R:0.25610 P:0.31500 F:0.28251
1 ROUGE-1 Eval D1036-A.M.100.G.1 R:0.14286 P:0.15351 F:0.14799
1 ROUGE-1 Eval D1037-A.M.100.G.1 R:0.30093 P:0.28017 F:0.29018
1 ROUGE-1 Eval D1038-A.M.100.G.1 R:0.17647 P:0.19397 F:0.18481
1 ROUGE-1 Eval D1039-A.M.100.G.1 R:0.31020 P:0.31667 F:0.31340
1 ROUGE-1 Eval D1040-A.M.100.G.1 R:0.29362 P:0.32547 F:0.30873
1 ROUGE-1 Eval D1041-A.M.100.H.1 R:0.18898 P:0.24490 F:0.21334
1 ROUGE-1 Eval D1042-A.M.100.H.1 R:0.30942 P:0.31944 F:0.31435
1 ROUGE-1 Eval D1043-A.M.100.H.1 R:0.23729 P:0.25455 F:0.24562
1 ROUGE-1 Eval D1044-A.M.100.H.1 R:0.29114 P:0.29237 F:0.29175
1 ROUGE-1 Eval D1045-A.M.100.H.1 R:0.35039 P:0.39732 F:0.37238
1 ROUGE-1 Eval D1046-A.M.100.H.1 R:0.24409 P:0.26271 F:0.25306
---------------------------------------------
1 ROUGE-2 Average_R: 0.06598 (95%-conf.int. 0.05569 - 0.07574)
1 ROUGE-2 Average_P: 0.07186 (95%-conf.int. 0.06112 - 0.08219)
1 ROUGE-2 Average_F: 0.06868 (95%-conf.int. 0.05821 - 0.07876)
.............................................
1 ROUGE-2 Eval D1001-A.M.100.A.1 R:0.09205 P:0.11458 F:0.10209
1 ROUGE-2 Eval D1002-A.M.100.A.1 R:0.03404 P:0.04348 F:0.03819
1 ROUGE-2 Eval D1003-A.M.100.A.1 R:0.06167 P:0.05932 F:0.06047
1 ROUGE-2 Eval D1004-A.M.100.A.1 R:0.04622 P:0.05189 F:0.04889
1 ROUGE-2 Eval D1005-A.M.100.A.1 R:0.05000 P:0.05455 F:0.05218
1 ROUGE-2 Eval D1006-A.M.100.A.1 R:0.00389 P:0.00532 F:0.00449
1 ROUGE-2 Eval D1007-A.M.100.B.1 R:0.05882 P:0.06500 F:0.06176
1 ROUGE-2 Eval D1008-A.M.100.B.1 R:0.02459 P:0.02542 F:0.02500
1 ROUGE-2 Eval D1009-A.M.100.B.1 R:0.08559 P:0.09314 F:0.08921
1 ROUGE-2 Eval D1010-A.M.100.B.1 R:0.10976 P:0.11066 F:0.11021
1 ROUGE-2 Eval D1011-A.M.100.C.1 R:0.06140 P:0.05833 F:0.05983
1 ROUGE-2 Eval D1012-A.M.100.C.1 R:0.03306 P:0.03509 F:0.03404
1 ROUGE-2 Eval D1013-A.M.100.C.1 R:0.14694 P:0.16071 F:0.15352
1 ROUGE-2 Eval D1014-A.M.100.C.1 R:0.01277 P:0.01250 F:0.01263
1 ROUGE-2 Eval D1015-A.M.100.C.1 R:0.09962 P:0.11017 F:0.10463
1 ROUGE-2 Eval D1016-A.M.100.C.1 R:0.05936 P:0.06915 F:0.06388
1 ROUGE-2 Eval D1017-A.M.100.D.1 R:0.00830 P:0.01000 F:0.00907
1 ROUGE-2 Eval D1018-A.M.100.D.1 R:0.13617 P:0.14545 F:0.14066
1 ROUGE-2 Eval D1019-A.M.100.D.1 R:0.04661 P:0.05000 F:0.04825
1 ROUGE-2 Eval D1020-A.M.100.D.1 R:0.04202 P:0.04545 F:0.04367
1 ROUGE-2 Eval D1021-A.M.100.D.1 R:0.10776 P:0.11161 F:0.10965
1 ROUGE-2 Eval D1022-A.M.100.D.1 R:0.05532 P:0.06250 F:0.05869
1 ROUGE-2 Eval D1023-A.M.100.E.1 R:0.03361 P:0.04082 F:0.03687
1 ROUGE-2 Eval D1024-A.M.100.E.1 R:0.12288 P:0.12946 F:0.12608
1 ROUGE-2 Eval D1025-A.M.100.E.1 R:0.09910 P:0.10000 F:0.09955
1 ROUGE-2 Eval D1026-A.M.100.E.1 R:0.04783 P:0.04911 F:0.04846
1 ROUGE-2 Eval D1027-A.M.100.E.1 R:0.11290 P:0.13725 F:0.12389
1 ROUGE-2 Eval D1028-A.M.100.E.1 R:0.12288 P:0.14796 F:0.13426
1 ROUGE-2 Eval D1029-A.M.100.F.1 R:0.04661 P:0.05093 F:0.04867
1 ROUGE-2 Eval D1030-A.M.100.F.1 R:0.02016 P:0.02551 F:0.02252
1 ROUGE-2 Eval D1031-A.M.100.F.1 R:0.04979 P:0.05882 F:0.05393
1 ROUGE-2 Eval D1032-A.M.100.F.1 R:0.05426 P:0.05303 F:0.05364
1 ROUGE-2 Eval D1033-A.M.100.F.1 R:0.10084 P:0.09091 F:0.09562
1 ROUGE-2 Eval D1034-A.M.100.F.1 R:0.01674 P:0.01818 F:0.01743
1 ROUGE-2 Eval D1035-A.M.100.G.1 R:0.07438 P:0.09184 F:0.08219
1 ROUGE-2 Eval D1036-A.M.100.G.1 R:0.02490 P:0.02679 F:0.02581
1 ROUGE-2 Eval D1037-A.M.100.G.1 R:0.04245 P:0.03947 F:0.04091
1 ROUGE-2 Eval D1038-A.M.100.G.1 R:0.05179 P:0.05702 F:0.05428
1 ROUGE-2 Eval D1039-A.M.100.G.1 R:0.08299 P:0.08475 F:0.08386
1 ROUGE-2 Eval D1040-A.M.100.G.1 R:0.08225 P:0.09135 F:0.08656
1 ROUGE-2 Eval D1041-A.M.100.H.1 R:0.06400 P:0.08333 F:0.07240
1 ROUGE-2 Eval D1042-A.M.100.H.1 R:0.10046 P:0.10377 F:0.10209
1 ROUGE-2 Eval D1043-A.M.100.H.1 R:0.10776 P:0.11574 F:0.11161
1 ROUGE-2 Eval D1044-A.M.100.H.1 R:0.08155 P:0.08190 F:0.08172
1 ROUGE-2 Eval D1045-A.M.100.H.1 R:0.07200 P:0.08182 F:0.07660
1 ROUGE-2 Eval D1046-A.M.100.H.1 R:0.05200 P:0.05603 F:0.05394
