---------------------------------------------
1 ROUGE-1 Average_R: 0.25337 (95%-conf.int. 0.23361 - 0.27144)
1 ROUGE-1 Average_P: 0.26367 (95%-conf.int. 0.24405 - 0.28219)
1 ROUGE-1 Average_F: 0.25798 (95%-conf.int. 0.23838 - 0.27643)
.............................................
1 ROUGE-1 Eval D1001-A.M.100.A.1 R:0.30041 P:0.34434 F:0.32088
1 ROUGE-1 Eval D1002-A.M.100.A.1 R:0.18410 P:0.23913 F:0.20804
1 ROUGE-1 Eval D1003-A.M.100.A.1 R:0.25541 P:0.24180 F:0.24842
1 ROUGE-1 Eval D1004-A.M.100.A.1 R:0.33884 P:0.30597 F:0.32157
1 ROUGE-1 Eval D1005-A.M.100.A.1 R:0.29918 P:0.31466 F:0.30672
1 ROUGE-1 Eval D1006-A.M.100.A.1 R:0.24521 P:0.25806 F:0.25147
1 ROUGE-1 Eval D1007-A.M.100.B.1 R:0.26667 P:0.27778 F:0.27211
1 ROUGE-1 Eval D1008-A.M.100.B.1 R:0.17339 P:0.16288 F:0.16797
1 ROUGE-1 Eval D1009-A.M.100.B.1 R:0.35841 P:0.32661 F:0.34177
1 ROUGE-1 Eval D1010-A.M.100.B.1 R:0.32400 P:0.30682 F:0.31518
1 ROUGE-1 Eval D1011-A.M.100.C.1 R:0.24138 P:0.22222 F:0.23140
1 ROUGE-1 Eval D1012-A.M.100.C.1 R:0.23984 P:0.25431 F:0.24686
1 ROUGE-1 Eval D1013-A.M.100.C.1 R:0.29317 P:0.30932 F:0.30103
1 ROUGE-1 Eval D1014-A.M.100.C.1 R:0.18410 P:0.20370 F:0.19340
1 ROUGE-1 Eval D1015-A.M.100.C.1 R:0.27547 P:0.28516 F:0.28023
1 ROUGE-1 Eval D1016-A.M.100.C.1 R:0.27354 P:0.26754 F:0.27051
1 ROUGE-1 Eval D1017-A.M.100.D.1 R:0.17959 P:0.18966 F:0.18449
1 ROUGE-1 Eval D1018-A.M.100.D.1 R:0.29289 P:0.26515 F:0.27833
1 ROUGE-1 Eval D1019-A.M.100.D.1 R:0.36667 P:0.34375 F:0.35484
1 ROUGE-1 Eval D1020-A.M.100.D.1 R:0.23140 P:0.24561 F:0.23829
1 ROUGE-1 Eval D1021-A.M.100.D.1 R:0.20763 P:0.22685 F:0.21681
1 ROUGE-1 Eval D1022-A.M.100.D.1 R:0.27615 P:0.33000 F:0.30068
1 ROUGE-1 Eval D1023-A.M.100.E.1 R:0.22314 P:0.22881 F:0.22594
1 ROUGE-1 Eval D1024-A.M.100.E.1 R:0.34583 P:0.35776 F:0.35169
1 ROUGE-1 Eval D1025-A.M.100.E.1 R:0.27434 P:0.27679 F:0.27556
1 ROUGE-1 Eval D1026-A.M.100.E.1 R:0.13248 P:0.13596 F:0.13420
1 ROUGE-1 Eval D1027-A.M.100.E.1 R:0.38492 P:0.43304 F:0.40756
1 ROUGE-1 Eval D1028-A.M.100.E.1 R:0.27500 P:0.27966 F:0.27731
1 ROUGE-1 Eval D1029-A.M.100.F.1 R:0.15000 P:0.18000 F:0.16364
1 ROUGE-1 Eval D1030-A.M.100.F.1 R:0.24206 P:0.24597 F:0.24400
1 ROUGE-1 Eval D1031-A.M.100.F.1 R:0.17143 P:0.18750 F:0.17911
1 ROUGE-1 Eval D1032-A.M.100.F.1 R:0.29771 P:0.34211 F:0.31837
1 ROUGE-1 Eval D1033-A.M.100.F.1 R:0.31405 P:0.29231 F:0.30279
1 ROUGE-1 Eval D1034-A.M.100.F.1 R:0.16872 P:0.18304 F:0.17559
1 ROUGE-1 Eval D1035-A.M.100.G.1 R:0.21545 P:0.24537 F:0.22944
1 ROUGE-1 Eval D1036-A.M.100.G.1 R:0.08571 P:0.10096 F:0.09271
1 ROUGE-1 Eval D1037-A.M.100.G.1 R:0.29167 P:0.31500 F:0.30289
1 ROUGE-1 Eval D1038-A.M.100.G.1 R:0.12549 P:0.13333 F:0.12929
1 ROUGE-1 Eval D1039-A.M.100.G.1 R:0.23673 P:0.26852 F:0.25162
1 ROUGE-1 Eval D1040-A.M.100.G.1 R:0.26383 P:0.29245 F:0.27740
1 ROUGE-1 Eval D1041-A.M.100.H.1 R:0.23228 P:0.24180 F:0.23694
1 ROUGE-1 Eval D1042-A.M.100.H.1 R:0.24664 P:0.24554 F:0.24609
1 ROUGE-1 Eval D1043-A.M.100.H.1 R:0.27966 P:0.26190 F:0.27049
1 ROUGE-1 Eval D1044-A.M.100.H.1 R:0.29536 P:0.29661 F:0.29598
1 ROUGE-1 Eval D1045-A.M.100.H.1 R:0.37402 P:0.42411 F:0.39749
1 ROUGE-1 Eval D1046-A.M.100.H.1 R:0.24409 P:0.26271 F:0.25306
---------------------------------------------
1 ROUGE-2 Average_R: 0.07030 (95%-conf.int. 0.05884 - 0.08056)
1 ROUGE-2 Average_P: 0.07249 (95%-conf.int. 0.06090 - 0.08296)
1 ROUGE-2 Average_F: 0.07126 (95%-conf.int. 0.05972 - 0.08133)
.............................................
1 ROUGE-2 Eval D1001-A.M.100.A.1 R:0.12552 P:0.14423 F:0.13423
1 ROUGE-2 Eval D1002-A.M.100.A.1 R:0.02553 P:0.03333 F:0.02891
1 ROUGE-2 Eval D1003-A.M.100.A.1 R:0.06167 P:0.05833 F:0.05995
1 ROUGE-2 Eval D1004-A.M.100.A.1 R:0.09664 P:0.08712 F:0.09163
1 ROUGE-2 Eval D1005-A.M.100.A.1 R:0.06250 P:0.06579 F:0.06410
1 ROUGE-2 Eval D1006-A.M.100.A.1 R:0.01167 P:0.01230 F:0.01198
1 ROUGE-2 Eval D1007-A.M.100.B.1 R:0.05882 P:0.06132 F:0.06004
1 ROUGE-2 Eval D1008-A.M.100.B.1 R:0.02869 P:0.02692 F:0.02778
1 ROUGE-2 Eval D1009-A.M.100.B.1 R:0.11261 P:0.10246 F:0.10730
1 ROUGE-2 Eval D1010-A.M.100.B.1 R:0.14228 P:0.13462 F:0.13834
1 ROUGE-2 Eval D1011-A.M.100.C.1 R:0.09211 P:0.08468 F:0.08824
1 ROUGE-2 Eval D1012-A.M.100.C.1 R:0.02893 P:0.03070 F:0.02979
1 ROUGE-2 Eval D1013-A.M.100.C.1 R:0.17143 P:0.18103 F:0.17610
1 ROUGE-2 Eval D1014-A.M.100.C.1 R:0.01277 P:0.01415 F:0.01342
1 ROUGE-2 Eval D1015-A.M.100.C.1 R:0.09195 P:0.09524 F:0.09357
1 ROUGE-2 Eval D1016-A.M.100.C.1 R:0.04110 P:0.04018 F:0.04063
1 ROUGE-2 Eval D1017-A.M.100.D.1 R:0.01660 P:0.01754 F:0.01706
1 ROUGE-2 Eval D1018-A.M.100.D.1 R:0.12340 P:0.11154 F:0.11717
1 ROUGE-2 Eval D1019-A.M.100.D.1 R:0.08051 P:0.07540 F:0.07787
1 ROUGE-2 Eval D1020-A.M.100.D.1 R:0.03361 P:0.03571 F:0.03463
1 ROUGE-2 Eval D1021-A.M.100.D.1 R:0.08190 P:0.08962 F:0.08559
1 ROUGE-2 Eval D1022-A.M.100.D.1 R:0.05106 P:0.06122 F:0.05568
1 ROUGE-2 Eval D1023-A.M.100.E.1 R:0.03361 P:0.03448 F:0.03404
1 ROUGE-2 Eval D1024-A.M.100.E.1 R:0.13559 P:0.14035 F:0.13793
1 ROUGE-2 Eval D1025-A.M.100.E.1 R:0.07658 P:0.07727 F:0.07692
1 ROUGE-2 Eval D1026-A.M.100.E.1 R:0.03913 P:0.04018 F:0.03965
1 ROUGE-2 Eval D1027-A.M.100.E.1 R:0.10887 P:0.12273 F:0.11539
1 ROUGE-2 Eval D1028-A.M.100.E.1 R:0.06356 P:0.06466 F:0.06411
1 ROUGE-2 Eval D1029-A.M.100.F.1 R:0.00424 P:0.00510 F:0.00463
1 ROUGE-2 Eval D1030-A.M.100.F.1 R:0.07258 P:0.07377 F:0.07317
1 ROUGE-2 Eval D1031-A.M.100.F.1 R:0.04564 P:0.05000 F:0.04772
1 ROUGE-2 Eval D1032-A.M.100.F.1 R:0.07752 P:0.08929 F:0.08299
1 ROUGE-2 Eval D1033-A.M.100.F.1 R:0.09664 P:0.08984 F:0.09312
1 ROUGE-2 Eval D1034-A.M.100.F.1 R:0.01674 P:0.01818 F:0.01743
1 ROUGE-2 Eval D1035-A.M.100.G.1 R:0.07851 P:0.08962 F:0.08370
1 ROUGE-2 Eval D1036-A.M.100.G.1 R:0.01660 P:0.01961 F:0.01798
1 ROUGE-2 Eval D1037-A.M.100.G.1 R:0.06604 P:0.07143 F:0.06863
1 ROUGE-2 Eval D1038-A.M.100.G.1 R:0.03984 P:0.04237 F:0.04107
1 ROUGE-2 Eval D1039-A.M.100.G.1 R:0.08299 P:0.09434 F:0.08830
1 ROUGE-2 Eval D1040-A.M.100.G.1 R:0.09091 P:0.10096 F:0.09567
1 ROUGE-2 Eval D1041-A.M.100.H.1 R:0.09200 P:0.09583 F:0.09388
1 ROUGE-2 Eval D1042-A.M.100.H.1 R:0.09132 P:0.09091 F:0.09111
1 ROUGE-2 Eval D1043-A.M.100.H.1 R:0.13793 P:0.12903 F:0.13333
1 ROUGE-2 Eval D1044-A.M.100.H.1 R:0.09013 P:0.09052 F:0.09032
1 ROUGE-2 Eval D1045-A.M.100.H.1 R:0.08000 P:0.09091 F:0.08511
1 ROUGE-2 Eval D1046-A.M.100.H.1 R:0.05200 P:0.05603 F:0.05394
