---------------------------------------------
1 ROUGE-1 Average_R: 0.26663 (95%-conf.int. 0.24821 - 0.28334)
1 ROUGE-1 Average_P: 0.28793 (95%-conf.int. 0.27067 - 0.30481)
1 ROUGE-1 Average_F: 0.27616 (95%-conf.int. 0.25864 - 0.29260)
.............................................
1 ROUGE-1 Eval D1001-A.M.100.A.1 R:0.33333 P:0.40500 F:0.36569
1 ROUGE-1 Eval D1002-A.M.100.A.1 R:0.31381 P:0.34722 F:0.32967
1 ROUGE-1 Eval D1003-A.M.100.A.1 R:0.27706 P:0.25397 F:0.26501
1 ROUGE-1 Eval D1004-A.M.100.A.1 R:0.28926 P:0.28689 F:0.28807
1 ROUGE-1 Eval D1005-A.M.100.A.1 R:0.31148 P:0.32759 F:0.31933
1 ROUGE-1 Eval D1006-A.M.100.A.1 R:0.20690 P:0.27551 F:0.23633
1 ROUGE-1 Eval D1007-A.M.100.B.1 R:0.29333 P:0.31731 F:0.30485
1 ROUGE-1 Eval D1008-A.M.100.B.1 R:0.18952 P:0.19262 F:0.19106
1 ROUGE-1 Eval D1009-A.M.100.B.1 R:0.29646 P:0.28879 F:0.29257
1 ROUGE-1 Eval D1010-A.M.100.B.1 R:0.35600 P:0.35317 F:0.35458
1 ROUGE-1 Eval D1011-A.M.100.C.1 R:0.18103 P:0.21000 F:0.19444
1 ROUGE-1 Eval D1012-A.M.100.C.1 R:0.29268 P:0.31579 F:0.30380
1 ROUGE-1 Eval D1013-A.M.100.C.1 R:0.25301 P:0.27632 F:0.26415
1 ROUGE-1 Eval D1014-A.M.100.C.1 R:0.17992 P:0.18860 F:0.18416
1 ROUGE-1 Eval D1015-A.M.100.C.1 R:0.23774 P:0.24231 F:0.24000
1 ROUGE-1 Eval D1016-A.M.100.C.1 R:0.37220 P:0.36404 F:0.36807
1 ROUGE-1 Eval D1017-A.M.100.D.1 R:0.18367 P:0.24457 F:0.20979
1 ROUGE-1 Eval D1018-A.M.100.D.1 R:0.28033 P:0.25000 F:0.26430
1 ROUGE-1 Eval D1019-A.M.100.D.1 R:0.32083 P:0.31557 F:0.31818
1 ROUGE-1 Eval D1020-A.M.100.D.1 R:0.23140 P:0.24561 F:0.23829
1 ROUGE-1 Eval D1021-A.M.100.D.1 R:0.18220 P:0.25595 F:0.21287
1 ROUGE-1 Eval D1022-A.M.100.D.1 R:0.28033 P:0.30455 F:0.29194
1 ROUGE-1 Eval D1023-A.M.100.E.1 R:0.24793 P:0.28846 F:0.26666
1 ROUGE-1 Eval D1024-A.M.100.E.1 R:0.37917 P:0.40625 F:0.39224
1 ROUGE-1 Eval D1025-A.M.100.E.1 R:0.32301 P:0.32018 F:0.32159
1 ROUGE-1 Eval D1026-A.M.100.E.1 R:0.13248 P:0.13136 F:0.13192
1 ROUGE-1 Eval D1027-A.M.100.E.1 R:0.36905 P:0.40789 F:0.38750
1 ROUGE-1 Eval D1028-A.M.100.E.1 R:0.33333 P:0.33333 F:0.33333
1 ROUGE-1 Eval D1029-A.M.100.F.1 R:0.27500 P:0.28448 F:0.27966
1 ROUGE-1 Eval D1030-A.M.100.F.1 R:0.24206 P:0.26293 F:0.25206
1 ROUGE-1 Eval D1031-A.M.100.F.1 R:0.22857 P:0.25000 F:0.23881
1 ROUGE-1 Eval D1032-A.M.100.F.1 R:0.30153 P:0.37981 F:0.33617
1 ROUGE-1 Eval D1033-A.M.100.F.1 R:0.28512 P:0.26953 F:0.27711
1 ROUGE-1 Eval D1034-A.M.100.F.1 R:0.17695 P:0.21078 F:0.19239
1 ROUGE-1 Eval D1035-A.M.100.G.1 R:0.23171 P:0.28500 F:0.25561
1 ROUGE-1 Eval D1036-A.M.100.G.1 R:0.17551 P:0.21078 F:0.19153
1 ROUGE-1 Eval D1037-A.M.100.G.1 R:0.30556 P:0.33000 F:0.31731
1 ROUGE-1 Eval D1038-A.M.100.G.1 R:0.17255 P:0.20000 F:0.18526
1 ROUGE-1 Eval D1039-A.M.100.G.1 R:0.28163 P:0.31364 F:0.29677
1 ROUGE-1 Eval D1040-A.M.100.G.1 R:0.26383 P:0.29245 F:0.27740
1 ROUGE-1 Eval D1041-A.M.100.H.1 R:0.19685 P:0.28409 F:0.23256
1 ROUGE-1 Eval D1042-A.M.100.H.1 R:0.27354 P:0.28241 F:0.27790
1 ROUGE-1 Eval D1043-A.M.100.H.1 R:0.27542 P:0.28017 F:0.27777
1 ROUGE-1 Eval D1044-A.M.100.H.1 R:0.30380 P:0.28571 F:0.29448
1 ROUGE-1 Eval D1045-A.M.100.H.1 R:0.35433 P:0.37500 F:0.36437
1 ROUGE-1 Eval D1046-A.M.100.H.1 R:0.29921 P:0.32759 F:0.31276
---------------------------------------------
1 ROUGE-2 Average_R: 0.07411 (95%-conf.int. 0.06418 - 0.08317)
1 ROUGE-2 Average_P: 0.07961 (95%-conf.int. 0.06947 - 0.08915)
1 ROUGE-2 Average_F: 0.07655 (95%-conf.int. 0.06679 - 0.08594)
.............................................
1 ROUGE-2 Eval D1001-A.M.100.A.1 R:0.11297 P:0.13776 F:0.12414
1 ROUGE-2 Eval D1002-A.M.100.A.1 R:0.08511 P:0.09434 F:0.08949
1 ROUGE-2 Eval D1003-A.M.100.A.1 R:0.07048 P:0.06452 F:0.06737
1 ROUGE-2 Eval D1004-A.M.100.A.1 R:0.07143 P:0.07083 F:0.07113
1 ROUGE-2 Eval D1005-A.M.100.A.1 R:0.04167 P:0.04386 F:0.04274
1 ROUGE-2 Eval D1006-A.M.100.A.1 R:0.01556 P:0.02083 F:0.01781
1 ROUGE-2 Eval D1007-A.M.100.B.1 R:0.06787 P:0.07353 F:0.07059
1 ROUGE-2 Eval D1008-A.M.100.B.1 R:0.06557 P:0.06667 F:0.06612
1 ROUGE-2 Eval D1009-A.M.100.B.1 R:0.09459 P:0.09211 F:0.09333
1 ROUGE-2 Eval D1010-A.M.100.B.1 R:0.15041 P:0.14919 F:0.14980
1 ROUGE-2 Eval D1011-A.M.100.C.1 R:0.05702 P:0.06633 F:0.06132
1 ROUGE-2 Eval D1012-A.M.100.C.1 R:0.06612 P:0.07143 F:0.06867
1 ROUGE-2 Eval D1013-A.M.100.C.1 R:0.13878 P:0.15179 F:0.14499
1 ROUGE-2 Eval D1014-A.M.100.C.1 R:0.01702 P:0.01786 F:0.01743
1 ROUGE-2 Eval D1015-A.M.100.C.1 R:0.06897 P:0.07031 F:0.06963
1 ROUGE-2 Eval D1016-A.M.100.C.1 R:0.09589 P:0.09375 F:0.09481
1 ROUGE-2 Eval D1017-A.M.100.D.1 R:0.02905 P:0.03889 F:0.03326
1 ROUGE-2 Eval D1018-A.M.100.D.1 R:0.12340 P:0.10985 F:0.11623
1 ROUGE-2 Eval D1019-A.M.100.D.1 R:0.06780 P:0.06667 F:0.06723
1 ROUGE-2 Eval D1020-A.M.100.D.1 R:0.03361 P:0.03571 F:0.03463
1 ROUGE-2 Eval D1021-A.M.100.D.1 R:0.06034 P:0.08537 F:0.07071
1 ROUGE-2 Eval D1022-A.M.100.D.1 R:0.02553 P:0.02778 F:0.02661
1 ROUGE-2 Eval D1023-A.M.100.E.1 R:0.04622 P:0.05392 F:0.04977
1 ROUGE-2 Eval D1024-A.M.100.E.1 R:0.15254 P:0.16364 F:0.15790
1 ROUGE-2 Eval D1025-A.M.100.E.1 R:0.09910 P:0.09821 F:0.09865
1 ROUGE-2 Eval D1026-A.M.100.E.1 R:0.03913 P:0.03879 F:0.03896
1 ROUGE-2 Eval D1027-A.M.100.E.1 R:0.13306 P:0.14732 F:0.13983
1 ROUGE-2 Eval D1028-A.M.100.E.1 R:0.08051 P:0.08051 F:0.08051
1 ROUGE-2 Eval D1029-A.M.100.F.1 R:0.06780 P:0.07018 F:0.06897
1 ROUGE-2 Eval D1030-A.M.100.F.1 R:0.06452 P:0.07018 F:0.06723
1 ROUGE-2 Eval D1031-A.M.100.F.1 R:0.05809 P:0.06364 F:0.06074
1 ROUGE-2 Eval D1032-A.M.100.F.1 R:0.08140 P:0.10294 F:0.09091
1 ROUGE-2 Eval D1033-A.M.100.F.1 R:0.10504 P:0.09921 F:0.10204
1 ROUGE-2 Eval D1034-A.M.100.F.1 R:0.02092 P:0.02500 F:0.02278
1 ROUGE-2 Eval D1035-A.M.100.G.1 R:0.07438 P:0.09184 F:0.08219
1 ROUGE-2 Eval D1036-A.M.100.G.1 R:0.02490 P:0.03000 F:0.02721
1 ROUGE-2 Eval D1037-A.M.100.G.1 R:0.06604 P:0.07143 F:0.06863
1 ROUGE-2 Eval D1038-A.M.100.G.1 R:0.05578 P:0.06481 F:0.05996
1 ROUGE-2 Eval D1039-A.M.100.G.1 R:0.09544 P:0.10648 F:0.10066
1 ROUGE-2 Eval D1040-A.M.100.G.1 R:0.09091 P:0.10096 F:0.09567
1 ROUGE-2 Eval D1041-A.M.100.H.1 R:0.06800 P:0.09884 F:0.08057
1 ROUGE-2 Eval D1042-A.M.100.H.1 R:0.09132 P:0.09434 F:0.09281
1 ROUGE-2 Eval D1043-A.M.100.H.1 R:0.09483 P:0.09649 F:0.09565
1 ROUGE-2 Eval D1044-A.M.100.H.1 R:0.09871 P:0.09274 F:0.09563
1 ROUGE-2 Eval D1045-A.M.100.H.1 R:0.06400 P:0.06780 F:0.06585
1 ROUGE-2 Eval D1046-A.M.100.H.1 R:0.08400 P:0.09211 F:0.08787
