---------------------------------------------
1 ROUGE-1 Average_R: 0.24757 (95%-conf.int. 0.22782 - 0.26757)
1 ROUGE-1 Average_P: 0.27104 (95%-conf.int. 0.25110 - 0.29135)
1 ROUGE-1 Average_F: 0.25809 (95%-conf.int. 0.23873 - 0.27818)
.............................................
1 ROUGE-1 Eval D1001-A.M.100.A.1 R:0.32922 P:0.38462 F:0.35477
1 ROUGE-1 Eval D1002-A.M.100.A.1 R:0.15063 P:0.19565 F:0.17021
1 ROUGE-1 Eval D1003-A.M.100.A.1 R:0.25108 P:0.23770 F:0.24421
1 ROUGE-1 Eval D1004-A.M.100.A.1 R:0.32231 P:0.31967 F:0.32098
1 ROUGE-1 Eval D1005-A.M.100.A.1 R:0.18033 P:0.28947 F:0.22222
1 ROUGE-1 Eval D1006-A.M.100.A.1 R:0.21456 P:0.29167 F:0.24724
1 ROUGE-1 Eval D1007-A.M.100.B.1 R:0.26667 P:0.28846 F:0.27714
1 ROUGE-1 Eval D1008-A.M.100.B.1 R:0.15726 P:0.20312 F:0.17727
1 ROUGE-1 Eval D1009-A.M.100.B.1 R:0.18142 P:0.18636 F:0.18386
1 ROUGE-1 Eval D1010-A.M.100.B.1 R:0.29600 P:0.28906 F:0.29249
1 ROUGE-1 Eval D1011-A.M.100.C.1 R:0.16379 P:0.19792 F:0.17924
1 ROUGE-1 Eval D1012-A.M.100.C.1 R:0.25203 P:0.25833 F:0.25514
1 ROUGE-1 Eval D1013-A.M.100.C.1 R:0.35341 P:0.40000 F:0.37526
1 ROUGE-1 Eval D1014-A.M.100.C.1 R:0.20084 P:0.22642 F:0.21286
1 ROUGE-1 Eval D1015-A.M.100.C.1 R:0.30566 P:0.33197 F:0.31827
1 ROUGE-1 Eval D1016-A.M.100.C.1 R:0.36323 P:0.34322 F:0.35294
1 ROUGE-1 Eval D1017-A.M.100.D.1 R:0.17551 P:0.21939 F:0.19501
1 ROUGE-1 Eval D1018-A.M.100.D.1 R:0.20084 P:0.24000 F:0.21868
1 ROUGE-1 Eval D1019-A.M.100.D.1 R:0.32083 P:0.33190 F:0.32627
1 ROUGE-1 Eval D1020-A.M.100.D.1 R:0.19421 P:0.21759 F:0.20524
1 ROUGE-1 Eval D1021-A.M.100.D.1 R:0.27119 P:0.27119 F:0.27119
1 ROUGE-1 Eval D1022-A.M.100.D.1 R:0.34310 P:0.35345 F:0.34820
1 ROUGE-1 Eval D1023-A.M.100.E.1 R:0.24793 P:0.26786 F:0.25751
1 ROUGE-1 Eval D1024-A.M.100.E.1 R:0.36667 P:0.40000 F:0.38261
1 ROUGE-1 Eval D1025-A.M.100.E.1 R:0.15487 P:0.17500 F:0.16432
1 ROUGE-1 Eval D1026-A.M.100.E.1 R:0.13248 P:0.13596 F:0.13420
1 ROUGE-1 Eval D1027-A.M.100.E.1 R:0.33333 P:0.34426 F:0.33871
1 ROUGE-1 Eval D1028-A.M.100.E.1 R:0.31667 P:0.32203 F:0.31933
1 ROUGE-1 Eval D1029-A.M.100.F.1 R:0.19583 P:0.21759 F:0.20614
1 ROUGE-1 Eval D1030-A.M.100.F.1 R:0.20238 P:0.27128 F:0.23182
1 ROUGE-1 Eval D1031-A.M.100.F.1 R:0.21633 P:0.22083 F:0.21856
1 ROUGE-1 Eval D1032-A.M.100.F.1 R:0.30916 P:0.40500 F:0.35065
1 ROUGE-1 Eval D1033-A.M.100.F.1 R:0.27273 P:0.26190 F:0.26721
1 ROUGE-1 Eval D1034-A.M.100.F.1 R:0.11523 P:0.12281 F:0.11890
1 ROUGE-1 Eval D1035-A.M.100.G.1 R:0.29268 P:0.33333 F:0.31169
1 ROUGE-1 Eval D1036-A.M.100.G.1 R:0.09796 P:0.11111 F:0.10412
1 ROUGE-1 Eval D1037-A.M.100.G.1 R:0.19444 P:0.18750 F:0.19091
1 ROUGE-1 Eval D1038-A.M.100.G.1 R:0.20784 P:0.23246 F:0.21946
1 ROUGE-1 Eval D1039-A.M.100.G.1 R:0.24490 P:0.25862 F:0.25157
1 ROUGE-1 Eval D1040-A.M.100.G.1 R:0.25106 P:0.27315 F:0.26164
1 ROUGE-1 Eval D1041-A.M.100.H.1 R:0.28740 P:0.30417 F:0.29555
1 ROUGE-1 Eval D1042-A.M.100.H.1 R:0.25561 P:0.26887 F:0.26207
1 ROUGE-1 Eval D1043-A.M.100.H.1 R:0.24153 P:0.23750 F:0.23950
1 ROUGE-1 Eval D1044-A.M.100.H.1 R:0.31224 P:0.33036 F:0.32104
1 ROUGE-1 Eval D1045-A.M.100.H.1 R:0.36220 P:0.39655 F:0.37860
1 ROUGE-1 Eval D1046-A.M.100.H.1 R:0.29921 P:0.32759 F:0.31276
---------------------------------------------
1 ROUGE-2 Average_R: 0.06699 (95%-conf.int. 0.05482 - 0.07943)
1 ROUGE-2 Average_P: 0.07214 (95%-conf.int. 0.05923 - 0.08549)
1 ROUGE-2 Average_F: 0.06934 (95%-conf.int. 0.05686 - 0.08236)
.............................................
1 ROUGE-2 Eval D1001-A.M.100.A.1 R:0.08787 P:0.10294 F:0.09481
1 ROUGE-2 Eval D1002-A.M.100.A.1 R:0.02128 P:0.02778 F:0.02410
1 ROUGE-2 Eval D1003-A.M.100.A.1 R:0.05727 P:0.05417 F:0.05568
1 ROUGE-2 Eval D1004-A.M.100.A.1 R:0.10504 P:0.10417 F:0.10460
1 ROUGE-2 Eval D1005-A.M.100.A.1 R:0.00417 P:0.00676 F:0.00516
1 ROUGE-2 Eval D1006-A.M.100.A.1 R:0.03113 P:0.04255 F:0.03595
1 ROUGE-2 Eval D1007-A.M.100.B.1 R:0.07240 P:0.07843 F:0.07529
1 ROUGE-2 Eval D1008-A.M.100.B.1 R:0.02459 P:0.03191 F:0.02778
1 ROUGE-2 Eval D1009-A.M.100.B.1 R:0.04955 P:0.05093 F:0.05023
1 ROUGE-2 Eval D1010-A.M.100.B.1 R:0.13008 P:0.12698 F:0.12851
1 ROUGE-2 Eval D1011-A.M.100.C.1 R:0.05702 P:0.06915 F:0.06250
1 ROUGE-2 Eval D1012-A.M.100.C.1 R:0.05372 P:0.05508 F:0.05439
1 ROUGE-2 Eval D1013-A.M.100.C.1 R:0.18776 P:0.21296 F:0.19957
1 ROUGE-2 Eval D1014-A.M.100.C.1 R:0.02553 P:0.02885 F:0.02709
1 ROUGE-2 Eval D1015-A.M.100.C.1 R:0.11111 P:0.12083 F:0.11577
1 ROUGE-2 Eval D1016-A.M.100.C.1 R:0.12785 P:0.12069 F:0.12417
1 ROUGE-2 Eval D1017-A.M.100.D.1 R:0.01245 P:0.01562 F:0.01386
1 ROUGE-2 Eval D1018-A.M.100.D.1 R:0.08936 P:0.10714 F:0.09745
1 ROUGE-2 Eval D1019-A.M.100.D.1 R:0.04237 P:0.04386 F:0.04310
1 ROUGE-2 Eval D1020-A.M.100.D.1 R:0.03782 P:0.04245 F:0.04000
1 ROUGE-2 Eval D1021-A.M.100.D.1 R:0.11207 P:0.11207 F:0.11207
1 ROUGE-2 Eval D1022-A.M.100.D.1 R:0.11915 P:0.12281 F:0.12095
1 ROUGE-2 Eval D1023-A.M.100.E.1 R:0.03782 P:0.04091 F:0.03930
1 ROUGE-2 Eval D1024-A.M.100.E.1 R:0.15678 P:0.17130 F:0.16372
1 ROUGE-2 Eval D1025-A.M.100.E.1 R:0.01802 P:0.02041 F:0.01914
1 ROUGE-2 Eval D1026-A.M.100.E.1 R:0.03913 P:0.04018 F:0.03965
1 ROUGE-2 Eval D1027-A.M.100.E.1 R:0.10484 P:0.10833 F:0.10656
1 ROUGE-2 Eval D1028-A.M.100.E.1 R:0.07627 P:0.07759 F:0.07692
1 ROUGE-2 Eval D1029-A.M.100.F.1 R:0.01695 P:0.01887 F:0.01786
1 ROUGE-2 Eval D1030-A.M.100.F.1 R:0.02823 P:0.03804 F:0.03241
1 ROUGE-2 Eval D1031-A.M.100.F.1 R:0.03734 P:0.03814 F:0.03774
1 ROUGE-2 Eval D1032-A.M.100.F.1 R:0.08140 P:0.10714 F:0.09251
1 ROUGE-2 Eval D1033-A.M.100.F.1 R:0.11765 P:0.11290 F:0.11523
1 ROUGE-2 Eval D1034-A.M.100.F.1 R:0.00000 P:0.00000 F:0.00000
1 ROUGE-2 Eval D1035-A.M.100.G.1 R:0.07025 P:0.08019 F:0.07489
1 ROUGE-2 Eval D1036-A.M.100.G.1 R:0.01245 P:0.01415 F:0.01325
1 ROUGE-2 Eval D1037-A.M.100.G.1 R:0.02830 P:0.02727 F:0.02778
1 ROUGE-2 Eval D1038-A.M.100.G.1 R:0.05578 P:0.06250 F:0.05895
1 ROUGE-2 Eval D1039-A.M.100.G.1 R:0.06224 P:0.06579 F:0.06397
1 ROUGE-2 Eval D1040-A.M.100.G.1 R:0.09091 P:0.09906 F:0.09481
1 ROUGE-2 Eval D1041-A.M.100.H.1 R:0.08400 P:0.08898 F:0.08642
1 ROUGE-2 Eval D1042-A.M.100.H.1 R:0.08676 P:0.09135 F:0.08900
1 ROUGE-2 Eval D1043-A.M.100.H.1 R:0.06897 P:0.06780 F:0.06838
1 ROUGE-2 Eval D1044-A.M.100.H.1 R:0.08155 P:0.08636 F:0.08389
1 ROUGE-2 Eval D1045-A.M.100.H.1 R:0.09200 P:0.10088 F:0.09624
1 ROUGE-2 Eval D1046-A.M.100.H.1 R:0.08400 P:0.09211 F:0.08787
