---------------------------------------------
1 ROUGE-1 Average_R: 0.23612 (95%-conf.int. 0.21352 - 0.25692)
1 ROUGE-1 Average_P: 0.27582 (95%-conf.int. 0.25657 - 0.29298)
1 ROUGE-1 Average_F: 0.25219 (95%-conf.int. 0.23171 - 0.27089)
.............................................
1 ROUGE-1 Eval D1001-A.M.100.A.1 R:0.06173 P:0.10135 F:0.07673
1 ROUGE-1 Eval D1002-A.M.100.A.1 R:0.25105 P:0.27273 F:0.26144
1 ROUGE-1 Eval D1003-A.M.100.A.1 R:0.27706 P:0.25397 F:0.26501
1 ROUGE-1 Eval D1004-A.M.100.A.1 R:0.22727 P:0.27500 F:0.24887
1 ROUGE-1 Eval D1005-A.M.100.A.1 R:0.29508 P:0.33333 F:0.31304
1 ROUGE-1 Eval D1006-A.M.100.A.1 R:0.19923 P:0.28889 F:0.23583
1 ROUGE-1 Eval D1007-A.M.100.B.1 R:0.28889 P:0.27542 F:0.28199
1 ROUGE-1 Eval D1008-A.M.100.B.1 R:0.09677 P:0.23077 F:0.13636
1 ROUGE-1 Eval D1009-A.M.100.B.1 R:0.19469 P:0.24444 F:0.21675
1 ROUGE-1 Eval D1010-A.M.100.B.1 R:0.31200 P:0.30952 F:0.31076
1 ROUGE-1 Eval D1011-A.M.100.C.1 R:0.17241 P:0.32258 F:0.22472
1 ROUGE-1 Eval D1012-A.M.100.C.1 R:0.26016 P:0.31373 F:0.28444
1 ROUGE-1 Eval D1013-A.M.100.C.1 R:0.12048 P:0.23438 F:0.15915
1 ROUGE-1 Eval D1014-A.M.100.C.1 R:0.17573 P:0.18103 F:0.17834
1 ROUGE-1 Eval D1015-A.M.100.C.1 R:0.26792 P:0.27734 F:0.27255
1 ROUGE-1 Eval D1016-A.M.100.C.1 R:0.31390 P:0.29661 F:0.30501
1 ROUGE-1 Eval D1017-A.M.100.D.1 R:0.07755 P:0.15833 F:0.10411
1 ROUGE-1 Eval D1018-A.M.100.D.1 R:0.32636 P:0.31452 F:0.32033
1 ROUGE-1 Eval D1019-A.M.100.D.1 R:0.25000 P:0.30612 F:0.27523
1 ROUGE-1 Eval D1020-A.M.100.D.1 R:0.21488 P:0.27083 F:0.23963
1 ROUGE-1 Eval D1021-A.M.100.D.1 R:0.19915 P:0.24479 F:0.21962
1 ROUGE-1 Eval D1022-A.M.100.D.1 R:0.32636 P:0.34211 F:0.33405
1 ROUGE-1 Eval D1023-A.M.100.E.1 R:0.21074 P:0.25000 F:0.22870
1 ROUGE-1 Eval D1024-A.M.100.E.1 R:0.30833 P:0.31356 F:0.31092
1 ROUGE-1 Eval D1025-A.M.100.E.1 R:0.30088 P:0.28333 F:0.29184
1 ROUGE-1 Eval D1026-A.M.100.E.1 R:0.13248 P:0.18023 F:0.15271
1 ROUGE-1 Eval D1027-A.M.100.E.1 R:0.32143 P:0.38942 F:0.35217
1 ROUGE-1 Eval D1028-A.M.100.E.1 R:0.37500 P:0.37500 F:0.37500
1 ROUGE-1 Eval D1029-A.M.100.F.1 R:0.27917 P:0.25769 F:0.26800
1 ROUGE-1 Eval D1030-A.M.100.F.1 R:0.21825 P:0.29891 F:0.25229
1 ROUGE-1 Eval D1031-A.M.100.F.1 R:0.18776 P:0.23000 F:0.20674
1 ROUGE-1 Eval D1032-A.M.100.F.1 R:0.29008 P:0.33333 F:0.31020
1 ROUGE-1 Eval D1033-A.M.100.F.1 R:0.26860 P:0.23897 F:0.25292
1 ROUGE-1 Eval D1034-A.M.100.F.1 R:0.13580 P:0.16837 F:0.15034
1 ROUGE-1 Eval D1035-A.M.100.G.1 R:0.16667 P:0.21354 F:0.18722
1 ROUGE-1 Eval D1036-A.M.100.G.1 R:0.22041 P:0.30682 F:0.25653
1 ROUGE-1 Eval D1037-A.M.100.G.1 R:0.19907 P:0.30714 F:0.24157
1 ROUGE-1 Eval D1038-A.M.100.G.1 R:0.19608 P:0.23585 F:0.21413
1 ROUGE-1 Eval D1039-A.M.100.G.1 R:0.32653 P:0.36364 F:0.34409
1 ROUGE-1 Eval D1040-A.M.100.G.1 R:0.22979 P:0.27000 F:0.24828
1 ROUGE-1 Eval D1041-A.M.100.H.1 R:0.15354 P:0.19898 F:0.17333
1 ROUGE-1 Eval D1042-A.M.100.H.1 R:0.25112 P:0.30435 F:0.27518
1 ROUGE-1 Eval D1043-A.M.100.H.1 R:0.29661 P:0.32407 F:0.30973
1 ROUGE-1 Eval D1044-A.M.100.H.1 R:0.30802 P:0.35784 F:0.33107
1 ROUGE-1 Eval D1045-A.M.100.H.1 R:0.31496 P:0.37037 F:0.34043
1 ROUGE-1 Eval D1046-A.M.100.H.1 R:0.29528 P:0.29762 F:0.29645
---------------------------------------------
1 ROUGE-2 Average_R: 0.05422 (95%-conf.int. 0.04310 - 0.06466)
1 ROUGE-2 Average_P: 0.06152 (95%-conf.int. 0.05025 - 0.07275)
1 ROUGE-2 Average_F: 0.05726 (95%-conf.int. 0.04596 - 0.06817)
.............................................
1 ROUGE-2 Eval D1001-A.M.100.A.1 R:0.03347 P:0.05556 F:0.04177
1 ROUGE-2 Eval D1002-A.M.100.A.1 R:0.08936 P:0.09722 F:0.09312
1 ROUGE-2 Eval D1003-A.M.100.A.1 R:0.07048 P:0.06452 F:0.06737
1 ROUGE-2 Eval D1004-A.M.100.A.1 R:0.04202 P:0.05102 F:0.04608
1 ROUGE-2 Eval D1005-A.M.100.A.1 R:0.04583 P:0.05189 F:0.04867
1 ROUGE-2 Eval D1006-A.M.100.A.1 R:0.01167 P:0.01705 F:0.01386
1 ROUGE-2 Eval D1007-A.M.100.B.1 R:0.05882 P:0.05603 F:0.05739
1 ROUGE-2 Eval D1008-A.M.100.B.1 R:0.00000 P:0.00000 F:0.00000
1 ROUGE-2 Eval D1009-A.M.100.B.1 R:0.06306 P:0.07955 F:0.07035
1 ROUGE-2 Eval D1010-A.M.100.B.1 R:0.11789 P:0.11694 F:0.11741
1 ROUGE-2 Eval D1011-A.M.100.C.1 R:0.05263 P:0.10000 F:0.06896
1 ROUGE-2 Eval D1012-A.M.100.C.1 R:0.07025 P:0.08500 F:0.07692
1 ROUGE-2 Eval D1013-A.M.100.C.1 R:0.02041 P:0.04032 F:0.02710
1 ROUGE-2 Eval D1014-A.M.100.C.1 R:0.00851 P:0.00877 F:0.00864
1 ROUGE-2 Eval D1015-A.M.100.C.1 R:0.10345 P:0.10714 F:0.10526
1 ROUGE-2 Eval D1016-A.M.100.C.1 R:0.07306 P:0.06897 F:0.07096
1 ROUGE-2 Eval D1017-A.M.100.D.1 R:0.00000 P:0.00000 F:0.00000
1 ROUGE-2 Eval D1018-A.M.100.D.1 R:0.10213 P:0.09836 F:0.10021
1 ROUGE-2 Eval D1019-A.M.100.D.1 R:0.03390 P:0.04167 F:0.03739
1 ROUGE-2 Eval D1020-A.M.100.D.1 R:0.01681 P:0.02128 F:0.01878
1 ROUGE-2 Eval D1021-A.M.100.D.1 R:0.06034 P:0.07447 F:0.06666
1 ROUGE-2 Eval D1022-A.M.100.D.1 R:0.06383 P:0.06696 F:0.06536
1 ROUGE-2 Eval D1023-A.M.100.E.1 R:0.02101 P:0.02500 F:0.02283
1 ROUGE-2 Eval D1024-A.M.100.E.1 R:0.11017 P:0.11207 F:0.11111
1 ROUGE-2 Eval D1025-A.M.100.E.1 R:0.09459 P:0.08898 F:0.09170
1 ROUGE-2 Eval D1026-A.M.100.E.1 R:0.00000 P:0.00000 F:0.00000
1 ROUGE-2 Eval D1027-A.M.100.E.1 R:0.13710 P:0.16667 F:0.15045
1 ROUGE-2 Eval D1028-A.M.100.E.1 R:0.11017 P:0.11017 F:0.11017
1 ROUGE-2 Eval D1029-A.M.100.F.1 R:0.06780 P:0.06250 F:0.06504
1 ROUGE-2 Eval D1030-A.M.100.F.1 R:0.07258 P:0.10000 F:0.08411
1 ROUGE-2 Eval D1031-A.M.100.F.1 R:0.02075 P:0.02551 F:0.02289
1 ROUGE-2 Eval D1032-A.M.100.F.1 R:0.09302 P:0.10714 F:0.09958
1 ROUGE-2 Eval D1033-A.M.100.F.1 R:0.03361 P:0.02985 F:0.03162
1 ROUGE-2 Eval D1034-A.M.100.F.1 R:0.00000 P:0.00000 F:0.00000
1 ROUGE-2 Eval D1035-A.M.100.G.1 R:0.03719 P:0.04787 F:0.04186
1 ROUGE-2 Eval D1036-A.M.100.G.1 R:0.02490 P:0.03488 F:0.02906
1 ROUGE-2 Eval D1037-A.M.100.G.1 R:0.01415 P:0.02206 F:0.01724
1 ROUGE-2 Eval D1038-A.M.100.G.1 R:0.05976 P:0.07212 F:0.06536
1 ROUGE-2 Eval D1039-A.M.100.G.1 R:0.10788 P:0.12037 F:0.11378
1 ROUGE-2 Eval D1040-A.M.100.G.1 R:0.04762 P:0.05612 F:0.05152
1 ROUGE-2 Eval D1041-A.M.100.H.1 R:0.02000 P:0.02604 F:0.02262
1 ROUGE-2 Eval D1042-A.M.100.H.1 R:0.05936 P:0.07222 F:0.06516
1 ROUGE-2 Eval D1043-A.M.100.H.1 R:0.06897 P:0.07547 F:0.07207
1 ROUGE-2 Eval D1044-A.M.100.H.1 R:0.06867 P:0.08000 F:0.07390
1 ROUGE-2 Eval D1045-A.M.100.H.1 R:0.04800 P:0.05660 F:0.05195
1 ROUGE-2 Eval D1046-A.M.100.H.1 R:0.05600 P:0.05645 F:0.05622
