---------------------------------------------
1 ROUGE-1 Average_R: 0.26681 (95%-conf.int. 0.24706 - 0.28719)
1 ROUGE-1 Average_P: 0.29265 (95%-conf.int. 0.27348 - 0.31331)
1 ROUGE-1 Average_F: 0.27808 (95%-conf.int. 0.25935 - 0.29849)
.............................................
1 ROUGE-1 Eval D1001-A.M.100.A.1 R:0.31276 P:0.36538 F:0.33703
1 ROUGE-1 Eval D1002-A.M.100.A.1 R:0.24268 P:0.30208 F:0.26914
1 ROUGE-1 Eval D1003-A.M.100.A.1 R:0.25108 P:0.23770 F:0.24421
1 ROUGE-1 Eval D1004-A.M.100.A.1 R:0.32645 P:0.32377 F:0.32510
1 ROUGE-1 Eval D1005-A.M.100.A.1 R:0.25410 P:0.29808 F:0.27434
1 ROUGE-1 Eval D1006-A.M.100.A.1 R:0.22989 P:0.34091 F:0.27460
1 ROUGE-1 Eval D1007-A.M.100.B.1 R:0.25778 P:0.25000 F:0.25383
1 ROUGE-1 Eval D1008-A.M.100.B.1 R:0.22984 P:0.31667 F:0.26636
1 ROUGE-1 Eval D1009-A.M.100.B.1 R:0.15929 P:0.20000 F:0.17734
1 ROUGE-1 Eval D1010-A.M.100.B.1 R:0.27200 P:0.33333 F:0.29956
1 ROUGE-1 Eval D1011-A.M.100.C.1 R:0.17241 P:0.25641 F:0.20618
1 ROUGE-1 Eval D1012-A.M.100.C.1 R:0.25203 P:0.27193 F:0.26160
1 ROUGE-1 Eval D1013-A.M.100.C.1 R:0.36948 P:0.44231 F:0.40263
1 ROUGE-1 Eval D1014-A.M.100.C.1 R:0.18828 P:0.21226 F:0.19955
1 ROUGE-1 Eval D1015-A.M.100.C.1 R:0.18491 P:0.20417 F:0.19406
1 ROUGE-1 Eval D1016-A.M.100.C.1 R:0.27354 P:0.27727 F:0.27539
1 ROUGE-1 Eval D1017-A.M.100.D.1 R:0.22041 P:0.25000 F:0.23427
1 ROUGE-1 Eval D1018-A.M.100.D.1 R:0.29289 P:0.26515 F:0.27833
1 ROUGE-1 Eval D1019-A.M.100.D.1 R:0.38750 P:0.38115 F:0.38430
1 ROUGE-1 Eval D1020-A.M.100.D.1 R:0.24380 P:0.26818 F:0.25541
1 ROUGE-1 Eval D1021-A.M.100.D.1 R:0.33051 P:0.30469 F:0.31708
1 ROUGE-1 Eval D1022-A.M.100.D.1 R:0.33891 P:0.35526 F:0.34689
1 ROUGE-1 Eval D1023-A.M.100.E.1 R:0.28099 P:0.28814 F:0.28452
1 ROUGE-1 Eval D1024-A.M.100.E.1 R:0.39167 P:0.40517 F:0.39831
1 ROUGE-1 Eval D1025-A.M.100.E.1 R:0.29646 P:0.27016 F:0.28270
1 ROUGE-1 Eval D1026-A.M.100.E.1 R:0.12393 P:0.14216 F:0.13242
1 ROUGE-1 Eval D1027-A.M.100.E.1 R:0.41667 P:0.46053 F:0.43750
1 ROUGE-1 Eval D1028-A.M.100.E.1 R:0.35000 P:0.36842 F:0.35897
1 ROUGE-1 Eval D1029-A.M.100.F.1 R:0.24583 P:0.24583 F:0.24583
1 ROUGE-1 Eval D1030-A.M.100.F.1 R:0.23016 P:0.29000 F:0.25664
1 ROUGE-1 Eval D1031-A.M.100.F.1 R:0.17551 P:0.19196 F:0.18337
1 ROUGE-1 Eval D1032-A.M.100.F.1 R:0.28244 P:0.33636 F:0.30705
1 ROUGE-1 Eval D1033-A.M.100.F.1 R:0.35124 P:0.30357 F:0.32567
1 ROUGE-1 Eval D1034-A.M.100.F.1 R:0.12757 P:0.14352 F:0.13508
1 ROUGE-1 Eval D1035-A.M.100.G.1 R:0.22764 P:0.28000 F:0.25112
1 ROUGE-1 Eval D1036-A.M.100.G.1 R:0.17143 P:0.25000 F:0.20339
1 ROUGE-1 Eval D1037-A.M.100.G.1 R:0.31481 P:0.32692 F:0.32075
1 ROUGE-1 Eval D1038-A.M.100.G.1 R:0.16471 P:0.20192 F:0.18143
1 ROUGE-1 Eval D1039-A.M.100.G.1 R:0.31429 P:0.33190 F:0.32286
1 ROUGE-1 Eval D1040-A.M.100.G.1 R:0.25532 P:0.31250 F:0.28103
1 ROUGE-1 Eval D1041-A.M.100.H.1 R:0.25591 P:0.30093 F:0.27660
1 ROUGE-1 Eval D1042-A.M.100.H.1 R:0.26457 P:0.25431 F:0.25934
1 ROUGE-1 Eval D1043-A.M.100.H.1 R:0.30932 P:0.30417 F:0.30672
1 ROUGE-1 Eval D1044-A.M.100.H.1 R:0.32489 P:0.35000 F:0.33698
1 ROUGE-1 Eval D1045-A.M.100.H.1 R:0.31102 P:0.34052 F:0.32510
1 ROUGE-1 Eval D1046-A.M.100.H.1 R:0.32677 P:0.33468 F:0.33068
---------------------------------------------
1 ROUGE-2 Average_R: 0.07433 (95%-conf.int. 0.06239 - 0.08598)
1 ROUGE-2 Average_P: 0.08037 (95%-conf.int. 0.06862 - 0.09251)
1 ROUGE-2 Average_F: 0.07694 (95%-conf.int. 0.06492 - 0.08876)
.............................................
1 ROUGE-2 Eval D1001-A.M.100.A.1 R:0.08368 P:0.09804 F:0.09029
1 ROUGE-2 Eval D1002-A.M.100.A.1 R:0.06809 P:0.08511 F:0.07565
1 ROUGE-2 Eval D1003-A.M.100.A.1 R:0.04405 P:0.04167 F:0.04283
1 ROUGE-2 Eval D1004-A.M.100.A.1 R:0.10504 P:0.10417 F:0.10460
1 ROUGE-2 Eval D1005-A.M.100.A.1 R:0.04167 P:0.04902 F:0.04505
1 ROUGE-2 Eval D1006-A.M.100.A.1 R:0.03502 P:0.05233 F:0.04196
1 ROUGE-2 Eval D1007-A.M.100.B.1 R:0.09050 P:0.08772 F:0.08909
1 ROUGE-2 Eval D1008-A.M.100.B.1 R:0.02869 P:0.03977 F:0.03333
1 ROUGE-2 Eval D1009-A.M.100.B.1 R:0.03153 P:0.03977 F:0.03517
1 ROUGE-2 Eval D1010-A.M.100.B.1 R:0.09350 P:0.11500 F:0.10314
1 ROUGE-2 Eval D1011-A.M.100.C.1 R:0.05702 P:0.08553 F:0.06842
1 ROUGE-2 Eval D1012-A.M.100.C.1 R:0.04959 P:0.05357 F:0.05150
1 ROUGE-2 Eval D1013-A.M.100.C.1 R:0.18367 P:0.22059 F:0.20044
1 ROUGE-2 Eval D1014-A.M.100.C.1 R:0.01277 P:0.01442 F:0.01354
1 ROUGE-2 Eval D1015-A.M.100.C.1 R:0.06130 P:0.06780 F:0.06439
1 ROUGE-2 Eval D1016-A.M.100.C.1 R:0.06393 P:0.06481 F:0.06437
1 ROUGE-2 Eval D1017-A.M.100.D.1 R:0.03734 P:0.04245 F:0.03973
1 ROUGE-2 Eval D1018-A.M.100.D.1 R:0.12340 P:0.11154 F:0.11717
1 ROUGE-2 Eval D1019-A.M.100.D.1 R:0.09746 P:0.09583 F:0.09664
1 ROUGE-2 Eval D1020-A.M.100.D.1 R:0.03782 P:0.04167 F:0.03965
1 ROUGE-2 Eval D1021-A.M.100.D.1 R:0.12931 P:0.11905 F:0.12397
1 ROUGE-2 Eval D1022-A.M.100.D.1 R:0.11489 P:0.12054 F:0.11765
1 ROUGE-2 Eval D1023-A.M.100.E.1 R:0.04622 P:0.04741 F:0.04681
1 ROUGE-2 Eval D1024-A.M.100.E.1 R:0.13983 P:0.14474 F:0.14224
1 ROUGE-2 Eval D1025-A.M.100.E.1 R:0.11712 P:0.10656 F:0.11159
1 ROUGE-2 Eval D1026-A.M.100.E.1 R:0.03043 P:0.03500 F:0.03256
1 ROUGE-2 Eval D1027-A.M.100.E.1 R:0.16935 P:0.18750 F:0.17796
1 ROUGE-2 Eval D1028-A.M.100.E.1 R:0.08051 P:0.08482 F:0.08261
1 ROUGE-2 Eval D1029-A.M.100.F.1 R:0.04661 P:0.04661 F:0.04661
1 ROUGE-2 Eval D1030-A.M.100.F.1 R:0.06855 P:0.08673 F:0.07658
1 ROUGE-2 Eval D1031-A.M.100.F.1 R:0.02905 P:0.03182 F:0.03037
1 ROUGE-2 Eval D1032-A.M.100.F.1 R:0.05814 P:0.06944 F:0.06329
1 ROUGE-2 Eval D1033-A.M.100.F.1 R:0.13866 P:0.11957 F:0.12841
1 ROUGE-2 Eval D1034-A.M.100.F.1 R:0.00418 P:0.00472 F:0.00443
1 ROUGE-2 Eval D1035-A.M.100.G.1 R:0.07025 P:0.08673 F:0.07762
1 ROUGE-2 Eval D1036-A.M.100.G.1 R:0.01245 P:0.01829 F:0.01482
1 ROUGE-2 Eval D1037-A.M.100.G.1 R:0.05660 P:0.05882 F:0.05769
1 ROUGE-2 Eval D1038-A.M.100.G.1 R:0.03984 P:0.04902 F:0.04396
1 ROUGE-2 Eval D1039-A.M.100.G.1 R:0.10373 P:0.10965 F:0.10661
1 ROUGE-2 Eval D1040-A.M.100.G.1 R:0.08658 P:0.10638 F:0.09546
1 ROUGE-2 Eval D1041-A.M.100.H.1 R:0.06400 P:0.07547 F:0.06926
1 ROUGE-2 Eval D1042-A.M.100.H.1 R:0.09132 P:0.08772 F:0.08948
1 ROUGE-2 Eval D1043-A.M.100.H.1 R:0.12931 P:0.12712 F:0.12821
1 ROUGE-2 Eval D1044-A.M.100.H.1 R:0.08584 P:0.09259 F:0.08909
1 ROUGE-2 Eval D1045-A.M.100.H.1 R:0.07600 P:0.08333 F:0.07950
1 ROUGE-2 Eval D1046-A.M.100.H.1 R:0.09200 P:0.09426 F:0.09312
