---------------------------------------------
1 ROUGE-1 Average_R: 0.22838 (95%-conf.int. 0.20922 - 0.24692)
1 ROUGE-1 Average_P: 0.25461 (95%-conf.int. 0.23434 - 0.27534)
1 ROUGE-1 Average_F: 0.24026 (95%-conf.int. 0.22063 - 0.25908)
.............................................
1 ROUGE-1 Eval D1001-A.M.100.A.1 R:0.24280 P:0.27830 F:0.25934
1 ROUGE-1 Eval D1002-A.M.100.A.1 R:0.18410 P:0.23913 F:0.20804
1 ROUGE-1 Eval D1003-A.M.100.A.1 R:0.21212 P:0.21491 F:0.21351
1 ROUGE-1 Eval D1004-A.M.100.A.1 R:0.33884 P:0.34167 F:0.34025
1 ROUGE-1 Eval D1005-A.M.100.A.1 R:0.19262 P:0.25000 F:0.21759
1 ROUGE-1 Eval D1006-A.M.100.A.1 R:0.15326 P:0.20000 F:0.17354
1 ROUGE-1 Eval D1007-A.M.100.B.1 R:0.20889 P:0.23500 F:0.22118
1 ROUGE-1 Eval D1008-A.M.100.B.1 R:0.16129 P:0.17857 F:0.16949
1 ROUGE-1 Eval D1009-A.M.100.B.1 R:0.10177 P:0.12234 F:0.11111
1 ROUGE-1 Eval D1010-A.M.100.B.1 R:0.26800 P:0.25769 F:0.26274
1 ROUGE-1 Eval D1011-A.M.100.C.1 R:0.25000 P:0.25000 F:0.25000
1 ROUGE-1 Eval D1012-A.M.100.C.1 R:0.21138 P:0.27660 F:0.23963
1 ROUGE-1 Eval D1013-A.M.100.C.1 R:0.30522 P:0.37255 F:0.33554
1 ROUGE-1 Eval D1014-A.M.100.C.1 R:0.18410 P:0.18966 F:0.18684
1 ROUGE-1 Eval D1015-A.M.100.C.1 R:0.30189 P:0.33898 F:0.31936
1 ROUGE-1 Eval D1016-A.M.100.C.1 R:0.31390 P:0.33654 F:0.32483
1 ROUGE-1 Eval D1017-A.M.100.D.1 R:0.17143 P:0.19444 F:0.18221
1 ROUGE-1 Eval D1018-A.M.100.D.1 R:0.26778 P:0.30189 F:0.28381
1 ROUGE-1 Eval D1019-A.M.100.D.1 R:0.32083 P:0.31557 F:0.31818
1 ROUGE-1 Eval D1020-A.M.100.D.1 R:0.24793 P:0.27778 F:0.26201
1 ROUGE-1 Eval D1021-A.M.100.D.1 R:0.20339 P:0.22642 F:0.21429
1 ROUGE-1 Eval D1022-A.M.100.D.1 R:0.27197 P:0.27083 F:0.27140
1 ROUGE-1 Eval D1023-A.M.100.E.1 R:0.24380 P:0.25431 F:0.24894
1 ROUGE-1 Eval D1024-A.M.100.E.1 R:0.34167 P:0.35965 F:0.35043
1 ROUGE-1 Eval D1025-A.M.100.E.1 R:0.18584 P:0.19444 F:0.19004
1 ROUGE-1 Eval D1026-A.M.100.E.1 R:0.13248 P:0.14091 F:0.13657
1 ROUGE-1 Eval D1027-A.M.100.E.1 R:0.34524 P:0.39545 F:0.36864
1 ROUGE-1 Eval D1028-A.M.100.E.1 R:0.20833 P:0.23585 F:0.22124
1 ROUGE-1 Eval D1029-A.M.100.F.1 R:0.16667 P:0.18182 F:0.17392
1 ROUGE-1 Eval D1030-A.M.100.F.1 R:0.15873 P:0.19608 F:0.17544
1 ROUGE-1 Eval D1031-A.M.100.F.1 R:0.21224 P:0.22034 F:0.21621
1 ROUGE-1 Eval D1032-A.M.100.F.1 R:0.23664 P:0.35227 F:0.28310
1 ROUGE-1 Eval D1033-A.M.100.F.1 R:0.30579 P:0.29839 F:0.30204
1 ROUGE-1 Eval D1034-A.M.100.F.1 R:0.11523 P:0.13725 F:0.12528
1 ROUGE-1 Eval D1035-A.M.100.G.1 R:0.21951 P:0.28125 F:0.24657
1 ROUGE-1 Eval D1036-A.M.100.G.1 R:0.05306 P:0.06019 F:0.05640
1 ROUGE-1 Eval D1037-A.M.100.G.1 R:0.19444 P:0.20192 F:0.19811
1 ROUGE-1 Eval D1038-A.M.100.G.1 R:0.20784 P:0.22458 F:0.21589
1 ROUGE-1 Eval D1039-A.M.100.G.1 R:0.20816 P:0.20565 F:0.20690
1 ROUGE-1 Eval D1040-A.M.100.G.1 R:0.28085 P:0.33000 F:0.30345
1 ROUGE-1 Eval D1041-A.M.100.H.1 R:0.22047 P:0.24138 F:0.23045
1 ROUGE-1 Eval D1042-A.M.100.H.1 R:0.24215 P:0.25962 F:0.25058
1 ROUGE-1 Eval D1043-A.M.100.H.1 R:0.20763 P:0.22273 F:0.21492
1 ROUGE-1 Eval D1044-A.M.100.H.1 R:0.31646 P:0.36058 F:0.33708
1 ROUGE-1 Eval D1045-A.M.100.H.1 R:0.31102 P:0.37981 F:0.34199
1 ROUGE-1 Eval D1046-A.M.100.H.1 R:0.29921 P:0.32759 F:0.31276
---------------------------------------------
1 ROUGE-2 Average_R: 0.05939 (95%-conf.int. 0.04816 - 0.06936)
1 ROUGE-2 Average_P: 0.06583 (95%-conf.int. 0.05371 - 0.07736)
1 ROUGE-2 Average_F: 0.06232 (95%-conf.int. 0.05053 - 0.07305)
.............................................
1 ROUGE-2 Eval D1001-A.M.100.A.1 R:0.08368 P:0.09615 F:0.08948
1 ROUGE-2 Eval D1002-A.M.100.A.1 R:0.02553 P:0.03333 F:0.02891
1 ROUGE-2 Eval D1003-A.M.100.A.1 R:0.03084 P:0.03125 F:0.03104
1 ROUGE-2 Eval D1004-A.M.100.A.1 R:0.10504 P:0.10593 F:0.10548
1 ROUGE-2 Eval D1005-A.M.100.A.1 R:0.01667 P:0.02174 F:0.01887
1 ROUGE-2 Eval D1006-A.M.100.A.1 R:0.01556 P:0.02041 F:0.01766
1 ROUGE-2 Eval D1007-A.M.100.B.1 R:0.04072 P:0.04592 F:0.04316
1 ROUGE-2 Eval D1008-A.M.100.B.1 R:0.03279 P:0.03636 F:0.03448
1 ROUGE-2 Eval D1009-A.M.100.B.1 R:0.00901 P:0.01087 F:0.00985
1 ROUGE-2 Eval D1010-A.M.100.B.1 R:0.13008 P:0.12500 F:0.12749
1 ROUGE-2 Eval D1011-A.M.100.C.1 R:0.09649 P:0.09649 F:0.09649
1 ROUGE-2 Eval D1012-A.M.100.C.1 R:0.03306 P:0.04348 F:0.03756
1 ROUGE-2 Eval D1013-A.M.100.C.1 R:0.15102 P:0.18500 F:0.16629
1 ROUGE-2 Eval D1014-A.M.100.C.1 R:0.01702 P:0.01754 F:0.01728
1 ROUGE-2 Eval D1015-A.M.100.C.1 R:0.11877 P:0.13362 F:0.12576
1 ROUGE-2 Eval D1016-A.M.100.C.1 R:0.04566 P:0.04902 F:0.04728
1 ROUGE-2 Eval D1017-A.M.100.D.1 R:0.01660 P:0.01887 F:0.01766
1 ROUGE-2 Eval D1018-A.M.100.D.1 R:0.11489 P:0.12981 F:0.12190
1 ROUGE-2 Eval D1019-A.M.100.D.1 R:0.07627 P:0.07500 F:0.07563
1 ROUGE-2 Eval D1020-A.M.100.D.1 R:0.04202 P:0.04717 F:0.04445
1 ROUGE-2 Eval D1021-A.M.100.D.1 R:0.08190 P:0.09135 F:0.08637
1 ROUGE-2 Eval D1022-A.M.100.D.1 R:0.05532 P:0.05508 F:0.05520
1 ROUGE-2 Eval D1023-A.M.100.E.1 R:0.03361 P:0.03509 F:0.03433
1 ROUGE-2 Eval D1024-A.M.100.E.1 R:0.11441 P:0.12054 F:0.11740
1 ROUGE-2 Eval D1025-A.M.100.E.1 R:0.04505 P:0.04717 F:0.04609
1 ROUGE-2 Eval D1026-A.M.100.E.1 R:0.03478 P:0.03704 F:0.03587
1 ROUGE-2 Eval D1027-A.M.100.E.1 R:0.11290 P:0.12963 F:0.12069
1 ROUGE-2 Eval D1028-A.M.100.E.1 R:0.05508 P:0.06250 F:0.05856
1 ROUGE-2 Eval D1029-A.M.100.F.1 R:0.01695 P:0.01852 F:0.01770
1 ROUGE-2 Eval D1030-A.M.100.F.1 R:0.00806 P:0.01000 F:0.00893
1 ROUGE-2 Eval D1031-A.M.100.F.1 R:0.06224 P:0.06466 F:0.06343
1 ROUGE-2 Eval D1032-A.M.100.F.1 R:0.04651 P:0.06977 F:0.05581
1 ROUGE-2 Eval D1033-A.M.100.F.1 R:0.08403 P:0.08197 F:0.08299
1 ROUGE-2 Eval D1034-A.M.100.F.1 R:0.00418 P:0.00500 F:0.00455
1 ROUGE-2 Eval D1035-A.M.100.G.1 R:0.07851 P:0.10106 F:0.08837
1 ROUGE-2 Eval D1036-A.M.100.G.1 R:0.00830 P:0.00943 F:0.00883
1 ROUGE-2 Eval D1037-A.M.100.G.1 R:0.02830 P:0.02941 F:0.02884
1 ROUGE-2 Eval D1038-A.M.100.G.1 R:0.05179 P:0.05603 F:0.05383
1 ROUGE-2 Eval D1039-A.M.100.G.1 R:0.04149 P:0.04098 F:0.04123
1 ROUGE-2 Eval D1040-A.M.100.G.1 R:0.09091 P:0.10714 F:0.09836
1 ROUGE-2 Eval D1041-A.M.100.H.1 R:0.09600 P:0.10526 F:0.10042
1 ROUGE-2 Eval D1042-A.M.100.H.1 R:0.07763 P:0.08333 F:0.08038
1 ROUGE-2 Eval D1043-A.M.100.H.1 R:0.06466 P:0.06944 F:0.06696
1 ROUGE-2 Eval D1044-A.M.100.H.1 R:0.09442 P:0.10784 F:0.10068
1 ROUGE-2 Eval D1045-A.M.100.H.1 R:0.06400 P:0.07843 F:0.07048
1 ROUGE-2 Eval D1046-A.M.100.H.1 R:0.08400 P:0.09211 F:0.08787
