---------------------------------------------
1 ROUGE-1 Average_R: 0.11069 (95%-conf.int. 0.09577 - 0.12661)
1 ROUGE-1 Average_P: 0.46057 (95%-conf.int. 0.42036 - 0.50127)
1 ROUGE-1 Average_F: 0.17357 (95%-conf.int. 0.15211 - 0.19637)
.............................................
1 ROUGE-1 Eval D1001-A.M.100.A.1 R:0.18519 P:0.59211 F:0.28214
1 ROUGE-1 Eval D1002-A.M.100.A.1 R:0.18410 P:0.50000 F:0.26911
1 ROUGE-1 Eval D1003-A.M.100.A.1 R:0.11688 P:0.39706 F:0.18060
1 ROUGE-1 Eval D1004-A.M.100.A.1 R:0.16116 P:0.44318 F:0.23637
1 ROUGE-1 Eval D1005-A.M.100.A.1 R:0.07787 P:0.31667 F:0.12500
1 ROUGE-1 Eval D1006-A.M.100.A.1 R:0.14943 P:0.46429 F:0.22609
1 ROUGE-1 Eval D1007-A.M.100.B.1 R:0.13778 P:0.43056 F:0.20876
1 ROUGE-1 Eval D1008-A.M.100.B.1 R:0.10081 P:0.34722 F:0.15625
1 ROUGE-1 Eval D1009-A.M.100.B.1 R:0.10619 P:0.75000 F:0.18604
1 ROUGE-1 Eval D1010-A.M.100.B.1 R:0.09600 P:0.50000 F:0.16107
1 ROUGE-1 Eval D1011-A.M.100.C.1 R:0.03879 P:0.37500 F:0.07031
1 ROUGE-1 Eval D1012-A.M.100.C.1 R:0.13008 P:0.44444 F:0.20126
1 ROUGE-1 Eval D1013-A.M.100.C.1 R:0.04819 P:0.75000 F:0.09056
1 ROUGE-1 Eval D1014-A.M.100.C.1 R:0.05439 P:0.40625 F:0.09594
1 ROUGE-1 Eval D1015-A.M.100.C.1 R:0.16226 P:0.51190 F:0.24641
1 ROUGE-1 Eval D1016-A.M.100.C.1 R:0.18834 P:0.58333 F:0.28474
1 ROUGE-1 Eval D1017-A.M.100.D.1 R:0.03673 P:0.28125 F:0.06497
1 ROUGE-1 Eval D1018-A.M.100.D.1 R:0.18828 P:0.62500 F:0.28938
1 ROUGE-1 Eval D1019-A.M.100.D.1 R:0.18750 P:0.53571 F:0.27778
1 ROUGE-1 Eval D1020-A.M.100.D.1 R:0.02893 P:0.29167 F:0.05264
1 ROUGE-1 Eval D1021-A.M.100.D.1 R:0.02966 P:0.58333 F:0.05645
1 ROUGE-1 Eval D1022-A.M.100.D.1 R:0.20084 P:0.52174 F:0.29003
1 ROUGE-1 Eval D1023-A.M.100.E.1 R:0.13636 P:0.43421 F:0.20754
1 ROUGE-1 Eval D1024-A.M.100.E.1 R:0.12917 P:0.64583 F:0.21528
1 ROUGE-1 Eval D1025-A.M.100.E.1 R:0.15929 P:0.56250 F:0.24827
1 ROUGE-1 Eval D1026-A.M.100.E.1 R:0.05128 P:0.30000 F:0.08759
1 ROUGE-1 Eval D1027-A.M.100.E.1 R:0.13095 P:0.51562 F:0.20886
1 ROUGE-1 Eval D1028-A.M.100.E.1 R:0.08750 P:0.47727 F:0.14789
1 ROUGE-1 Eval D1029-A.M.100.F.1 R:0.03333 P:0.25000 F:0.05882
1 ROUGE-1 Eval D1030-A.M.100.F.1 R:0.02381 P:0.50000 F:0.04546
1 ROUGE-1 Eval D1031-A.M.100.F.1 R:0.07755 P:0.21591 F:0.11411
1 ROUGE-1 Eval D1032-A.M.100.F.1 R:0.14122 P:0.46250 F:0.21637
1 ROUGE-1 Eval D1033-A.M.100.F.1 R:0.11570 P:0.31818 F:0.16969
1 ROUGE-1 Eval D1034-A.M.100.F.1 R:0.01646 P:0.14286 F:0.02952
1 ROUGE-1 Eval D1035-A.M.100.G.1 R:0.12602 P:0.51667 F:0.20262
1 ROUGE-1 Eval D1036-A.M.100.G.1 R:0.00408 P:0.05000 F:0.00754
1 ROUGE-1 Eval D1037-A.M.100.G.1 R:0.15741 P:0.42500 F:0.22973
1 ROUGE-1 Eval D1038-A.M.100.G.1 R:0.07843 P:0.38462 F:0.13029
1 ROUGE-1 Eval D1039-A.M.100.G.1 R:0.13878 P:0.40476 F:0.20669
1 ROUGE-1 Eval D1040-A.M.100.G.1 R:0.11915 P:0.53846 F:0.19512
1 ROUGE-1 Eval D1041-A.M.100.H.1 R:0.14961 P:0.55882 F:0.23603
1 ROUGE-1 Eval D1042-A.M.100.H.1 R:0.17040 P:0.45238 F:0.24755
1 ROUGE-1 Eval D1043-A.M.100.H.1 R:0.08051 P:0.79167 F:0.14616
1 ROUGE-1 Eval D1044-A.M.100.H.1 R:0.09283 P:0.50000 F:0.15659
1 ROUGE-1 Eval D1045-A.M.100.H.1 R:0.14961 P:0.59375 F:0.23900
1 ROUGE-1 Eval D1046-A.M.100.H.1 R:0.12205 P:0.51667 F:0.19746
---------------------------------------------
1 ROUGE-2 Average_R: 0.03483 (95%-conf.int. 0.02811 - 0.04217)
1 ROUGE-2 Average_P: 0.15486 (95%-conf.int. 0.12572 - 0.18449)
1 ROUGE-2 Average_F: 0.05502 (95%-conf.int. 0.04472 - 0.06613)
.............................................
1 ROUGE-2 Eval D1001-A.M.100.A.1 R:0.04603 P:0.15278 F:0.07075
1 ROUGE-2 Eval D1002-A.M.100.A.1 R:0.05957 P:0.16667 F:0.08777
1 ROUGE-2 Eval D1003-A.M.100.A.1 R:0.02643 P:0.09375 F:0.04124
1 ROUGE-2 Eval D1004-A.M.100.A.1 R:0.04622 P:0.13095 F:0.06832
1 ROUGE-2 Eval D1005-A.M.100.A.1 R:0.00417 P:0.01786 F:0.00676
1 ROUGE-2 Eval D1006-A.M.100.A.1 R:0.03502 P:0.11250 F:0.05341
1 ROUGE-2 Eval D1007-A.M.100.B.1 R:0.03167 P:0.10294 F:0.04844
1 ROUGE-2 Eval D1008-A.M.100.B.1 R:0.02049 P:0.07353 F:0.03205
1 ROUGE-2 Eval D1009-A.M.100.B.1 R:0.04505 P:0.35714 F:0.08001
1 ROUGE-2 Eval D1010-A.M.100.B.1 R:0.04472 P:0.25000 F:0.07587
1 ROUGE-2 Eval D1011-A.M.100.C.1 R:0.01754 P:0.20000 F:0.03225
1 ROUGE-2 Eval D1012-A.M.100.C.1 R:0.02066 P:0.07353 F:0.03226
1 ROUGE-2 Eval D1013-A.M.100.C.1 R:0.01633 P:0.33333 F:0.03113
1 ROUGE-2 Eval D1014-A.M.100.C.1 R:0.00426 P:0.03571 F:0.00761
1 ROUGE-2 Eval D1015-A.M.100.C.1 R:0.06897 P:0.22500 F:0.10558
1 ROUGE-2 Eval D1016-A.M.100.C.1 R:0.06393 P:0.20588 F:0.09756
1 ROUGE-2 Eval D1017-A.M.100.D.1 R:0.00000 P:0.00000 F:0.00000
1 ROUGE-2 Eval D1018-A.M.100.D.1 R:0.10213 P:0.35294 F:0.15842
1 ROUGE-2 Eval D1019-A.M.100.D.1 R:0.03390 P:0.10000 F:0.05063
1 ROUGE-2 Eval D1020-A.M.100.D.1 R:0.00420 P:0.05000 F:0.00775
1 ROUGE-2 Eval D1021-A.M.100.D.1 R:0.01293 P:0.37500 F:0.02500
1 ROUGE-2 Eval D1022-A.M.100.D.1 R:0.10213 P:0.27273 F:0.14861
1 ROUGE-2 Eval D1023-A.M.100.E.1 R:0.03361 P:0.11111 F:0.05161
1 ROUGE-2 Eval D1024-A.M.100.E.1 R:0.04237 P:0.22727 F:0.07142
1 ROUGE-2 Eval D1025-A.M.100.E.1 R:0.05856 P:0.21667 F:0.09220
1 ROUGE-2 Eval D1026-A.M.100.E.1 R:0.02174 P:0.13889 F:0.03760
1 ROUGE-2 Eval D1027-A.M.100.E.1 R:0.06452 P:0.26667 F:0.10390
1 ROUGE-2 Eval D1028-A.M.100.E.1 R:0.02119 P:0.12500 F:0.03624
1 ROUGE-2 Eval D1029-A.M.100.F.1 R:0.00000 P:0.00000 F:0.00000
1 ROUGE-2 Eval D1030-A.M.100.F.1 R:0.00000 P:0.00000 F:0.00000
1 ROUGE-2 Eval D1031-A.M.100.F.1 R:0.01660 P:0.04762 F:0.02462
1 ROUGE-2 Eval D1032-A.M.100.F.1 R:0.05814 P:0.19737 F:0.08982
1 ROUGE-2 Eval D1033-A.M.100.F.1 R:0.03361 P:0.09524 F:0.04969
1 ROUGE-2 Eval D1034-A.M.100.F.1 R:0.00000 P:0.00000 F:0.00000
1 ROUGE-2 Eval D1035-A.M.100.G.1 R:0.04545 P:0.19643 F:0.07382
1 ROUGE-2 Eval D1036-A.M.100.G.1 R:0.00000 P:0.00000 F:0.00000
1 ROUGE-2 Eval D1037-A.M.100.G.1 R:0.04245 P:0.11842 F:0.06250
1 ROUGE-2 Eval D1038-A.M.100.G.1 R:0.02390 P:0.12500 F:0.04013
1 ROUGE-2 Eval D1039-A.M.100.G.1 R:0.04564 P:0.13750 F:0.06853
1 ROUGE-2 Eval D1040-A.M.100.G.1 R:0.03896 P:0.18750 F:0.06451
1 ROUGE-2 Eval D1041-A.M.100.H.1 R:0.05200 P:0.20312 F:0.08280
1 ROUGE-2 Eval D1042-A.M.100.H.1 R:0.06849 P:0.18750 F:0.10033
1 ROUGE-2 Eval D1043-A.M.100.H.1 R:0.03448 P:0.40000 F:0.06349
1 ROUGE-2 Eval D1044-A.M.100.H.1 R:0.03433 P:0.20000 F:0.05860
1 ROUGE-2 Eval D1045-A.M.100.H.1 R:0.03600 P:0.15000 F:0.05806
1 ROUGE-2 Eval D1046-A.M.100.H.1 R:0.02400 P:0.10714 F:0.03922
