---------------------------------------------
1 ROUGE-1 Average_R: 0.21405 (95%-conf.int. 0.19223 - 0.23542)
1 ROUGE-1 Average_P: 0.28064 (95%-conf.int. 0.25874 - 0.30155)
1 ROUGE-1 Average_F: 0.24063 (95%-conf.int. 0.21918 - 0.26176)
.............................................
1 ROUGE-1 Eval D1001-A.M.100.A.1 R:0.10288 P:0.18382 F:0.13192
1 ROUGE-1 Eval D1002-A.M.100.A.1 R:0.18410 P:0.23404 F:0.20609
1 ROUGE-1 Eval D1003-A.M.100.A.1 R:0.28139 P:0.26210 F:0.27140
1 ROUGE-1 Eval D1004-A.M.100.A.1 R:0.22314 P:0.29348 F:0.25352
1 ROUGE-1 Eval D1005-A.M.100.A.1 R:0.24180 P:0.34302 F:0.28365
1 ROUGE-1 Eval D1006-A.M.100.A.1 R:0.22989 P:0.38462 F:0.28777
1 ROUGE-1 Eval D1007-A.M.100.B.1 R:0.26667 P:0.31250 F:0.28777
1 ROUGE-1 Eval D1008-A.M.100.B.1 R:0.10887 P:0.21094 F:0.14362
1 ROUGE-1 Eval D1009-A.M.100.B.1 R:0.20796 P:0.35606 F:0.26257
1 ROUGE-1 Eval D1010-A.M.100.B.1 R:0.34400 P:0.37719 F:0.35983
1 ROUGE-1 Eval D1011-A.M.100.C.1 R:0.08621 P:0.19231 F:0.11905
1 ROUGE-1 Eval D1012-A.M.100.C.1 R:0.21545 P:0.30814 F:0.25359
1 ROUGE-1 Eval D1013-A.M.100.C.1 R:0.12851 P:0.25806 F:0.17158
1 ROUGE-1 Eval D1014-A.M.100.C.1 R:0.12971 P:0.12705 F:0.12837
1 ROUGE-1 Eval D1015-A.M.100.C.1 R:0.19623 P:0.18841 F:0.19224
1 ROUGE-1 Eval D1016-A.M.100.C.1 R:0.26457 P:0.31383 F:0.28710
1 ROUGE-1 Eval D1017-A.M.100.D.1 R:0.14694 P:0.21429 F:0.17434
1 ROUGE-1 Eval D1018-A.M.100.D.1 R:0.30126 P:0.37500 F:0.33411
1 ROUGE-1 Eval D1019-A.M.100.D.1 R:0.20833 P:0.31250 F:0.25000
1 ROUGE-1 Eval D1020-A.M.100.D.1 R:0.19421 P:0.30128 F:0.23618
1 ROUGE-1 Eval D1021-A.M.100.D.1 R:0.13136 P:0.22794 F:0.16667
1 ROUGE-1 Eval D1022-A.M.100.D.1 R:0.27615 P:0.32353 F:0.29797
1 ROUGE-1 Eval D1023-A.M.100.E.1 R:0.15702 P:0.19792 F:0.17511
1 ROUGE-1 Eval D1024-A.M.100.E.1 R:0.13750 P:0.17935 F:0.15566
1 ROUGE-1 Eval D1025-A.M.100.E.1 R:0.31858 P:0.34615 F:0.33179
1 ROUGE-1 Eval D1026-A.M.100.E.1 R:0.12393 P:0.21324 F:0.15676
1 ROUGE-1 Eval D1027-A.M.100.E.1 R:0.36905 P:0.44712 F:0.40435
1 ROUGE-1 Eval D1028-A.M.100.E.1 R:0.34583 P:0.43229 F:0.38426
1 ROUGE-1 Eval D1029-A.M.100.F.1 R:0.25417 P:0.25417 F:0.25417
1 ROUGE-1 Eval D1030-A.M.100.F.1 R:0.07937 P:0.13158 F:0.09901
1 ROUGE-1 Eval D1031-A.M.100.F.1 R:0.15510 P:0.23171 F:0.18582
1 ROUGE-1 Eval D1032-A.M.100.F.1 R:0.24809 P:0.33163 F:0.28384
1 ROUGE-1 Eval D1033-A.M.100.F.1 R:0.19835 P:0.18462 F:0.19124
1 ROUGE-1 Eval D1034-A.M.100.F.1 R:0.13580 P:0.17188 F:0.15172
1 ROUGE-1 Eval D1035-A.M.100.G.1 R:0.23577 P:0.30851 F:0.26728
1 ROUGE-1 Eval D1036-A.M.100.G.1 R:0.12653 P:0.22794 F:0.16273
1 ROUGE-1 Eval D1037-A.M.100.G.1 R:0.16204 P:0.25000 F:0.19663
1 ROUGE-1 Eval D1038-A.M.100.G.1 R:0.12157 P:0.22794 F:0.15857
1 ROUGE-1 Eval D1039-A.M.100.G.1 R:0.29388 P:0.42857 F:0.34867
1 ROUGE-1 Eval D1040-A.M.100.G.1 R:0.27660 P:0.36111 F:0.31326
1 ROUGE-1 Eval D1041-A.M.100.H.1 R:0.23622 P:0.33333 F:0.27650
1 ROUGE-1 Eval D1042-A.M.100.H.1 R:0.25561 P:0.29688 F:0.27470
1 ROUGE-1 Eval D1043-A.M.100.H.1 R:0.22881 P:0.24545 F:0.23684
1 ROUGE-1 Eval D1044-A.M.100.H.1 R:0.31646 P:0.36058 F:0.33708
1 ROUGE-1 Eval D1045-A.M.100.H.1 R:0.31102 P:0.34052 F:0.32510
1 ROUGE-1 Eval D1046-A.M.100.H.1 R:0.28346 P:0.30508 F:0.29387
---------------------------------------------
1 ROUGE-2 Average_R: 0.05001 (95%-conf.int. 0.04016 - 0.06024)
1 ROUGE-2 Average_P: 0.06429 (95%-conf.int. 0.05214 - 0.07701)
1 ROUGE-2 Average_F: 0.05576 (95%-conf.int. 0.04503 - 0.06689)
.............................................
1 ROUGE-2 Eval D1001-A.M.100.A.1 R:0.03766 P:0.06818 F:0.04852
1 ROUGE-2 Eval D1002-A.M.100.A.1 R:0.03830 P:0.04891 F:0.04296
1 ROUGE-2 Eval D1003-A.M.100.A.1 R:0.07930 P:0.07377 F:0.07644
1 ROUGE-2 Eval D1004-A.M.100.A.1 R:0.04622 P:0.06111 F:0.05263
1 ROUGE-2 Eval D1005-A.M.100.A.1 R:0.04167 P:0.05952 F:0.04902
1 ROUGE-2 Eval D1006-A.M.100.A.1 R:0.05058 P:0.08553 F:0.06357
1 ROUGE-2 Eval D1007-A.M.100.B.1 R:0.07692 P:0.09043 F:0.08313
1 ROUGE-2 Eval D1008-A.M.100.B.1 R:0.00410 P:0.00806 F:0.00544
1 ROUGE-2 Eval D1009-A.M.100.B.1 R:0.09009 P:0.15625 F:0.11429
1 ROUGE-2 Eval D1010-A.M.100.B.1 R:0.15854 P:0.17411 F:0.16596
1 ROUGE-2 Eval D1011-A.M.100.C.1 R:0.01754 P:0.04000 F:0.02439
1 ROUGE-2 Eval D1012-A.M.100.C.1 R:0.04132 P:0.05952 F:0.04878
1 ROUGE-2 Eval D1013-A.M.100.C.1 R:0.03673 P:0.07500 F:0.04931
1 ROUGE-2 Eval D1014-A.M.100.C.1 R:0.00851 P:0.00833 F:0.00842
1 ROUGE-2 Eval D1015-A.M.100.C.1 R:0.05747 P:0.05515 F:0.05629
1 ROUGE-2 Eval D1016-A.M.100.C.1 R:0.07763 P:0.09239 F:0.08437
1 ROUGE-2 Eval D1017-A.M.100.D.1 R:0.00415 P:0.00610 F:0.00494
1 ROUGE-2 Eval D1018-A.M.100.D.1 R:0.12340 P:0.15426 F:0.13712
1 ROUGE-2 Eval D1019-A.M.100.D.1 R:0.03390 P:0.05128 F:0.04082
1 ROUGE-2 Eval D1020-A.M.100.D.1 R:0.02521 P:0.03947 F:0.03077
1 ROUGE-2 Eval D1021-A.M.100.D.1 R:0.01293 P:0.02273 F:0.01648
1 ROUGE-2 Eval D1022-A.M.100.D.1 R:0.06383 P:0.07500 F:0.06897
1 ROUGE-2 Eval D1023-A.M.100.E.1 R:0.01261 P:0.01596 F:0.01409
1 ROUGE-2 Eval D1024-A.M.100.E.1 R:0.01695 P:0.02222 F:0.01923
1 ROUGE-2 Eval D1025-A.M.100.E.1 R:0.09009 P:0.09804 F:0.09390
1 ROUGE-2 Eval D1026-A.M.100.E.1 R:0.00000 P:0.00000 F:0.00000
1 ROUGE-2 Eval D1027-A.M.100.E.1 R:0.12500 P:0.15196 F:0.13717
1 ROUGE-2 Eval D1028-A.M.100.E.1 R:0.09746 P:0.12234 F:0.10849
1 ROUGE-2 Eval D1029-A.M.100.F.1 R:0.06356 P:0.06356 F:0.06356
1 ROUGE-2 Eval D1030-A.M.100.F.1 R:0.00806 P:0.01351 F:0.01010
1 ROUGE-2 Eval D1031-A.M.100.F.1 R:0.00830 P:0.01250 F:0.00998
1 ROUGE-2 Eval D1032-A.M.100.F.1 R:0.06589 P:0.08854 F:0.07555
1 ROUGE-2 Eval D1033-A.M.100.F.1 R:0.04202 P:0.03906 F:0.04049
1 ROUGE-2 Eval D1034-A.M.100.F.1 R:0.00837 P:0.01064 F:0.00937
1 ROUGE-2 Eval D1035-A.M.100.G.1 R:0.06198 P:0.08152 F:0.07042
1 ROUGE-2 Eval D1036-A.M.100.G.1 R:0.00415 P:0.00758 F:0.00536
1 ROUGE-2 Eval D1037-A.M.100.G.1 R:0.00472 P:0.00735 F:0.00575
1 ROUGE-2 Eval D1038-A.M.100.G.1 R:0.02390 P:0.04545 F:0.03133
1 ROUGE-2 Eval D1039-A.M.100.G.1 R:0.10373 P:0.15244 F:0.12345
1 ROUGE-2 Eval D1040-A.M.100.G.1 R:0.09524 P:0.12500 F:0.10811
1 ROUGE-2 Eval D1041-A.M.100.H.1 R:0.05600 P:0.07955 F:0.06573
1 ROUGE-2 Eval D1042-A.M.100.H.1 R:0.06393 P:0.07447 F:0.06880
1 ROUGE-2 Eval D1043-A.M.100.H.1 R:0.06034 P:0.06481 F:0.06250
1 ROUGE-2 Eval D1044-A.M.100.H.1 R:0.06438 P:0.07353 F:0.06865
1 ROUGE-2 Eval D1045-A.M.100.H.1 R:0.04800 P:0.05263 F:0.05021
1 ROUGE-2 Eval D1046-A.M.100.H.1 R:0.05200 P:0.05603 F:0.05394
