---------------------------------------------
1 ROUGE-1 Average_R: 0.24998 (95%-conf.int. 0.23252 - 0.26698)
1 ROUGE-1 Average_P: 0.26138 (95%-conf.int. 0.24369 - 0.27996)
1 ROUGE-1 Average_F: 0.25517 (95%-conf.int. 0.23807 - 0.27293)
.............................................
1 ROUGE-1 Eval D1001-A.M.100.A.1 R:0.27984 P:0.33333 F:0.30425
1 ROUGE-1 Eval D1002-A.M.100.A.1 R:0.19665 P:0.24479 F:0.21810
1 ROUGE-1 Eval D1003-A.M.100.A.1 R:0.22078 P:0.21983 F:0.22030
1 ROUGE-1 Eval D1004-A.M.100.A.1 R:0.35537 P:0.35833 F:0.35684
1 ROUGE-1 Eval D1005-A.M.100.A.1 R:0.27459 P:0.32212 F:0.29646
1 ROUGE-1 Eval D1006-A.M.100.A.1 R:0.18391 P:0.20000 F:0.19162
1 ROUGE-1 Eval D1007-A.M.100.B.1 R:0.20889 P:0.23500 F:0.22118
1 ROUGE-1 Eval D1008-A.M.100.B.1 R:0.17339 P:0.16288 F:0.16797
1 ROUGE-1 Eval D1009-A.M.100.B.1 R:0.25221 P:0.25000 F:0.25110
1 ROUGE-1 Eval D1010-A.M.100.B.1 R:0.32400 P:0.30682 F:0.31518
1 ROUGE-1 Eval D1011-A.M.100.C.1 R:0.24138 P:0.22222 F:0.23140
1 ROUGE-1 Eval D1012-A.M.100.C.1 R:0.23984 P:0.25431 F:0.24686
1 ROUGE-1 Eval D1013-A.M.100.C.1 R:0.29317 P:0.30932 F:0.30103
1 ROUGE-1 Eval D1014-A.M.100.C.1 R:0.18410 P:0.20370 F:0.19340
1 ROUGE-1 Eval D1015-A.M.100.C.1 R:0.27547 P:0.28516 F:0.28023
1 ROUGE-1 Eval D1016-A.M.100.C.1 R:0.31390 P:0.31818 F:0.31603
1 ROUGE-1 Eval D1017-A.M.100.D.1 R:0.21224 P:0.22807 F:0.21987
1 ROUGE-1 Eval D1018-A.M.100.D.1 R:0.29289 P:0.26515 F:0.27833
1 ROUGE-1 Eval D1019-A.M.100.D.1 R:0.36667 P:0.34375 F:0.35484
1 ROUGE-1 Eval D1020-A.M.100.D.1 R:0.23140 P:0.24561 F:0.23829
1 ROUGE-1 Eval D1021-A.M.100.D.1 R:0.20763 P:0.22685 F:0.21681
1 ROUGE-1 Eval D1022-A.M.100.D.1 R:0.25523 P:0.26754 F:0.26124
1 ROUGE-1 Eval D1023-A.M.100.E.1 R:0.22314 P:0.22881 F:0.22594
1 ROUGE-1 Eval D1024-A.M.100.E.1 R:0.34583 P:0.35776 F:0.35169
1 ROUGE-1 Eval D1025-A.M.100.E.1 R:0.28761 P:0.28509 F:0.28634
1 ROUGE-1 Eval D1026-A.M.100.E.1 R:0.13248 P:0.13596 F:0.13420
1 ROUGE-1 Eval D1027-A.M.100.E.1 R:0.36905 P:0.43056 F:0.39744
1 ROUGE-1 Eval D1028-A.M.100.E.1 R:0.29167 P:0.28689 F:0.28926
1 ROUGE-1 Eval D1029-A.M.100.F.1 R:0.17083 P:0.17672 F:0.17373
1 ROUGE-1 Eval D1030-A.M.100.F.1 R:0.24206 P:0.24597 F:0.24400
1 ROUGE-1 Eval D1031-A.M.100.F.1 R:0.17143 P:0.18750 F:0.17911
1 ROUGE-1 Eval D1032-A.M.100.F.1 R:0.29771 P:0.34211 F:0.31837
1 ROUGE-1 Eval D1033-A.M.100.F.1 R:0.31405 P:0.29231 F:0.30279
1 ROUGE-1 Eval D1034-A.M.100.F.1 R:0.16872 P:0.18304 F:0.17559
1 ROUGE-1 Eval D1035-A.M.100.G.1 R:0.21545 P:0.24537 F:0.22944
1 ROUGE-1 Eval D1036-A.M.100.G.1 R:0.08571 P:0.09906 F:0.09190
1 ROUGE-1 Eval D1037-A.M.100.G.1 R:0.25926 P:0.25926 F:0.25926
1 ROUGE-1 Eval D1038-A.M.100.G.1 R:0.17255 P:0.17742 F:0.17495
1 ROUGE-1 Eval D1039-A.M.100.G.1 R:0.23673 P:0.26852 F:0.25162
1 ROUGE-1 Eval D1040-A.M.100.G.1 R:0.25957 P:0.28774 F:0.27293
1 ROUGE-1 Eval D1041-A.M.100.H.1 R:0.24016 P:0.28241 F:0.25958
1 ROUGE-1 Eval D1042-A.M.100.H.1 R:0.25561 P:0.25000 F:0.25277
1 ROUGE-1 Eval D1043-A.M.100.H.1 R:0.27966 P:0.26190 F:0.27049
1 ROUGE-1 Eval D1044-A.M.100.H.1 R:0.32489 P:0.31557 F:0.32016
1 ROUGE-1 Eval D1045-A.M.100.H.1 R:0.34646 P:0.38596 F:0.36514
1 ROUGE-1 Eval D1046-A.M.100.H.1 R:0.24409 P:0.25410 F:0.24899
---------------------------------------------
1 ROUGE-2 Average_R: 0.06857 (95%-conf.int. 0.05693 - 0.07899)
1 ROUGE-2 Average_P: 0.07132 (95%-conf.int. 0.05966 - 0.08227)
1 ROUGE-2 Average_F: 0.06980 (95%-conf.int. 0.05821 - 0.08033)
.............................................
1 ROUGE-2 Eval D1001-A.M.100.A.1 R:0.10879 P:0.13000 F:0.11845
1 ROUGE-2 Eval D1002-A.M.100.A.1 R:0.02553 P:0.03191 F:0.02837
1 ROUGE-2 Eval D1003-A.M.100.A.1 R:0.04405 P:0.04386 F:0.04395
1 ROUGE-2 Eval D1004-A.M.100.A.1 R:0.11765 P:0.11864 F:0.11814
1 ROUGE-2 Eval D1005-A.M.100.A.1 R:0.04167 P:0.04902 F:0.04505
1 ROUGE-2 Eval D1006-A.M.100.A.1 R:0.01167 P:0.01271 F:0.01217
1 ROUGE-2 Eval D1007-A.M.100.B.1 R:0.04072 P:0.04592 F:0.04316
1 ROUGE-2 Eval D1008-A.M.100.B.1 R:0.02869 P:0.02692 F:0.02778
1 ROUGE-2 Eval D1009-A.M.100.B.1 R:0.05856 P:0.05804 F:0.05830
1 ROUGE-2 Eval D1010-A.M.100.B.1 R:0.14228 P:0.13462 F:0.13834
1 ROUGE-2 Eval D1011-A.M.100.C.1 R:0.09211 P:0.08468 F:0.08824
1 ROUGE-2 Eval D1012-A.M.100.C.1 R:0.02893 P:0.03070 F:0.02979
1 ROUGE-2 Eval D1013-A.M.100.C.1 R:0.17143 P:0.18103 F:0.17610
1 ROUGE-2 Eval D1014-A.M.100.C.1 R:0.01277 P:0.01415 F:0.01342
1 ROUGE-2 Eval D1015-A.M.100.C.1 R:0.09195 P:0.09524 F:0.09357
1 ROUGE-2 Eval D1016-A.M.100.C.1 R:0.05479 P:0.05556 F:0.05517
1 ROUGE-2 Eval D1017-A.M.100.D.1 R:0.02905 P:0.03125 F:0.03011
1 ROUGE-2 Eval D1018-A.M.100.D.1 R:0.12340 P:0.11154 F:0.11717
1 ROUGE-2 Eval D1019-A.M.100.D.1 R:0.08051 P:0.07540 F:0.07787
1 ROUGE-2 Eval D1020-A.M.100.D.1 R:0.03361 P:0.03571 F:0.03463
1 ROUGE-2 Eval D1021-A.M.100.D.1 R:0.08190 P:0.08962 F:0.08559
1 ROUGE-2 Eval D1022-A.M.100.D.1 R:0.02553 P:0.02679 F:0.02614
1 ROUGE-2 Eval D1023-A.M.100.E.1 R:0.03361 P:0.03448 F:0.03404
1 ROUGE-2 Eval D1024-A.M.100.E.1 R:0.13559 P:0.14035 F:0.13793
1 ROUGE-2 Eval D1025-A.M.100.E.1 R:0.07658 P:0.07589 F:0.07623
1 ROUGE-2 Eval D1026-A.M.100.E.1 R:0.03913 P:0.04018 F:0.03965
1 ROUGE-2 Eval D1027-A.M.100.E.1 R:0.11694 P:0.13679 F:0.12609
1 ROUGE-2 Eval D1028-A.M.100.E.1 R:0.05932 P:0.05833 F:0.05882
1 ROUGE-2 Eval D1029-A.M.100.F.1 R:0.02119 P:0.02193 F:0.02155
1 ROUGE-2 Eval D1030-A.M.100.F.1 R:0.07258 P:0.07377 F:0.07317
1 ROUGE-2 Eval D1031-A.M.100.F.1 R:0.04564 P:0.05000 F:0.04772
1 ROUGE-2 Eval D1032-A.M.100.F.1 R:0.07752 P:0.08929 F:0.08299
1 ROUGE-2 Eval D1033-A.M.100.F.1 R:0.09664 P:0.08984 F:0.09312
1 ROUGE-2 Eval D1034-A.M.100.F.1 R:0.01674 P:0.01818 F:0.01743
1 ROUGE-2 Eval D1035-A.M.100.G.1 R:0.07851 P:0.08962 F:0.08370
1 ROUGE-2 Eval D1036-A.M.100.G.1 R:0.01660 P:0.01923 F:0.01782
1 ROUGE-2 Eval D1037-A.M.100.G.1 R:0.05660 P:0.05660 F:0.05660
1 ROUGE-2 Eval D1038-A.M.100.G.1 R:0.05179 P:0.05328 F:0.05252
1 ROUGE-2 Eval D1039-A.M.100.G.1 R:0.08299 P:0.09434 F:0.08830
1 ROUGE-2 Eval D1040-A.M.100.G.1 R:0.09091 P:0.10096 F:0.09567
1 ROUGE-2 Eval D1041-A.M.100.H.1 R:0.10400 P:0.12264 F:0.11255
1 ROUGE-2 Eval D1042-A.M.100.H.1 R:0.08676 P:0.08482 F:0.08578
1 ROUGE-2 Eval D1043-A.M.100.H.1 R:0.13793 P:0.12903 F:0.13333
1 ROUGE-2 Eval D1044-A.M.100.H.1 R:0.10300 P:0.10000 F:0.10148
1 ROUGE-2 Eval D1045-A.M.100.H.1 R:0.07200 P:0.08036 F:0.07595
1 ROUGE-2 Eval D1046-A.M.100.H.1 R:0.04000 P:0.04167 F:0.04082
