---------------------------------------------
1 ROUGE-1 Average_R: 0.25282 (95%-conf.int. 0.23390 - 0.27017)
1 ROUGE-1 Average_P: 0.27859 (95%-conf.int. 0.25960 - 0.29807)
1 ROUGE-1 Average_F: 0.26444 (95%-conf.int. 0.24549 - 0.28223)
.............................................
1 ROUGE-1 Eval D1001-A.M.100.A.1 R:0.27984 P:0.34000 F:0.30700
1 ROUGE-1 Eval D1002-A.M.100.A.1 R:0.18828 P:0.25568 F:0.21686
1 ROUGE-1 Eval D1003-A.M.100.A.1 R:0.27273 P:0.25820 F:0.26527
1 ROUGE-1 Eval D1004-A.M.100.A.1 R:0.35537 P:0.36441 F:0.35983
1 ROUGE-1 Eval D1005-A.M.100.A.1 R:0.24180 P:0.27830 F:0.25877
1 ROUGE-1 Eval D1006-A.M.100.A.1 R:0.16092 P:0.21000 F:0.18221
1 ROUGE-1 Eval D1007-A.M.100.B.1 R:0.20889 P:0.23500 F:0.22118
1 ROUGE-1 Eval D1008-A.M.100.B.1 R:0.15726 P:0.20312 F:0.17727
1 ROUGE-1 Eval D1009-A.M.100.B.1 R:0.15929 P:0.17647 F:0.16744
1 ROUGE-1 Eval D1010-A.M.100.B.1 R:0.30000 P:0.29297 F:0.29644
1 ROUGE-1 Eval D1011-A.M.100.C.1 R:0.20259 P:0.25543 F:0.22596
1 ROUGE-1 Eval D1012-A.M.100.C.1 R:0.23984 P:0.23790 F:0.23887
1 ROUGE-1 Eval D1013-A.M.100.C.1 R:0.30522 P:0.35849 F:0.32972
1 ROUGE-1 Eval D1014-A.M.100.C.1 R:0.18410 P:0.20000 F:0.19172
1 ROUGE-1 Eval D1015-A.M.100.C.1 R:0.30189 P:0.33898 F:0.31936
1 ROUGE-1 Eval D1016-A.M.100.C.1 R:0.31390 P:0.38043 F:0.34398
1 ROUGE-1 Eval D1017-A.M.100.D.1 R:0.20408 P:0.23585 F:0.21882
1 ROUGE-1 Eval D1018-A.M.100.D.1 R:0.29289 P:0.25362 F:0.27184
1 ROUGE-1 Eval D1019-A.M.100.D.1 R:0.36250 P:0.35081 F:0.35656
1 ROUGE-1 Eval D1020-A.M.100.D.1 R:0.23140 P:0.24561 F:0.23829
1 ROUGE-1 Eval D1021-A.M.100.D.1 R:0.28390 P:0.29911 F:0.29131
1 ROUGE-1 Eval D1022-A.M.100.D.1 R:0.33891 P:0.38942 F:0.36241
1 ROUGE-1 Eval D1023-A.M.100.E.1 R:0.21074 P:0.23182 F:0.22078
1 ROUGE-1 Eval D1024-A.M.100.E.1 R:0.31667 P:0.34545 F:0.33043
1 ROUGE-1 Eval D1025-A.M.100.E.1 R:0.23451 P:0.24537 F:0.23982
1 ROUGE-1 Eval D1026-A.M.100.E.1 R:0.13248 P:0.13596 F:0.13420
1 ROUGE-1 Eval D1027-A.M.100.E.1 R:0.36905 P:0.43056 F:0.39744
1 ROUGE-1 Eval D1028-A.M.100.E.1 R:0.31667 P:0.33929 F:0.32759
1 ROUGE-1 Eval D1029-A.M.100.F.1 R:0.13750 P:0.16500 F:0.15000
1 ROUGE-1 Eval D1030-A.M.100.F.1 R:0.26190 P:0.27966 F:0.27049
1 ROUGE-1 Eval D1031-A.M.100.F.1 R:0.20408 P:0.26596 F:0.23095
1 ROUGE-1 Eval D1032-A.M.100.F.1 R:0.28244 P:0.33636 F:0.30705
1 ROUGE-1 Eval D1033-A.M.100.F.1 R:0.34711 P:0.33871 F:0.34286
1 ROUGE-1 Eval D1034-A.M.100.F.1 R:0.16461 P:0.19608 F:0.17897
1 ROUGE-1 Eval D1035-A.M.100.G.1 R:0.24797 P:0.31771 F:0.27854
1 ROUGE-1 Eval D1036-A.M.100.G.1 R:0.11020 P:0.14362 F:0.12471
1 ROUGE-1 Eval D1037-A.M.100.G.1 R:0.25926 P:0.28571 F:0.27184
1 ROUGE-1 Eval D1038-A.M.100.G.1 R:0.19608 P:0.20833 F:0.20202
1 ROUGE-1 Eval D1039-A.M.100.G.1 R:0.27347 P:0.27917 F:0.27629
1 ROUGE-1 Eval D1040-A.M.100.G.1 R:0.25106 P:0.27830 F:0.26398
1 ROUGE-1 Eval D1041-A.M.100.H.1 R:0.22835 P:0.28431 F:0.25328
1 ROUGE-1 Eval D1042-A.M.100.H.1 R:0.26009 P:0.26852 F:0.26424
1 ROUGE-1 Eval D1043-A.M.100.H.1 R:0.29237 P:0.27823 F:0.28512
1 ROUGE-1 Eval D1044-A.M.100.H.1 R:0.32489 P:0.31557 F:0.32016
1 ROUGE-1 Eval D1045-A.M.100.H.1 R:0.34646 P:0.37931 F:0.36214
1 ROUGE-1 Eval D1046-A.M.100.H.1 R:0.29921 P:0.32759 F:0.31276
---------------------------------------------
1 ROUGE-2 Average_R: 0.07175 (95%-conf.int. 0.06080 - 0.08223)
1 ROUGE-2 Average_P: 0.07828 (95%-conf.int. 0.06652 - 0.08914)
1 ROUGE-2 Average_F: 0.07469 (95%-conf.int. 0.06348 - 0.08531)
.............................................
1 ROUGE-2 Eval D1001-A.M.100.A.1 R:0.10879 P:0.13265 F:0.11954
1 ROUGE-2 Eval D1002-A.M.100.A.1 R:0.02553 P:0.03488 F:0.02948
1 ROUGE-2 Eval D1003-A.M.100.A.1 R:0.04846 P:0.04583 F:0.04711
1 ROUGE-2 Eval D1004-A.M.100.A.1 R:0.11765 P:0.12069 F:0.11915
1 ROUGE-2 Eval D1005-A.M.100.A.1 R:0.04583 P:0.05288 F:0.04910
1 ROUGE-2 Eval D1006-A.M.100.A.1 R:0.01556 P:0.02041 F:0.01766
1 ROUGE-2 Eval D1007-A.M.100.B.1 R:0.04072 P:0.04592 F:0.04316
1 ROUGE-2 Eval D1008-A.M.100.B.1 R:0.02869 P:0.03723 F:0.03241
1 ROUGE-2 Eval D1009-A.M.100.B.1 R:0.04505 P:0.05000 F:0.04740
1 ROUGE-2 Eval D1010-A.M.100.B.1 R:0.14228 P:0.13889 F:0.14056
1 ROUGE-2 Eval D1011-A.M.100.C.1 R:0.06579 P:0.08333 F:0.07353
1 ROUGE-2 Eval D1012-A.M.100.C.1 R:0.03719 P:0.03689 F:0.03704
1 ROUGE-2 Eval D1013-A.M.100.C.1 R:0.15102 P:0.17788 F:0.16335
1 ROUGE-2 Eval D1014-A.M.100.C.1 R:0.02128 P:0.02315 F:0.02218
1 ROUGE-2 Eval D1015-A.M.100.C.1 R:0.11877 P:0.13362 F:0.12576
1 ROUGE-2 Eval D1016-A.M.100.C.1 R:0.05936 P:0.07222 F:0.06516
1 ROUGE-2 Eval D1017-A.M.100.D.1 R:0.03320 P:0.03846 F:0.03564
1 ROUGE-2 Eval D1018-A.M.100.D.1 R:0.12766 P:0.11029 F:0.11834
1 ROUGE-2 Eval D1019-A.M.100.D.1 R:0.08051 P:0.07787 F:0.07917
1 ROUGE-2 Eval D1020-A.M.100.D.1 R:0.03361 P:0.03571 F:0.03463
1 ROUGE-2 Eval D1021-A.M.100.D.1 R:0.12069 P:0.12727 F:0.12389
1 ROUGE-2 Eval D1022-A.M.100.D.1 R:0.10213 P:0.11765 F:0.10934
1 ROUGE-2 Eval D1023-A.M.100.E.1 R:0.03361 P:0.03704 F:0.03524
1 ROUGE-2 Eval D1024-A.M.100.E.1 R:0.11017 P:0.12037 F:0.11504
1 ROUGE-2 Eval D1025-A.M.100.E.1 R:0.07207 P:0.07547 F:0.07373
1 ROUGE-2 Eval D1026-A.M.100.E.1 R:0.03913 P:0.04018 F:0.03965
1 ROUGE-2 Eval D1027-A.M.100.E.1 R:0.11694 P:0.13679 F:0.12609
1 ROUGE-2 Eval D1028-A.M.100.E.1 R:0.10169 P:0.10909 F:0.10526
1 ROUGE-2 Eval D1029-A.M.100.F.1 R:0.00424 P:0.00510 F:0.00463
1 ROUGE-2 Eval D1030-A.M.100.F.1 R:0.06855 P:0.07328 F:0.07084
1 ROUGE-2 Eval D1031-A.M.100.F.1 R:0.04564 P:0.05978 F:0.05176
1 ROUGE-2 Eval D1032-A.M.100.F.1 R:0.05814 P:0.06944 F:0.06329
1 ROUGE-2 Eval D1033-A.M.100.F.1 R:0.13866 P:0.13525 F:0.13693
1 ROUGE-2 Eval D1034-A.M.100.F.1 R:0.02092 P:0.02500 F:0.02278
1 ROUGE-2 Eval D1035-A.M.100.G.1 R:0.07438 P:0.09574 F:0.08372
1 ROUGE-2 Eval D1036-A.M.100.G.1 R:0.01660 P:0.02174 F:0.01883
1 ROUGE-2 Eval D1037-A.M.100.G.1 R:0.03774 P:0.04167 F:0.03961
1 ROUGE-2 Eval D1038-A.M.100.G.1 R:0.05578 P:0.05932 F:0.05750
1 ROUGE-2 Eval D1039-A.M.100.G.1 R:0.09959 P:0.10169 F:0.10063
1 ROUGE-2 Eval D1040-A.M.100.G.1 R:0.09091 P:0.10096 F:0.09567
1 ROUGE-2 Eval D1041-A.M.100.H.1 R:0.10000 P:0.12500 F:0.11111
1 ROUGE-2 Eval D1042-A.M.100.H.1 R:0.08676 P:0.08962 F:0.08817
1 ROUGE-2 Eval D1043-A.M.100.H.1 R:0.11638 P:0.11066 F:0.11345
1 ROUGE-2 Eval D1044-A.M.100.H.1 R:0.10300 P:0.10000 F:0.10148
1 ROUGE-2 Eval D1045-A.M.100.H.1 R:0.06400 P:0.07018 F:0.06695
1 ROUGE-2 Eval D1046-A.M.100.H.1 R:0.08400 P:0.09211 F:0.08787
