---------------------------------------------
1 ROUGE-1 Average_R: 0.25636 (95%-conf.int. 0.23741 - 0.27468)
1 ROUGE-1 Average_P: 0.28266 (95%-conf.int. 0.26308 - 0.30222)
1 ROUGE-1 Average_F: 0.26830 (95%-conf.int. 0.24922 - 0.28649)
.............................................
1 ROUGE-1 Eval D1001-A.M.100.A.1 R:0.27984 P:0.32692 F:0.30155
1 ROUGE-1 Eval D1002-A.M.100.A.1 R:0.18828 P:0.25568 F:0.21686
1 ROUGE-1 Eval D1003-A.M.100.A.1 R:0.27273 P:0.25820 F:0.26527
1 ROUGE-1 Eval D1004-A.M.100.A.1 R:0.34711 P:0.33871 F:0.34286
1 ROUGE-1 Eval D1005-A.M.100.A.1 R:0.24180 P:0.27830 F:0.25877
1 ROUGE-1 Eval D1006-A.M.100.A.1 R:0.16092 P:0.21000 F:0.18221
1 ROUGE-1 Eval D1007-A.M.100.B.1 R:0.20889 P:0.23500 F:0.22118
1 ROUGE-1 Eval D1008-A.M.100.B.1 R:0.15726 P:0.20312 F:0.17727
1 ROUGE-1 Eval D1009-A.M.100.B.1 R:0.26991 P:0.28241 F:0.27602
1 ROUGE-1 Eval D1010-A.M.100.B.1 R:0.30000 P:0.29297 F:0.29644
1 ROUGE-1 Eval D1011-A.M.100.C.1 R:0.20259 P:0.25543 F:0.22596
1 ROUGE-1 Eval D1012-A.M.100.C.1 R:0.23984 P:0.23790 F:0.23887
1 ROUGE-1 Eval D1013-A.M.100.C.1 R:0.30522 P:0.35849 F:0.32972
1 ROUGE-1 Eval D1014-A.M.100.C.1 R:0.18410 P:0.20000 F:0.19172
1 ROUGE-1 Eval D1015-A.M.100.C.1 R:0.30189 P:0.33898 F:0.31936
1 ROUGE-1 Eval D1016-A.M.100.C.1 R:0.36771 P:0.43617 F:0.39902
1 ROUGE-1 Eval D1017-A.M.100.D.1 R:0.19184 P:0.20982 F:0.20043
1 ROUGE-1 Eval D1018-A.M.100.D.1 R:0.30544 P:0.30932 F:0.30737
1 ROUGE-1 Eval D1019-A.M.100.D.1 R:0.36250 P:0.35081 F:0.35656
1 ROUGE-1 Eval D1020-A.M.100.D.1 R:0.23140 P:0.24561 F:0.23829
1 ROUGE-1 Eval D1021-A.M.100.D.1 R:0.28390 P:0.29911 F:0.29131
1 ROUGE-1 Eval D1022-A.M.100.D.1 R:0.33891 P:0.38208 F:0.35920
1 ROUGE-1 Eval D1023-A.M.100.E.1 R:0.21074 P:0.23182 F:0.22078
1 ROUGE-1 Eval D1024-A.M.100.E.1 R:0.36250 P:0.38839 F:0.37500
1 ROUGE-1 Eval D1025-A.M.100.E.1 R:0.23451 P:0.25980 F:0.24651
1 ROUGE-1 Eval D1026-A.M.100.E.1 R:0.13248 P:0.13596 F:0.13420
1 ROUGE-1 Eval D1027-A.M.100.E.1 R:0.41667 P:0.43750 F:0.42683
1 ROUGE-1 Eval D1028-A.M.100.E.1 R:0.28750 P:0.31944 F:0.30263
1 ROUGE-1 Eval D1029-A.M.100.F.1 R:0.13750 P:0.16176 F:0.14865
1 ROUGE-1 Eval D1030-A.M.100.F.1 R:0.26190 P:0.27966 F:0.27049
1 ROUGE-1 Eval D1031-A.M.100.F.1 R:0.20408 P:0.26596 F:0.23095
1 ROUGE-1 Eval D1032-A.M.100.F.1 R:0.28244 P:0.33636 F:0.30705
1 ROUGE-1 Eval D1033-A.M.100.F.1 R:0.35124 P:0.34274 F:0.34694
1 ROUGE-1 Eval D1034-A.M.100.F.1 R:0.16461 P:0.19608 F:0.17897
1 ROUGE-1 Eval D1035-A.M.100.G.1 R:0.23984 P:0.31383 F:0.27189
1 ROUGE-1 Eval D1036-A.M.100.G.1 R:0.11020 P:0.14362 F:0.12471
1 ROUGE-1 Eval D1037-A.M.100.G.1 R:0.25926 P:0.28571 F:0.27184
1 ROUGE-1 Eval D1038-A.M.100.G.1 R:0.20784 P:0.22083 F:0.21414
1 ROUGE-1 Eval D1039-A.M.100.G.1 R:0.26122 P:0.30189 F:0.28009
1 ROUGE-1 Eval D1040-A.M.100.G.1 R:0.25106 P:0.28922 F:0.26879
1 ROUGE-1 Eval D1041-A.M.100.H.1 R:0.22835 P:0.28431 F:0.25328
1 ROUGE-1 Eval D1042-A.M.100.H.1 R:0.25561 P:0.26389 F:0.25968
1 ROUGE-1 Eval D1043-A.M.100.H.1 R:0.29237 P:0.27823 F:0.28512
1 ROUGE-1 Eval D1044-A.M.100.H.1 R:0.32489 P:0.31557 F:0.32016
1 ROUGE-1 Eval D1045-A.M.100.H.1 R:0.30315 P:0.34375 F:0.32218
1 ROUGE-1 Eval D1046-A.M.100.H.1 R:0.29921 P:0.32759 F:0.31276
---------------------------------------------
1 ROUGE-2 Average_R: 0.07314 (95%-conf.int. 0.06069 - 0.08520)
1 ROUGE-2 Average_P: 0.08008 (95%-conf.int. 0.06692 - 0.09245)
1 ROUGE-2 Average_F: 0.07630 (95%-conf.int. 0.06321 - 0.08838)
.............................................
1 ROUGE-2 Eval D1001-A.M.100.A.1 R:0.10879 P:0.12745 F:0.11738
1 ROUGE-2 Eval D1002-A.M.100.A.1 R:0.02553 P:0.03488 F:0.02948
1 ROUGE-2 Eval D1003-A.M.100.A.1 R:0.04846 P:0.04583 F:0.04711
1 ROUGE-2 Eval D1004-A.M.100.A.1 R:0.08403 P:0.08197 F:0.08299
1 ROUGE-2 Eval D1005-A.M.100.A.1 R:0.04583 P:0.05288 F:0.04910
1 ROUGE-2 Eval D1006-A.M.100.A.1 R:0.01556 P:0.02041 F:0.01766
1 ROUGE-2 Eval D1007-A.M.100.B.1 R:0.04072 P:0.04592 F:0.04316
1 ROUGE-2 Eval D1008-A.M.100.B.1 R:0.02869 P:0.03723 F:0.03241
1 ROUGE-2 Eval D1009-A.M.100.B.1 R:0.06757 P:0.07075 F:0.06912
1 ROUGE-2 Eval D1010-A.M.100.B.1 R:0.14228 P:0.13889 F:0.14056
1 ROUGE-2 Eval D1011-A.M.100.C.1 R:0.06579 P:0.08333 F:0.07353
1 ROUGE-2 Eval D1012-A.M.100.C.1 R:0.03719 P:0.03689 F:0.03704
1 ROUGE-2 Eval D1013-A.M.100.C.1 R:0.15102 P:0.17788 F:0.16335
1 ROUGE-2 Eval D1014-A.M.100.C.1 R:0.02128 P:0.02315 F:0.02218
1 ROUGE-2 Eval D1015-A.M.100.C.1 R:0.11877 P:0.13362 F:0.12576
1 ROUGE-2 Eval D1016-A.M.100.C.1 R:0.10502 P:0.12500 F:0.11414
1 ROUGE-2 Eval D1017-A.M.100.D.1 R:0.01245 P:0.01364 F:0.01302
1 ROUGE-2 Eval D1018-A.M.100.D.1 R:0.12766 P:0.12931 F:0.12848
1 ROUGE-2 Eval D1019-A.M.100.D.1 R:0.08051 P:0.07787 F:0.07917
1 ROUGE-2 Eval D1020-A.M.100.D.1 R:0.03361 P:0.03571 F:0.03463
1 ROUGE-2 Eval D1021-A.M.100.D.1 R:0.12069 P:0.12727 F:0.12389
1 ROUGE-2 Eval D1022-A.M.100.D.1 R:0.10213 P:0.11538 F:0.10835
1 ROUGE-2 Eval D1023-A.M.100.E.1 R:0.03361 P:0.03704 F:0.03524
1 ROUGE-2 Eval D1024-A.M.100.E.1 R:0.11441 P:0.12273 F:0.11842
1 ROUGE-2 Eval D1025-A.M.100.E.1 R:0.07658 P:0.08500 F:0.08057
1 ROUGE-2 Eval D1026-A.M.100.E.1 R:0.03913 P:0.04018 F:0.03965
1 ROUGE-2 Eval D1027-A.M.100.E.1 R:0.19758 P:0.20763 F:0.20248
1 ROUGE-2 Eval D1028-A.M.100.E.1 R:0.09746 P:0.10849 F:0.10268
1 ROUGE-2 Eval D1029-A.M.100.F.1 R:0.00000 P:0.00000 F:0.00000
1 ROUGE-2 Eval D1030-A.M.100.F.1 R:0.06855 P:0.07328 F:0.07084
1 ROUGE-2 Eval D1031-A.M.100.F.1 R:0.04564 P:0.05978 F:0.05176
1 ROUGE-2 Eval D1032-A.M.100.F.1 R:0.05814 P:0.06944 F:0.06329
1 ROUGE-2 Eval D1033-A.M.100.F.1 R:0.13866 P:0.13525 F:0.13693
1 ROUGE-2 Eval D1034-A.M.100.F.1 R:0.02092 P:0.02500 F:0.02278
1 ROUGE-2 Eval D1035-A.M.100.G.1 R:0.06198 P:0.08152 F:0.07042
1 ROUGE-2 Eval D1036-A.M.100.G.1 R:0.01660 P:0.02174 F:0.01883
1 ROUGE-2 Eval D1037-A.M.100.G.1 R:0.03774 P:0.04167 F:0.03961
1 ROUGE-2 Eval D1038-A.M.100.G.1 R:0.05578 P:0.05932 F:0.05750
1 ROUGE-2 Eval D1039-A.M.100.G.1 R:0.07054 P:0.08173 F:0.07572
1 ROUGE-2 Eval D1040-A.M.100.G.1 R:0.09091 P:0.10500 F:0.09745
1 ROUGE-2 Eval D1041-A.M.100.H.1 R:0.10000 P:0.12500 F:0.11111
1 ROUGE-2 Eval D1042-A.M.100.H.1 R:0.08676 P:0.08962 F:0.08817
1 ROUGE-2 Eval D1043-A.M.100.H.1 R:0.11638 P:0.11066 F:0.11345
1 ROUGE-2 Eval D1044-A.M.100.H.1 R:0.10300 P:0.10000 F:0.10148
1 ROUGE-2 Eval D1045-A.M.100.H.1 R:0.07600 P:0.08636 F:0.08085
1 ROUGE-2 Eval D1046-A.M.100.H.1 R:0.08400 P:0.09211 F:0.08787
