---------------------------------------------
1 ROUGE-1 Average_R: 0.13221 (95%-conf.int. 0.11931 - 0.14592)
1 ROUGE-1 Average_P: 0.41365 (95%-conf.int. 0.37768 - 0.45202)
1 ROUGE-1 Average_F: 0.19779 (95%-conf.int. 0.17897 - 0.21581)
.............................................
1 ROUGE-1 Eval D1001-A.M.100.A.1 R:0.18519 P:0.59211 F:0.28214
1 ROUGE-1 Eval D1002-A.M.100.A.1 R:0.18410 P:0.50000 F:0.26911
1 ROUGE-1 Eval D1003-A.M.100.A.1 R:0.11688 P:0.39706 F:0.18060
1 ROUGE-1 Eval D1004-A.M.100.A.1 R:0.16116 P:0.44318 F:0.23637
1 ROUGE-1 Eval D1005-A.M.100.A.1 R:0.07787 P:0.31667 F:0.12500
1 ROUGE-1 Eval D1006-A.M.100.A.1 R:0.14943 P:0.46429 F:0.22609
1 ROUGE-1 Eval D1007-A.M.100.B.1 R:0.13778 P:0.43056 F:0.20876
1 ROUGE-1 Eval D1008-A.M.100.B.1 R:0.10081 P:0.34722 F:0.15625
1 ROUGE-1 Eval D1009-A.M.100.B.1 R:0.08850 P:0.27778 F:0.13423
1 ROUGE-1 Eval D1010-A.M.100.B.1 R:0.12000 P:0.30000 F:0.17143
1 ROUGE-1 Eval D1011-A.M.100.C.1 R:0.10345 P:0.27273 F:0.15000
1 ROUGE-1 Eval D1012-A.M.100.C.1 R:0.13008 P:0.44444 F:0.20126
1 ROUGE-1 Eval D1013-A.M.100.C.1 R:0.13655 P:0.77273 F:0.23209
1 ROUGE-1 Eval D1014-A.M.100.C.1 R:0.07950 P:0.14844 F:0.10354
1 ROUGE-1 Eval D1015-A.M.100.C.1 R:0.16226 P:0.51190 F:0.24641
1 ROUGE-1 Eval D1016-A.M.100.C.1 R:0.18834 P:0.58333 F:0.28474
1 ROUGE-1 Eval D1017-A.M.100.D.1 R:0.11837 P:0.30208 F:0.17009
1 ROUGE-1 Eval D1018-A.M.100.D.1 R:0.12552 P:0.39474 F:0.19047
1 ROUGE-1 Eval D1019-A.M.100.D.1 R:0.18750 P:0.53571 F:0.27778
1 ROUGE-1 Eval D1020-A.M.100.D.1 R:0.08678 P:0.29167 F:0.13376
1 ROUGE-1 Eval D1021-A.M.100.D.1 R:0.19492 P:0.50000 F:0.28049
1 ROUGE-1 Eval D1022-A.M.100.D.1 R:0.20084 P:0.52174 F:0.29003
1 ROUGE-1 Eval D1023-A.M.100.E.1 R:0.16529 P:0.45455 F:0.24243
1 ROUGE-1 Eval D1024-A.M.100.E.1 R:0.17500 P:0.55263 F:0.26582
1 ROUGE-1 Eval D1025-A.M.100.E.1 R:0.15929 P:0.56250 F:0.24827
1 ROUGE-1 Eval D1026-A.M.100.E.1 R:0.05128 P:0.30000 F:0.08759
1 ROUGE-1 Eval D1027-A.M.100.E.1 R:0.13095 P:0.48529 F:0.20625
1 ROUGE-1 Eval D1028-A.M.100.E.1 R:0.13333 P:0.42105 F:0.20253
1 ROUGE-1 Eval D1029-A.M.100.F.1 R:0.03333 P:0.25000 F:0.05882
1 ROUGE-1 Eval D1030-A.M.100.F.1 R:0.06349 P:0.26667 F:0.10256
1 ROUGE-1 Eval D1031-A.M.100.F.1 R:0.07755 P:0.21591 F:0.11411
1 ROUGE-1 Eval D1032-A.M.100.F.1 R:0.14122 P:0.46250 F:0.21637
1 ROUGE-1 Eval D1033-A.M.100.F.1 R:0.19421 P:0.53409 F:0.28484
1 ROUGE-1 Eval D1034-A.M.100.F.1 R:0.05350 P:0.16250 F:0.08050
1 ROUGE-1 Eval D1035-A.M.100.G.1 R:0.12602 P:0.51667 F:0.20262
1 ROUGE-1 Eval D1036-A.M.100.G.1 R:0.06939 P:0.28333 F:0.11148
1 ROUGE-1 Eval D1037-A.M.100.G.1 R:0.15741 P:0.42500 F:0.22973
1 ROUGE-1 Eval D1038-A.M.100.G.1 R:0.07843 P:0.38462 F:0.13029
1 ROUGE-1 Eval D1039-A.M.100.G.1 R:0.13878 P:0.40476 F:0.20669
1 ROUGE-1 Eval D1040-A.M.100.G.1 R:0.11489 P:0.30682 F:0.16718
1 ROUGE-1 Eval D1041-A.M.100.H.1 R:0.14961 P:0.55882 F:0.23603
1 ROUGE-1 Eval D1042-A.M.100.H.1 R:0.24215 P:0.30682 F:0.27068
1 ROUGE-1 Eval D1043-A.M.100.H.1 R:0.12288 P:0.51786 F:0.19863
1 ROUGE-1 Eval D1044-A.M.100.H.1 R:0.13924 P:0.35870 F:0.20061
1 ROUGE-1 Eval D1045-A.M.100.H.1 R:0.15748 P:0.35714 F:0.21858
1 ROUGE-1 Eval D1046-A.M.100.H.1 R:0.18504 P:0.61842 F:0.28485
---------------------------------------------
1 ROUGE-2 Average_R: 0.04048 (95%-conf.int. 0.03317 - 0.04801)
1 ROUGE-2 Average_P: 0.13254 (95%-conf.int. 0.10586 - 0.16327)
1 ROUGE-2 Average_F: 0.06102 (95%-conf.int. 0.05035 - 0.07229)
.............................................
1 ROUGE-2 Eval D1001-A.M.100.A.1 R:0.04603 P:0.15278 F:0.07075
1 ROUGE-2 Eval D1002-A.M.100.A.1 R:0.05957 P:0.16667 F:0.08777
1 ROUGE-2 Eval D1003-A.M.100.A.1 R:0.02643 P:0.09375 F:0.04124
1 ROUGE-2 Eval D1004-A.M.100.A.1 R:0.04622 P:0.13095 F:0.06832
1 ROUGE-2 Eval D1005-A.M.100.A.1 R:0.00417 P:0.01786 F:0.00676
1 ROUGE-2 Eval D1006-A.M.100.A.1 R:0.03502 P:0.11250 F:0.05341
1 ROUGE-2 Eval D1007-A.M.100.B.1 R:0.03167 P:0.10294 F:0.04844
1 ROUGE-2 Eval D1008-A.M.100.B.1 R:0.02049 P:0.07353 F:0.03205
1 ROUGE-2 Eval D1009-A.M.100.B.1 R:0.00000 P:0.00000 F:0.00000
1 ROUGE-2 Eval D1010-A.M.100.B.1 R:0.07317 P:0.18750 F:0.10526
1 ROUGE-2 Eval D1011-A.M.100.C.1 R:0.03509 P:0.09524 F:0.05128
1 ROUGE-2 Eval D1012-A.M.100.C.1 R:0.02066 P:0.07353 F:0.03226
1 ROUGE-2 Eval D1013-A.M.100.C.1 R:0.09796 P:0.60000 F:0.16842
1 ROUGE-2 Eval D1014-A.M.100.C.1 R:0.02128 P:0.04032 F:0.02786
1 ROUGE-2 Eval D1015-A.M.100.C.1 R:0.06897 P:0.22500 F:0.10558
1 ROUGE-2 Eval D1016-A.M.100.C.1 R:0.06393 P:0.20588 F:0.09756
1 ROUGE-2 Eval D1017-A.M.100.D.1 R:0.01245 P:0.03261 F:0.01802
1 ROUGE-2 Eval D1018-A.M.100.D.1 R:0.07234 P:0.23611 F:0.11075
1 ROUGE-2 Eval D1019-A.M.100.D.1 R:0.03390 P:0.10000 F:0.05063
1 ROUGE-2 Eval D1020-A.M.100.D.1 R:0.01681 P:0.05882 F:0.02615
1 ROUGE-2 Eval D1021-A.M.100.D.1 R:0.07759 P:0.20455 F:0.11250
1 ROUGE-2 Eval D1022-A.M.100.D.1 R:0.10213 P:0.27273 F:0.14861
1 ROUGE-2 Eval D1023-A.M.100.E.1 R:0.03782 P:0.10714 F:0.05591
1 ROUGE-2 Eval D1024-A.M.100.E.1 R:0.05085 P:0.16667 F:0.07793
1 ROUGE-2 Eval D1025-A.M.100.E.1 R:0.05856 P:0.21667 F:0.09220
1 ROUGE-2 Eval D1026-A.M.100.E.1 R:0.02174 P:0.13889 F:0.03760
1 ROUGE-2 Eval D1027-A.M.100.E.1 R:0.04032 P:0.15625 F:0.06410
1 ROUGE-2 Eval D1028-A.M.100.E.1 R:0.02966 P:0.09722 F:0.04545
1 ROUGE-2 Eval D1029-A.M.100.F.1 R:0.00000 P:0.00000 F:0.00000
1 ROUGE-2 Eval D1030-A.M.100.F.1 R:0.00806 P:0.03571 F:0.01315
1 ROUGE-2 Eval D1031-A.M.100.F.1 R:0.01660 P:0.04762 F:0.02462
1 ROUGE-2 Eval D1032-A.M.100.F.1 R:0.05814 P:0.19737 F:0.08982
1 ROUGE-2 Eval D1033-A.M.100.F.1 R:0.09664 P:0.27381 F:0.14286
1 ROUGE-2 Eval D1034-A.M.100.F.1 R:0.00000 P:0.00000 F:0.00000
1 ROUGE-2 Eval D1035-A.M.100.G.1 R:0.04545 P:0.19643 F:0.07382
1 ROUGE-2 Eval D1036-A.M.100.G.1 R:0.00830 P:0.03571 F:0.01347
1 ROUGE-2 Eval D1037-A.M.100.G.1 R:0.04245 P:0.11842 F:0.06250
1 ROUGE-2 Eval D1038-A.M.100.G.1 R:0.02390 P:0.12500 F:0.04013
1 ROUGE-2 Eval D1039-A.M.100.G.1 R:0.04564 P:0.13750 F:0.06853
1 ROUGE-2 Eval D1040-A.M.100.G.1 R:0.03030 P:0.08333 F:0.04444
1 ROUGE-2 Eval D1041-A.M.100.H.1 R:0.05200 P:0.20312 F:0.08280
1 ROUGE-2 Eval D1042-A.M.100.H.1 R:0.08219 P:0.10465 F:0.09207
1 ROUGE-2 Eval D1043-A.M.100.H.1 R:0.02586 P:0.11538 F:0.04225
1 ROUGE-2 Eval D1044-A.M.100.H.1 R:0.03004 P:0.07955 F:0.04361
1 ROUGE-2 Eval D1045-A.M.100.H.1 R:0.04800 P:0.11111 F:0.06704
1 ROUGE-2 Eval D1046-A.M.100.H.1 R:0.04800 P:0.16667 F:0.07453
