---------------------------------------------
1 ROUGE-1 Average_R: 0.25832 (95%-conf.int. 0.23825 - 0.27558)
1 ROUGE-1 Average_P: 0.27309 (95%-conf.int. 0.25507 - 0.29127)
1 ROUGE-1 Average_F: 0.26502 (95%-conf.int. 0.24590 - 0.28253)
.............................................
1 ROUGE-1 Eval D1001-A.M.100.A.1 R:0.27984 P:0.34000 F:0.30700
1 ROUGE-1 Eval D1002-A.M.100.A.1 R:0.19247 P:0.23958 F:0.21346
1 ROUGE-1 Eval D1003-A.M.100.A.1 R:0.27706 P:0.25397 F:0.26501
1 ROUGE-1 Eval D1004-A.M.100.A.1 R:0.33471 P:0.33197 F:0.33333
1 ROUGE-1 Eval D1005-A.M.100.A.1 R:0.27459 P:0.29911 F:0.28633
1 ROUGE-1 Eval D1006-A.M.100.A.1 R:0.18774 P:0.22273 F:0.20374
1 ROUGE-1 Eval D1007-A.M.100.B.1 R:0.30667 P:0.33173 F:0.31871
1 ROUGE-1 Eval D1008-A.M.100.B.1 R:0.18145 P:0.19737 F:0.18908
1 ROUGE-1 Eval D1009-A.M.100.B.1 R:0.32743 P:0.31897 F:0.32314
1 ROUGE-1 Eval D1010-A.M.100.B.1 R:0.35200 P:0.34921 F:0.35060
1 ROUGE-1 Eval D1011-A.M.100.C.1 R:0.23276 P:0.21774 F:0.22500
1 ROUGE-1 Eval D1012-A.M.100.C.1 R:0.22764 P:0.23729 F:0.23236
1 ROUGE-1 Eval D1013-A.M.100.C.1 R:0.30120 P:0.32895 F:0.31446
1 ROUGE-1 Eval D1014-A.M.100.C.1 R:0.17992 P:0.18534 F:0.18259
1 ROUGE-1 Eval D1015-A.M.100.C.1 R:0.25660 P:0.26984 F:0.26305
1 ROUGE-1 Eval D1016-A.M.100.C.1 R:0.32735 P:0.29918 F:0.31263
1 ROUGE-1 Eval D1017-A.M.100.D.1 R:0.17551 P:0.18534 F:0.18029
1 ROUGE-1 Eval D1018-A.M.100.D.1 R:0.28033 P:0.25000 F:0.26430
1 ROUGE-1 Eval D1019-A.M.100.D.1 R:0.30000 P:0.29032 F:0.29508
1 ROUGE-1 Eval D1020-A.M.100.D.1 R:0.23140 P:0.24561 F:0.23829
1 ROUGE-1 Eval D1021-A.M.100.D.1 R:0.20763 P:0.22685 F:0.21681
1 ROUGE-1 Eval D1022-A.M.100.D.1 R:0.33891 P:0.38942 F:0.36241
1 ROUGE-1 Eval D1023-A.M.100.E.1 R:0.24793 P:0.25862 F:0.25316
1 ROUGE-1 Eval D1024-A.M.100.E.1 R:0.31667 P:0.34545 F:0.33043
1 ROUGE-1 Eval D1025-A.M.100.E.1 R:0.33628 P:0.31667 F:0.32618
1 ROUGE-1 Eval D1026-A.M.100.E.1 R:0.13248 P:0.13136 F:0.13192
1 ROUGE-1 Eval D1027-A.M.100.E.1 R:0.36905 P:0.40789 F:0.38750
1 ROUGE-1 Eval D1028-A.M.100.E.1 R:0.30000 P:0.29032 F:0.29508
1 ROUGE-1 Eval D1029-A.M.100.F.1 R:0.27500 P:0.27966 F:0.27731
1 ROUGE-1 Eval D1030-A.M.100.F.1 R:0.25000 P:0.26695 F:0.25820
1 ROUGE-1 Eval D1031-A.M.100.F.1 R:0.17143 P:0.18750 F:0.17911
1 ROUGE-1 Eval D1032-A.M.100.F.1 R:0.29008 P:0.33333 F:0.31020
1 ROUGE-1 Eval D1033-A.M.100.F.1 R:0.30165 P:0.28516 F:0.29317
1 ROUGE-1 Eval D1034-A.M.100.F.1 R:0.16461 P:0.18519 F:0.17429
1 ROUGE-1 Eval D1035-A.M.100.G.1 R:0.21545 P:0.26500 F:0.23767
1 ROUGE-1 Eval D1036-A.M.100.G.1 R:0.10204 P:0.11574 F:0.10846
1 ROUGE-1 Eval D1037-A.M.100.G.1 R:0.27778 P:0.30000 F:0.28846
1 ROUGE-1 Eval D1038-A.M.100.G.1 R:0.17255 P:0.21154 F:0.19007
1 ROUGE-1 Eval D1039-A.M.100.G.1 R:0.26531 P:0.29545 F:0.27957
1 ROUGE-1 Eval D1040-A.M.100.G.1 R:0.25532 P:0.29412 F:0.27335
1 ROUGE-1 Eval D1041-A.M.100.H.1 R:0.20472 P:0.24528 F:0.22317
1 ROUGE-1 Eval D1042-A.M.100.H.1 R:0.27354 P:0.28774 F:0.28046
1 ROUGE-1 Eval D1043-A.M.100.H.1 R:0.28390 P:0.28879 F:0.28632
1 ROUGE-1 Eval D1044-A.M.100.H.1 R:0.30380 P:0.28571 F:0.29448
1 ROUGE-1 Eval D1045-A.M.100.H.1 R:0.35039 P:0.39732 F:0.37238
1 ROUGE-1 Eval D1046-A.M.100.H.1 R:0.26772 P:0.29825 F:0.28216
---------------------------------------------
1 ROUGE-2 Average_R: 0.07512 (95%-conf.int. 0.06327 - 0.08531)
1 ROUGE-2 Average_P: 0.07918 (95%-conf.int. 0.06722 - 0.08998)
1 ROUGE-2 Average_F: 0.07695 (95%-conf.int. 0.06495 - 0.08735)
.............................................
1 ROUGE-2 Eval D1001-A.M.100.A.1 R:0.10460 P:0.12755 F:0.11494
1 ROUGE-2 Eval D1002-A.M.100.A.1 R:0.02128 P:0.02660 F:0.02364
1 ROUGE-2 Eval D1003-A.M.100.A.1 R:0.07048 P:0.06452 F:0.06737
1 ROUGE-2 Eval D1004-A.M.100.A.1 R:0.11765 P:0.11667 F:0.11716
1 ROUGE-2 Eval D1005-A.M.100.A.1 R:0.05000 P:0.05455 F:0.05218
1 ROUGE-2 Eval D1006-A.M.100.A.1 R:0.00000 P:0.00000 F:0.00000
1 ROUGE-2 Eval D1007-A.M.100.B.1 R:0.08145 P:0.08824 F:0.08471
1 ROUGE-2 Eval D1008-A.M.100.B.1 R:0.03279 P:0.03571 F:0.03419
1 ROUGE-2 Eval D1009-A.M.100.B.1 R:0.08559 P:0.08333 F:0.08444
1 ROUGE-2 Eval D1010-A.M.100.B.1 R:0.15041 P:0.14919 F:0.14980
1 ROUGE-2 Eval D1011-A.M.100.C.1 R:0.08772 P:0.08197 F:0.08475
1 ROUGE-2 Eval D1012-A.M.100.C.1 R:0.04545 P:0.04741 F:0.04641
1 ROUGE-2 Eval D1013-A.M.100.C.1 R:0.17959 P:0.19643 F:0.18763
1 ROUGE-2 Eval D1014-A.M.100.C.1 R:0.01702 P:0.01754 F:0.01728
1 ROUGE-2 Eval D1015-A.M.100.C.1 R:0.08812 P:0.09274 F:0.09037
1 ROUGE-2 Eval D1016-A.M.100.C.1 R:0.08676 P:0.07917 F:0.08279
1 ROUGE-2 Eval D1017-A.M.100.D.1 R:0.02075 P:0.02193 F:0.02132
1 ROUGE-2 Eval D1018-A.M.100.D.1 R:0.12340 P:0.10985 F:0.11623
1 ROUGE-2 Eval D1019-A.M.100.D.1 R:0.06780 P:0.06557 F:0.06667
1 ROUGE-2 Eval D1020-A.M.100.D.1 R:0.03361 P:0.03571 F:0.03463
1 ROUGE-2 Eval D1021-A.M.100.D.1 R:0.08190 P:0.08962 F:0.08559
1 ROUGE-2 Eval D1022-A.M.100.D.1 R:0.10213 P:0.11765 F:0.10934
1 ROUGE-2 Eval D1023-A.M.100.E.1 R:0.04202 P:0.04386 F:0.04292
1 ROUGE-2 Eval D1024-A.M.100.E.1 R:0.11017 P:0.12037 F:0.11504
1 ROUGE-2 Eval D1025-A.M.100.E.1 R:0.10360 P:0.09746 F:0.10044
1 ROUGE-2 Eval D1026-A.M.100.E.1 R:0.03913 P:0.03879 F:0.03896
1 ROUGE-2 Eval D1027-A.M.100.E.1 R:0.13306 P:0.14732 F:0.13983
1 ROUGE-2 Eval D1028-A.M.100.E.1 R:0.07203 P:0.06967 F:0.07083
1 ROUGE-2 Eval D1029-A.M.100.F.1 R:0.06356 P:0.06466 F:0.06411
1 ROUGE-2 Eval D1030-A.M.100.F.1 R:0.06452 P:0.06897 F:0.06667
1 ROUGE-2 Eval D1031-A.M.100.F.1 R:0.04564 P:0.05000 F:0.04772
1 ROUGE-2 Eval D1032-A.M.100.F.1 R:0.07752 P:0.08929 F:0.08299
1 ROUGE-2 Eval D1033-A.M.100.F.1 R:0.09664 P:0.09127 F:0.09388
1 ROUGE-2 Eval D1034-A.M.100.F.1 R:0.01674 P:0.01887 F:0.01774
1 ROUGE-2 Eval D1035-A.M.100.G.1 R:0.07438 P:0.09184 F:0.08219
1 ROUGE-2 Eval D1036-A.M.100.G.1 R:0.02075 P:0.02358 F:0.02207
1 ROUGE-2 Eval D1037-A.M.100.G.1 R:0.06604 P:0.07143 F:0.06863
1 ROUGE-2 Eval D1038-A.M.100.G.1 R:0.05578 P:0.06863 F:0.06154
1 ROUGE-2 Eval D1039-A.M.100.G.1 R:0.08714 P:0.09722 F:0.09190
1 ROUGE-2 Eval D1040-A.M.100.G.1 R:0.09091 P:0.10500 F:0.09745
1 ROUGE-2 Eval D1041-A.M.100.H.1 R:0.08400 P:0.10096 F:0.09170
1 ROUGE-2 Eval D1042-A.M.100.H.1 R:0.09589 P:0.10096 F:0.09836
1 ROUGE-2 Eval D1043-A.M.100.H.1 R:0.13362 P:0.13596 F:0.13478
1 ROUGE-2 Eval D1044-A.M.100.H.1 R:0.09871 P:0.09274 F:0.09563
1 ROUGE-2 Eval D1045-A.M.100.H.1 R:0.06800 P:0.07727 F:0.07234
1 ROUGE-2 Eval D1046-A.M.100.H.1 R:0.07200 P:0.08036 F:0.07595
