---------------------------------------------
1 ROUGE-1 Average_R: 0.27487 (95%-conf.int. 0.25600 - 0.29291)
1 ROUGE-1 Average_P: 0.30085 (95%-conf.int. 0.28199 - 0.31970)
1 ROUGE-1 Average_F: 0.28654 (95%-conf.int. 0.26769 - 0.30475)
.............................................
1 ROUGE-1 Eval D1001-A.M.100.A.1 R:0.29218 P:0.36224 F:0.32346
1 ROUGE-1 Eval D1002-A.M.100.A.1 R:0.24268 P:0.30208 F:0.26914
1 ROUGE-1 Eval D1003-A.M.100.A.1 R:0.24675 P:0.25446 F:0.25055
1 ROUGE-1 Eval D1004-A.M.100.A.1 R:0.36777 P:0.34766 F:0.35743
1 ROUGE-1 Eval D1005-A.M.100.A.1 R:0.26230 P:0.30189 F:0.28071
1 ROUGE-1 Eval D1006-A.M.100.A.1 R:0.22989 P:0.36585 F:0.28236
1 ROUGE-1 Eval D1007-A.M.100.B.1 R:0.26222 P:0.29500 F:0.27765
1 ROUGE-1 Eval D1008-A.M.100.B.1 R:0.21371 P:0.24537 F:0.22845
1 ROUGE-1 Eval D1009-A.M.100.B.1 R:0.39381 P:0.37083 F:0.38197
1 ROUGE-1 Eval D1010-A.M.100.B.1 R:0.31600 P:0.32377 F:0.31984
1 ROUGE-1 Eval D1011-A.M.100.C.1 R:0.18534 P:0.24432 F:0.21078
1 ROUGE-1 Eval D1012-A.M.100.C.1 R:0.26829 P:0.31731 F:0.29075
1 ROUGE-1 Eval D1013-A.M.100.C.1 R:0.36145 P:0.39474 F:0.37736
1 ROUGE-1 Eval D1014-A.M.100.C.1 R:0.19665 P:0.23039 F:0.21219
1 ROUGE-1 Eval D1015-A.M.100.C.1 R:0.31321 P:0.32937 F:0.32109
1 ROUGE-1 Eval D1016-A.M.100.C.1 R:0.34978 P:0.36111 F:0.35535
1 ROUGE-1 Eval D1017-A.M.100.D.1 R:0.20000 P:0.20763 F:0.20374
1 ROUGE-1 Eval D1018-A.M.100.D.1 R:0.20921 P:0.23585 F:0.22173
1 ROUGE-1 Eval D1019-A.M.100.D.1 R:0.35833 P:0.35246 F:0.35537
1 ROUGE-1 Eval D1020-A.M.100.D.1 R:0.21901 P:0.25000 F:0.23348
1 ROUGE-1 Eval D1021-A.M.100.D.1 R:0.27119 P:0.27119 F:0.27119
1 ROUGE-1 Eval D1022-A.M.100.D.1 R:0.36820 P:0.39286 F:0.38013
1 ROUGE-1 Eval D1023-A.M.100.E.1 R:0.22314 P:0.25000 F:0.23581
1 ROUGE-1 Eval D1024-A.M.100.E.1 R:0.36250 P:0.38839 F:0.37500
1 ROUGE-1 Eval D1025-A.M.100.E.1 R:0.27876 P:0.26695 F:0.27273
1 ROUGE-1 Eval D1026-A.M.100.E.1 R:0.13248 P:0.14352 F:0.13778
1 ROUGE-1 Eval D1027-A.M.100.E.1 R:0.36508 P:0.37097 F:0.36800
1 ROUGE-1 Eval D1028-A.M.100.E.1 R:0.33750 P:0.34914 F:0.34322
1 ROUGE-1 Eval D1029-A.M.100.F.1 R:0.21667 P:0.22414 F:0.22034
1 ROUGE-1 Eval D1030-A.M.100.F.1 R:0.23413 P:0.28365 F:0.25652
1 ROUGE-1 Eval D1031-A.M.100.F.1 R:0.16327 P:0.20408 F:0.18141
1 ROUGE-1 Eval D1032-A.M.100.F.1 R:0.33969 P:0.44500 F:0.38528
1 ROUGE-1 Eval D1033-A.M.100.F.1 R:0.33471 P:0.33750 F:0.33610
1 ROUGE-1 Eval D1034-A.M.100.F.1 R:0.16872 P:0.18636 F:0.17710
1 ROUGE-1 Eval D1035-A.M.100.G.1 R:0.30488 P:0.35377 F:0.32751
1 ROUGE-1 Eval D1036-A.M.100.G.1 R:0.21633 P:0.27041 F:0.24037
1 ROUGE-1 Eval D1037-A.M.100.G.1 R:0.30093 P:0.31863 F:0.30953
1 ROUGE-1 Eval D1038-A.M.100.G.1 R:0.18824 P:0.21818 F:0.20211
1 ROUGE-1 Eval D1039-A.M.100.G.1 R:0.31837 P:0.33621 F:0.32705
1 ROUGE-1 Eval D1040-A.M.100.G.1 R:0.25106 P:0.26339 F:0.25708
1 ROUGE-1 Eval D1041-A.M.100.H.1 R:0.30709 P:0.34821 F:0.32636
1 ROUGE-1 Eval D1042-A.M.100.H.1 R:0.25561 P:0.26887 F:0.26207
1 ROUGE-1 Eval D1043-A.M.100.H.1 R:0.28390 P:0.27016 F:0.27686
1 ROUGE-1 Eval D1044-A.M.100.H.1 R:0.29536 P:0.28689 F:0.29106
1 ROUGE-1 Eval D1045-A.M.100.H.1 R:0.37402 P:0.40948 F:0.39095
1 ROUGE-1 Eval D1046-A.M.100.H.1 R:0.28740 P:0.32018 F:0.30291
---------------------------------------------
1 ROUGE-2 Average_R: 0.08017 (95%-conf.int. 0.06869 - 0.09076)
1 ROUGE-2 Average_P: 0.08678 (95%-conf.int. 0.07497 - 0.09793)
1 ROUGE-2 Average_F: 0.08315 (95%-conf.int. 0.07129 - 0.09369)
.............................................
1 ROUGE-2 Eval D1001-A.M.100.A.1 R:0.09623 P:0.11979 F:0.10673
1 ROUGE-2 Eval D1002-A.M.100.A.1 R:0.06809 P:0.08511 F:0.07565
1 ROUGE-2 Eval D1003-A.M.100.A.1 R:0.04405 P:0.04545 F:0.04474
1 ROUGE-2 Eval D1004-A.M.100.A.1 R:0.12185 P:0.11508 F:0.11837
1 ROUGE-2 Eval D1005-A.M.100.A.1 R:0.03750 P:0.04327 F:0.04018
1 ROUGE-2 Eval D1006-A.M.100.A.1 R:0.03502 P:0.05625 F:0.04317
1 ROUGE-2 Eval D1007-A.M.100.B.1 R:0.07240 P:0.08163 F:0.07674
1 ROUGE-2 Eval D1008-A.M.100.B.1 R:0.03279 P:0.03774 F:0.03509
1 ROUGE-2 Eval D1009-A.M.100.B.1 R:0.12613 P:0.11864 F:0.12227
1 ROUGE-2 Eval D1010-A.M.100.B.1 R:0.11382 P:0.11667 F:0.11523
1 ROUGE-2 Eval D1011-A.M.100.C.1 R:0.06140 P:0.08140 F:0.07000
1 ROUGE-2 Eval D1012-A.M.100.C.1 R:0.05372 P:0.06373 F:0.05830
1 ROUGE-2 Eval D1013-A.M.100.C.1 R:0.18367 P:0.20089 F:0.19189
1 ROUGE-2 Eval D1014-A.M.100.C.1 R:0.02128 P:0.02500 F:0.02299
1 ROUGE-2 Eval D1015-A.M.100.C.1 R:0.11877 P:0.12500 F:0.12181
1 ROUGE-2 Eval D1016-A.M.100.C.1 R:0.09589 P:0.09906 F:0.09745
1 ROUGE-2 Eval D1017-A.M.100.D.1 R:0.04149 P:0.04310 F:0.04228
1 ROUGE-2 Eval D1018-A.M.100.D.1 R:0.09787 P:0.11058 F:0.10384
1 ROUGE-2 Eval D1019-A.M.100.D.1 R:0.09322 P:0.09167 F:0.09244
1 ROUGE-2 Eval D1020-A.M.100.D.1 R:0.04202 P:0.04808 F:0.04485
1 ROUGE-2 Eval D1021-A.M.100.D.1 R:0.11207 P:0.11207 F:0.11207
1 ROUGE-2 Eval D1022-A.M.100.D.1 R:0.13191 P:0.14091 F:0.13626
1 ROUGE-2 Eval D1023-A.M.100.E.1 R:0.03361 P:0.03774 F:0.03556
1 ROUGE-2 Eval D1024-A.M.100.E.1 R:0.11441 P:0.12273 F:0.11842
1 ROUGE-2 Eval D1025-A.M.100.E.1 R:0.11712 P:0.11207 F:0.11454
1 ROUGE-2 Eval D1026-A.M.100.E.1 R:0.03913 P:0.04245 F:0.04072
1 ROUGE-2 Eval D1027-A.M.100.E.1 R:0.12500 P:0.12705 F:0.12602
1 ROUGE-2 Eval D1028-A.M.100.E.1 R:0.08475 P:0.08772 F:0.08621
1 ROUGE-2 Eval D1029-A.M.100.F.1 R:0.03390 P:0.03509 F:0.03448
1 ROUGE-2 Eval D1030-A.M.100.F.1 R:0.07258 P:0.08824 F:0.07965
1 ROUGE-2 Eval D1031-A.M.100.F.1 R:0.01660 P:0.02083 F:0.01848
1 ROUGE-2 Eval D1032-A.M.100.F.1 R:0.10853 P:0.14286 F:0.12335
1 ROUGE-2 Eval D1033-A.M.100.F.1 R:0.13445 P:0.13559 F:0.13502
1 ROUGE-2 Eval D1034-A.M.100.F.1 R:0.01674 P:0.01852 F:0.01759
1 ROUGE-2 Eval D1035-A.M.100.G.1 R:0.07025 P:0.08173 F:0.07556
1 ROUGE-2 Eval D1036-A.M.100.G.1 R:0.02905 P:0.03646 F:0.03234
1 ROUGE-2 Eval D1037-A.M.100.G.1 R:0.05660 P:0.06000 F:0.05825
1 ROUGE-2 Eval D1038-A.M.100.G.1 R:0.04781 P:0.05556 F:0.05139
1 ROUGE-2 Eval D1039-A.M.100.G.1 R:0.12448 P:0.13158 F:0.12793
1 ROUGE-2 Eval D1040-A.M.100.G.1 R:0.09091 P:0.09545 F:0.09312
1 ROUGE-2 Eval D1041-A.M.100.H.1 R:0.12000 P:0.13636 F:0.12766
1 ROUGE-2 Eval D1042-A.M.100.H.1 R:0.08676 P:0.09135 F:0.08900
1 ROUGE-2 Eval D1043-A.M.100.H.1 R:0.11638 P:0.11066 F:0.11345
1 ROUGE-2 Eval D1044-A.M.100.H.1 R:0.08584 P:0.08333 F:0.08457
1 ROUGE-2 Eval D1045-A.M.100.H.1 R:0.09200 P:0.10088 F:0.09624
1 ROUGE-2 Eval D1046-A.M.100.H.1 R:0.08000 P:0.08929 F:0.08439
