---------------------------------------------
1 ROUGE-1 Average_R: 0.24296 (95%-conf.int. 0.22587 - 0.25993)
1 ROUGE-1 Average_P: 0.26624 (95%-conf.int. 0.24737 - 0.28520)
1 ROUGE-1 Average_F: 0.25329 (95%-conf.int. 0.23628 - 0.27006)
.............................................
1 ROUGE-1 Eval D1001-A.M.100.A.1 R:0.24691 P:0.30612 F:0.27335
1 ROUGE-1 Eval D1002-A.M.100.A.1 R:0.24686 P:0.27830 F:0.26164
1 ROUGE-1 Eval D1003-A.M.100.A.1 R:0.20779 P:0.21053 F:0.20915
1 ROUGE-1 Eval D1004-A.M.100.A.1 R:0.34711 P:0.31818 F:0.33202
1 ROUGE-1 Eval D1005-A.M.100.A.1 R:0.18033 P:0.28947 F:0.22222
1 ROUGE-1 Eval D1006-A.M.100.A.1 R:0.31034 P:0.38942 F:0.34541
1 ROUGE-1 Eval D1007-A.M.100.B.1 R:0.20444 P:0.18852 F:0.19616
1 ROUGE-1 Eval D1008-A.M.100.B.1 R:0.15726 P:0.16525 F:0.16116
1 ROUGE-1 Eval D1009-A.M.100.B.1 R:0.19912 P:0.20455 F:0.20180
1 ROUGE-1 Eval D1010-A.M.100.B.1 R:0.19600 P:0.21491 F:0.20502
1 ROUGE-1 Eval D1011-A.M.100.C.1 R:0.13793 P:0.11765 F:0.12699
1 ROUGE-1 Eval D1012-A.M.100.C.1 R:0.13415 P:0.14474 F:0.13924
1 ROUGE-1 Eval D1013-A.M.100.C.1 R:0.35743 P:0.41204 F:0.38280
1 ROUGE-1 Eval D1014-A.M.100.C.1 R:0.21339 P:0.24519 F:0.22819
1 ROUGE-1 Eval D1015-A.M.100.C.1 R:0.30189 P:0.34483 F:0.32193
1 ROUGE-1 Eval D1016-A.M.100.C.1 R:0.27354 P:0.27727 F:0.27539
1 ROUGE-1 Eval D1017-A.M.100.D.1 R:0.17551 P:0.21939 F:0.19501
1 ROUGE-1 Eval D1018-A.M.100.D.1 R:0.22594 P:0.23684 F:0.23126
1 ROUGE-1 Eval D1019-A.M.100.D.1 R:0.36250 P:0.35081 F:0.35656
1 ROUGE-1 Eval D1020-A.M.100.D.1 R:0.22727 P:0.23305 F:0.23012
1 ROUGE-1 Eval D1021-A.M.100.D.1 R:0.27119 P:0.27119 F:0.27119
1 ROUGE-1 Eval D1022-A.M.100.D.1 R:0.33473 P:0.36364 F:0.34859
1 ROUGE-1 Eval D1023-A.M.100.E.1 R:0.23140 P:0.24561 F:0.23829
1 ROUGE-1 Eval D1024-A.M.100.E.1 R:0.25833 P:0.25410 F:0.25620
1 ROUGE-1 Eval D1025-A.M.100.E.1 R:0.24779 P:0.25000 F:0.24889
1 ROUGE-1 Eval D1026-A.M.100.E.1 R:0.13248 P:0.14091 F:0.13657
1 ROUGE-1 Eval D1027-A.M.100.E.1 R:0.29762 P:0.36058 F:0.32609
1 ROUGE-1 Eval D1028-A.M.100.E.1 R:0.27083 P:0.28017 F:0.27542
1 ROUGE-1 Eval D1029-A.M.100.F.1 R:0.14583 P:0.16509 F:0.15486
1 ROUGE-1 Eval D1030-A.M.100.F.1 R:0.21429 P:0.24107 F:0.22689
1 ROUGE-1 Eval D1031-A.M.100.F.1 R:0.16735 P:0.21809 F:0.18938
1 ROUGE-1 Eval D1032-A.M.100.F.1 R:0.27099 P:0.38587 F:0.31838
1 ROUGE-1 Eval D1033-A.M.100.F.1 R:0.31818 P:0.33190 F:0.32490
1 ROUGE-1 Eval D1034-A.M.100.F.1 R:0.16872 P:0.18304 F:0.17559
1 ROUGE-1 Eval D1035-A.M.100.G.1 R:0.23577 P:0.29592 F:0.26244
1 ROUGE-1 Eval D1036-A.M.100.G.1 R:0.21224 P:0.25490 F:0.23162
1 ROUGE-1 Eval D1037-A.M.100.G.1 R:0.25926 P:0.28000 F:0.26923
1 ROUGE-1 Eval D1038-A.M.100.G.1 R:0.22353 P:0.24153 F:0.23218
1 ROUGE-1 Eval D1039-A.M.100.G.1 R:0.25714 P:0.29717 F:0.27571
1 ROUGE-1 Eval D1040-A.M.100.G.1 R:0.24681 P:0.25893 F:0.25272
1 ROUGE-1 Eval D1041-A.M.100.H.1 R:0.29134 P:0.28462 F:0.28794
1 ROUGE-1 Eval D1042-A.M.100.H.1 R:0.25561 P:0.26887 F:0.26207
1 ROUGE-1 Eval D1043-A.M.100.H.1 R:0.29237 P:0.27823 F:0.28512
1 ROUGE-1 Eval D1044-A.M.100.H.1 R:0.27848 P:0.29464 F:0.28633
1 ROUGE-1 Eval D1045-A.M.100.H.1 R:0.31102 P:0.34649 F:0.32780
1 ROUGE-1 Eval D1046-A.M.100.H.1 R:0.29921 P:0.32759 F:0.31276
---------------------------------------------
1 ROUGE-2 Average_R: 0.06545 (95%-conf.int. 0.05504 - 0.07541)
1 ROUGE-2 Average_P: 0.07074 (95%-conf.int. 0.05945 - 0.08124)
1 ROUGE-2 Average_F: 0.06784 (95%-conf.int. 0.05695 - 0.07790)
.............................................
1 ROUGE-2 Eval D1001-A.M.100.A.1 R:0.05439 P:0.06771 F:0.06032
1 ROUGE-2 Eval D1002-A.M.100.A.1 R:0.05957 P:0.06731 F:0.06320
1 ROUGE-2 Eval D1003-A.M.100.A.1 R:0.03084 P:0.03125 F:0.03104
1 ROUGE-2 Eval D1004-A.M.100.A.1 R:0.09244 P:0.08462 F:0.08836
1 ROUGE-2 Eval D1005-A.M.100.A.1 R:0.00417 P:0.00676 F:0.00516
1 ROUGE-2 Eval D1006-A.M.100.A.1 R:0.07782 P:0.09804 F:0.08677
1 ROUGE-2 Eval D1007-A.M.100.B.1 R:0.07692 P:0.07083 F:0.07375
1 ROUGE-2 Eval D1008-A.M.100.B.1 R:0.02049 P:0.02155 F:0.02101
1 ROUGE-2 Eval D1009-A.M.100.B.1 R:0.03604 P:0.03704 F:0.03653
1 ROUGE-2 Eval D1010-A.M.100.B.1 R:0.08130 P:0.08929 F:0.08511
1 ROUGE-2 Eval D1011-A.M.100.C.1 R:0.03947 P:0.03358 F:0.03629
1 ROUGE-2 Eval D1012-A.M.100.C.1 R:0.01240 P:0.01339 F:0.01288
1 ROUGE-2 Eval D1013-A.M.100.C.1 R:0.17551 P:0.20283 F:0.18818
1 ROUGE-2 Eval D1014-A.M.100.C.1 R:0.02128 P:0.02451 F:0.02278
1 ROUGE-2 Eval D1015-A.M.100.C.1 R:0.13027 P:0.14912 F:0.13906
1 ROUGE-2 Eval D1016-A.M.100.C.1 R:0.06393 P:0.06481 F:0.06437
1 ROUGE-2 Eval D1017-A.M.100.D.1 R:0.01245 P:0.01562 F:0.01386
1 ROUGE-2 Eval D1018-A.M.100.D.1 R:0.11064 P:0.11607 F:0.11329
1 ROUGE-2 Eval D1019-A.M.100.D.1 R:0.08051 P:0.07787 F:0.07917
1 ROUGE-2 Eval D1020-A.M.100.D.1 R:0.03782 P:0.03879 F:0.03830
1 ROUGE-2 Eval D1021-A.M.100.D.1 R:0.11207 P:0.11207 F:0.11207
1 ROUGE-2 Eval D1022-A.M.100.D.1 R:0.10638 P:0.11574 F:0.11086
1 ROUGE-2 Eval D1023-A.M.100.E.1 R:0.03782 P:0.04018 F:0.03896
1 ROUGE-2 Eval D1024-A.M.100.E.1 R:0.05085 P:0.05000 F:0.05042
1 ROUGE-2 Eval D1025-A.M.100.E.1 R:0.08559 P:0.08636 F:0.08597
1 ROUGE-2 Eval D1026-A.M.100.E.1 R:0.03478 P:0.03704 F:0.03587
1 ROUGE-2 Eval D1027-A.M.100.E.1 R:0.08871 P:0.10784 F:0.09734
1 ROUGE-2 Eval D1028-A.M.100.E.1 R:0.06780 P:0.07018 F:0.06897
1 ROUGE-2 Eval D1029-A.M.100.F.1 R:0.01695 P:0.01923 F:0.01802
1 ROUGE-2 Eval D1030-A.M.100.F.1 R:0.07258 P:0.08182 F:0.07692
1 ROUGE-2 Eval D1031-A.M.100.F.1 R:0.02075 P:0.02717 F:0.02353
1 ROUGE-2 Eval D1032-A.M.100.F.1 R:0.05426 P:0.07778 F:0.06393
1 ROUGE-2 Eval D1033-A.M.100.F.1 R:0.12605 P:0.13158 F:0.12876
1 ROUGE-2 Eval D1034-A.M.100.F.1 R:0.01674 P:0.01818 F:0.01743
1 ROUGE-2 Eval D1035-A.M.100.G.1 R:0.06612 P:0.08333 F:0.07373
1 ROUGE-2 Eval D1036-A.M.100.G.1 R:0.03320 P:0.04000 F:0.03628
1 ROUGE-2 Eval D1037-A.M.100.G.1 R:0.06132 P:0.06633 F:0.06373
1 ROUGE-2 Eval D1038-A.M.100.G.1 R:0.05578 P:0.06034 F:0.05797
1 ROUGE-2 Eval D1039-A.M.100.G.1 R:0.06639 P:0.07692 F:0.07127
1 ROUGE-2 Eval D1040-A.M.100.G.1 R:0.08658 P:0.09091 F:0.08869
1 ROUGE-2 Eval D1041-A.M.100.H.1 R:0.09600 P:0.09375 F:0.09486
1 ROUGE-2 Eval D1042-A.M.100.H.1 R:0.08676 P:0.09135 F:0.08900
1 ROUGE-2 Eval D1043-A.M.100.H.1 R:0.11638 P:0.11066 F:0.11345
1 ROUGE-2 Eval D1044-A.M.100.H.1 R:0.07725 P:0.08182 F:0.07947
1 ROUGE-2 Eval D1045-A.M.100.H.1 R:0.07600 P:0.08482 F:0.08017
1 ROUGE-2 Eval D1046-A.M.100.H.1 R:0.08400 P:0.09211 F:0.08787
