---------------------------------------------
1 ROUGE-1 Average_R: 0.25885 (95%-conf.int. 0.24104 - 0.27595)
1 ROUGE-1 Average_P: 0.28137 (95%-conf.int. 0.26244 - 0.29896)
1 ROUGE-1 Average_F: 0.26901 (95%-conf.int. 0.25174 - 0.28623)
.............................................
1 ROUGE-1 Eval D1001-A.M.100.A.1 R:0.24691 P:0.30612 F:0.27335
1 ROUGE-1 Eval D1002-A.M.100.A.1 R:0.24686 P:0.27830 F:0.26164
1 ROUGE-1 Eval D1003-A.M.100.A.1 R:0.25108 P:0.23770 F:0.24421
1 ROUGE-1 Eval D1004-A.M.100.A.1 R:0.34298 P:0.33468 F:0.33878
1 ROUGE-1 Eval D1005-A.M.100.A.1 R:0.25410 P:0.29808 F:0.27434
1 ROUGE-1 Eval D1006-A.M.100.A.1 R:0.19923 P:0.27660 F:0.23162
1 ROUGE-1 Eval D1007-A.M.100.B.1 R:0.26667 P:0.28846 F:0.27714
1 ROUGE-1 Eval D1008-A.M.100.B.1 R:0.15726 P:0.16525 F:0.16116
1 ROUGE-1 Eval D1009-A.M.100.B.1 R:0.19912 P:0.20455 F:0.20180
1 ROUGE-1 Eval D1010-A.M.100.B.1 R:0.19600 P:0.21491 F:0.20502
1 ROUGE-1 Eval D1011-A.M.100.C.1 R:0.16379 P:0.19792 F:0.17924
1 ROUGE-1 Eval D1012-A.M.100.C.1 R:0.24797 P:0.26293 F:0.25523
1 ROUGE-1 Eval D1013-A.M.100.C.1 R:0.35743 P:0.42788 F:0.38949
1 ROUGE-1 Eval D1014-A.M.100.C.1 R:0.20502 P:0.20763 F:0.20632
1 ROUGE-1 Eval D1015-A.M.100.C.1 R:0.31321 P:0.32937 F:0.32109
1 ROUGE-1 Eval D1016-A.M.100.C.1 R:0.27354 P:0.27727 F:0.27539
1 ROUGE-1 Eval D1017-A.M.100.D.1 R:0.17551 P:0.21939 F:0.19501
1 ROUGE-1 Eval D1018-A.M.100.D.1 R:0.22594 P:0.23684 F:0.23126
1 ROUGE-1 Eval D1019-A.M.100.D.1 R:0.36250 P:0.35081 F:0.35656
1 ROUGE-1 Eval D1020-A.M.100.D.1 R:0.20248 P:0.22685 F:0.21397
1 ROUGE-1 Eval D1021-A.M.100.D.1 R:0.34746 P:0.31061 F:0.32800
1 ROUGE-1 Eval D1022-A.M.100.D.1 R:0.30544 P:0.34434 F:0.32373
1 ROUGE-1 Eval D1023-A.M.100.E.1 R:0.28099 P:0.28814 F:0.28452
1 ROUGE-1 Eval D1024-A.M.100.E.1 R:0.35000 P:0.37500 F:0.36207
1 ROUGE-1 Eval D1025-A.M.100.E.1 R:0.26106 P:0.27315 F:0.26697
1 ROUGE-1 Eval D1026-A.M.100.E.1 R:0.17949 P:0.17213 F:0.17573
1 ROUGE-1 Eval D1027-A.M.100.E.1 R:0.27778 P:0.33019 F:0.30173
1 ROUGE-1 Eval D1028-A.M.100.E.1 R:0.31667 P:0.30645 F:0.31148
1 ROUGE-1 Eval D1029-A.M.100.F.1 R:0.20833 P:0.20161 F:0.20491
1 ROUGE-1 Eval D1030-A.M.100.F.1 R:0.25397 P:0.30769 F:0.27826
1 ROUGE-1 Eval D1031-A.M.100.F.1 R:0.17551 P:0.19907 F:0.18655
1 ROUGE-1 Eval D1032-A.M.100.F.1 R:0.27099 P:0.37766 F:0.31555
1 ROUGE-1 Eval D1033-A.M.100.F.1 R:0.33471 P:0.33750 F:0.33610
1 ROUGE-1 Eval D1034-A.M.100.F.1 R:0.16872 P:0.18304 F:0.17559
1 ROUGE-1 Eval D1035-A.M.100.G.1 R:0.29268 P:0.36000 F:0.32287
1 ROUGE-1 Eval D1036-A.M.100.G.1 R:0.16735 P:0.20500 F:0.18427
1 ROUGE-1 Eval D1037-A.M.100.G.1 R:0.32407 P:0.31818 F:0.32110
1 ROUGE-1 Eval D1038-A.M.100.G.1 R:0.18039 P:0.21698 F:0.19700
1 ROUGE-1 Eval D1039-A.M.100.G.1 R:0.29388 P:0.31579 F:0.30444
1 ROUGE-1 Eval D1040-A.M.100.G.1 R:0.24681 P:0.25893 F:0.25272
1 ROUGE-1 Eval D1041-A.M.100.H.1 R:0.27953 P:0.31696 F:0.29707
1 ROUGE-1 Eval D1042-A.M.100.H.1 R:0.25561 P:0.26887 F:0.26207
1 ROUGE-1 Eval D1043-A.M.100.H.1 R:0.33898 P:0.33898 F:0.33898
1 ROUGE-1 Eval D1044-A.M.100.H.1 R:0.27848 P:0.29464 F:0.28633
1 ROUGE-1 Eval D1045-A.M.100.H.1 R:0.36220 P:0.39655 F:0.37860
1 ROUGE-1 Eval D1046-A.M.100.H.1 R:0.28740 P:0.32018 F:0.30291
---------------------------------------------
1 ROUGE-2 Average_R: 0.07216 (95%-conf.int. 0.06132 - 0.08285)
1 ROUGE-2 Average_P: 0.07789 (95%-conf.int. 0.06665 - 0.08937)
1 ROUGE-2 Average_F: 0.07475 (95%-conf.int. 0.06382 - 0.08583)
.............................................
1 ROUGE-2 Eval D1001-A.M.100.A.1 R:0.05439 P:0.06771 F:0.06032
1 ROUGE-2 Eval D1002-A.M.100.A.1 R:0.05957 P:0.06731 F:0.06320
1 ROUGE-2 Eval D1003-A.M.100.A.1 R:0.04405 P:0.04167 F:0.04283
1 ROUGE-2 Eval D1004-A.M.100.A.1 R:0.12605 P:0.12295 F:0.12448
1 ROUGE-2 Eval D1005-A.M.100.A.1 R:0.04167 P:0.04902 F:0.04505
1 ROUGE-2 Eval D1006-A.M.100.A.1 R:0.02724 P:0.03804 F:0.03175
1 ROUGE-2 Eval D1007-A.M.100.B.1 R:0.07240 P:0.07843 F:0.07529
1 ROUGE-2 Eval D1008-A.M.100.B.1 R:0.02049 P:0.02155 F:0.02101
1 ROUGE-2 Eval D1009-A.M.100.B.1 R:0.03604 P:0.03704 F:0.03653
1 ROUGE-2 Eval D1010-A.M.100.B.1 R:0.08130 P:0.08929 F:0.08511
1 ROUGE-2 Eval D1011-A.M.100.C.1 R:0.05702 P:0.06915 F:0.06250
1 ROUGE-2 Eval D1012-A.M.100.C.1 R:0.05372 P:0.05702 F:0.05532
1 ROUGE-2 Eval D1013-A.M.100.C.1 R:0.18367 P:0.22059 F:0.20044
1 ROUGE-2 Eval D1014-A.M.100.C.1 R:0.03830 P:0.03879 F:0.03854
1 ROUGE-2 Eval D1015-A.M.100.C.1 R:0.11877 P:0.12500 F:0.12181
1 ROUGE-2 Eval D1016-A.M.100.C.1 R:0.06393 P:0.06481 F:0.06437
1 ROUGE-2 Eval D1017-A.M.100.D.1 R:0.01245 P:0.01562 F:0.01386
1 ROUGE-2 Eval D1018-A.M.100.D.1 R:0.11064 P:0.11607 F:0.11329
1 ROUGE-2 Eval D1019-A.M.100.D.1 R:0.08051 P:0.07787 F:0.07917
1 ROUGE-2 Eval D1020-A.M.100.D.1 R:0.03782 P:0.04245 F:0.04000
1 ROUGE-2 Eval D1021-A.M.100.D.1 R:0.14655 P:0.13077 F:0.13821
1 ROUGE-2 Eval D1022-A.M.100.D.1 R:0.10213 P:0.11538 F:0.10835
1 ROUGE-2 Eval D1023-A.M.100.E.1 R:0.04622 P:0.04741 F:0.04681
1 ROUGE-2 Eval D1024-A.M.100.E.1 R:0.13136 P:0.14091 F:0.13597
1 ROUGE-2 Eval D1025-A.M.100.E.1 R:0.07658 P:0.08019 F:0.07834
1 ROUGE-2 Eval D1026-A.M.100.E.1 R:0.05217 P:0.05000 F:0.05106
1 ROUGE-2 Eval D1027-A.M.100.E.1 R:0.06855 P:0.08173 F:0.07456
1 ROUGE-2 Eval D1028-A.M.100.E.1 R:0.07627 P:0.07377 F:0.07500
1 ROUGE-2 Eval D1029-A.M.100.F.1 R:0.05085 P:0.04918 F:0.05000
1 ROUGE-2 Eval D1030-A.M.100.F.1 R:0.07661 P:0.09314 F:0.08407
1 ROUGE-2 Eval D1031-A.M.100.F.1 R:0.02905 P:0.03302 F:0.03091
1 ROUGE-2 Eval D1032-A.M.100.F.1 R:0.05814 P:0.08152 F:0.06787
1 ROUGE-2 Eval D1033-A.M.100.F.1 R:0.13445 P:0.13559 F:0.13502
1 ROUGE-2 Eval D1034-A.M.100.F.1 R:0.01674 P:0.01818 F:0.01743
1 ROUGE-2 Eval D1035-A.M.100.G.1 R:0.07025 P:0.08673 F:0.07762
1 ROUGE-2 Eval D1036-A.M.100.G.1 R:0.00830 P:0.01020 F:0.00915
1 ROUGE-2 Eval D1037-A.M.100.G.1 R:0.06604 P:0.06481 F:0.06542
1 ROUGE-2 Eval D1038-A.M.100.G.1 R:0.03984 P:0.04808 F:0.04357
1 ROUGE-2 Eval D1039-A.M.100.G.1 R:0.09544 P:0.10268 F:0.09893
1 ROUGE-2 Eval D1040-A.M.100.G.1 R:0.08658 P:0.09091 F:0.08869
1 ROUGE-2 Eval D1041-A.M.100.H.1 R:0.10400 P:0.11818 F:0.11064
1 ROUGE-2 Eval D1042-A.M.100.H.1 R:0.08676 P:0.09135 F:0.08900
1 ROUGE-2 Eval D1043-A.M.100.H.1 R:0.14224 P:0.14224 F:0.14224
1 ROUGE-2 Eval D1044-A.M.100.H.1 R:0.07725 P:0.08182 F:0.07947
1 ROUGE-2 Eval D1045-A.M.100.H.1 R:0.09200 P:0.10088 F:0.09624
1 ROUGE-2 Eval D1046-A.M.100.H.1 R:0.07600 P:0.08482 F:0.08017
