---------------------------------------------
1 ROUGE-1 Average_R: 0.25890 (95%-conf.int. 0.24038 - 0.27609)
1 ROUGE-1 Average_P: 0.28475 (95%-conf.int. 0.26847 - 0.30133)
1 ROUGE-1 Average_F: 0.27024 (95%-conf.int. 0.25326 - 0.28712)
.............................................
1 ROUGE-1 Eval D1001-A.M.100.A.1 R:0.30041 P:0.41477 F:0.34845
1 ROUGE-1 Eval D1002-A.M.100.A.1 R:0.27197 P:0.29018 F:0.28078
1 ROUGE-1 Eval D1003-A.M.100.A.1 R:0.27706 P:0.25397 F:0.26501
1 ROUGE-1 Eval D1004-A.M.100.A.1 R:0.28099 P:0.30357 F:0.29184
1 ROUGE-1 Eval D1005-A.M.100.A.1 R:0.31148 P:0.32759 F:0.31933
1 ROUGE-1 Eval D1006-A.M.100.A.1 R:0.18008 P:0.29375 F:0.22328
1 ROUGE-1 Eval D1007-A.M.100.B.1 R:0.29333 P:0.29464 F:0.29398
1 ROUGE-1 Eval D1008-A.M.100.B.1 R:0.18548 P:0.20536 F:0.19491
1 ROUGE-1 Eval D1009-A.M.100.B.1 R:0.26106 P:0.28365 F:0.27189
1 ROUGE-1 Eval D1010-A.M.100.B.1 R:0.37200 P:0.36328 F:0.36759
1 ROUGE-1 Eval D1011-A.M.100.C.1 R:0.18103 P:0.19811 F:0.18919
1 ROUGE-1 Eval D1012-A.M.100.C.1 R:0.29268 P:0.31579 F:0.30380
1 ROUGE-1 Eval D1013-A.M.100.C.1 R:0.24096 P:0.30612 F:0.26966
1 ROUGE-1 Eval D1014-A.M.100.C.1 R:0.18828 P:0.19397 F:0.19108
1 ROUGE-1 Eval D1015-A.M.100.C.1 R:0.23774 P:0.24231 F:0.24000
1 ROUGE-1 Eval D1016-A.M.100.C.1 R:0.37220 P:0.36404 F:0.36807
1 ROUGE-1 Eval D1017-A.M.100.D.1 R:0.15918 P:0.21667 F:0.18353
1 ROUGE-1 Eval D1018-A.M.100.D.1 R:0.28033 P:0.25769 F:0.26853
1 ROUGE-1 Eval D1019-A.M.100.D.1 R:0.32083 P:0.31557 F:0.31818
1 ROUGE-1 Eval D1020-A.M.100.D.1 R:0.23140 P:0.24561 F:0.23829
1 ROUGE-1 Eval D1021-A.M.100.D.1 R:0.19068 P:0.26786 F:0.22277
1 ROUGE-1 Eval D1022-A.M.100.D.1 R:0.29707 P:0.33491 F:0.31486
1 ROUGE-1 Eval D1023-A.M.100.E.1 R:0.24793 P:0.30000 F:0.27149
1 ROUGE-1 Eval D1024-A.M.100.E.1 R:0.37083 P:0.39732 F:0.38362
1 ROUGE-1 Eval D1025-A.M.100.E.1 R:0.30088 P:0.28333 F:0.29184
1 ROUGE-1 Eval D1026-A.M.100.E.1 R:0.13248 P:0.13136 F:0.13192
1 ROUGE-1 Eval D1027-A.M.100.E.1 R:0.26984 P:0.32692 F:0.29565
1 ROUGE-1 Eval D1028-A.M.100.E.1 R:0.32500 P:0.32500 F:0.32500
1 ROUGE-1 Eval D1029-A.M.100.F.1 R:0.25417 P:0.26293 F:0.25848
1 ROUGE-1 Eval D1030-A.M.100.F.1 R:0.27778 P:0.33654 F:0.30435
1 ROUGE-1 Eval D1031-A.M.100.F.1 R:0.22857 P:0.26415 F:0.24508
1 ROUGE-1 Eval D1032-A.M.100.F.1 R:0.32443 P:0.36638 F:0.34413
1 ROUGE-1 Eval D1033-A.M.100.F.1 R:0.23967 P:0.22308 F:0.23108
1 ROUGE-1 Eval D1034-A.M.100.F.1 R:0.17695 P:0.22396 F:0.19770
1 ROUGE-1 Eval D1035-A.M.100.G.1 R:0.23577 P:0.29000 F:0.26009
1 ROUGE-1 Eval D1036-A.M.100.G.1 R:0.15510 P:0.19792 F:0.17391
1 ROUGE-1 Eval D1037-A.M.100.G.1 R:0.34259 P:0.34906 F:0.34579
1 ROUGE-1 Eval D1038-A.M.100.G.1 R:0.16863 P:0.20283 F:0.18416
1 ROUGE-1 Eval D1039-A.M.100.G.1 R:0.28571 P:0.30702 F:0.29598
1 ROUGE-1 Eval D1040-A.M.100.G.1 R:0.25106 P:0.27315 F:0.26164
1 ROUGE-1 Eval D1041-A.M.100.H.1 R:0.16142 P:0.23295 F:0.19070
1 ROUGE-1 Eval D1042-A.M.100.H.1 R:0.25561 P:0.27404 F:0.26450
1 ROUGE-1 Eval D1043-A.M.100.H.1 R:0.27542 P:0.28017 F:0.27777
1 ROUGE-1 Eval D1044-A.M.100.H.1 R:0.30380 P:0.32143 F:0.31237
1 ROUGE-1 Eval D1045-A.M.100.H.1 R:0.35433 P:0.37500 F:0.36437
1 ROUGE-1 Eval D1046-A.M.100.H.1 R:0.26772 P:0.28814 F:0.27755
---------------------------------------------
1 ROUGE-2 Average_R: 0.06772 (95%-conf.int. 0.05736 - 0.07728)
1 ROUGE-2 Average_P: 0.07397 (95%-conf.int. 0.06262 - 0.08414)
1 ROUGE-2 Average_F: 0.07047 (95%-conf.int. 0.05956 - 0.08010)
.............................................
1 ROUGE-2 Eval D1001-A.M.100.A.1 R:0.10042 P:0.13953 F:0.11679
1 ROUGE-2 Eval D1002-A.M.100.A.1 R:0.06383 P:0.06818 F:0.06593
1 ROUGE-2 Eval D1003-A.M.100.A.1 R:0.07048 P:0.06452 F:0.06737
1 ROUGE-2 Eval D1004-A.M.100.A.1 R:0.07143 P:0.07727 F:0.07424
1 ROUGE-2 Eval D1005-A.M.100.A.1 R:0.04167 P:0.04386 F:0.04274
1 ROUGE-2 Eval D1006-A.M.100.A.1 R:0.00389 P:0.00641 F:0.00484
1 ROUGE-2 Eval D1007-A.M.100.B.1 R:0.05882 P:0.05909 F:0.05895
1 ROUGE-2 Eval D1008-A.M.100.B.1 R:0.06148 P:0.06818 F:0.06466
1 ROUGE-2 Eval D1009-A.M.100.B.1 R:0.09910 P:0.10784 F:0.10329
1 ROUGE-2 Eval D1010-A.M.100.B.1 R:0.15854 P:0.15476 F:0.15663
1 ROUGE-2 Eval D1011-A.M.100.C.1 R:0.05702 P:0.06250 F:0.05963
1 ROUGE-2 Eval D1012-A.M.100.C.1 R:0.06612 P:0.07143 F:0.06867
1 ROUGE-2 Eval D1013-A.M.100.C.1 R:0.13469 P:0.17188 F:0.15103
1 ROUGE-2 Eval D1014-A.M.100.C.1 R:0.01277 P:0.01316 F:0.01296
1 ROUGE-2 Eval D1015-A.M.100.C.1 R:0.06897 P:0.07031 F:0.06963
1 ROUGE-2 Eval D1016-A.M.100.C.1 R:0.09589 P:0.09375 F:0.09481
1 ROUGE-2 Eval D1017-A.M.100.D.1 R:0.01245 P:0.01705 F:0.01439
1 ROUGE-2 Eval D1018-A.M.100.D.1 R:0.12340 P:0.11328 F:0.11812
1 ROUGE-2 Eval D1019-A.M.100.D.1 R:0.06780 P:0.06667 F:0.06723
1 ROUGE-2 Eval D1020-A.M.100.D.1 R:0.03361 P:0.03571 F:0.03463
1 ROUGE-2 Eval D1021-A.M.100.D.1 R:0.06034 P:0.08537 F:0.07071
1 ROUGE-2 Eval D1022-A.M.100.D.1 R:0.02553 P:0.02885 F:0.02709
1 ROUGE-2 Eval D1023-A.M.100.E.1 R:0.04622 P:0.05612 F:0.05069
1 ROUGE-2 Eval D1024-A.M.100.E.1 R:0.15254 P:0.16364 F:0.15790
1 ROUGE-2 Eval D1025-A.M.100.E.1 R:0.09459 P:0.08898 F:0.09170
1 ROUGE-2 Eval D1026-A.M.100.E.1 R:0.03913 P:0.03879 F:0.03896
1 ROUGE-2 Eval D1027-A.M.100.E.1 R:0.07661 P:0.09314 F:0.08407
1 ROUGE-2 Eval D1028-A.M.100.E.1 R:0.07203 P:0.07203 F:0.07203
1 ROUGE-2 Eval D1029-A.M.100.F.1 R:0.06356 P:0.06579 F:0.06466
1 ROUGE-2 Eval D1030-A.M.100.F.1 R:0.07258 P:0.08824 F:0.07965
1 ROUGE-2 Eval D1031-A.M.100.F.1 R:0.06224 P:0.07212 F:0.06682
1 ROUGE-2 Eval D1032-A.M.100.F.1 R:0.08140 P:0.09211 F:0.08642
1 ROUGE-2 Eval D1033-A.M.100.F.1 R:0.07143 P:0.06641 F:0.06883
1 ROUGE-2 Eval D1034-A.M.100.F.1 R:0.01674 P:0.02128 F:0.01874
1 ROUGE-2 Eval D1035-A.M.100.G.1 R:0.07438 P:0.09184 F:0.08219
1 ROUGE-2 Eval D1036-A.M.100.G.1 R:0.01660 P:0.02128 F:0.01865
1 ROUGE-2 Eval D1037-A.M.100.G.1 R:0.08019 P:0.08173 F:0.08095
1 ROUGE-2 Eval D1038-A.M.100.G.1 R:0.05179 P:0.06250 F:0.05664
1 ROUGE-2 Eval D1039-A.M.100.G.1 R:0.07054 P:0.07589 F:0.07312
1 ROUGE-2 Eval D1040-A.M.100.G.1 R:0.05195 P:0.05660 F:0.05418
1 ROUGE-2 Eval D1041-A.M.100.H.1 R:0.04800 P:0.06977 F:0.05687
1 ROUGE-2 Eval D1042-A.M.100.H.1 R:0.09132 P:0.09804 F:0.09456
1 ROUGE-2 Eval D1043-A.M.100.H.1 R:0.09483 P:0.09649 F:0.09565
1 ROUGE-2 Eval D1044-A.M.100.H.1 R:0.09442 P:0.10000 F:0.09713
1 ROUGE-2 Eval D1045-A.M.100.H.1 R:0.06400 P:0.06780 F:0.06585
1 ROUGE-2 Eval D1046-A.M.100.H.1 R:0.04400 P:0.04741 F:0.04564
