---------------------------------------------
1 ROUGE-1 Average_R: 0.24587 (95%-conf.int. 0.22897 - 0.26277)
1 ROUGE-1 Average_P: 0.27282 (95%-conf.int. 0.25535 - 0.29151)
1 ROUGE-1 Average_F: 0.25808 (95%-conf.int. 0.24072 - 0.27539)
.............................................
1 ROUGE-1 Eval D1001-A.M.100.A.1 R:0.27984 P:0.34000 F:0.30700
1 ROUGE-1 Eval D1002-A.M.100.A.1 R:0.18828 P:0.25568 F:0.21686
1 ROUGE-1 Eval D1003-A.M.100.A.1 R:0.25108 P:0.24167 F:0.24629
1 ROUGE-1 Eval D1004-A.M.100.A.1 R:0.35124 P:0.36017 F:0.35565
1 ROUGE-1 Eval D1005-A.M.100.A.1 R:0.24180 P:0.27830 F:0.25877
1 ROUGE-1 Eval D1006-A.M.100.A.1 R:0.16092 P:0.21000 F:0.18221
1 ROUGE-1 Eval D1007-A.M.100.B.1 R:0.20889 P:0.23500 F:0.22118
1 ROUGE-1 Eval D1008-A.M.100.B.1 R:0.15726 P:0.20312 F:0.17727
1 ROUGE-1 Eval D1009-A.M.100.B.1 R:0.16814 P:0.18627 F:0.17674
1 ROUGE-1 Eval D1010-A.M.100.B.1 R:0.30000 P:0.29297 F:0.29644
1 ROUGE-1 Eval D1011-A.M.100.C.1 R:0.20259 P:0.24479 F:0.22170
1 ROUGE-1 Eval D1012-A.M.100.C.1 R:0.23984 P:0.23790 F:0.23887
1 ROUGE-1 Eval D1013-A.M.100.C.1 R:0.30522 P:0.35849 F:0.32972
1 ROUGE-1 Eval D1014-A.M.100.C.1 R:0.18410 P:0.20000 F:0.19172
1 ROUGE-1 Eval D1015-A.M.100.C.1 R:0.30189 P:0.33898 F:0.31936
1 ROUGE-1 Eval D1016-A.M.100.C.1 R:0.31390 P:0.38043 F:0.34398
1 ROUGE-1 Eval D1017-A.M.100.D.1 R:0.20408 P:0.23585 F:0.21882
1 ROUGE-1 Eval D1018-A.M.100.D.1 R:0.28033 P:0.24632 F:0.26223
1 ROUGE-1 Eval D1019-A.M.100.D.1 R:0.36250 P:0.35081 F:0.35656
1 ROUGE-1 Eval D1020-A.M.100.D.1 R:0.23140 P:0.24561 F:0.23829
1 ROUGE-1 Eval D1021-A.M.100.D.1 R:0.20339 P:0.22642 F:0.21429
1 ROUGE-1 Eval D1022-A.M.100.D.1 R:0.24268 P:0.29000 F:0.26424
1 ROUGE-1 Eval D1023-A.M.100.E.1 R:0.21074 P:0.23182 F:0.22078
1 ROUGE-1 Eval D1024-A.M.100.E.1 R:0.31667 P:0.34545 F:0.33043
1 ROUGE-1 Eval D1025-A.M.100.E.1 R:0.23451 P:0.25980 F:0.24651
1 ROUGE-1 Eval D1026-A.M.100.E.1 R:0.13248 P:0.13596 F:0.13420
1 ROUGE-1 Eval D1027-A.M.100.E.1 R:0.36905 P:0.43056 F:0.39744
1 ROUGE-1 Eval D1028-A.M.100.E.1 R:0.20833 P:0.23585 F:0.22124
1 ROUGE-1 Eval D1029-A.M.100.F.1 R:0.19167 P:0.20536 F:0.19828
1 ROUGE-1 Eval D1030-A.M.100.F.1 R:0.26190 P:0.27966 F:0.27049
1 ROUGE-1 Eval D1031-A.M.100.F.1 R:0.20408 P:0.26596 F:0.23095
1 ROUGE-1 Eval D1032-A.M.100.F.1 R:0.28244 P:0.33636 F:0.30705
1 ROUGE-1 Eval D1033-A.M.100.F.1 R:0.35124 P:0.33730 F:0.34413
1 ROUGE-1 Eval D1034-A.M.100.F.1 R:0.16461 P:0.19608 F:0.17897
1 ROUGE-1 Eval D1035-A.M.100.G.1 R:0.24797 P:0.31771 F:0.27854
1 ROUGE-1 Eval D1036-A.M.100.G.1 R:0.11837 P:0.14500 F:0.13034
1 ROUGE-1 Eval D1037-A.M.100.G.1 R:0.25926 P:0.28571 F:0.27184
1 ROUGE-1 Eval D1038-A.M.100.G.1 R:0.17255 P:0.18966 F:0.18070
1 ROUGE-1 Eval D1039-A.M.100.G.1 R:0.25714 P:0.27632 F:0.26639
1 ROUGE-1 Eval D1040-A.M.100.G.1 R:0.30213 P:0.32870 F:0.31486
1 ROUGE-1 Eval D1041-A.M.100.H.1 R:0.22835 P:0.28431 F:0.25328
1 ROUGE-1 Eval D1042-A.M.100.H.1 R:0.26009 P:0.26852 F:0.26424
1 ROUGE-1 Eval D1043-A.M.100.H.1 R:0.29237 P:0.27823 F:0.28512
1 ROUGE-1 Eval D1044-A.M.100.H.1 R:0.29114 P:0.29741 F:0.29424
1 ROUGE-1 Eval D1045-A.M.100.H.1 R:0.29921 P:0.35185 F:0.32340
1 ROUGE-1 Eval D1046-A.M.100.H.1 R:0.29921 P:0.32759 F:0.31276
---------------------------------------------
1 ROUGE-2 Average_R: 0.06785 (95%-conf.int. 0.05695 - 0.07826)
1 ROUGE-2 Average_P: 0.07466 (95%-conf.int. 0.06263 - 0.08571)
1 ROUGE-2 Average_F: 0.07092 (95%-conf.int. 0.05937 - 0.08144)
.............................................
1 ROUGE-2 Eval D1001-A.M.100.A.1 R:0.10879 P:0.13265 F:0.11954
1 ROUGE-2 Eval D1002-A.M.100.A.1 R:0.02553 P:0.03488 F:0.02948
1 ROUGE-2 Eval D1003-A.M.100.A.1 R:0.03084 P:0.02966 F:0.03024
1 ROUGE-2 Eval D1004-A.M.100.A.1 R:0.10504 P:0.10776 F:0.10638
1 ROUGE-2 Eval D1005-A.M.100.A.1 R:0.04583 P:0.05288 F:0.04910
1 ROUGE-2 Eval D1006-A.M.100.A.1 R:0.01556 P:0.02041 F:0.01766
1 ROUGE-2 Eval D1007-A.M.100.B.1 R:0.04072 P:0.04592 F:0.04316
1 ROUGE-2 Eval D1008-A.M.100.B.1 R:0.02869 P:0.03723 F:0.03241
1 ROUGE-2 Eval D1009-A.M.100.B.1 R:0.04505 P:0.05000 F:0.04740
1 ROUGE-2 Eval D1010-A.M.100.B.1 R:0.14228 P:0.13889 F:0.14056
1 ROUGE-2 Eval D1011-A.M.100.C.1 R:0.06579 P:0.07979 F:0.07212
1 ROUGE-2 Eval D1012-A.M.100.C.1 R:0.03719 P:0.03689 F:0.03704
1 ROUGE-2 Eval D1013-A.M.100.C.1 R:0.15102 P:0.17788 F:0.16335
1 ROUGE-2 Eval D1014-A.M.100.C.1 R:0.02128 P:0.02315 F:0.02218
1 ROUGE-2 Eval D1015-A.M.100.C.1 R:0.11877 P:0.13362 F:0.12576
1 ROUGE-2 Eval D1016-A.M.100.C.1 R:0.05936 P:0.07222 F:0.06516
1 ROUGE-2 Eval D1017-A.M.100.D.1 R:0.03320 P:0.03846 F:0.03564
1 ROUGE-2 Eval D1018-A.M.100.D.1 R:0.12340 P:0.10821 F:0.11531
1 ROUGE-2 Eval D1019-A.M.100.D.1 R:0.08051 P:0.07787 F:0.07917
1 ROUGE-2 Eval D1020-A.M.100.D.1 R:0.03361 P:0.03571 F:0.03463
1 ROUGE-2 Eval D1021-A.M.100.D.1 R:0.08190 P:0.09135 F:0.08637
1 ROUGE-2 Eval D1022-A.M.100.D.1 R:0.02979 P:0.03571 F:0.03248
1 ROUGE-2 Eval D1023-A.M.100.E.1 R:0.03361 P:0.03704 F:0.03524
1 ROUGE-2 Eval D1024-A.M.100.E.1 R:0.11017 P:0.12037 F:0.11504
1 ROUGE-2 Eval D1025-A.M.100.E.1 R:0.07658 P:0.08500 F:0.08057
1 ROUGE-2 Eval D1026-A.M.100.E.1 R:0.03913 P:0.04018 F:0.03965
1 ROUGE-2 Eval D1027-A.M.100.E.1 R:0.11694 P:0.13679 F:0.12609
1 ROUGE-2 Eval D1028-A.M.100.E.1 R:0.05508 P:0.06250 F:0.05856
1 ROUGE-2 Eval D1029-A.M.100.F.1 R:0.02119 P:0.02273 F:0.02193
1 ROUGE-2 Eval D1030-A.M.100.F.1 R:0.06855 P:0.07328 F:0.07084
1 ROUGE-2 Eval D1031-A.M.100.F.1 R:0.04564 P:0.05978 F:0.05176
1 ROUGE-2 Eval D1032-A.M.100.F.1 R:0.05814 P:0.06944 F:0.06329
1 ROUGE-2 Eval D1033-A.M.100.F.1 R:0.13866 P:0.13306 F:0.13580
1 ROUGE-2 Eval D1034-A.M.100.F.1 R:0.02092 P:0.02500 F:0.02278
1 ROUGE-2 Eval D1035-A.M.100.G.1 R:0.07438 P:0.09574 F:0.08372
1 ROUGE-2 Eval D1036-A.M.100.G.1 R:0.00830 P:0.01020 F:0.00915
1 ROUGE-2 Eval D1037-A.M.100.G.1 R:0.03774 P:0.04167 F:0.03961
1 ROUGE-2 Eval D1038-A.M.100.G.1 R:0.05578 P:0.06140 F:0.05846
1 ROUGE-2 Eval D1039-A.M.100.G.1 R:0.09129 P:0.09821 F:0.09462
1 ROUGE-2 Eval D1040-A.M.100.G.1 R:0.12121 P:0.13208 F:0.12641
1 ROUGE-2 Eval D1041-A.M.100.H.1 R:0.10000 P:0.12500 F:0.11111
1 ROUGE-2 Eval D1042-A.M.100.H.1 R:0.08676 P:0.08962 F:0.08817
1 ROUGE-2 Eval D1043-A.M.100.H.1 R:0.11638 P:0.11066 F:0.11345
1 ROUGE-2 Eval D1044-A.M.100.H.1 R:0.07296 P:0.07456 F:0.07375
1 ROUGE-2 Eval D1045-A.M.100.H.1 R:0.07200 P:0.08491 F:0.07792
1 ROUGE-2 Eval D1046-A.M.100.H.1 R:0.08400 P:0.09211 F:0.08787
