---------------------------------------------
1 ROUGE-1 Average_R: 0.25198 (95%-conf.int. 0.23530 - 0.26885)
1 ROUGE-1 Average_P: 0.26569 (95%-conf.int. 0.24878 - 0.28351)
1 ROUGE-1 Average_F: 0.25816 (95%-conf.int. 0.24185 - 0.27571)
.............................................
1 ROUGE-1 Eval D1001-A.M.100.A.1 R:0.23868 P:0.29000 F:0.26185
1 ROUGE-1 Eval D1002-A.M.100.A.1 R:0.18828 P:0.25568 F:0.21686
1 ROUGE-1 Eval D1003-A.M.100.A.1 R:0.24242 P:0.21538 F:0.22810
1 ROUGE-1 Eval D1004-A.M.100.A.1 R:0.38017 P:0.36508 F:0.37247
1 ROUGE-1 Eval D1005-A.M.100.A.1 R:0.25000 P:0.30500 F:0.27477
1 ROUGE-1 Eval D1006-A.M.100.A.1 R:0.21073 P:0.23707 F:0.22313
1 ROUGE-1 Eval D1007-A.M.100.B.1 R:0.20889 P:0.23500 F:0.22118
1 ROUGE-1 Eval D1008-A.M.100.B.1 R:0.18952 P:0.20982 F:0.19915
1 ROUGE-1 Eval D1009-A.M.100.B.1 R:0.25221 P:0.25446 F:0.25333
1 ROUGE-1 Eval D1010-A.M.100.B.1 R:0.31200 P:0.30469 F:0.30830
1 ROUGE-1 Eval D1011-A.M.100.C.1 R:0.24138 P:0.22222 F:0.23140
1 ROUGE-1 Eval D1012-A.M.100.C.1 R:0.23984 P:0.25431 F:0.24686
1 ROUGE-1 Eval D1013-A.M.100.C.1 R:0.29317 P:0.30932 F:0.30103
1 ROUGE-1 Eval D1014-A.M.100.C.1 R:0.16736 P:0.16949 F:0.16842
1 ROUGE-1 Eval D1015-A.M.100.C.1 R:0.27547 P:0.28516 F:0.28023
1 ROUGE-1 Eval D1016-A.M.100.C.1 R:0.30045 P:0.30455 F:0.30249
1 ROUGE-1 Eval D1017-A.M.100.D.1 R:0.21224 P:0.22807 F:0.21987
1 ROUGE-1 Eval D1018-A.M.100.D.1 R:0.28033 P:0.25000 F:0.26430
1 ROUGE-1 Eval D1019-A.M.100.D.1 R:0.36667 P:0.35484 F:0.36066
1 ROUGE-1 Eval D1020-A.M.100.D.1 R:0.20661 P:0.21930 F:0.21277
1 ROUGE-1 Eval D1021-A.M.100.D.1 R:0.20763 P:0.22685 F:0.21681
1 ROUGE-1 Eval D1022-A.M.100.D.1 R:0.26778 P:0.30769 F:0.28635
1 ROUGE-1 Eval D1023-A.M.100.E.1 R:0.22314 P:0.22881 F:0.22594
1 ROUGE-1 Eval D1024-A.M.100.E.1 R:0.35833 P:0.39091 F:0.37391
1 ROUGE-1 Eval D1025-A.M.100.E.1 R:0.25221 P:0.24569 F:0.24891
1 ROUGE-1 Eval D1026-A.M.100.E.1 R:0.13248 P:0.13596 F:0.13420
1 ROUGE-1 Eval D1027-A.M.100.E.1 R:0.35714 P:0.38793 F:0.37190
1 ROUGE-1 Eval D1028-A.M.100.E.1 R:0.29167 P:0.28689 F:0.28926
1 ROUGE-1 Eval D1029-A.M.100.F.1 R:0.25417 P:0.26293 F:0.25848
1 ROUGE-1 Eval D1030-A.M.100.F.1 R:0.24206 P:0.24597 F:0.24400
1 ROUGE-1 Eval D1031-A.M.100.F.1 R:0.17143 P:0.18750 F:0.17911
1 ROUGE-1 Eval D1032-A.M.100.F.1 R:0.28626 P:0.34091 F:0.31120
1 ROUGE-1 Eval D1033-A.M.100.F.1 R:0.30579 P:0.29839 F:0.30204
1 ROUGE-1 Eval D1034-A.M.100.F.1 R:0.16872 P:0.18304 F:0.17559
1 ROUGE-1 Eval D1035-A.M.100.G.1 R:0.21545 P:0.26500 F:0.23767
1 ROUGE-1 Eval D1036-A.M.100.G.1 R:0.13061 P:0.13793 F:0.13417
1 ROUGE-1 Eval D1037-A.M.100.G.1 R:0.27778 P:0.30000 F:0.28846
1 ROUGE-1 Eval D1038-A.M.100.G.1 R:0.18824 P:0.17910 F:0.18356
1 ROUGE-1 Eval D1039-A.M.100.G.1 R:0.23673 P:0.25893 F:0.24733
1 ROUGE-1 Eval D1040-A.M.100.G.1 R:0.26383 P:0.29245 F:0.27740
1 ROUGE-1 Eval D1041-A.M.100.H.1 R:0.22047 P:0.26415 F:0.24034
1 ROUGE-1 Eval D1042-A.M.100.H.1 R:0.26906 P:0.24590 F:0.25696
1 ROUGE-1 Eval D1043-A.M.100.H.1 R:0.27966 P:0.26190 F:0.27049
1 ROUGE-1 Eval D1044-A.M.100.H.1 R:0.29958 P:0.31696 F:0.30803
1 ROUGE-1 Eval D1045-A.M.100.H.1 R:0.36220 P:0.39655 F:0.37860
1 ROUGE-1 Eval D1046-A.M.100.H.1 R:0.29921 P:0.32759 F:0.31276
---------------------------------------------
1 ROUGE-2 Average_R: 0.06998 (95%-conf.int. 0.05848 - 0.08063)
1 ROUGE-2 Average_P: 0.07325 (95%-conf.int. 0.06174 - 0.08437)
1 ROUGE-2 Average_F: 0.07143 (95%-conf.int. 0.06006 - 0.08219)
.............................................
1 ROUGE-2 Eval D1001-A.M.100.A.1 R:0.10460 P:0.12755 F:0.11494
1 ROUGE-2 Eval D1002-A.M.100.A.1 R:0.02553 P:0.03488 F:0.02948
1 ROUGE-2 Eval D1003-A.M.100.A.1 R:0.04846 P:0.04297 F:0.04555
1 ROUGE-2 Eval D1004-A.M.100.A.1 R:0.12605 P:0.12097 F:0.12346
1 ROUGE-2 Eval D1005-A.M.100.A.1 R:0.03333 P:0.04082 F:0.03670
1 ROUGE-2 Eval D1006-A.M.100.A.1 R:0.00778 P:0.00877 F:0.00825
1 ROUGE-2 Eval D1007-A.M.100.B.1 R:0.04072 P:0.04592 F:0.04316
1 ROUGE-2 Eval D1008-A.M.100.B.1 R:0.02869 P:0.03182 F:0.03017
1 ROUGE-2 Eval D1009-A.M.100.B.1 R:0.05856 P:0.05909 F:0.05882
1 ROUGE-2 Eval D1010-A.M.100.B.1 R:0.14228 P:0.13889 F:0.14056
1 ROUGE-2 Eval D1011-A.M.100.C.1 R:0.09211 P:0.08468 F:0.08824
1 ROUGE-2 Eval D1012-A.M.100.C.1 R:0.04545 P:0.04825 F:0.04681
1 ROUGE-2 Eval D1013-A.M.100.C.1 R:0.17143 P:0.18103 F:0.17610
1 ROUGE-2 Eval D1014-A.M.100.C.1 R:0.00851 P:0.00862 F:0.00856
1 ROUGE-2 Eval D1015-A.M.100.C.1 R:0.09195 P:0.09524 F:0.09357
1 ROUGE-2 Eval D1016-A.M.100.C.1 R:0.04110 P:0.04167 F:0.04138
1 ROUGE-2 Eval D1017-A.M.100.D.1 R:0.02905 P:0.03125 F:0.03011
1 ROUGE-2 Eval D1018-A.M.100.D.1 R:0.12340 P:0.10985 F:0.11623
1 ROUGE-2 Eval D1019-A.M.100.D.1 R:0.07627 P:0.07377 F:0.07500
1 ROUGE-2 Eval D1020-A.M.100.D.1 R:0.03361 P:0.03571 F:0.03463
1 ROUGE-2 Eval D1021-A.M.100.D.1 R:0.08190 P:0.08962 F:0.08559
1 ROUGE-2 Eval D1022-A.M.100.D.1 R:0.02979 P:0.03431 F:0.03189
1 ROUGE-2 Eval D1023-A.M.100.E.1 R:0.03361 P:0.03448 F:0.03404
1 ROUGE-2 Eval D1024-A.M.100.E.1 R:0.13983 P:0.15278 F:0.14602
1 ROUGE-2 Eval D1025-A.M.100.E.1 R:0.04955 P:0.04825 F:0.04889
1 ROUGE-2 Eval D1026-A.M.100.E.1 R:0.03913 P:0.04018 F:0.03965
1 ROUGE-2 Eval D1027-A.M.100.E.1 R:0.11694 P:0.12719 F:0.12185
1 ROUGE-2 Eval D1028-A.M.100.E.1 R:0.05932 P:0.05833 F:0.05882
1 ROUGE-2 Eval D1029-A.M.100.F.1 R:0.06356 P:0.06579 F:0.06466
1 ROUGE-2 Eval D1030-A.M.100.F.1 R:0.07258 P:0.07377 F:0.07317
1 ROUGE-2 Eval D1031-A.M.100.F.1 R:0.04564 P:0.05000 F:0.04772
1 ROUGE-2 Eval D1032-A.M.100.F.1 R:0.06977 P:0.08333 F:0.07595
1 ROUGE-2 Eval D1033-A.M.100.F.1 R:0.08403 P:0.08197 F:0.08299
1 ROUGE-2 Eval D1034-A.M.100.F.1 R:0.01674 P:0.01818 F:0.01743
1 ROUGE-2 Eval D1035-A.M.100.G.1 R:0.07851 P:0.09694 F:0.08676
1 ROUGE-2 Eval D1036-A.M.100.G.1 R:0.02490 P:0.02632 F:0.02559
1 ROUGE-2 Eval D1037-A.M.100.G.1 R:0.06604 P:0.07143 F:0.06863
1 ROUGE-2 Eval D1038-A.M.100.G.1 R:0.05976 P:0.05682 F:0.05825
1 ROUGE-2 Eval D1039-A.M.100.G.1 R:0.08299 P:0.09091 F:0.08677
1 ROUGE-2 Eval D1040-A.M.100.G.1 R:0.09091 P:0.10096 F:0.09567
1 ROUGE-2 Eval D1041-A.M.100.H.1 R:0.08800 P:0.10577 F:0.09607
1 ROUGE-2 Eval D1042-A.M.100.H.1 R:0.10959 P:0.10000 F:0.10458
1 ROUGE-2 Eval D1043-A.M.100.H.1 R:0.13793 P:0.12903 F:0.13333
1 ROUGE-2 Eval D1044-A.M.100.H.1 R:0.09871 P:0.10455 F:0.10155
1 ROUGE-2 Eval D1045-A.M.100.H.1 R:0.07600 P:0.08333 F:0.07950
1 ROUGE-2 Eval D1046-A.M.100.H.1 R:0.08400 P:0.09211 F:0.08787
