---------------------------------------------
1 ROUGE-1 Average_R: 0.24234 (95%-conf.int. 0.22271 - 0.26137)
1 ROUGE-1 Average_P: 0.25679 (95%-conf.int. 0.23700 - 0.27714)
1 ROUGE-1 Average_F: 0.24891 (95%-conf.int. 0.22898 - 0.26887)
.............................................
1 ROUGE-1 Eval D1001-A.M.100.A.1 R:0.28395 P:0.32547 F:0.30330
1 ROUGE-1 Eval D1002-A.M.100.A.1 R:0.18828 P:0.25568 F:0.21686
1 ROUGE-1 Eval D1003-A.M.100.A.1 R:0.19481 P:0.19737 F:0.19608
1 ROUGE-1 Eval D1004-A.M.100.A.1 R:0.37190 P:0.36885 F:0.37037
1 ROUGE-1 Eval D1005-A.M.100.A.1 R:0.25820 P:0.29717 F:0.27632
1 ROUGE-1 Eval D1006-A.M.100.A.1 R:0.15709 P:0.18981 F:0.17191
1 ROUGE-1 Eval D1007-A.M.100.B.1 R:0.20889 P:0.23500 F:0.22118
1 ROUGE-1 Eval D1008-A.M.100.B.1 R:0.17339 P:0.16288 F:0.16797
1 ROUGE-1 Eval D1009-A.M.100.B.1 R:0.13717 P:0.14904 F:0.14286
1 ROUGE-1 Eval D1010-A.M.100.B.1 R:0.29200 P:0.29435 F:0.29317
1 ROUGE-1 Eval D1011-A.M.100.C.1 R:0.25000 P:0.23770 F:0.24369
1 ROUGE-1 Eval D1012-A.M.100.C.1 R:0.23984 P:0.25431 F:0.24686
1 ROUGE-1 Eval D1013-A.M.100.C.1 R:0.29317 P:0.30932 F:0.30103
1 ROUGE-1 Eval D1014-A.M.100.C.1 R:0.18410 P:0.18966 F:0.18684
1 ROUGE-1 Eval D1015-A.M.100.C.1 R:0.24151 P:0.24242 F:0.24196
1 ROUGE-1 Eval D1016-A.M.100.C.1 R:0.30045 P:0.30455 F:0.30249
1 ROUGE-1 Eval D1017-A.M.100.D.1 R:0.21224 P:0.22807 F:0.21987
1 ROUGE-1 Eval D1018-A.M.100.D.1 R:0.28033 P:0.24632 F:0.26223
1 ROUGE-1 Eval D1019-A.M.100.D.1 R:0.32083 P:0.30556 F:0.31301
1 ROUGE-1 Eval D1020-A.M.100.D.1 R:0.23140 P:0.24561 F:0.23829
1 ROUGE-1 Eval D1021-A.M.100.D.1 R:0.20339 P:0.22222 F:0.21239
1 ROUGE-1 Eval D1022-A.M.100.D.1 R:0.25523 P:0.26754 F:0.26124
1 ROUGE-1 Eval D1023-A.M.100.E.1 R:0.25207 P:0.25847 F:0.25523
1 ROUGE-1 Eval D1024-A.M.100.E.1 R:0.34583 P:0.35776 F:0.35169
1 ROUGE-1 Eval D1025-A.M.100.E.1 R:0.25221 P:0.24569 F:0.24891
1 ROUGE-1 Eval D1026-A.M.100.E.1 R:0.13248 P:0.13136 F:0.13192
1 ROUGE-1 Eval D1027-A.M.100.E.1 R:0.36905 P:0.43056 F:0.39744
1 ROUGE-1 Eval D1028-A.M.100.E.1 R:0.29167 P:0.28689 F:0.28926
1 ROUGE-1 Eval D1029-A.M.100.F.1 R:0.12500 P:0.15957 F:0.14019
1 ROUGE-1 Eval D1030-A.M.100.F.1 R:0.25000 P:0.26695 F:0.25820
1 ROUGE-1 Eval D1031-A.M.100.F.1 R:0.17143 P:0.18750 F:0.17911
1 ROUGE-1 Eval D1032-A.M.100.F.1 R:0.29771 P:0.34211 F:0.31837
1 ROUGE-1 Eval D1033-A.M.100.F.1 R:0.23140 P:0.22222 F:0.22672
1 ROUGE-1 Eval D1034-A.M.100.F.1 R:0.16872 P:0.18304 F:0.17559
1 ROUGE-1 Eval D1035-A.M.100.G.1 R:0.22764 P:0.28571 F:0.25339
1 ROUGE-1 Eval D1036-A.M.100.G.1 R:0.08163 P:0.09615 F:0.08830
1 ROUGE-1 Eval D1037-A.M.100.G.1 R:0.25926 P:0.26415 F:0.26168
1 ROUGE-1 Eval D1038-A.M.100.G.1 R:0.14902 P:0.14615 F:0.14757
1 ROUGE-1 Eval D1039-A.M.100.G.1 R:0.25306 P:0.27679 F:0.26439
1 ROUGE-1 Eval D1040-A.M.100.G.1 R:0.30213 P:0.33491 F:0.31768
1 ROUGE-1 Eval D1041-A.M.100.H.1 R:0.24016 P:0.28241 F:0.25958
1 ROUGE-1 Eval D1042-A.M.100.H.1 R:0.25561 P:0.25909 F:0.25734
1 ROUGE-1 Eval D1043-A.M.100.H.1 R:0.26695 P:0.26250 F:0.26471
1 ROUGE-1 Eval D1044-A.M.100.H.1 R:0.32489 P:0.31557 F:0.32016
1 ROUGE-1 Eval D1045-A.M.100.H.1 R:0.33858 P:0.37719 F:0.35684
1 ROUGE-1 Eval D1046-A.M.100.H.1 R:0.29921 P:0.32759 F:0.31276
---------------------------------------------
1 ROUGE-2 Average_R: 0.06752 (95%-conf.int. 0.05600 - 0.07939)
1 ROUGE-2 Average_P: 0.07119 (95%-conf.int. 0.05885 - 0.08344)
1 ROUGE-2 Average_F: 0.06918 (95%-conf.int. 0.05740 - 0.08107)
.............................................
1 ROUGE-2 Eval D1001-A.M.100.A.1 R:0.10879 P:0.12500 F:0.11633
1 ROUGE-2 Eval D1002-A.M.100.A.1 R:0.02553 P:0.03488 F:0.02948
1 ROUGE-2 Eval D1003-A.M.100.A.1 R:0.02643 P:0.02679 F:0.02661
1 ROUGE-2 Eval D1004-A.M.100.A.1 R:0.12605 P:0.12500 F:0.12552
1 ROUGE-2 Eval D1005-A.M.100.A.1 R:0.07500 P:0.08654 F:0.08036
1 ROUGE-2 Eval D1006-A.M.100.A.1 R:0.01946 P:0.02358 F:0.02132
1 ROUGE-2 Eval D1007-A.M.100.B.1 R:0.04072 P:0.04592 F:0.04316
1 ROUGE-2 Eval D1008-A.M.100.B.1 R:0.02869 P:0.02692 F:0.02778
1 ROUGE-2 Eval D1009-A.M.100.B.1 R:0.01351 P:0.01471 F:0.01408
1 ROUGE-2 Eval D1010-A.M.100.B.1 R:0.14228 P:0.14344 F:0.14286
1 ROUGE-2 Eval D1011-A.M.100.C.1 R:0.09649 P:0.09167 F:0.09402
1 ROUGE-2 Eval D1012-A.M.100.C.1 R:0.02893 P:0.03070 F:0.02979
1 ROUGE-2 Eval D1013-A.M.100.C.1 R:0.17143 P:0.18103 F:0.17610
1 ROUGE-2 Eval D1014-A.M.100.C.1 R:0.01702 P:0.01754 F:0.01728
1 ROUGE-2 Eval D1015-A.M.100.C.1 R:0.08812 P:0.08846 F:0.08829
1 ROUGE-2 Eval D1016-A.M.100.C.1 R:0.04110 P:0.04167 F:0.04138
1 ROUGE-2 Eval D1017-A.M.100.D.1 R:0.02905 P:0.03125 F:0.03011
1 ROUGE-2 Eval D1018-A.M.100.D.1 R:0.12340 P:0.10821 F:0.11531
1 ROUGE-2 Eval D1019-A.M.100.D.1 R:0.07203 P:0.06855 F:0.07025
1 ROUGE-2 Eval D1020-A.M.100.D.1 R:0.03361 P:0.03571 F:0.03463
1 ROUGE-2 Eval D1021-A.M.100.D.1 R:0.08190 P:0.08962 F:0.08559
1 ROUGE-2 Eval D1022-A.M.100.D.1 R:0.02553 P:0.02679 F:0.02614
1 ROUGE-2 Eval D1023-A.M.100.E.1 R:0.04202 P:0.04310 F:0.04255
1 ROUGE-2 Eval D1024-A.M.100.E.1 R:0.13559 P:0.14035 F:0.13793
1 ROUGE-2 Eval D1025-A.M.100.E.1 R:0.04955 P:0.04825 F:0.04889
1 ROUGE-2 Eval D1026-A.M.100.E.1 R:0.03913 P:0.03879 F:0.03896
1 ROUGE-2 Eval D1027-A.M.100.E.1 R:0.11694 P:0.13679 F:0.12609
1 ROUGE-2 Eval D1028-A.M.100.E.1 R:0.05932 P:0.05833 F:0.05882
1 ROUGE-2 Eval D1029-A.M.100.F.1 R:0.00424 P:0.00543 F:0.00476
1 ROUGE-2 Eval D1030-A.M.100.F.1 R:0.06452 P:0.06897 F:0.06667
1 ROUGE-2 Eval D1031-A.M.100.F.1 R:0.04564 P:0.05000 F:0.04772
1 ROUGE-2 Eval D1032-A.M.100.F.1 R:0.07752 P:0.08929 F:0.08299
1 ROUGE-2 Eval D1033-A.M.100.F.1 R:0.07563 P:0.07258 F:0.07407
1 ROUGE-2 Eval D1034-A.M.100.F.1 R:0.01674 P:0.01818 F:0.01743
1 ROUGE-2 Eval D1035-A.M.100.G.1 R:0.08264 P:0.10417 F:0.09216
1 ROUGE-2 Eval D1036-A.M.100.G.1 R:0.01660 P:0.01961 F:0.01798
1 ROUGE-2 Eval D1037-A.M.100.G.1 R:0.03774 P:0.03846 F:0.03810
1 ROUGE-2 Eval D1038-A.M.100.G.1 R:0.03984 P:0.03906 F:0.03945
1 ROUGE-2 Eval D1039-A.M.100.G.1 R:0.08299 P:0.09091 F:0.08677
1 ROUGE-2 Eval D1040-A.M.100.G.1 R:0.12121 P:0.13462 F:0.12756
1 ROUGE-2 Eval D1041-A.M.100.H.1 R:0.10400 P:0.12264 F:0.11255
1 ROUGE-2 Eval D1042-A.M.100.H.1 R:0.08676 P:0.08796 F:0.08736
1 ROUGE-2 Eval D1043-A.M.100.H.1 R:0.13793 P:0.13559 F:0.13675
1 ROUGE-2 Eval D1044-A.M.100.H.1 R:0.10300 P:0.10000 F:0.10148
1 ROUGE-2 Eval D1045-A.M.100.H.1 R:0.07200 P:0.08036 F:0.07595
1 ROUGE-2 Eval D1046-A.M.100.H.1 R:0.08400 P:0.09211 F:0.08787
