---------------------------------------------
1 ROUGE-1 Average_R: 0.23842 (95%-conf.int. 0.21484 - 0.25981)
1 ROUGE-1 Average_P: 0.25803 (95%-conf.int. 0.23527 - 0.28067)
1 ROUGE-1 Average_F: 0.24723 (95%-conf.int. 0.22364 - 0.26916)
.............................................
1 ROUGE-1 Eval D1001-A.M.100.A.1 R:0.23868 P:0.29000 F:0.26185
1 ROUGE-1 Eval D1002-A.M.100.A.1 R:0.20921 P:0.29070 F:0.24331
1 ROUGE-1 Eval D1003-A.M.100.A.1 R:0.24242 P:0.22951 F:0.23579
1 ROUGE-1 Eval D1004-A.M.100.A.1 R:0.37190 P:0.36885 F:0.37037
1 ROUGE-1 Eval D1005-A.M.100.A.1 R:0.31148 P:0.30645 F:0.30894
1 ROUGE-1 Eval D1006-A.M.100.A.1 R:0.15709 P:0.18981 F:0.17191
1 ROUGE-1 Eval D1007-A.M.100.B.1 R:0.22222 P:0.24038 F:0.23094
1 ROUGE-1 Eval D1008-A.M.100.B.1 R:0.18952 P:0.20982 F:0.19915
1 ROUGE-1 Eval D1009-A.M.100.B.1 R:0.23009 P:0.24074 F:0.23529
1 ROUGE-1 Eval D1010-A.M.100.B.1 R:0.27200 P:0.28333 F:0.27755
1 ROUGE-1 Eval D1011-A.M.100.C.1 R:0.22414 P:0.21311 F:0.21849
1 ROUGE-1 Eval D1012-A.M.100.C.1 R:0.21951 P:0.27551 F:0.24434
1 ROUGE-1 Eval D1013-A.M.100.C.1 R:0.29317 P:0.30932 F:0.30103
1 ROUGE-1 Eval D1014-A.M.100.C.1 R:0.18410 P:0.18966 F:0.18684
1 ROUGE-1 Eval D1015-A.M.100.C.1 R:0.11698 P:0.12917 F:0.12277
1 ROUGE-1 Eval D1016-A.M.100.C.1 R:0.30045 P:0.30455 F:0.30249
1 ROUGE-1 Eval D1017-A.M.100.D.1 R:0.21633 P:0.22458 F:0.22038
1 ROUGE-1 Eval D1018-A.M.100.D.1 R:0.27197 P:0.25391 F:0.26263
1 ROUGE-1 Eval D1019-A.M.100.D.1 R:0.32500 P:0.33621 F:0.33051
1 ROUGE-1 Eval D1020-A.M.100.D.1 R:0.17769 P:0.17917 F:0.17843
1 ROUGE-1 Eval D1021-A.M.100.D.1 R:0.26271 P:0.31000 F:0.28440
1 ROUGE-1 Eval D1022-A.M.100.D.1 R:0.37657 P:0.40179 F:0.38877
1 ROUGE-1 Eval D1023-A.M.100.E.1 R:0.19835 P:0.22222 F:0.20961
1 ROUGE-1 Eval D1024-A.M.100.E.1 R:0.35000 P:0.35593 F:0.35294
1 ROUGE-1 Eval D1025-A.M.100.E.1 R:0.25221 P:0.24569 F:0.24891
1 ROUGE-1 Eval D1026-A.M.100.E.1 R:0.13248 P:0.13596 F:0.13420
1 ROUGE-1 Eval D1027-A.M.100.E.1 R:0.25397 P:0.36364 F:0.29907
1 ROUGE-1 Eval D1028-A.M.100.E.1 R:0.29167 P:0.28689 F:0.28926
1 ROUGE-1 Eval D1029-A.M.100.F.1 R:0.18333 P:0.20370 F:0.19298
1 ROUGE-1 Eval D1030-A.M.100.F.1 R:0.25000 P:0.26695 F:0.25820
1 ROUGE-1 Eval D1031-A.M.100.F.1 R:0.17143 P:0.18750 F:0.17911
1 ROUGE-1 Eval D1032-A.M.100.F.1 R:0.25573 P:0.30455 F:0.27801
1 ROUGE-1 Eval D1033-A.M.100.F.1 R:0.14463 P:0.13889 F:0.14170
1 ROUGE-1 Eval D1034-A.M.100.F.1 R:0.01646 P:0.01587 F:0.01616
1 ROUGE-1 Eval D1035-A.M.100.G.1 R:0.20732 P:0.25500 F:0.22870
1 ROUGE-1 Eval D1036-A.M.100.G.1 R:0.10204 P:0.13889 F:0.11765
1 ROUGE-1 Eval D1037-A.M.100.G.1 R:0.31944 P:0.35204 F:0.33495
1 ROUGE-1 Eval D1038-A.M.100.G.1 R:0.21961 P:0.25455 F:0.23579
1 ROUGE-1 Eval D1039-A.M.100.G.1 R:0.25306 P:0.27679 F:0.26439
1 ROUGE-1 Eval D1040-A.M.100.G.1 R:0.28936 P:0.32075 F:0.30425
1 ROUGE-1 Eval D1041-A.M.100.H.1 R:0.21654 P:0.25463 F:0.23405
1 ROUGE-1 Eval D1042-A.M.100.H.1 R:0.24664 P:0.25000 F:0.24831
1 ROUGE-1 Eval D1043-A.M.100.H.1 R:0.27966 P:0.26190 F:0.27049
1 ROUGE-1 Eval D1044-A.M.100.H.1 R:0.29958 P:0.29583 F:0.29769
1 ROUGE-1 Eval D1045-A.M.100.H.1 R:0.34252 P:0.40278 F:0.37021
1 ROUGE-1 Eval D1046-A.M.100.H.1 R:0.29921 P:0.32759 F:0.31276
---------------------------------------------
1 ROUGE-2 Average_R: 0.06408 (95%-conf.int. 0.05241 - 0.07581)
1 ROUGE-2 Average_P: 0.06876 (95%-conf.int. 0.05707 - 0.08042)
1 ROUGE-2 Average_F: 0.06618 (95%-conf.int. 0.05433 - 0.07784)
.............................................
1 ROUGE-2 Eval D1001-A.M.100.A.1 R:0.10460 P:0.12755 F:0.11494
1 ROUGE-2 Eval D1002-A.M.100.A.1 R:0.03404 P:0.04762 F:0.03970
1 ROUGE-2 Eval D1003-A.M.100.A.1 R:0.03965 P:0.03750 F:0.03855
1 ROUGE-2 Eval D1004-A.M.100.A.1 R:0.12605 P:0.12500 F:0.12552
1 ROUGE-2 Eval D1005-A.M.100.A.1 R:0.11667 P:0.11475 F:0.11570
1 ROUGE-2 Eval D1006-A.M.100.A.1 R:0.01946 P:0.02358 F:0.02132
1 ROUGE-2 Eval D1007-A.M.100.B.1 R:0.04072 P:0.04412 F:0.04235
1 ROUGE-2 Eval D1008-A.M.100.B.1 R:0.02869 P:0.03182 F:0.03017
1 ROUGE-2 Eval D1009-A.M.100.B.1 R:0.04505 P:0.04717 F:0.04609
1 ROUGE-2 Eval D1010-A.M.100.B.1 R:0.13415 P:0.13983 F:0.13693
1 ROUGE-2 Eval D1011-A.M.100.C.1 R:0.09211 P:0.08750 F:0.08975
1 ROUGE-2 Eval D1012-A.M.100.C.1 R:0.02893 P:0.03646 F:0.03226
1 ROUGE-2 Eval D1013-A.M.100.C.1 R:0.17143 P:0.18103 F:0.17610
1 ROUGE-2 Eval D1014-A.M.100.C.1 R:0.01702 P:0.01754 F:0.01728
1 ROUGE-2 Eval D1015-A.M.100.C.1 R:0.01533 P:0.01695 F:0.01610
1 ROUGE-2 Eval D1016-A.M.100.C.1 R:0.04110 P:0.04167 F:0.04138
1 ROUGE-2 Eval D1017-A.M.100.D.1 R:0.02905 P:0.03017 F:0.02960
1 ROUGE-2 Eval D1018-A.M.100.D.1 R:0.11064 P:0.10317 F:0.10677
1 ROUGE-2 Eval D1019-A.M.100.D.1 R:0.04237 P:0.04386 F:0.04310
1 ROUGE-2 Eval D1020-A.M.100.D.1 R:0.03361 P:0.03390 F:0.03375
1 ROUGE-2 Eval D1021-A.M.100.D.1 R:0.09914 P:0.11735 F:0.10748
1 ROUGE-2 Eval D1022-A.M.100.D.1 R:0.09362 P:0.10000 F:0.09670
1 ROUGE-2 Eval D1023-A.M.100.E.1 R:0.03361 P:0.03774 F:0.03556
1 ROUGE-2 Eval D1024-A.M.100.E.1 R:0.09746 P:0.09914 F:0.09829
1 ROUGE-2 Eval D1025-A.M.100.E.1 R:0.04955 P:0.04825 F:0.04889
1 ROUGE-2 Eval D1026-A.M.100.E.1 R:0.03913 P:0.04018 F:0.03965
1 ROUGE-2 Eval D1027-A.M.100.E.1 R:0.04839 P:0.06977 F:0.05715
1 ROUGE-2 Eval D1028-A.M.100.E.1 R:0.05932 P:0.05833 F:0.05882
1 ROUGE-2 Eval D1029-A.M.100.F.1 R:0.01695 P:0.01887 F:0.01786
1 ROUGE-2 Eval D1030-A.M.100.F.1 R:0.06452 P:0.06897 F:0.06667
1 ROUGE-2 Eval D1031-A.M.100.F.1 R:0.04564 P:0.05000 F:0.04772
1 ROUGE-2 Eval D1032-A.M.100.F.1 R:0.04264 P:0.05093 F:0.04642
1 ROUGE-2 Eval D1033-A.M.100.F.1 R:0.01261 P:0.01210 F:0.01235
1 ROUGE-2 Eval D1034-A.M.100.F.1 R:0.00000 P:0.00000 F:0.00000
1 ROUGE-2 Eval D1035-A.M.100.G.1 R:0.07851 P:0.09694 F:0.08676
1 ROUGE-2 Eval D1036-A.M.100.G.1 R:0.01245 P:0.01705 F:0.01439
1 ROUGE-2 Eval D1037-A.M.100.G.1 R:0.07547 P:0.08333 F:0.07921
1 ROUGE-2 Eval D1038-A.M.100.G.1 R:0.07171 P:0.08333 F:0.07708
1 ROUGE-2 Eval D1039-A.M.100.G.1 R:0.08299 P:0.09091 F:0.08677
1 ROUGE-2 Eval D1040-A.M.100.G.1 R:0.07359 P:0.08173 F:0.07745
1 ROUGE-2 Eval D1041-A.M.100.H.1 R:0.08800 P:0.10377 F:0.09524
1 ROUGE-2 Eval D1042-A.M.100.H.1 R:0.08676 P:0.08796 F:0.08736
1 ROUGE-2 Eval D1043-A.M.100.H.1 R:0.13793 P:0.12903 F:0.13333
1 ROUGE-2 Eval D1044-A.M.100.H.1 R:0.11159 P:0.11017 F:0.11088
1 ROUGE-2 Eval D1045-A.M.100.H.1 R:0.07200 P:0.08491 F:0.07792
1 ROUGE-2 Eval D1046-A.M.100.H.1 R:0.08400 P:0.09211 F:0.08787
