---------------------------------------------
1 ROUGE-1 Average_R: 0.22438 (95%-conf.int. 0.20133 - 0.24704)
1 ROUGE-1 Average_P: 0.24824 (95%-conf.int. 0.22489 - 0.26978)
1 ROUGE-1 Average_F: 0.23456 (95%-conf.int. 0.21157 - 0.25603)
.............................................
1 ROUGE-1 Eval D1001-A.M.100.A.1 R:0.23868 P:0.32955 F:0.27685
1 ROUGE-1 Eval D1002-A.M.100.A.1 R:0.21757 P:0.30952 F:0.25552
1 ROUGE-1 Eval D1003-A.M.100.A.1 R:0.29004 P:0.27917 F:0.28450
1 ROUGE-1 Eval D1004-A.M.100.A.1 R:0.21488 P:0.22807 F:0.22128
1 ROUGE-1 Eval D1005-A.M.100.A.1 R:0.22131 P:0.28723 F:0.25000
1 ROUGE-1 Eval D1006-A.M.100.A.1 R:0.20307 P:0.25000 F:0.22410
1 ROUGE-1 Eval D1007-A.M.100.B.1 R:0.26667 P:0.25862 F:0.26258
1 ROUGE-1 Eval D1008-A.M.100.B.1 R:0.20565 P:0.28977 F:0.24057
1 ROUGE-1 Eval D1009-A.M.100.B.1 R:0.14159 P:0.17778 F:0.15763
1 ROUGE-1 Eval D1010-A.M.100.B.1 R:0.26800 P:0.27917 F:0.27347
1 ROUGE-1 Eval D1011-A.M.100.C.1 R:0.21983 P:0.23182 F:0.22567
1 ROUGE-1 Eval D1012-A.M.100.C.1 R:0.22764 P:0.31111 F:0.26291
1 ROUGE-1 Eval D1013-A.M.100.C.1 R:0.06827 P:0.08854 F:0.07709
1 ROUGE-1 Eval D1014-A.M.100.C.1 R:0.11715 P:0.11667 F:0.11691
1 ROUGE-1 Eval D1015-A.M.100.C.1 R:0.16604 P:0.20370 F:0.18295
1 ROUGE-1 Eval D1016-A.M.100.C.1 R:0.26906 P:0.30612 F:0.28640
1 ROUGE-1 Eval D1017-A.M.100.D.1 R:0.15510 P:0.15323 F:0.15416
1 ROUGE-1 Eval D1018-A.M.100.D.1 R:0.24686 P:0.23047 F:0.23838
1 ROUGE-1 Eval D1019-A.M.100.D.1 R:0.38333 P:0.35385 F:0.36800
1 ROUGE-1 Eval D1020-A.M.100.D.1 R:0.16529 P:0.18182 F:0.17316
1 ROUGE-1 Eval D1021-A.M.100.D.1 R:0.27119 P:0.29630 F:0.28319
1 ROUGE-1 Eval D1022-A.M.100.D.1 R:0.23849 P:0.29082 F:0.26207
1 ROUGE-1 Eval D1023-A.M.100.E.1 R:0.21488 P:0.25490 F:0.23319
1 ROUGE-1 Eval D1024-A.M.100.E.1 R:0.32083 P:0.34375 F:0.33189
1 ROUGE-1 Eval D1025-A.M.100.E.1 R:0.29646 P:0.27459 F:0.28511
1 ROUGE-1 Eval D1026-A.M.100.E.1 R:0.09402 P:0.10377 F:0.09865
1 ROUGE-1 Eval D1027-A.M.100.E.1 R:0.37698 P:0.38934 F:0.38306
1 ROUGE-1 Eval D1028-A.M.100.E.1 R:0.32500 P:0.30952 F:0.31707
1 ROUGE-1 Eval D1029-A.M.100.F.1 R:0.23333 P:0.24138 F:0.23729
1 ROUGE-1 Eval D1030-A.M.100.F.1 R:0.08730 P:0.09649 F:0.09167
1 ROUGE-1 Eval D1031-A.M.100.F.1 R:0.09796 P:0.12766 F:0.11086
1 ROUGE-1 Eval D1032-A.M.100.F.1 R:0.23282 P:0.34659 F:0.27854
1 ROUGE-1 Eval D1033-A.M.100.F.1 R:0.28099 P:0.24286 F:0.26054
1 ROUGE-1 Eval D1034-A.M.100.F.1 R:0.12757 P:0.14352 F:0.13508
1 ROUGE-1 Eval D1035-A.M.100.G.1 R:0.14634 P:0.17647 F:0.16000
1 ROUGE-1 Eval D1036-A.M.100.G.1 R:0.20000 P:0.29167 F:0.23729
1 ROUGE-1 Eval D1037-A.M.100.G.1 R:0.24074 P:0.25490 F:0.24762
1 ROUGE-1 Eval D1038-A.M.100.G.1 R:0.15294 P:0.19500 F:0.17143
1 ROUGE-1 Eval D1039-A.M.100.G.1 R:0.31429 P:0.33190 F:0.32286
1 ROUGE-1 Eval D1040-A.M.100.G.1 R:0.20000 P:0.20259 F:0.20129
1 ROUGE-1 Eval D1041-A.M.100.H.1 R:0.22835 P:0.21642 F:0.22223
1 ROUGE-1 Eval D1042-A.M.100.H.1 R:0.26906 P:0.30612 F:0.28640
1 ROUGE-1 Eval D1043-A.M.100.H.1 R:0.34746 P:0.33607 F:0.34167
1 ROUGE-1 Eval D1044-A.M.100.H.1 R:0.28270 P:0.28879 F:0.28571
1 ROUGE-1 Eval D1045-A.M.100.H.1 R:0.30709 P:0.34821 F:0.32636
1 ROUGE-1 Eval D1046-A.M.100.H.1 R:0.16929 P:0.17063 F:0.16996
---------------------------------------------
1 ROUGE-2 Average_R: 0.05268 (95%-conf.int. 0.04162 - 0.06384)
1 ROUGE-2 Average_P: 0.05693 (95%-conf.int. 0.04532 - 0.06892)
1 ROUGE-2 Average_F: 0.05448 (95%-conf.int. 0.04321 - 0.06599)
.............................................
1 ROUGE-2 Eval D1001-A.M.100.A.1 R:0.05021 P:0.06977 F:0.05840
1 ROUGE-2 Eval D1002-A.M.100.A.1 R:0.02979 P:0.04268 F:0.03509
1 ROUGE-2 Eval D1003-A.M.100.A.1 R:0.05727 P:0.05508 F:0.05615
1 ROUGE-2 Eval D1004-A.M.100.A.1 R:0.05042 P:0.05357 F:0.05195
1 ROUGE-2 Eval D1005-A.M.100.A.1 R:0.02083 P:0.02717 F:0.02358
1 ROUGE-2 Eval D1006-A.M.100.A.1 R:0.01556 P:0.01923 F:0.01720
1 ROUGE-2 Eval D1007-A.M.100.B.1 R:0.07692 P:0.07456 F:0.07572
1 ROUGE-2 Eval D1008-A.M.100.B.1 R:0.02459 P:0.03488 F:0.02884
1 ROUGE-2 Eval D1009-A.M.100.B.1 R:0.04955 P:0.06250 F:0.05528
1 ROUGE-2 Eval D1010-A.M.100.B.1 R:0.09350 P:0.09746 F:0.09544
1 ROUGE-2 Eval D1011-A.M.100.C.1 R:0.06140 P:0.06481 F:0.06306
1 ROUGE-2 Eval D1012-A.M.100.C.1 R:0.04959 P:0.06818 F:0.05742
1 ROUGE-2 Eval D1013-A.M.100.C.1 R:0.00000 P:0.00000 F:0.00000
1 ROUGE-2 Eval D1014-A.M.100.C.1 R:0.00426 P:0.00424 F:0.00425
1 ROUGE-2 Eval D1015-A.M.100.C.1 R:0.03831 P:0.04717 F:0.04228
1 ROUGE-2 Eval D1016-A.M.100.C.1 R:0.09132 P:0.10417 F:0.09732
1 ROUGE-2 Eval D1017-A.M.100.D.1 R:0.01245 P:0.01230 F:0.01237
1 ROUGE-2 Eval D1018-A.M.100.D.1 R:0.09787 P:0.09127 F:0.09445
1 ROUGE-2 Eval D1019-A.M.100.D.1 R:0.07627 P:0.07031 F:0.07317
1 ROUGE-2 Eval D1020-A.M.100.D.1 R:0.01681 P:0.01852 F:0.01762
1 ROUGE-2 Eval D1021-A.M.100.D.1 R:0.07759 P:0.08491 F:0.08109
1 ROUGE-2 Eval D1022-A.M.100.D.1 R:0.11489 P:0.14062 F:0.12646
1 ROUGE-2 Eval D1023-A.M.100.E.1 R:0.00840 P:0.01000 F:0.00913
1 ROUGE-2 Eval D1024-A.M.100.E.1 R:0.08051 P:0.08636 F:0.08333
1 ROUGE-2 Eval D1025-A.M.100.E.1 R:0.10811 P:0.10000 F:0.10390
1 ROUGE-2 Eval D1026-A.M.100.E.1 R:0.00000 P:0.00000 F:0.00000
1 ROUGE-2 Eval D1027-A.M.100.E.1 R:0.13306 P:0.13750 F:0.13524
1 ROUGE-2 Eval D1028-A.M.100.E.1 R:0.08475 P:0.08065 F:0.08265
1 ROUGE-2 Eval D1029-A.M.100.F.1 R:0.05508 P:0.05702 F:0.05603
1 ROUGE-2 Eval D1030-A.M.100.F.1 R:0.00806 P:0.00893 F:0.00847
1 ROUGE-2 Eval D1031-A.M.100.F.1 R:0.00000 P:0.00000 F:0.00000
1 ROUGE-2 Eval D1032-A.M.100.F.1 R:0.05426 P:0.08140 F:0.06512
1 ROUGE-2 Eval D1033-A.M.100.F.1 R:0.09244 P:0.07971 F:0.08560
1 ROUGE-2 Eval D1034-A.M.100.F.1 R:0.00418 P:0.00472 F:0.00443
1 ROUGE-2 Eval D1035-A.M.100.G.1 R:0.03719 P:0.04500 F:0.04072
1 ROUGE-2 Eval D1036-A.M.100.G.1 R:0.01245 P:0.01829 F:0.01482
1 ROUGE-2 Eval D1037-A.M.100.G.1 R:0.02830 P:0.03000 F:0.02913
1 ROUGE-2 Eval D1038-A.M.100.G.1 R:0.03187 P:0.04082 F:0.03579
1 ROUGE-2 Eval D1039-A.M.100.G.1 R:0.10373 P:0.10965 F:0.10661
1 ROUGE-2 Eval D1040-A.M.100.G.1 R:0.02597 P:0.02632 F:0.02614
1 ROUGE-2 Eval D1041-A.M.100.H.1 R:0.06400 P:0.06061 F:0.06226
1 ROUGE-2 Eval D1042-A.M.100.H.1 R:0.08219 P:0.09375 F:0.08759
1 ROUGE-2 Eval D1043-A.M.100.H.1 R:0.14224 P:0.13750 F:0.13983
1 ROUGE-2 Eval D1044-A.M.100.H.1 R:0.06867 P:0.07018 F:0.06942
1 ROUGE-2 Eval D1045-A.M.100.H.1 R:0.07600 P:0.08636 F:0.08085
1 ROUGE-2 Eval D1046-A.M.100.H.1 R:0.01600 P:0.01613 F:0.01606
