---------------------------------------------
1 ROUGE-1 Average_R: 0.27618 (95%-conf.int. 0.25706 - 0.29414)
1 ROUGE-1 Average_P: 0.29920 (95%-conf.int. 0.28077 - 0.31863)
1 ROUGE-1 Average_F: 0.28641 (95%-conf.int. 0.26770 - 0.30430)
.............................................
1 ROUGE-1 Eval D1001-A.M.100.A.1 R:0.34568 P:0.38182 F:0.36285
1 ROUGE-1 Eval D1002-A.M.100.A.1 R:0.29289 P:0.31818 F:0.30501
1 ROUGE-1 Eval D1003-A.M.100.A.1 R:0.25541 P:0.25000 F:0.25268
1 ROUGE-1 Eval D1004-A.M.100.A.1 R:0.33884 P:0.34167 F:0.34025
1 ROUGE-1 Eval D1005-A.M.100.A.1 R:0.25410 P:0.29808 F:0.27434
1 ROUGE-1 Eval D1006-A.M.100.A.1 R:0.22989 P:0.34091 F:0.27460
1 ROUGE-1 Eval D1007-A.M.100.B.1 R:0.26667 P:0.28846 F:0.27714
1 ROUGE-1 Eval D1008-A.M.100.B.1 R:0.22984 P:0.31667 F:0.26636
1 ROUGE-1 Eval D1009-A.M.100.B.1 R:0.35841 P:0.33750 F:0.34764
1 ROUGE-1 Eval D1010-A.M.100.B.1 R:0.31600 P:0.38725 F:0.34802
1 ROUGE-1 Eval D1011-A.M.100.C.1 R:0.17241 P:0.25000 F:0.20408
1 ROUGE-1 Eval D1012-A.M.100.C.1 R:0.26016 P:0.27586 F:0.26778
1 ROUGE-1 Eval D1013-A.M.100.C.1 R:0.36145 P:0.44118 F:0.39735
1 ROUGE-1 Eval D1014-A.M.100.C.1 R:0.17155 P:0.18981 F:0.18022
1 ROUGE-1 Eval D1015-A.M.100.C.1 R:0.32075 P:0.36017 F:0.33932
1 ROUGE-1 Eval D1016-A.M.100.C.1 R:0.35426 P:0.34649 F:0.35033
1 ROUGE-1 Eval D1017-A.M.100.D.1 R:0.22041 P:0.25000 F:0.23427
1 ROUGE-1 Eval D1018-A.M.100.D.1 R:0.28033 P:0.25000 F:0.26430
1 ROUGE-1 Eval D1019-A.M.100.D.1 R:0.38750 P:0.38115 F:0.38430
1 ROUGE-1 Eval D1020-A.M.100.D.1 R:0.24380 P:0.26818 F:0.25541
1 ROUGE-1 Eval D1021-A.M.100.D.1 R:0.27119 P:0.27119 F:0.27119
1 ROUGE-1 Eval D1022-A.M.100.D.1 R:0.33891 P:0.35526 F:0.34689
1 ROUGE-1 Eval D1023-A.M.100.E.1 R:0.26033 P:0.26250 F:0.26141
1 ROUGE-1 Eval D1024-A.M.100.E.1 R:0.37083 P:0.39035 F:0.38034
1 ROUGE-1 Eval D1025-A.M.100.E.1 R:0.29646 P:0.27016 F:0.28270
1 ROUGE-1 Eval D1026-A.M.100.E.1 R:0.12393 P:0.13679 F:0.13004
1 ROUGE-1 Eval D1027-A.M.100.E.1 R:0.38889 P:0.41525 F:0.40164
1 ROUGE-1 Eval D1028-A.M.100.E.1 R:0.29167 P:0.28689 F:0.28926
1 ROUGE-1 Eval D1029-A.M.100.F.1 R:0.24583 P:0.24583 F:0.24583
1 ROUGE-1 Eval D1030-A.M.100.F.1 R:0.26190 P:0.27966 F:0.27049
1 ROUGE-1 Eval D1031-A.M.100.F.1 R:0.17551 P:0.19907 F:0.18655
1 ROUGE-1 Eval D1032-A.M.100.F.1 R:0.28244 P:0.33636 F:0.30705
1 ROUGE-1 Eval D1033-A.M.100.F.1 R:0.38843 P:0.36719 F:0.37751
1 ROUGE-1 Eval D1034-A.M.100.F.1 R:0.16461 P:0.19608 F:0.17897
1 ROUGE-1 Eval D1035-A.M.100.G.1 R:0.22764 P:0.28000 F:0.25112
1 ROUGE-1 Eval D1036-A.M.100.G.1 R:0.16735 P:0.20500 F:0.18427
1 ROUGE-1 Eval D1037-A.M.100.G.1 R:0.30556 P:0.33000 F:0.31731
1 ROUGE-1 Eval D1038-A.M.100.G.1 R:0.20784 P:0.24091 F:0.22316
1 ROUGE-1 Eval D1039-A.M.100.G.1 R:0.29796 P:0.32018 F:0.30867
1 ROUGE-1 Eval D1040-A.M.100.G.1 R:0.24681 P:0.25893 F:0.25272
1 ROUGE-1 Eval D1041-A.M.100.H.1 R:0.30315 P:0.36321 F:0.33047
1 ROUGE-1 Eval D1042-A.M.100.H.1 R:0.26906 P:0.26786 F:0.26846
1 ROUGE-1 Eval D1043-A.M.100.H.1 R:0.29237 P:0.27823 F:0.28512
1 ROUGE-1 Eval D1044-A.M.100.H.1 R:0.29114 P:0.29741 F:0.29424
1 ROUGE-1 Eval D1045-A.M.100.H.1 R:0.31102 P:0.34052 F:0.32510
1 ROUGE-1 Eval D1046-A.M.100.H.1 R:0.29921 P:0.32759 F:0.31276
---------------------------------------------
1 ROUGE-2 Average_R: 0.07878 (95%-conf.int. 0.06732 - 0.08942)
1 ROUGE-2 Average_P: 0.08465 (95%-conf.int. 0.07274 - 0.09623)
1 ROUGE-2 Average_F: 0.08138 (95%-conf.int. 0.06961 - 0.09260)
.............................................
1 ROUGE-2 Eval D1001-A.M.100.A.1 R:0.12134 P:0.13426 F:0.12747
1 ROUGE-2 Eval D1002-A.M.100.A.1 R:0.07660 P:0.08333 F:0.07982
1 ROUGE-2 Eval D1003-A.M.100.A.1 R:0.04846 P:0.04741 F:0.04793
1 ROUGE-2 Eval D1004-A.M.100.A.1 R:0.10504 P:0.10593 F:0.10548
1 ROUGE-2 Eval D1005-A.M.100.A.1 R:0.04167 P:0.04902 F:0.04505
1 ROUGE-2 Eval D1006-A.M.100.A.1 R:0.03502 P:0.05233 F:0.04196
1 ROUGE-2 Eval D1007-A.M.100.B.1 R:0.07240 P:0.07843 F:0.07529
1 ROUGE-2 Eval D1008-A.M.100.B.1 R:0.02869 P:0.03977 F:0.03333
1 ROUGE-2 Eval D1009-A.M.100.B.1 R:0.10811 P:0.10169 F:0.10480
1 ROUGE-2 Eval D1010-A.M.100.B.1 R:0.12602 P:0.15500 F:0.13902
1 ROUGE-2 Eval D1011-A.M.100.C.1 R:0.05702 P:0.08333 F:0.06771
1 ROUGE-2 Eval D1012-A.M.100.C.1 R:0.04545 P:0.04825 F:0.04681
1 ROUGE-2 Eval D1013-A.M.100.C.1 R:0.18367 P:0.22500 F:0.20225
1 ROUGE-2 Eval D1014-A.M.100.C.1 R:0.01702 P:0.01887 F:0.01790
1 ROUGE-2 Eval D1015-A.M.100.C.1 R:0.11111 P:0.12500 F:0.11765
1 ROUGE-2 Eval D1016-A.M.100.C.1 R:0.08676 P:0.08482 F:0.08578
1 ROUGE-2 Eval D1017-A.M.100.D.1 R:0.03734 P:0.04245 F:0.03973
1 ROUGE-2 Eval D1018-A.M.100.D.1 R:0.12340 P:0.10985 F:0.11623
1 ROUGE-2 Eval D1019-A.M.100.D.1 R:0.09746 P:0.09583 F:0.09664
1 ROUGE-2 Eval D1020-A.M.100.D.1 R:0.03782 P:0.04167 F:0.03965
1 ROUGE-2 Eval D1021-A.M.100.D.1 R:0.11207 P:0.11207 F:0.11207
1 ROUGE-2 Eval D1022-A.M.100.D.1 R:0.11489 P:0.12054 F:0.11765
1 ROUGE-2 Eval D1023-A.M.100.E.1 R:0.04622 P:0.04661 F:0.04641
1 ROUGE-2 Eval D1024-A.M.100.E.1 R:0.11441 P:0.12054 F:0.11740
1 ROUGE-2 Eval D1025-A.M.100.E.1 R:0.11712 P:0.10656 F:0.11159
1 ROUGE-2 Eval D1026-A.M.100.E.1 R:0.03913 P:0.04327 F:0.04110
1 ROUGE-2 Eval D1027-A.M.100.E.1 R:0.15323 P:0.16379 F:0.15833
1 ROUGE-2 Eval D1028-A.M.100.E.1 R:0.05932 P:0.05833 F:0.05882
1 ROUGE-2 Eval D1029-A.M.100.F.1 R:0.04661 P:0.04661 F:0.04661
1 ROUGE-2 Eval D1030-A.M.100.F.1 R:0.06855 P:0.07328 F:0.07084
1 ROUGE-2 Eval D1031-A.M.100.F.1 R:0.02905 P:0.03302 F:0.03091
1 ROUGE-2 Eval D1032-A.M.100.F.1 R:0.05814 P:0.06944 F:0.06329
1 ROUGE-2 Eval D1033-A.M.100.F.1 R:0.15966 P:0.15079 F:0.15510
1 ROUGE-2 Eval D1034-A.M.100.F.1 R:0.02092 P:0.02500 F:0.02278
1 ROUGE-2 Eval D1035-A.M.100.G.1 R:0.07025 P:0.08673 F:0.07762
1 ROUGE-2 Eval D1036-A.M.100.G.1 R:0.00830 P:0.01020 F:0.00915
1 ROUGE-2 Eval D1037-A.M.100.G.1 R:0.06132 P:0.06633 F:0.06373
1 ROUGE-2 Eval D1038-A.M.100.G.1 R:0.05578 P:0.06481 F:0.05996
1 ROUGE-2 Eval D1039-A.M.100.G.1 R:0.10373 P:0.11161 F:0.10753
1 ROUGE-2 Eval D1040-A.M.100.G.1 R:0.08658 P:0.09091 F:0.08869
1 ROUGE-2 Eval D1041-A.M.100.H.1 R:0.10800 P:0.12981 F:0.11790
1 ROUGE-2 Eval D1042-A.M.100.H.1 R:0.09132 P:0.09091 F:0.09111
1 ROUGE-2 Eval D1043-A.M.100.H.1 R:0.11638 P:0.11066 F:0.11345
1 ROUGE-2 Eval D1044-A.M.100.H.1 R:0.07296 P:0.07456 F:0.07375
1 ROUGE-2 Eval D1045-A.M.100.H.1 R:0.07600 P:0.08333 F:0.07950
1 ROUGE-2 Eval D1046-A.M.100.H.1 R:0.08400 P:0.09211 F:0.08787
