---------------------------------------------
1 ROUGE-1 Average_R: 0.26462 (95%-conf.int. 0.24663 - 0.28225)
1 ROUGE-1 Average_P: 0.28724 (95%-conf.int. 0.26833 - 0.30622)
1 ROUGE-1 Average_F: 0.27487 (95%-conf.int. 0.25666 - 0.29340)
.............................................
1 ROUGE-1 Eval D1001-A.M.100.A.1 R:0.34568 P:0.40385 F:0.37251
1 ROUGE-1 Eval D1002-A.M.100.A.1 R:0.18410 P:0.24444 F:0.21002
1 ROUGE-1 Eval D1003-A.M.100.A.1 R:0.25541 P:0.24180 F:0.24842
1 ROUGE-1 Eval D1004-A.M.100.A.1 R:0.35124 P:0.36017 F:0.35565
1 ROUGE-1 Eval D1005-A.M.100.A.1 R:0.25410 P:0.29808 F:0.27434
1 ROUGE-1 Eval D1006-A.M.100.A.1 R:0.24521 P:0.31373 F:0.27527
1 ROUGE-1 Eval D1007-A.M.100.B.1 R:0.26667 P:0.28846 F:0.27714
1 ROUGE-1 Eval D1008-A.M.100.B.1 R:0.20968 P:0.27083 F:0.23636
1 ROUGE-1 Eval D1009-A.M.100.B.1 R:0.26549 P:0.27273 F:0.26906
1 ROUGE-1 Eval D1010-A.M.100.B.1 R:0.25200 P:0.25820 F:0.25506
1 ROUGE-1 Eval D1011-A.M.100.C.1 R:0.20259 P:0.25000 F:0.22381
1 ROUGE-1 Eval D1012-A.M.100.C.1 R:0.24797 P:0.25847 F:0.25311
1 ROUGE-1 Eval D1013-A.M.100.C.1 R:0.33735 P:0.40385 F:0.36762
1 ROUGE-1 Eval D1014-A.M.100.C.1 R:0.16736 P:0.19231 F:0.17897
1 ROUGE-1 Eval D1015-A.M.100.C.1 R:0.30943 P:0.32540 F:0.31721
1 ROUGE-1 Eval D1016-A.M.100.C.1 R:0.36323 P:0.38942 F:0.37587
1 ROUGE-1 Eval D1017-A.M.100.D.1 R:0.19184 P:0.19915 F:0.19543
1 ROUGE-1 Eval D1018-A.M.100.D.1 R:0.26778 P:0.24615 F:0.25651
1 ROUGE-1 Eval D1019-A.M.100.D.1 R:0.38750 P:0.38115 F:0.38430
1 ROUGE-1 Eval D1020-A.M.100.D.1 R:0.23140 P:0.24561 F:0.23829
1 ROUGE-1 Eval D1021-A.M.100.D.1 R:0.27119 P:0.27119 F:0.27119
1 ROUGE-1 Eval D1022-A.M.100.D.1 R:0.29289 P:0.33654 F:0.31320
1 ROUGE-1 Eval D1023-A.M.100.E.1 R:0.25207 P:0.25847 F:0.25523
1 ROUGE-1 Eval D1024-A.M.100.E.1 R:0.32083 P:0.35648 F:0.33772
1 ROUGE-1 Eval D1025-A.M.100.E.1 R:0.26991 P:0.25417 F:0.26180
1 ROUGE-1 Eval D1026-A.M.100.E.1 R:0.13248 P:0.13839 F:0.13537
1 ROUGE-1 Eval D1027-A.M.100.E.1 R:0.40079 P:0.45909 F:0.42796
1 ROUGE-1 Eval D1028-A.M.100.E.1 R:0.29167 P:0.28689 F:0.28926
1 ROUGE-1 Eval D1029-A.M.100.F.1 R:0.22083 P:0.21721 F:0.21901
1 ROUGE-1 Eval D1030-A.M.100.F.1 R:0.26190 P:0.27966 F:0.27049
1 ROUGE-1 Eval D1031-A.M.100.F.1 R:0.17959 P:0.23913 F:0.20513
1 ROUGE-1 Eval D1032-A.M.100.F.1 R:0.28244 P:0.33636 F:0.30705
1 ROUGE-1 Eval D1033-A.M.100.F.1 R:0.35124 P:0.33730 F:0.34413
1 ROUGE-1 Eval D1034-A.M.100.F.1 R:0.16461 P:0.19608 F:0.17897
1 ROUGE-1 Eval D1035-A.M.100.G.1 R:0.24390 P:0.30000 F:0.26906
1 ROUGE-1 Eval D1036-A.M.100.G.1 R:0.15102 P:0.19271 F:0.16934
1 ROUGE-1 Eval D1037-A.M.100.G.1 R:0.29630 P:0.30189 F:0.29907
1 ROUGE-1 Eval D1038-A.M.100.G.1 R:0.19216 P:0.21121 F:0.20124
1 ROUGE-1 Eval D1039-A.M.100.G.1 R:0.29796 P:0.30932 F:0.30353
1 ROUGE-1 Eval D1040-A.M.100.G.1 R:0.24681 P:0.25893 F:0.25272
1 ROUGE-1 Eval D1041-A.M.100.H.1 R:0.28346 P:0.34615 F:0.31168
1 ROUGE-1 Eval D1042-A.M.100.H.1 R:0.26906 P:0.26786 F:0.26846
1 ROUGE-1 Eval D1043-A.M.100.H.1 R:0.29237 P:0.27823 F:0.28512
1 ROUGE-1 Eval D1044-A.M.100.H.1 R:0.27426 P:0.28509 F:0.27957
1 ROUGE-1 Eval D1045-A.M.100.H.1 R:0.32677 P:0.35169 F:0.33877
1 ROUGE-1 Eval D1046-A.M.100.H.1 R:0.29921 P:0.32759 F:0.31276
---------------------------------------------
1 ROUGE-2 Average_R: 0.07451 (95%-conf.int. 0.06318 - 0.08499)
1 ROUGE-2 Average_P: 0.08028 (95%-conf.int. 0.06815 - 0.09170)
1 ROUGE-2 Average_F: 0.07712 (95%-conf.int. 0.06553 - 0.08766)
.............................................
1 ROUGE-2 Eval D1001-A.M.100.A.1 R:0.12134 P:0.14216 F:0.13093
1 ROUGE-2 Eval D1002-A.M.100.A.1 R:0.03404 P:0.04545 F:0.03893
1 ROUGE-2 Eval D1003-A.M.100.A.1 R:0.04405 P:0.04167 F:0.04283
1 ROUGE-2 Eval D1004-A.M.100.A.1 R:0.10504 P:0.10776 F:0.10638
1 ROUGE-2 Eval D1005-A.M.100.A.1 R:0.04167 P:0.04902 F:0.04505
1 ROUGE-2 Eval D1006-A.M.100.A.1 R:0.03502 P:0.04500 F:0.03939
1 ROUGE-2 Eval D1007-A.M.100.B.1 R:0.07240 P:0.07843 F:0.07529
1 ROUGE-2 Eval D1008-A.M.100.B.1 R:0.03279 P:0.04255 F:0.03704
1 ROUGE-2 Eval D1009-A.M.100.B.1 R:0.06757 P:0.06944 F:0.06849
1 ROUGE-2 Eval D1010-A.M.100.B.1 R:0.09756 P:0.10000 F:0.09876
1 ROUGE-2 Eval D1011-A.M.100.C.1 R:0.06140 P:0.07609 F:0.06796
1 ROUGE-2 Eval D1012-A.M.100.C.1 R:0.04545 P:0.04741 F:0.04641
1 ROUGE-2 Eval D1013-A.M.100.C.1 R:0.17143 P:0.20588 F:0.18708
1 ROUGE-2 Eval D1014-A.M.100.C.1 R:0.01702 P:0.01961 F:0.01822
1 ROUGE-2 Eval D1015-A.M.100.C.1 R:0.11111 P:0.11694 F:0.11395
1 ROUGE-2 Eval D1016-A.M.100.C.1 R:0.09589 P:0.10294 F:0.09929
1 ROUGE-2 Eval D1017-A.M.100.D.1 R:0.02490 P:0.02586 F:0.02537
1 ROUGE-2 Eval D1018-A.M.100.D.1 R:0.12340 P:0.11328 F:0.11812
1 ROUGE-2 Eval D1019-A.M.100.D.1 R:0.09746 P:0.09583 F:0.09664
1 ROUGE-2 Eval D1020-A.M.100.D.1 R:0.03361 P:0.03571 F:0.03463
1 ROUGE-2 Eval D1021-A.M.100.D.1 R:0.11207 P:0.11207 F:0.11207
1 ROUGE-2 Eval D1022-A.M.100.D.1 R:0.10213 P:0.11765 F:0.10934
1 ROUGE-2 Eval D1023-A.M.100.E.1 R:0.04202 P:0.04310 F:0.04255
1 ROUGE-2 Eval D1024-A.M.100.E.1 R:0.09746 P:0.10849 F:0.10268
1 ROUGE-2 Eval D1025-A.M.100.E.1 R:0.10360 P:0.09746 F:0.10044
1 ROUGE-2 Eval D1026-A.M.100.E.1 R:0.03913 P:0.04091 F:0.04000
1 ROUGE-2 Eval D1027-A.M.100.E.1 R:0.14919 P:0.17130 F:0.15948
1 ROUGE-2 Eval D1028-A.M.100.E.1 R:0.05932 P:0.05833 F:0.05882
1 ROUGE-2 Eval D1029-A.M.100.F.1 R:0.02966 P:0.02917 F:0.02941
1 ROUGE-2 Eval D1030-A.M.100.F.1 R:0.06855 P:0.07328 F:0.07084
1 ROUGE-2 Eval D1031-A.M.100.F.1 R:0.02905 P:0.03889 F:0.03326
1 ROUGE-2 Eval D1032-A.M.100.F.1 R:0.05814 P:0.06944 F:0.06329
1 ROUGE-2 Eval D1033-A.M.100.F.1 R:0.13866 P:0.13306 F:0.13580
1 ROUGE-2 Eval D1034-A.M.100.F.1 R:0.02092 P:0.02500 F:0.02278
1 ROUGE-2 Eval D1035-A.M.100.G.1 R:0.06198 P:0.07653 F:0.06849
1 ROUGE-2 Eval D1036-A.M.100.G.1 R:0.01245 P:0.01596 F:0.01399
1 ROUGE-2 Eval D1037-A.M.100.G.1 R:0.05189 P:0.05288 F:0.05238
1 ROUGE-2 Eval D1038-A.M.100.G.1 R:0.05578 P:0.06140 F:0.05846
1 ROUGE-2 Eval D1039-A.M.100.G.1 R:0.11203 P:0.11638 F:0.11416
1 ROUGE-2 Eval D1040-A.M.100.G.1 R:0.08658 P:0.09091 F:0.08869
1 ROUGE-2 Eval D1041-A.M.100.H.1 R:0.10800 P:0.13235 F:0.11894
1 ROUGE-2 Eval D1042-A.M.100.H.1 R:0.09132 P:0.09091 F:0.09111
1 ROUGE-2 Eval D1043-A.M.100.H.1 R:0.11638 P:0.11066 F:0.11345
1 ROUGE-2 Eval D1044-A.M.100.H.1 R:0.09871 P:0.10268 F:0.10066
1 ROUGE-2 Eval D1045-A.M.100.H.1 R:0.07200 P:0.07759 F:0.07469
1 ROUGE-2 Eval D1046-A.M.100.H.1 R:0.08400 P:0.09211 F:0.08787
