---------------------------------------------
1 ROUGE-1 Average_R: 0.26867 (95%-conf.int. 0.25095 - 0.28666)
1 ROUGE-1 Average_P: 0.29525 (95%-conf.int. 0.27767 - 0.31201)
1 ROUGE-1 Average_F: 0.28030 (95%-conf.int. 0.26391 - 0.29671)
.............................................
1 ROUGE-1 Eval D1001-A.M.100.A.1 R:0.24691 P:0.30612 F:0.27335
1 ROUGE-1 Eval D1002-A.M.100.A.1 R:0.24268 P:0.30208 F:0.26914
1 ROUGE-1 Eval D1003-A.M.100.A.1 R:0.25541 P:0.25000 F:0.25268
1 ROUGE-1 Eval D1004-A.M.100.A.1 R:0.34298 P:0.33468 F:0.33878
1 ROUGE-1 Eval D1005-A.M.100.A.1 R:0.25410 P:0.29808 F:0.27434
1 ROUGE-1 Eval D1006-A.M.100.A.1 R:0.22989 P:0.34091 F:0.27460
1 ROUGE-1 Eval D1007-A.M.100.B.1 R:0.28000 P:0.29167 F:0.28572
1 ROUGE-1 Eval D1008-A.M.100.B.1 R:0.22177 P:0.28061 F:0.24774
1 ROUGE-1 Eval D1009-A.M.100.B.1 R:0.35841 P:0.33750 F:0.34764
1 ROUGE-1 Eval D1010-A.M.100.B.1 R:0.29200 P:0.33796 F:0.31330
1 ROUGE-1 Eval D1011-A.M.100.C.1 R:0.15948 P:0.26429 F:0.19892
1 ROUGE-1 Eval D1012-A.M.100.C.1 R:0.29268 P:0.31034 F:0.30125
1 ROUGE-1 Eval D1013-A.M.100.C.1 R:0.24900 P:0.32292 F:0.28118
1 ROUGE-1 Eval D1014-A.M.100.C.1 R:0.16736 P:0.16949 F:0.16842
1 ROUGE-1 Eval D1015-A.M.100.C.1 R:0.30943 P:0.34167 F:0.32475
1 ROUGE-1 Eval D1016-A.M.100.C.1 R:0.30493 P:0.30909 F:0.30700
1 ROUGE-1 Eval D1017-A.M.100.D.1 R:0.22041 P:0.25000 F:0.23427
1 ROUGE-1 Eval D1018-A.M.100.D.1 R:0.27615 P:0.32353 F:0.29797
1 ROUGE-1 Eval D1019-A.M.100.D.1 R:0.38750 P:0.38115 F:0.38430
1 ROUGE-1 Eval D1020-A.M.100.D.1 R:0.16116 P:0.19500 F:0.17647
1 ROUGE-1 Eval D1021-A.M.100.D.1 R:0.34746 P:0.31061 F:0.32800
1 ROUGE-1 Eval D1022-A.M.100.D.1 R:0.36820 P:0.39286 F:0.38013
1 ROUGE-1 Eval D1023-A.M.100.E.1 R:0.27273 P:0.28947 F:0.28085
1 ROUGE-1 Eval D1024-A.M.100.E.1 R:0.38333 P:0.39655 F:0.38983
1 ROUGE-1 Eval D1025-A.M.100.E.1 R:0.29646 P:0.27917 F:0.28756
1 ROUGE-1 Eval D1026-A.M.100.E.1 R:0.17094 P:0.16667 F:0.16878
1 ROUGE-1 Eval D1027-A.M.100.E.1 R:0.33333 P:0.36207 F:0.34711
1 ROUGE-1 Eval D1028-A.M.100.E.1 R:0.28333 P:0.26562 F:0.27419
1 ROUGE-1 Eval D1029-A.M.100.F.1 R:0.20833 P:0.20161 F:0.20491
1 ROUGE-1 Eval D1030-A.M.100.F.1 R:0.25397 P:0.30769 F:0.27826
1 ROUGE-1 Eval D1031-A.M.100.F.1 R:0.17143 P:0.19091 F:0.18065
1 ROUGE-1 Eval D1032-A.M.100.F.1 R:0.27099 P:0.37766 F:0.31555
1 ROUGE-1 Eval D1033-A.M.100.F.1 R:0.33471 P:0.33750 F:0.33610
1 ROUGE-1 Eval D1034-A.M.100.F.1 R:0.15226 P:0.16518 F:0.15846
1 ROUGE-1 Eval D1035-A.M.100.G.1 R:0.28862 P:0.31696 F:0.30213
1 ROUGE-1 Eval D1036-A.M.100.G.1 R:0.16735 P:0.20500 F:0.18427
1 ROUGE-1 Eval D1037-A.M.100.G.1 R:0.31944 P:0.31364 F:0.31651
1 ROUGE-1 Eval D1038-A.M.100.G.1 R:0.18039 P:0.21698 F:0.19700
1 ROUGE-1 Eval D1039-A.M.100.G.1 R:0.29796 P:0.32018 F:0.30867
1 ROUGE-1 Eval D1040-A.M.100.G.1 R:0.25106 P:0.26339 F:0.25708
1 ROUGE-1 Eval D1041-A.M.100.H.1 R:0.24803 P:0.32812 F:0.28251
1 ROUGE-1 Eval D1042-A.M.100.H.1 R:0.25561 P:0.28500 F:0.26951
1 ROUGE-1 Eval D1043-A.M.100.H.1 R:0.34746 P:0.33607 F:0.34167
1 ROUGE-1 Eval D1044-A.M.100.H.1 R:0.29114 P:0.33173 F:0.31011
1 ROUGE-1 Eval D1045-A.M.100.H.1 R:0.33858 P:0.37069 F:0.35391
1 ROUGE-1 Eval D1046-A.M.100.H.1 R:0.28740 P:0.32018 F:0.30291
---------------------------------------------
1 ROUGE-2 Average_R: 0.07381 (95%-conf.int. 0.06408 - 0.08398)
1 ROUGE-2 Average_P: 0.08060 (95%-conf.int. 0.07014 - 0.09080)
1 ROUGE-2 Average_F: 0.07675 (95%-conf.int. 0.06671 - 0.08690)
.............................................
1 ROUGE-2 Eval D1001-A.M.100.A.1 R:0.05439 P:0.06771 F:0.06032
1 ROUGE-2 Eval D1002-A.M.100.A.1 R:0.06809 P:0.08511 F:0.07565
1 ROUGE-2 Eval D1003-A.M.100.A.1 R:0.04846 P:0.04741 F:0.04793
1 ROUGE-2 Eval D1004-A.M.100.A.1 R:0.12605 P:0.12295 F:0.12448
1 ROUGE-2 Eval D1005-A.M.100.A.1 R:0.04167 P:0.04902 F:0.04505
1 ROUGE-2 Eval D1006-A.M.100.A.1 R:0.03502 P:0.05233 F:0.04196
1 ROUGE-2 Eval D1007-A.M.100.B.1 R:0.09050 P:0.09434 F:0.09238
1 ROUGE-2 Eval D1008-A.M.100.B.1 R:0.02869 P:0.03646 F:0.03211
1 ROUGE-2 Eval D1009-A.M.100.B.1 R:0.10811 P:0.10169 F:0.10480
1 ROUGE-2 Eval D1010-A.M.100.B.1 R:0.09756 P:0.11321 F:0.10480
1 ROUGE-2 Eval D1011-A.M.100.C.1 R:0.06140 P:0.10294 F:0.07692
1 ROUGE-2 Eval D1012-A.M.100.C.1 R:0.06612 P:0.07018 F:0.06809
1 ROUGE-2 Eval D1013-A.M.100.C.1 R:0.11020 P:0.14362 F:0.12471
1 ROUGE-2 Eval D1014-A.M.100.C.1 R:0.02553 P:0.02586 F:0.02569
1 ROUGE-2 Eval D1015-A.M.100.C.1 R:0.12261 P:0.13559 F:0.12877
1 ROUGE-2 Eval D1016-A.M.100.C.1 R:0.07306 P:0.07407 F:0.07356
1 ROUGE-2 Eval D1017-A.M.100.D.1 R:0.03734 P:0.04245 F:0.03973
1 ROUGE-2 Eval D1018-A.M.100.D.1 R:0.10213 P:0.12000 F:0.11035
1 ROUGE-2 Eval D1019-A.M.100.D.1 R:0.09746 P:0.09583 F:0.09664
1 ROUGE-2 Eval D1020-A.M.100.D.1 R:0.03361 P:0.04082 F:0.03687
1 ROUGE-2 Eval D1021-A.M.100.D.1 R:0.14655 P:0.13077 F:0.13821
1 ROUGE-2 Eval D1022-A.M.100.D.1 R:0.13191 P:0.14091 F:0.13626
1 ROUGE-2 Eval D1023-A.M.100.E.1 R:0.04622 P:0.04911 F:0.04762
1 ROUGE-2 Eval D1024-A.M.100.E.1 R:0.10593 P:0.10965 F:0.10776
1 ROUGE-2 Eval D1025-A.M.100.E.1 R:0.10360 P:0.09746 F:0.10044
1 ROUGE-2 Eval D1026-A.M.100.E.1 R:0.04783 P:0.04661 F:0.04721
1 ROUGE-2 Eval D1027-A.M.100.E.1 R:0.11290 P:0.12281 F:0.11765
1 ROUGE-2 Eval D1028-A.M.100.E.1 R:0.05932 P:0.05556 F:0.05738
1 ROUGE-2 Eval D1029-A.M.100.F.1 R:0.05085 P:0.04918 F:0.05000
1 ROUGE-2 Eval D1030-A.M.100.F.1 R:0.07661 P:0.09314 F:0.08407
1 ROUGE-2 Eval D1031-A.M.100.F.1 R:0.02905 P:0.03241 F:0.03064
1 ROUGE-2 Eval D1032-A.M.100.F.1 R:0.05814 P:0.08152 F:0.06787
1 ROUGE-2 Eval D1033-A.M.100.F.1 R:0.13445 P:0.13559 F:0.13502
1 ROUGE-2 Eval D1034-A.M.100.F.1 R:0.00000 P:0.00000 F:0.00000
1 ROUGE-2 Eval D1035-A.M.100.G.1 R:0.06612 P:0.07273 F:0.06927
1 ROUGE-2 Eval D1036-A.M.100.G.1 R:0.00830 P:0.01020 F:0.00915
1 ROUGE-2 Eval D1037-A.M.100.G.1 R:0.06132 P:0.06019 F:0.06075
1 ROUGE-2 Eval D1038-A.M.100.G.1 R:0.03984 P:0.04808 F:0.04357
1 ROUGE-2 Eval D1039-A.M.100.G.1 R:0.10373 P:0.11161 F:0.10753
1 ROUGE-2 Eval D1040-A.M.100.G.1 R:0.08658 P:0.09091 F:0.08869
1 ROUGE-2 Eval D1041-A.M.100.H.1 R:0.06400 P:0.08511 F:0.07306
1 ROUGE-2 Eval D1042-A.M.100.H.1 R:0.08219 P:0.09184 F:0.08675
1 ROUGE-2 Eval D1043-A.M.100.H.1 R:0.14224 P:0.13750 F:0.13983
1 ROUGE-2 Eval D1044-A.M.100.H.1 R:0.05579 P:0.06373 F:0.05950
1 ROUGE-2 Eval D1045-A.M.100.H.1 R:0.08800 P:0.09649 F:0.09205
1 ROUGE-2 Eval D1046-A.M.100.H.1 R:0.07600 P:0.08482 F:0.08017
