---------------------------------------------
1 ROUGE-1 Average_R: 0.25533 (95%-conf.int. 0.23576 - 0.27446)
1 ROUGE-1 Average_P: 0.27672 (95%-conf.int. 0.25684 - 0.29571)
1 ROUGE-1 Average_F: 0.26504 (95%-conf.int. 0.24546 - 0.28369)
.............................................
1 ROUGE-1 Eval D1001-A.M.100.A.1 R:0.24691 P:0.30612 F:0.27335
1 ROUGE-1 Eval D1002-A.M.100.A.1 R:0.25941 P:0.30392 F:0.27991
1 ROUGE-1 Eval D1003-A.M.100.A.1 R:0.23377 P:0.21774 F:0.22547
1 ROUGE-1 Eval D1004-A.M.100.A.1 R:0.36364 P:0.33333 F:0.34783
1 ROUGE-1 Eval D1005-A.M.100.A.1 R:0.25410 P:0.29808 F:0.27434
1 ROUGE-1 Eval D1006-A.M.100.A.1 R:0.19923 P:0.27660 F:0.23162
1 ROUGE-1 Eval D1007-A.M.100.B.1 R:0.23111 P:0.24528 F:0.23798
1 ROUGE-1 Eval D1008-A.M.100.B.1 R:0.15726 P:0.16525 F:0.16116
1 ROUGE-1 Eval D1009-A.M.100.B.1 R:0.19912 P:0.20455 F:0.20180
1 ROUGE-1 Eval D1010-A.M.100.B.1 R:0.25200 P:0.25820 F:0.25506
1 ROUGE-1 Eval D1011-A.M.100.C.1 R:0.16379 P:0.19792 F:0.17924
1 ROUGE-1 Eval D1012-A.M.100.C.1 R:0.24797 P:0.26293 F:0.25523
1 ROUGE-1 Eval D1013-A.M.100.C.1 R:0.37349 P:0.41518 F:0.39323
1 ROUGE-1 Eval D1014-A.M.100.C.1 R:0.20502 P:0.20763 F:0.20632
1 ROUGE-1 Eval D1015-A.M.100.C.1 R:0.31321 P:0.32937 F:0.32109
1 ROUGE-1 Eval D1016-A.M.100.C.1 R:0.27354 P:0.27727 F:0.27539
1 ROUGE-1 Eval D1017-A.M.100.D.1 R:0.17551 P:0.21939 F:0.19501
1 ROUGE-1 Eval D1018-A.M.100.D.1 R:0.22594 P:0.23684 F:0.23126
1 ROUGE-1 Eval D1019-A.M.100.D.1 R:0.36250 P:0.35081 F:0.35656
1 ROUGE-1 Eval D1020-A.M.100.D.1 R:0.22314 P:0.25472 F:0.23789
1 ROUGE-1 Eval D1021-A.M.100.D.1 R:0.27119 P:0.27119 F:0.27119
1 ROUGE-1 Eval D1022-A.M.100.D.1 R:0.30544 P:0.34434 F:0.32373
1 ROUGE-1 Eval D1023-A.M.100.E.1 R:0.28099 P:0.28814 F:0.28452
1 ROUGE-1 Eval D1024-A.M.100.E.1 R:0.34167 P:0.37963 F:0.35965
1 ROUGE-1 Eval D1025-A.M.100.E.1 R:0.18584 P:0.19444 F:0.19004
1 ROUGE-1 Eval D1026-A.M.100.E.1 R:0.13248 P:0.14091 F:0.13657
1 ROUGE-1 Eval D1027-A.M.100.E.1 R:0.32937 P:0.37727 F:0.35170
1 ROUGE-1 Eval D1028-A.M.100.E.1 R:0.25833 P:0.25410 F:0.25620
1 ROUGE-1 Eval D1029-A.M.100.F.1 R:0.14583 P:0.16509 F:0.15486
1 ROUGE-1 Eval D1030-A.M.100.F.1 R:0.23413 P:0.26339 F:0.24790
1 ROUGE-1 Eval D1031-A.M.100.F.1 R:0.17551 P:0.19907 F:0.18655
1 ROUGE-1 Eval D1032-A.M.100.F.1 R:0.27099 P:0.38587 F:0.31838
1 ROUGE-1 Eval D1033-A.M.100.F.1 R:0.38843 P:0.36719 F:0.37751
1 ROUGE-1 Eval D1034-A.M.100.F.1 R:0.16872 P:0.18304 F:0.17559
1 ROUGE-1 Eval D1035-A.M.100.G.1 R:0.29268 P:0.34615 F:0.31718
1 ROUGE-1 Eval D1036-A.M.100.G.1 R:0.11020 P:0.13235 F:0.12026
1 ROUGE-1 Eval D1037-A.M.100.G.1 R:0.32407 P:0.31818 F:0.32110
1 ROUGE-1 Eval D1038-A.M.100.G.1 R:0.21176 P:0.25000 F:0.22930
1 ROUGE-1 Eval D1039-A.M.100.G.1 R:0.29388 P:0.31579 F:0.30444
1 ROUGE-1 Eval D1040-A.M.100.G.1 R:0.24681 P:0.25893 F:0.25272
1 ROUGE-1 Eval D1041-A.M.100.H.1 R:0.36614 P:0.38750 F:0.37652
1 ROUGE-1 Eval D1042-A.M.100.H.1 R:0.25561 P:0.26887 F:0.26207
1 ROUGE-1 Eval D1043-A.M.100.H.1 R:0.33898 P:0.33898 F:0.33898
1 ROUGE-1 Eval D1044-A.M.100.H.1 R:0.27848 P:0.29464 F:0.28633
1 ROUGE-1 Eval D1045-A.M.100.H.1 R:0.31102 P:0.34649 F:0.32780
1 ROUGE-1 Eval D1046-A.M.100.H.1 R:0.29921 P:0.32759 F:0.31276
---------------------------------------------
1 ROUGE-2 Average_R: 0.07088 (95%-conf.int. 0.06002 - 0.08183)
1 ROUGE-2 Average_P: 0.07625 (95%-conf.int. 0.06509 - 0.08777)
1 ROUGE-2 Average_F: 0.07334 (95%-conf.int. 0.06206 - 0.08436)
.............................................
1 ROUGE-2 Eval D1001-A.M.100.A.1 R:0.05439 P:0.06771 F:0.06032
1 ROUGE-2 Eval D1002-A.M.100.A.1 R:0.05957 P:0.07000 F:0.06437
1 ROUGE-2 Eval D1003-A.M.100.A.1 R:0.03524 P:0.03279 F:0.03397
1 ROUGE-2 Eval D1004-A.M.100.A.1 R:0.10084 P:0.09231 F:0.09639
1 ROUGE-2 Eval D1005-A.M.100.A.1 R:0.04167 P:0.04902 F:0.04505
1 ROUGE-2 Eval D1006-A.M.100.A.1 R:0.02724 P:0.03804 F:0.03175
1 ROUGE-2 Eval D1007-A.M.100.B.1 R:0.05882 P:0.06250 F:0.06060
1 ROUGE-2 Eval D1008-A.M.100.B.1 R:0.02049 P:0.02155 F:0.02101
1 ROUGE-2 Eval D1009-A.M.100.B.1 R:0.03604 P:0.03704 F:0.03653
1 ROUGE-2 Eval D1010-A.M.100.B.1 R:0.09756 P:0.10000 F:0.09876
1 ROUGE-2 Eval D1011-A.M.100.C.1 R:0.05702 P:0.06915 F:0.06250
1 ROUGE-2 Eval D1012-A.M.100.C.1 R:0.05372 P:0.05702 F:0.05532
1 ROUGE-2 Eval D1013-A.M.100.C.1 R:0.18367 P:0.20455 F:0.19355
1 ROUGE-2 Eval D1014-A.M.100.C.1 R:0.03830 P:0.03879 F:0.03854
1 ROUGE-2 Eval D1015-A.M.100.C.1 R:0.11877 P:0.12500 F:0.12181
1 ROUGE-2 Eval D1016-A.M.100.C.1 R:0.06393 P:0.06481 F:0.06437
1 ROUGE-2 Eval D1017-A.M.100.D.1 R:0.01245 P:0.01562 F:0.01386
1 ROUGE-2 Eval D1018-A.M.100.D.1 R:0.11064 P:0.11607 F:0.11329
1 ROUGE-2 Eval D1019-A.M.100.D.1 R:0.08051 P:0.07787 F:0.07917
1 ROUGE-2 Eval D1020-A.M.100.D.1 R:0.04202 P:0.04808 F:0.04485
1 ROUGE-2 Eval D1021-A.M.100.D.1 R:0.11207 P:0.11207 F:0.11207
1 ROUGE-2 Eval D1022-A.M.100.D.1 R:0.10213 P:0.11538 F:0.10835
1 ROUGE-2 Eval D1023-A.M.100.E.1 R:0.04622 P:0.04741 F:0.04681
1 ROUGE-2 Eval D1024-A.M.100.E.1 R:0.13983 P:0.15566 F:0.14732
1 ROUGE-2 Eval D1025-A.M.100.E.1 R:0.05856 P:0.06132 F:0.05991
1 ROUGE-2 Eval D1026-A.M.100.E.1 R:0.03478 P:0.03704 F:0.03587
1 ROUGE-2 Eval D1027-A.M.100.E.1 R:0.09677 P:0.11111 F:0.10345
1 ROUGE-2 Eval D1028-A.M.100.E.1 R:0.05085 P:0.05000 F:0.05042
1 ROUGE-2 Eval D1029-A.M.100.F.1 R:0.01695 P:0.01923 F:0.01802
1 ROUGE-2 Eval D1030-A.M.100.F.1 R:0.09274 P:0.10455 F:0.09829
1 ROUGE-2 Eval D1031-A.M.100.F.1 R:0.02905 P:0.03302 F:0.03091
1 ROUGE-2 Eval D1032-A.M.100.F.1 R:0.05426 P:0.07778 F:0.06393
1 ROUGE-2 Eval D1033-A.M.100.F.1 R:0.15966 P:0.15079 F:0.15510
1 ROUGE-2 Eval D1034-A.M.100.F.1 R:0.01674 P:0.01818 F:0.01743
1 ROUGE-2 Eval D1035-A.M.100.G.1 R:0.07025 P:0.08333 F:0.07623
1 ROUGE-2 Eval D1036-A.M.100.G.1 R:0.00830 P:0.01000 F:0.00907
1 ROUGE-2 Eval D1037-A.M.100.G.1 R:0.06604 P:0.06481 F:0.06542
1 ROUGE-2 Eval D1038-A.M.100.G.1 R:0.05976 P:0.07075 F:0.06479
1 ROUGE-2 Eval D1039-A.M.100.G.1 R:0.09544 P:0.10268 F:0.09893
1 ROUGE-2 Eval D1040-A.M.100.G.1 R:0.08658 P:0.09091 F:0.08869
1 ROUGE-2 Eval D1041-A.M.100.H.1 R:0.12000 P:0.12712 F:0.12346
1 ROUGE-2 Eval D1042-A.M.100.H.1 R:0.08676 P:0.09135 F:0.08900
1 ROUGE-2 Eval D1043-A.M.100.H.1 R:0.14224 P:0.14224 F:0.14224
1 ROUGE-2 Eval D1044-A.M.100.H.1 R:0.07725 P:0.08182 F:0.07947
1 ROUGE-2 Eval D1045-A.M.100.H.1 R:0.07600 P:0.08482 F:0.08017
1 ROUGE-2 Eval D1046-A.M.100.H.1 R:0.08400 P:0.09211 F:0.08787
