---------------------------------------------
1 ROUGE-1 Average_R: 0.07212 (95%-conf.int. 0.06117 - 0.08444)
1 ROUGE-1 Average_P: 0.44040 (95%-conf.int. 0.39590 - 0.48805)
1 ROUGE-1 Average_F: 0.12059 (95%-conf.int. 0.10357 - 0.13860)
.............................................
1 ROUGE-1 Eval D1001-A.M.100.A.1 R:0.11523 P:0.70000 F:0.19789
1 ROUGE-1 Eval D1002-A.M.100.A.1 R:0.06276 P:0.41667 F:0.10909
1 ROUGE-1 Eval D1003-A.M.100.A.1 R:0.04329 P:0.62500 F:0.08097
1 ROUGE-1 Eval D1004-A.M.100.A.1 R:0.15289 P:0.42045 F:0.22424
1 ROUGE-1 Eval D1005-A.M.100.A.1 R:0.08197 P:0.27778 F:0.12659
1 ROUGE-1 Eval D1006-A.M.100.A.1 R:0.04598 P:0.33333 F:0.08081
1 ROUGE-1 Eval D1007-A.M.100.B.1 R:0.07111 P:0.40000 F:0.12075
1 ROUGE-1 Eval D1008-A.M.100.B.1 R:0.03226 P:0.28571 F:0.05797
1 ROUGE-1 Eval D1009-A.M.100.B.1 R:0.05310 P:0.37500 F:0.09303
1 ROUGE-1 Eval D1010-A.M.100.B.1 R:0.10800 P:0.75000 F:0.18881
1 ROUGE-1 Eval D1011-A.M.100.C.1 R:0.07328 P:0.23611 F:0.11185
1 ROUGE-1 Eval D1012-A.M.100.C.1 R:0.13008 P:0.44444 F:0.20126
1 ROUGE-1 Eval D1013-A.M.100.C.1 R:0.13655 P:0.77273 F:0.23209
1 ROUGE-1 Eval D1014-A.M.100.C.1 R:0.01674 P:0.25000 F:0.03138
1 ROUGE-1 Eval D1015-A.M.100.C.1 R:0.05283 P:0.50000 F:0.09556
1 ROUGE-1 Eval D1016-A.M.100.C.1 R:0.06278 P:0.70000 F:0.11523
1 ROUGE-1 Eval D1017-A.M.100.D.1 R:0.05714 P:0.31818 F:0.09688
1 ROUGE-1 Eval D1018-A.M.100.D.1 R:0.18828 P:0.62500 F:0.28938
1 ROUGE-1 Eval D1019-A.M.100.D.1 R:0.15417 P:0.40217 F:0.22289
1 ROUGE-1 Eval D1020-A.M.100.D.1 R:0.06198 P:0.34091 F:0.10489
1 ROUGE-1 Eval D1021-A.M.100.D.1 R:0.02966 P:0.58333 F:0.05645
1 ROUGE-1 Eval D1022-A.M.100.D.1 R:0.06276 P:0.31250 F:0.10453
1 ROUGE-1 Eval D1023-A.M.100.E.1 R:0.03306 P:0.40000 F:0.06107
1 ROUGE-1 Eval D1024-A.M.100.E.1 R:0.12917 P:0.64583 F:0.21528
1 ROUGE-1 Eval D1025-A.M.100.E.1 R:0.11062 P:0.48077 F:0.17986
1 ROUGE-1 Eval D1026-A.M.100.E.1 R:0.05128 P:0.30000 F:0.08759
1 ROUGE-1 Eval D1027-A.M.100.E.1 R:0.10317 P:0.59091 F:0.17567
1 ROUGE-1 Eval D1028-A.M.100.E.1 R:0.07500 P:0.64286 F:0.13433
1 ROUGE-1 Eval D1029-A.M.100.F.1 R:0.03333 P:0.25000 F:0.05882
1 ROUGE-1 Eval D1030-A.M.100.F.1 R:0.02381 P:0.50000 F:0.04546
1 ROUGE-1 Eval D1031-A.M.100.F.1 R:0.04082 P:0.50000 F:0.07548
1 ROUGE-1 Eval D1032-A.M.100.F.1 R:0.11069 P:0.45312 F:0.17792
1 ROUGE-1 Eval D1033-A.M.100.F.1 R:0.04959 P:0.23077 F:0.08164
1 ROUGE-1 Eval D1034-A.M.100.F.1 R:0.05350 P:0.16250 F:0.08050
1 ROUGE-1 Eval D1035-A.M.100.G.1 R:0.03252 P:0.28571 F:0.05839
1 ROUGE-1 Eval D1036-A.M.100.G.1 R:0.00408 P:0.05000 F:0.00754
1 ROUGE-1 Eval D1037-A.M.100.G.1 R:0.06019 P:0.54167 F:0.10834
1 ROUGE-1 Eval D1038-A.M.100.G.1 R:0.07843 P:0.38462 F:0.13029
1 ROUGE-1 Eval D1039-A.M.100.G.1 R:0.06122 P:0.31250 F:0.10238
1 ROUGE-1 Eval D1040-A.M.100.G.1 R:0.11915 P:0.53846 F:0.19512
1 ROUGE-1 Eval D1041-A.M.100.H.1 R:0.03543 P:0.45000 F:0.06569
1 ROUGE-1 Eval D1042-A.M.100.H.1 R:0.08520 P:0.52778 F:0.14672
1 ROUGE-1 Eval D1043-A.M.100.H.1 R:0.03390 P:0.33333 F:0.06154
1 ROUGE-1 Eval D1044-A.M.100.H.1 R:0.09283 P:0.50000 F:0.15659
1 ROUGE-1 Eval D1045-A.M.100.H.1 R:0.05118 P:0.46429 F:0.09220
1 ROUGE-1 Eval D1046-A.M.100.H.1 R:0.06693 P:0.70833 F:0.12230
---------------------------------------------
1 ROUGE-2 Average_R: 0.02227 (95%-conf.int. 0.01608 - 0.02876)
1 ROUGE-2 Average_P: 0.15156 (95%-conf.int. 0.11559 - 0.18919)
1 ROUGE-2 Average_F: 0.03780 (95%-conf.int. 0.02732 - 0.04877)
.............................................
1 ROUGE-2 Eval D1001-A.M.100.A.1 R:0.05021 P:0.33333 F:0.08727
1 ROUGE-2 Eval D1002-A.M.100.A.1 R:0.01277 P:0.09375 F:0.02248
1 ROUGE-2 Eval D1003-A.M.100.A.1 R:0.01762 P:0.33333 F:0.03347
1 ROUGE-2 Eval D1004-A.M.100.A.1 R:0.03782 P:0.10714 F:0.05591
1 ROUGE-2 Eval D1005-A.M.100.A.1 R:0.00833 P:0.02941 F:0.01298
1 ROUGE-2 Eval D1006-A.M.100.A.1 R:0.00000 P:0.00000 F:0.00000
1 ROUGE-2 Eval D1007-A.M.100.B.1 R:0.01357 P:0.08333 F:0.02334
1 ROUGE-2 Eval D1008-A.M.100.B.1 R:0.01639 P:0.16667 F:0.02985
1 ROUGE-2 Eval D1009-A.M.100.B.1 R:0.02703 P:0.21429 F:0.04800
1 ROUGE-2 Eval D1010-A.M.100.B.1 R:0.06504 P:0.50000 F:0.11511
1 ROUGE-2 Eval D1011-A.M.100.C.1 R:0.03070 P:0.10294 F:0.04730
1 ROUGE-2 Eval D1012-A.M.100.C.1 R:0.02066 P:0.07353 F:0.03226
1 ROUGE-2 Eval D1013-A.M.100.C.1 R:0.09796 P:0.60000 F:0.16842
1 ROUGE-2 Eval D1014-A.M.100.C.1 R:0.00000 P:0.00000 F:0.00000
1 ROUGE-2 Eval D1015-A.M.100.C.1 R:0.02682 P:0.29167 F:0.04912
1 ROUGE-2 Eval D1016-A.M.100.C.1 R:0.00457 P:0.06250 F:0.00852
1 ROUGE-2 Eval D1017-A.M.100.D.1 R:0.00830 P:0.05000 F:0.01424
1 ROUGE-2 Eval D1018-A.M.100.D.1 R:0.10213 P:0.35294 F:0.15842
1 ROUGE-2 Eval D1019-A.M.100.D.1 R:0.01695 P:0.04545 F:0.02469
1 ROUGE-2 Eval D1020-A.M.100.D.1 R:0.01261 P:0.07500 F:0.02159
1 ROUGE-2 Eval D1021-A.M.100.D.1 R:0.01293 P:0.37500 F:0.02500
1 ROUGE-2 Eval D1022-A.M.100.D.1 R:0.00000 P:0.00000 F:0.00000
1 ROUGE-2 Eval D1023-A.M.100.E.1 R:0.00000 P:0.00000 F:0.00000
1 ROUGE-2 Eval D1024-A.M.100.E.1 R:0.04237 P:0.22727 F:0.07142
1 ROUGE-2 Eval D1025-A.M.100.E.1 R:0.04505 P:0.20833 F:0.07408
1 ROUGE-2 Eval D1026-A.M.100.E.1 R:0.02174 P:0.13889 F:0.03760
1 ROUGE-2 Eval D1027-A.M.100.E.1 R:0.02823 P:0.17500 F:0.04862
1 ROUGE-2 Eval D1028-A.M.100.E.1 R:0.00424 P:0.04167 F:0.00770
1 ROUGE-2 Eval D1029-A.M.100.F.1 R:0.00000 P:0.00000 F:0.00000
1 ROUGE-2 Eval D1030-A.M.100.F.1 R:0.00000 P:0.00000 F:0.00000
1 ROUGE-2 Eval D1031-A.M.100.F.1 R:0.01660 P:0.25000 F:0.03113
1 ROUGE-2 Eval D1032-A.M.100.F.1 R:0.02326 P:0.10000 F:0.03774
1 ROUGE-2 Eval D1033-A.M.100.F.1 R:0.02941 P:0.14583 F:0.04895
1 ROUGE-2 Eval D1034-A.M.100.F.1 R:0.00000 P:0.00000 F:0.00000
1 ROUGE-2 Eval D1035-A.M.100.G.1 R:0.01653 P:0.16667 F:0.03008
1 ROUGE-2 Eval D1036-A.M.100.G.1 R:0.00000 P:0.00000 F:0.00000
1 ROUGE-2 Eval D1037-A.M.100.G.1 R:0.00943 P:0.10000 F:0.01723
1 ROUGE-2 Eval D1038-A.M.100.G.1 R:0.02390 P:0.12500 F:0.04013
1 ROUGE-2 Eval D1039-A.M.100.G.1 R:0.01660 P:0.09091 F:0.02807
1 ROUGE-2 Eval D1040-A.M.100.G.1 R:0.03896 P:0.18750 F:0.06451
1 ROUGE-2 Eval D1041-A.M.100.H.1 R:0.01600 P:0.25000 F:0.03008
1 ROUGE-2 Eval D1042-A.M.100.H.1 R:0.03653 P:0.25000 F:0.06375
1 ROUGE-2 Eval D1043-A.M.100.H.1 R:0.01724 P:0.20000 F:0.03174
1 ROUGE-2 Eval D1044-A.M.100.H.1 R:0.03433 P:0.20000 F:0.05860
1 ROUGE-2 Eval D1045-A.M.100.H.1 R:0.01600 P:0.16667 F:0.02920
1 ROUGE-2 Eval D1046-A.M.100.H.1 R:0.00400 P:0.05000 F:0.00741
