---------------------------------------------
1 ROUGE-1 Average_R: 0.25839 (95%-conf.int. 0.23850 - 0.27509)
1 ROUGE-1 Average_P: 0.27269 (95%-conf.int. 0.25418 - 0.29113)
1 ROUGE-1 Average_F: 0.26489 (95%-conf.int. 0.24550 - 0.28194)
.............................................
1 ROUGE-1 Eval D1001-A.M.100.A.1 R:0.29630 P:0.36000 F:0.32506
1 ROUGE-1 Eval D1002-A.M.100.A.1 R:0.19247 P:0.23958 F:0.21346
1 ROUGE-1 Eval D1003-A.M.100.A.1 R:0.27706 P:0.25397 F:0.26501
1 ROUGE-1 Eval D1004-A.M.100.A.1 R:0.32231 P:0.31967 F:0.32098
1 ROUGE-1 Eval D1005-A.M.100.A.1 R:0.29098 P:0.31140 F:0.30084
1 ROUGE-1 Eval D1006-A.M.100.A.1 R:0.18774 P:0.22273 F:0.20374
1 ROUGE-1 Eval D1007-A.M.100.B.1 R:0.30667 P:0.33173 F:0.31871
1 ROUGE-1 Eval D1008-A.M.100.B.1 R:0.17339 P:0.17339 F:0.17339
1 ROUGE-1 Eval D1009-A.M.100.B.1 R:0.33628 P:0.32759 F:0.33188
1 ROUGE-1 Eval D1010-A.M.100.B.1 R:0.35200 P:0.34921 F:0.35060
1 ROUGE-1 Eval D1011-A.M.100.C.1 R:0.23276 P:0.21774 F:0.22500
1 ROUGE-1 Eval D1012-A.M.100.C.1 R:0.23577 P:0.25000 F:0.24268
1 ROUGE-1 Eval D1013-A.M.100.C.1 R:0.29317 P:0.30932 F:0.30103
1 ROUGE-1 Eval D1014-A.M.100.C.1 R:0.17992 P:0.18534 F:0.18259
1 ROUGE-1 Eval D1015-A.M.100.C.1 R:0.25660 P:0.26984 F:0.26305
1 ROUGE-1 Eval D1016-A.M.100.C.1 R:0.32735 P:0.29918 F:0.31263
1 ROUGE-1 Eval D1017-A.M.100.D.1 R:0.17551 P:0.18534 F:0.18029
1 ROUGE-1 Eval D1018-A.M.100.D.1 R:0.28033 P:0.25000 F:0.26430
1 ROUGE-1 Eval D1019-A.M.100.D.1 R:0.30000 P:0.29032 F:0.29508
1 ROUGE-1 Eval D1020-A.M.100.D.1 R:0.23140 P:0.24561 F:0.23829
1 ROUGE-1 Eval D1021-A.M.100.D.1 R:0.20763 P:0.22685 F:0.21681
1 ROUGE-1 Eval D1022-A.M.100.D.1 R:0.33891 P:0.38942 F:0.36241
1 ROUGE-1 Eval D1023-A.M.100.E.1 R:0.21074 P:0.22368 F:0.21702
1 ROUGE-1 Eval D1024-A.M.100.E.1 R:0.31667 P:0.34545 F:0.33043
1 ROUGE-1 Eval D1025-A.M.100.E.1 R:0.30973 P:0.29167 F:0.30043
1 ROUGE-1 Eval D1026-A.M.100.E.1 R:0.13248 P:0.13136 F:0.13192
1 ROUGE-1 Eval D1027-A.M.100.E.1 R:0.36905 P:0.40789 F:0.38750
1 ROUGE-1 Eval D1028-A.M.100.E.1 R:0.30833 P:0.30328 F:0.30578
1 ROUGE-1 Eval D1029-A.M.100.F.1 R:0.27500 P:0.28448 F:0.27966
1 ROUGE-1 Eval D1030-A.M.100.F.1 R:0.25000 P:0.26695 F:0.25820
1 ROUGE-1 Eval D1031-A.M.100.F.1 R:0.17143 P:0.18750 F:0.17911
1 ROUGE-1 Eval D1032-A.M.100.F.1 R:0.29008 P:0.33333 F:0.31020
1 ROUGE-1 Eval D1033-A.M.100.F.1 R:0.31405 P:0.29688 F:0.30522
1 ROUGE-1 Eval D1034-A.M.100.F.1 R:0.16461 P:0.18182 F:0.17279
1 ROUGE-1 Eval D1035-A.M.100.G.1 R:0.22764 P:0.28571 F:0.25339
1 ROUGE-1 Eval D1036-A.M.100.G.1 R:0.10204 P:0.11574 F:0.10846
1 ROUGE-1 Eval D1037-A.M.100.G.1 R:0.29630 P:0.32000 F:0.30769
1 ROUGE-1 Eval D1038-A.M.100.G.1 R:0.17255 P:0.20000 F:0.18526
1 ROUGE-1 Eval D1039-A.M.100.G.1 R:0.26531 P:0.29545 F:0.27957
1 ROUGE-1 Eval D1040-A.M.100.G.1 R:0.25532 P:0.28846 F:0.27088
1 ROUGE-1 Eval D1041-A.M.100.H.1 R:0.20472 P:0.24528 F:0.22317
1 ROUGE-1 Eval D1042-A.M.100.H.1 R:0.26906 P:0.28302 F:0.27586
1 ROUGE-1 Eval D1043-A.M.100.H.1 R:0.28390 P:0.28879 F:0.28632
1 ROUGE-1 Eval D1044-A.M.100.H.1 R:0.30380 P:0.28571 F:0.29448
1 ROUGE-1 Eval D1045-A.M.100.H.1 R:0.35039 P:0.39732 F:0.37238
1 ROUGE-1 Eval D1046-A.M.100.H.1 R:0.26772 P:0.29825 F:0.28216
---------------------------------------------
1 ROUGE-2 Average_R: 0.07482 (95%-conf.int. 0.06329 - 0.08465)
1 ROUGE-2 Average_P: 0.07875 (95%-conf.int. 0.06662 - 0.08958)
1 ROUGE-2 Average_F: 0.07659 (95%-conf.int. 0.06465 - 0.08676)
.............................................
1 ROUGE-2 Eval D1001-A.M.100.A.1 R:0.12552 P:0.15306 F:0.13793
1 ROUGE-2 Eval D1002-A.M.100.A.1 R:0.02553 P:0.03191 F:0.02837
1 ROUGE-2 Eval D1003-A.M.100.A.1 R:0.07048 P:0.06452 F:0.06737
1 ROUGE-2 Eval D1004-A.M.100.A.1 R:0.10504 P:0.10417 F:0.10460
1 ROUGE-2 Eval D1005-A.M.100.A.1 R:0.05417 P:0.05804 F:0.05604
1 ROUGE-2 Eval D1006-A.M.100.A.1 R:0.00000 P:0.00000 F:0.00000
1 ROUGE-2 Eval D1007-A.M.100.B.1 R:0.08145 P:0.08824 F:0.08471
1 ROUGE-2 Eval D1008-A.M.100.B.1 R:0.03279 P:0.03279 F:0.03279
1 ROUGE-2 Eval D1009-A.M.100.B.1 R:0.09459 P:0.09211 F:0.09333
1 ROUGE-2 Eval D1010-A.M.100.B.1 R:0.15041 P:0.14919 F:0.14980
1 ROUGE-2 Eval D1011-A.M.100.C.1 R:0.08772 P:0.08197 F:0.08475
1 ROUGE-2 Eval D1012-A.M.100.C.1 R:0.04545 P:0.04825 F:0.04681
1 ROUGE-2 Eval D1013-A.M.100.C.1 R:0.17143 P:0.18103 F:0.17610
1 ROUGE-2 Eval D1014-A.M.100.C.1 R:0.01702 P:0.01754 F:0.01728
1 ROUGE-2 Eval D1015-A.M.100.C.1 R:0.08812 P:0.09274 F:0.09037
1 ROUGE-2 Eval D1016-A.M.100.C.1 R:0.08676 P:0.07917 F:0.08279
1 ROUGE-2 Eval D1017-A.M.100.D.1 R:0.02075 P:0.02193 F:0.02132
1 ROUGE-2 Eval D1018-A.M.100.D.1 R:0.12340 P:0.10985 F:0.11623
1 ROUGE-2 Eval D1019-A.M.100.D.1 R:0.06780 P:0.06557 F:0.06667
1 ROUGE-2 Eval D1020-A.M.100.D.1 R:0.03361 P:0.03571 F:0.03463
1 ROUGE-2 Eval D1021-A.M.100.D.1 R:0.08190 P:0.08962 F:0.08559
1 ROUGE-2 Eval D1022-A.M.100.D.1 R:0.10213 P:0.11765 F:0.10934
1 ROUGE-2 Eval D1023-A.M.100.E.1 R:0.03782 P:0.04018 F:0.03896
1 ROUGE-2 Eval D1024-A.M.100.E.1 R:0.11017 P:0.12037 F:0.11504
1 ROUGE-2 Eval D1025-A.M.100.E.1 R:0.08559 P:0.08051 F:0.08297
1 ROUGE-2 Eval D1026-A.M.100.E.1 R:0.03913 P:0.03879 F:0.03896
1 ROUGE-2 Eval D1027-A.M.100.E.1 R:0.13306 P:0.14732 F:0.13983
1 ROUGE-2 Eval D1028-A.M.100.E.1 R:0.07203 P:0.07083 F:0.07142
1 ROUGE-2 Eval D1029-A.M.100.F.1 R:0.06780 P:0.07018 F:0.06897
1 ROUGE-2 Eval D1030-A.M.100.F.1 R:0.06452 P:0.06897 F:0.06667
1 ROUGE-2 Eval D1031-A.M.100.F.1 R:0.04564 P:0.05000 F:0.04772
1 ROUGE-2 Eval D1032-A.M.100.F.1 R:0.07752 P:0.08929 F:0.08299
1 ROUGE-2 Eval D1033-A.M.100.F.1 R:0.09664 P:0.09127 F:0.09388
1 ROUGE-2 Eval D1034-A.M.100.F.1 R:0.01674 P:0.01852 F:0.01759
1 ROUGE-2 Eval D1035-A.M.100.G.1 R:0.07438 P:0.09375 F:0.08295
1 ROUGE-2 Eval D1036-A.M.100.G.1 R:0.02075 P:0.02358 F:0.02207
1 ROUGE-2 Eval D1037-A.M.100.G.1 R:0.07075 P:0.07653 F:0.07353
1 ROUGE-2 Eval D1038-A.M.100.G.1 R:0.05578 P:0.06481 F:0.05996
1 ROUGE-2 Eval D1039-A.M.100.G.1 R:0.08714 P:0.09722 F:0.09190
1 ROUGE-2 Eval D1040-A.M.100.G.1 R:0.07792 P:0.08824 F:0.08276
1 ROUGE-2 Eval D1041-A.M.100.H.1 R:0.08400 P:0.10096 F:0.09170
1 ROUGE-2 Eval D1042-A.M.100.H.1 R:0.09132 P:0.09615 F:0.09367
1 ROUGE-2 Eval D1043-A.M.100.H.1 R:0.13362 P:0.13596 F:0.13478
1 ROUGE-2 Eval D1044-A.M.100.H.1 R:0.09871 P:0.09274 F:0.09563
1 ROUGE-2 Eval D1045-A.M.100.H.1 R:0.06800 P:0.07727 F:0.07234
1 ROUGE-2 Eval D1046-A.M.100.H.1 R:0.07200 P:0.08036 F:0.07595
