---------------------------------------------
1 ROUGE-1 Average_R: 0.27358 (95%-conf.int. 0.25477 - 0.29136)
1 ROUGE-1 Average_P: 0.29789 (95%-conf.int. 0.28017 - 0.31679)
1 ROUGE-1 Average_F: 0.28440 (95%-conf.int. 0.26643 - 0.30199)
.............................................
1 ROUGE-1 Eval D1001-A.M.100.A.1 R:0.34568 P:0.38182 F:0.36285
1 ROUGE-1 Eval D1002-A.M.100.A.1 R:0.29289 P:0.31818 F:0.30501
1 ROUGE-1 Eval D1003-A.M.100.A.1 R:0.25541 P:0.25000 F:0.25268
1 ROUGE-1 Eval D1004-A.M.100.A.1 R:0.36364 P:0.37288 F:0.36820
1 ROUGE-1 Eval D1005-A.M.100.A.1 R:0.26230 P:0.30769 F:0.28319
1 ROUGE-1 Eval D1006-A.M.100.A.1 R:0.22989 P:0.36585 F:0.28236
1 ROUGE-1 Eval D1007-A.M.100.B.1 R:0.26222 P:0.29500 F:0.27765
1 ROUGE-1 Eval D1008-A.M.100.B.1 R:0.22984 P:0.31667 F:0.26636
1 ROUGE-1 Eval D1009-A.M.100.B.1 R:0.31416 P:0.30603 F:0.31004
1 ROUGE-1 Eval D1010-A.M.100.B.1 R:0.31600 P:0.38725 F:0.34802
1 ROUGE-1 Eval D1011-A.M.100.C.1 R:0.18534 P:0.26220 F:0.21717
1 ROUGE-1 Eval D1012-A.M.100.C.1 R:0.25203 P:0.27679 F:0.26383
1 ROUGE-1 Eval D1013-A.M.100.C.1 R:0.34940 P:0.40278 F:0.37420
1 ROUGE-1 Eval D1014-A.M.100.C.1 R:0.17155 P:0.18981 F:0.18022
1 ROUGE-1 Eval D1015-A.M.100.C.1 R:0.32075 P:0.36017 F:0.33932
1 ROUGE-1 Eval D1016-A.M.100.C.1 R:0.35426 P:0.34649 F:0.35033
1 ROUGE-1 Eval D1017-A.M.100.D.1 R:0.22041 P:0.25000 F:0.23427
1 ROUGE-1 Eval D1018-A.M.100.D.1 R:0.28033 P:0.25000 F:0.26430
1 ROUGE-1 Eval D1019-A.M.100.D.1 R:0.38750 P:0.38115 F:0.38430
1 ROUGE-1 Eval D1020-A.M.100.D.1 R:0.24380 P:0.26818 F:0.25541
1 ROUGE-1 Eval D1021-A.M.100.D.1 R:0.27119 P:0.27586 F:0.27351
1 ROUGE-1 Eval D1022-A.M.100.D.1 R:0.33891 P:0.35526 F:0.34689
1 ROUGE-1 Eval D1023-A.M.100.E.1 R:0.26033 P:0.26250 F:0.26141
1 ROUGE-1 Eval D1024-A.M.100.E.1 R:0.36250 P:0.38839 F:0.37500
1 ROUGE-1 Eval D1025-A.M.100.E.1 R:0.29646 P:0.28390 F:0.29004
1 ROUGE-1 Eval D1026-A.M.100.E.1 R:0.12393 P:0.13182 F:0.12775
1 ROUGE-1 Eval D1027-A.M.100.E.1 R:0.38889 P:0.41525 F:0.40164
1 ROUGE-1 Eval D1028-A.M.100.E.1 R:0.29167 P:0.28226 F:0.28689
1 ROUGE-1 Eval D1029-A.M.100.F.1 R:0.24583 P:0.24583 F:0.24583
1 ROUGE-1 Eval D1030-A.M.100.F.1 R:0.19444 P:0.22685 F:0.20940
1 ROUGE-1 Eval D1031-A.M.100.F.1 R:0.17551 P:0.19907 F:0.18655
1 ROUGE-1 Eval D1032-A.M.100.F.1 R:0.30534 P:0.37037 F:0.33473
1 ROUGE-1 Eval D1033-A.M.100.F.1 R:0.38843 P:0.36719 F:0.37751
1 ROUGE-1 Eval D1034-A.M.100.F.1 R:0.16461 P:0.19608 F:0.17897
1 ROUGE-1 Eval D1035-A.M.100.G.1 R:0.22764 P:0.28000 F:0.25112
1 ROUGE-1 Eval D1036-A.M.100.G.1 R:0.16327 P:0.19608 F:0.17818
1 ROUGE-1 Eval D1037-A.M.100.G.1 R:0.29630 P:0.31373 F:0.30477
1 ROUGE-1 Eval D1038-A.M.100.G.1 R:0.20392 P:0.22807 F:0.21532
1 ROUGE-1 Eval D1039-A.M.100.G.1 R:0.29796 P:0.32018 F:0.30867
1 ROUGE-1 Eval D1040-A.M.100.G.1 R:0.25106 P:0.26339 F:0.25708
1 ROUGE-1 Eval D1041-A.M.100.H.1 R:0.28346 P:0.33962 F:0.30901
1 ROUGE-1 Eval D1042-A.M.100.H.1 R:0.26906 P:0.27273 F:0.27088
1 ROUGE-1 Eval D1043-A.M.100.H.1 R:0.28390 P:0.27016 F:0.27686
1 ROUGE-1 Eval D1044-A.M.100.H.1 R:0.28692 P:0.29310 F:0.28998
1 ROUGE-1 Eval D1045-A.M.100.H.1 R:0.31102 P:0.34052 F:0.32510
1 ROUGE-1 Eval D1046-A.M.100.H.1 R:0.29921 P:0.32759 F:0.31276
---------------------------------------------
1 ROUGE-2 Average_R: 0.07746 (95%-conf.int. 0.06558 - 0.08867)
1 ROUGE-2 Average_P: 0.08348 (95%-conf.int. 0.07134 - 0.09517)
1 ROUGE-2 Average_F: 0.08015 (95%-conf.int. 0.06834 - 0.09172)
.............................................
1 ROUGE-2 Eval D1001-A.M.100.A.1 R:0.12134 P:0.13426 F:0.12747
1 ROUGE-2 Eval D1002-A.M.100.A.1 R:0.07660 P:0.08333 F:0.07982
1 ROUGE-2 Eval D1003-A.M.100.A.1 R:0.04846 P:0.04741 F:0.04793
1 ROUGE-2 Eval D1004-A.M.100.A.1 R:0.12605 P:0.12931 F:0.12766
1 ROUGE-2 Eval D1005-A.M.100.A.1 R:0.03750 P:0.04412 F:0.04054
1 ROUGE-2 Eval D1006-A.M.100.A.1 R:0.03502 P:0.05625 F:0.04317
1 ROUGE-2 Eval D1007-A.M.100.B.1 R:0.07240 P:0.08163 F:0.07674
1 ROUGE-2 Eval D1008-A.M.100.B.1 R:0.02869 P:0.03977 F:0.03333
1 ROUGE-2 Eval D1009-A.M.100.B.1 R:0.07658 P:0.07456 F:0.07556
1 ROUGE-2 Eval D1010-A.M.100.B.1 R:0.12602 P:0.15500 F:0.13902
1 ROUGE-2 Eval D1011-A.M.100.C.1 R:0.05702 P:0.08125 F:0.06701
1 ROUGE-2 Eval D1012-A.M.100.C.1 R:0.04545 P:0.05000 F:0.04762
1 ROUGE-2 Eval D1013-A.M.100.C.1 R:0.17959 P:0.20755 F:0.19256
1 ROUGE-2 Eval D1014-A.M.100.C.1 R:0.01702 P:0.01887 F:0.01790
1 ROUGE-2 Eval D1015-A.M.100.C.1 R:0.11111 P:0.12500 F:0.11765
1 ROUGE-2 Eval D1016-A.M.100.C.1 R:0.08676 P:0.08482 F:0.08578
1 ROUGE-2 Eval D1017-A.M.100.D.1 R:0.03734 P:0.04245 F:0.03973
1 ROUGE-2 Eval D1018-A.M.100.D.1 R:0.12340 P:0.10985 F:0.11623
1 ROUGE-2 Eval D1019-A.M.100.D.1 R:0.09746 P:0.09583 F:0.09664
1 ROUGE-2 Eval D1020-A.M.100.D.1 R:0.03782 P:0.04167 F:0.03965
1 ROUGE-2 Eval D1021-A.M.100.D.1 R:0.11207 P:0.11404 F:0.11305
1 ROUGE-2 Eval D1022-A.M.100.D.1 R:0.11489 P:0.12054 F:0.11765
1 ROUGE-2 Eval D1023-A.M.100.E.1 R:0.05462 P:0.05508 F:0.05485
1 ROUGE-2 Eval D1024-A.M.100.E.1 R:0.11441 P:0.12273 F:0.11842
1 ROUGE-2 Eval D1025-A.M.100.E.1 R:0.11712 P:0.11207 F:0.11454
1 ROUGE-2 Eval D1026-A.M.100.E.1 R:0.03913 P:0.04167 F:0.04036
1 ROUGE-2 Eval D1027-A.M.100.E.1 R:0.15323 P:0.16379 F:0.15833
1 ROUGE-2 Eval D1028-A.M.100.E.1 R:0.05932 P:0.05738 F:0.05833
1 ROUGE-2 Eval D1029-A.M.100.F.1 R:0.04661 P:0.04661 F:0.04661
1 ROUGE-2 Eval D1030-A.M.100.F.1 R:0.02016 P:0.02358 F:0.02174
1 ROUGE-2 Eval D1031-A.M.100.F.1 R:0.02905 P:0.03302 F:0.03091
1 ROUGE-2 Eval D1032-A.M.100.F.1 R:0.07752 P:0.09434 F:0.08511
1 ROUGE-2 Eval D1033-A.M.100.F.1 R:0.15966 P:0.15079 F:0.15510
1 ROUGE-2 Eval D1034-A.M.100.F.1 R:0.01674 P:0.02000 F:0.01823
1 ROUGE-2 Eval D1035-A.M.100.G.1 R:0.07025 P:0.08673 F:0.07762
1 ROUGE-2 Eval D1036-A.M.100.G.1 R:0.00830 P:0.01000 F:0.00907
1 ROUGE-2 Eval D1037-A.M.100.G.1 R:0.05660 P:0.06000 F:0.05825
1 ROUGE-2 Eval D1038-A.M.100.G.1 R:0.05578 P:0.06250 F:0.05895
1 ROUGE-2 Eval D1039-A.M.100.G.1 R:0.10373 P:0.11161 F:0.10753
1 ROUGE-2 Eval D1040-A.M.100.G.1 R:0.08658 P:0.09091 F:0.08869
1 ROUGE-2 Eval D1041-A.M.100.H.1 R:0.10400 P:0.12500 F:0.11354
1 ROUGE-2 Eval D1042-A.M.100.H.1 R:0.08676 P:0.08796 F:0.08736
1 ROUGE-2 Eval D1043-A.M.100.H.1 R:0.11638 P:0.11066 F:0.11345
1 ROUGE-2 Eval D1044-A.M.100.H.1 R:0.06867 P:0.07018 F:0.06942
1 ROUGE-2 Eval D1045-A.M.100.H.1 R:0.07600 P:0.08333 F:0.07950
1 ROUGE-2 Eval D1046-A.M.100.H.1 R:0.08400 P:0.09211 F:0.08787
