---------------------------------------------
1 ROUGE-1 Average_R: 0.26246 (95%-conf.int. 0.24311 - 0.28187)
1 ROUGE-1 Average_P: 0.29534 (95%-conf.int. 0.27461 - 0.31539)
1 ROUGE-1 Average_F: 0.27722 (95%-conf.int. 0.25783 - 0.29703)
.............................................
1 ROUGE-1 Eval D1001-A.M.100.A.1 R:0.30864 P:0.38265 F:0.34168
1 ROUGE-1 Eval D1002-A.M.100.A.1 R:0.28870 P:0.32547 F:0.30598
1 ROUGE-1 Eval D1003-A.M.100.A.1 R:0.25108 P:0.23770 F:0.24421
1 ROUGE-1 Eval D1004-A.M.100.A.1 R:0.30165 P:0.27239 F:0.28627
1 ROUGE-1 Eval D1005-A.M.100.A.1 R:0.22541 P:0.26961 F:0.24554
1 ROUGE-1 Eval D1006-A.M.100.A.1 R:0.22989 P:0.33333 F:0.27211
1 ROUGE-1 Eval D1007-A.M.100.B.1 R:0.26667 P:0.27273 F:0.26967
1 ROUGE-1 Eval D1008-A.M.100.B.1 R:0.20161 P:0.26596 F:0.22936
1 ROUGE-1 Eval D1009-A.M.100.B.1 R:0.25664 P:0.27358 F:0.26484
1 ROUGE-1 Eval D1010-A.M.100.B.1 R:0.29200 P:0.36500 F:0.32444
1 ROUGE-1 Eval D1011-A.M.100.C.1 R:0.16379 P:0.21591 F:0.18627
1 ROUGE-1 Eval D1012-A.M.100.C.1 R:0.27236 P:0.31604 F:0.29258
1 ROUGE-1 Eval D1013-A.M.100.C.1 R:0.24498 P:0.26754 F:0.25576
1 ROUGE-1 Eval D1014-A.M.100.C.1 R:0.16736 P:0.18182 F:0.17429
1 ROUGE-1 Eval D1015-A.M.100.C.1 R:0.32075 P:0.36017 F:0.33932
1 ROUGE-1 Eval D1016-A.M.100.C.1 R:0.34081 P:0.37255 F:0.35597
1 ROUGE-1 Eval D1017-A.M.100.D.1 R:0.22041 P:0.25962 F:0.23841
1 ROUGE-1 Eval D1018-A.M.100.D.1 R:0.23431 P:0.27451 F:0.25282
1 ROUGE-1 Eval D1019-A.M.100.D.1 R:0.30833 P:0.33036 F:0.31897
1 ROUGE-1 Eval D1020-A.M.100.D.1 R:0.19008 P:0.22115 F:0.20444
1 ROUGE-1 Eval D1021-A.M.100.D.1 R:0.27119 P:0.32000 F:0.29358
1 ROUGE-1 Eval D1022-A.M.100.D.1 R:0.35146 P:0.36842 F:0.35974
1 ROUGE-1 Eval D1023-A.M.100.E.1 R:0.26860 P:0.29018 F:0.27897
1 ROUGE-1 Eval D1024-A.M.100.E.1 R:0.32917 P:0.33475 F:0.33194
1 ROUGE-1 Eval D1025-A.M.100.E.1 R:0.30973 P:0.31250 F:0.31111
1 ROUGE-1 Eval D1026-A.M.100.E.1 R:0.16667 P:0.16525 F:0.16596
1 ROUGE-1 Eval D1027-A.M.100.E.1 R:0.38889 P:0.42982 F:0.40833
1 ROUGE-1 Eval D1028-A.M.100.E.1 R:0.30417 P:0.34434 F:0.32301
1 ROUGE-1 Eval D1029-A.M.100.F.1 R:0.20833 P:0.23148 F:0.21930
1 ROUGE-1 Eval D1030-A.M.100.F.1 R:0.20635 P:0.25000 F:0.22609
1 ROUGE-1 Eval D1031-A.M.100.F.1 R:0.17551 P:0.19907 F:0.18655
1 ROUGE-1 Eval D1032-A.M.100.F.1 R:0.30916 P:0.42188 F:0.35683
1 ROUGE-1 Eval D1033-A.M.100.F.1 R:0.37603 P:0.36111 F:0.36842
1 ROUGE-1 Eval D1034-A.M.100.F.1 R:0.05761 P:0.07292 F:0.06437
1 ROUGE-1 Eval D1035-A.M.100.G.1 R:0.28455 P:0.33019 F:0.30568
1 ROUGE-1 Eval D1036-A.M.100.G.1 R:0.13878 P:0.19767 F:0.16307
1 ROUGE-1 Eval D1037-A.M.100.G.1 R:0.34259 P:0.32456 F:0.33333
1 ROUGE-1 Eval D1038-A.M.100.G.1 R:0.20784 P:0.22845 F:0.21766
1 ROUGE-1 Eval D1039-A.M.100.G.1 R:0.32245 P:0.35268 F:0.33689
1 ROUGE-1 Eval D1040-A.M.100.G.1 R:0.30213 P:0.32870 F:0.31486
1 ROUGE-1 Eval D1041-A.M.100.H.1 R:0.26378 P:0.31019 F:0.28511
1 ROUGE-1 Eval D1042-A.M.100.H.1 R:0.29148 P:0.31863 F:0.30445
1 ROUGE-1 Eval D1043-A.M.100.H.1 R:0.24153 P:0.27941 F:0.25909
1 ROUGE-1 Eval D1044-A.M.100.H.1 R:0.25316 P:0.34091 F:0.29055
1 ROUGE-1 Eval D1045-A.M.100.H.1 R:0.37008 P:0.39831 F:0.38368
1 ROUGE-1 Eval D1046-A.M.100.H.1 R:0.26772 P:0.29310 F:0.27984
---------------------------------------------
1 ROUGE-2 Average_R: 0.06887 (95%-conf.int. 0.05768 - 0.07996)
1 ROUGE-2 Average_P: 0.07698 (95%-conf.int. 0.06444 - 0.08925)
1 ROUGE-2 Average_F: 0.07252 (95%-conf.int. 0.06079 - 0.08368)
.............................................
1 ROUGE-2 Eval D1001-A.M.100.A.1 R:0.07950 P:0.09896 F:0.08817
1 ROUGE-2 Eval D1002-A.M.100.A.1 R:0.08511 P:0.09615 F:0.09029
1 ROUGE-2 Eval D1003-A.M.100.A.1 R:0.04405 P:0.04167 F:0.04283
1 ROUGE-2 Eval D1004-A.M.100.A.1 R:0.07563 P:0.06818 F:0.07171
1 ROUGE-2 Eval D1005-A.M.100.A.1 R:0.01667 P:0.02000 F:0.01818
1 ROUGE-2 Eval D1006-A.M.100.A.1 R:0.03502 P:0.05114 F:0.04157
1 ROUGE-2 Eval D1007-A.M.100.B.1 R:0.09050 P:0.09259 F:0.09153
1 ROUGE-2 Eval D1008-A.M.100.B.1 R:0.02869 P:0.03804 F:0.03271
1 ROUGE-2 Eval D1009-A.M.100.B.1 R:0.04955 P:0.05288 F:0.05116
1 ROUGE-2 Eval D1010-A.M.100.B.1 R:0.11789 P:0.14796 F:0.13122
1 ROUGE-2 Eval D1011-A.M.100.C.1 R:0.03947 P:0.05233 F:0.04500
1 ROUGE-2 Eval D1012-A.M.100.C.1 R:0.05372 P:0.06250 F:0.05778
1 ROUGE-2 Eval D1013-A.M.100.C.1 R:0.10204 P:0.11161 F:0.10661
1 ROUGE-2 Eval D1014-A.M.100.C.1 R:0.01277 P:0.01389 F:0.01331
1 ROUGE-2 Eval D1015-A.M.100.C.1 R:0.11494 P:0.12931 F:0.12170
1 ROUGE-2 Eval D1016-A.M.100.C.1 R:0.10502 P:0.11500 F:0.10978
1 ROUGE-2 Eval D1017-A.M.100.D.1 R:0.02905 P:0.03431 F:0.03146
1 ROUGE-2 Eval D1018-A.M.100.D.1 R:0.09787 P:0.11500 F:0.10575
1 ROUGE-2 Eval D1019-A.M.100.D.1 R:0.08051 P:0.08636 F:0.08333
1 ROUGE-2 Eval D1020-A.M.100.D.1 R:0.03361 P:0.03922 F:0.03620
1 ROUGE-2 Eval D1021-A.M.100.D.1 R:0.11207 P:0.13265 F:0.12149
1 ROUGE-2 Eval D1022-A.M.100.D.1 R:0.12766 P:0.13393 F:0.13072
1 ROUGE-2 Eval D1023-A.M.100.E.1 R:0.03782 P:0.04091 F:0.03930
1 ROUGE-2 Eval D1024-A.M.100.E.1 R:0.08898 P:0.09052 F:0.08974
1 ROUGE-2 Eval D1025-A.M.100.E.1 R:0.08559 P:0.08636 F:0.08597
1 ROUGE-2 Eval D1026-A.M.100.E.1 R:0.04783 P:0.04741 F:0.04762
1 ROUGE-2 Eval D1027-A.M.100.E.1 R:0.14113 P:0.15625 F:0.14831
1 ROUGE-2 Eval D1028-A.M.100.E.1 R:0.05085 P:0.05769 F:0.05405
1 ROUGE-2 Eval D1029-A.M.100.F.1 R:0.01695 P:0.01887 F:0.01786
1 ROUGE-2 Eval D1030-A.M.100.F.1 R:0.02419 P:0.02941 F:0.02655
1 ROUGE-2 Eval D1031-A.M.100.F.1 R:0.02905 P:0.03302 F:0.03091
1 ROUGE-2 Eval D1032-A.M.100.F.1 R:0.08527 P:0.11702 F:0.09865
1 ROUGE-2 Eval D1033-A.M.100.F.1 R:0.16387 P:0.15726 F:0.16050
1 ROUGE-2 Eval D1034-A.M.100.F.1 R:0.00000 P:0.00000 F:0.00000
1 ROUGE-2 Eval D1035-A.M.100.G.1 R:0.06612 P:0.07692 F:0.07111
1 ROUGE-2 Eval D1036-A.M.100.G.1 R:0.01245 P:0.01786 F:0.01467
1 ROUGE-2 Eval D1037-A.M.100.G.1 R:0.08491 P:0.08036 F:0.08257
1 ROUGE-2 Eval D1038-A.M.100.G.1 R:0.04382 P:0.04825 F:0.04593
1 ROUGE-2 Eval D1039-A.M.100.G.1 R:0.12033 P:0.13182 F:0.12581
1 ROUGE-2 Eval D1040-A.M.100.G.1 R:0.11688 P:0.12736 F:0.12190
1 ROUGE-2 Eval D1041-A.M.100.H.1 R:0.10000 P:0.11792 F:0.10822
1 ROUGE-2 Eval D1042-A.M.100.H.1 R:0.08676 P:0.09500 F:0.09069
1 ROUGE-2 Eval D1043-A.M.100.H.1 R:0.06034 P:0.07000 F:0.06481
1 ROUGE-2 Eval D1044-A.M.100.H.1 R:0.06438 P:0.08721 F:0.07408
1 ROUGE-2 Eval D1045-A.M.100.H.1 R:0.07200 P:0.07759 F:0.07469
1 ROUGE-2 Eval D1046-A.M.100.H.1 R:0.04400 P:0.04825 F:0.04603
