---------------------------------------------
1 ROUGE-1 Average_R: 0.24771 (95%-conf.int. 0.22434 - 0.26942)
1 ROUGE-1 Average_P: 0.27930 (95%-conf.int. 0.25601 - 0.29999)
1 ROUGE-1 Average_F: 0.26111 (95%-conf.int. 0.23832 - 0.28242)
.............................................
1 ROUGE-1 Eval D1001-A.M.100.A.1 R:0.19342 P:0.33571 F:0.24543
1 ROUGE-1 Eval D1002-A.M.100.A.1 R:0.16318 P:0.20312 F:0.18097
1 ROUGE-1 Eval D1003-A.M.100.A.1 R:0.25541 P:0.25431 F:0.25486
1 ROUGE-1 Eval D1004-A.M.100.A.1 R:0.27686 P:0.32212 F:0.29778
1 ROUGE-1 Eval D1005-A.M.100.A.1 R:0.28689 P:0.38043 F:0.32710
1 ROUGE-1 Eval D1006-A.M.100.A.1 R:0.22222 P:0.32955 F:0.26545
1 ROUGE-1 Eval D1007-A.M.100.B.1 R:0.28444 P:0.28070 F:0.28256
1 ROUGE-1 Eval D1008-A.M.100.B.1 R:0.21371 P:0.25980 F:0.23451
1 ROUGE-1 Eval D1009-A.M.100.B.1 R:0.28319 P:0.32653 F:0.30332
1 ROUGE-1 Eval D1010-A.M.100.B.1 R:0.34400 P:0.39815 F:0.36910
1 ROUGE-1 Eval D1011-A.M.100.C.1 R:0.09483 P:0.18966 F:0.12644
1 ROUGE-1 Eval D1012-A.M.100.C.1 R:0.26829 P:0.33673 F:0.29864
1 ROUGE-1 Eval D1013-A.M.100.C.1 R:0.13253 P:0.19643 F:0.15827
1 ROUGE-1 Eval D1014-A.M.100.C.1 R:0.14226 P:0.15455 F:0.14815
1 ROUGE-1 Eval D1015-A.M.100.C.1 R:0.20755 P:0.21484 F:0.21113
1 ROUGE-1 Eval D1016-A.M.100.C.1 R:0.30493 P:0.30909 F:0.30700
1 ROUGE-1 Eval D1017-A.M.100.D.1 R:0.22041 P:0.25000 F:0.23427
1 ROUGE-1 Eval D1018-A.M.100.D.1 R:0.28452 P:0.34694 F:0.31264
1 ROUGE-1 Eval D1019-A.M.100.D.1 R:0.32917 P:0.31855 F:0.32377
1 ROUGE-1 Eval D1020-A.M.100.D.1 R:0.17769 P:0.19907 F:0.18777
1 ROUGE-1 Eval D1021-A.M.100.D.1 R:0.27542 P:0.29545 F:0.28508
1 ROUGE-1 Eval D1022-A.M.100.D.1 R:0.34728 P:0.31923 F:0.33266
1 ROUGE-1 Eval D1023-A.M.100.E.1 R:0.21074 P:0.23611 F:0.22270
1 ROUGE-1 Eval D1024-A.M.100.E.1 R:0.32083 P:0.34375 F:0.33189
1 ROUGE-1 Eval D1025-A.M.100.E.1 R:0.29646 P:0.27917 F:0.28756
1 ROUGE-1 Eval D1026-A.M.100.E.1 R:0.02137 P:0.03571 F:0.02674
1 ROUGE-1 Eval D1027-A.M.100.E.1 R:0.38095 P:0.39344 F:0.38709
1 ROUGE-1 Eval D1028-A.M.100.E.1 R:0.32083 P:0.31557 F:0.31818
1 ROUGE-1 Eval D1029-A.M.100.F.1 R:0.24583 P:0.23413 F:0.23984
1 ROUGE-1 Eval D1030-A.M.100.F.1 R:0.07540 P:0.11310 F:0.09048
1 ROUGE-1 Eval D1031-A.M.100.F.1 R:0.16735 P:0.18636 F:0.17634
1 ROUGE-1 Eval D1032-A.M.100.F.1 R:0.31298 P:0.37273 F:0.34025
1 ROUGE-1 Eval D1033-A.M.100.F.1 R:0.38017 P:0.34328 F:0.36078
1 ROUGE-1 Eval D1034-A.M.100.F.1 R:0.16049 P:0.18056 F:0.16993
1 ROUGE-1 Eval D1035-A.M.100.G.1 R:0.29675 P:0.33796 F:0.31602
1 ROUGE-1 Eval D1036-A.M.100.G.1 R:0.16735 P:0.21354 F:0.18764
1 ROUGE-1 Eval D1037-A.M.100.G.1 R:0.24537 P:0.24091 F:0.24312
1 ROUGE-1 Eval D1038-A.M.100.G.1 R:0.23922 P:0.27232 F:0.25470
1 ROUGE-1 Eval D1039-A.M.100.G.1 R:0.34286 P:0.37500 F:0.35821
1 ROUGE-1 Eval D1040-A.M.100.G.1 R:0.15745 P:0.18878 F:0.17170
1 ROUGE-1 Eval D1041-A.M.100.H.1 R:0.24409 P:0.34444 F:0.28571
1 ROUGE-1 Eval D1042-A.M.100.H.1 R:0.26906 P:0.30612 F:0.28640
1 ROUGE-1 Eval D1043-A.M.100.H.1 R:0.34746 P:0.33607 F:0.34167
1 ROUGE-1 Eval D1044-A.M.100.H.1 R:0.25738 P:0.31771 F:0.28438
1 ROUGE-1 Eval D1045-A.M.100.H.1 R:0.33858 P:0.37069 F:0.35391
1 ROUGE-1 Eval D1046-A.M.100.H.1 R:0.30709 P:0.30952 F:0.30830
---------------------------------------------
1 ROUGE-2 Average_R: 0.06484 (95%-conf.int. 0.05320 - 0.07640)
1 ROUGE-2 Average_P: 0.07211 (95%-conf.int. 0.05905 - 0.08458)
1 ROUGE-2 Average_F: 0.06794 (95%-conf.int. 0.05579 - 0.07998)
.............................................
1 ROUGE-2 Eval D1001-A.M.100.A.1 R:0.04603 P:0.08088 F:0.05867
1 ROUGE-2 Eval D1002-A.M.100.A.1 R:0.02979 P:0.03723 F:0.03310
1 ROUGE-2 Eval D1003-A.M.100.A.1 R:0.04405 P:0.04386 F:0.04395
1 ROUGE-2 Eval D1004-A.M.100.A.1 R:0.08824 P:0.10294 F:0.09502
1 ROUGE-2 Eval D1005-A.M.100.A.1 R:0.06250 P:0.08333 F:0.07143
1 ROUGE-2 Eval D1006-A.M.100.A.1 R:0.03502 P:0.05233 F:0.04196
1 ROUGE-2 Eval D1007-A.M.100.B.1 R:0.07692 P:0.07589 F:0.07640
1 ROUGE-2 Eval D1008-A.M.100.B.1 R:0.03689 P:0.04500 F:0.04054
1 ROUGE-2 Eval D1009-A.M.100.B.1 R:0.10360 P:0.11979 F:0.11111
1 ROUGE-2 Eval D1010-A.M.100.B.1 R:0.16667 P:0.19340 F:0.17904
1 ROUGE-2 Eval D1011-A.M.100.C.1 R:0.01754 P:0.03571 F:0.02353
1 ROUGE-2 Eval D1012-A.M.100.C.1 R:0.04132 P:0.05208 F:0.04608
1 ROUGE-2 Eval D1013-A.M.100.C.1 R:0.02041 P:0.03049 F:0.02445
1 ROUGE-2 Eval D1014-A.M.100.C.1 R:0.00000 P:0.00000 F:0.00000
1 ROUGE-2 Eval D1015-A.M.100.C.1 R:0.06130 P:0.06349 F:0.06238
1 ROUGE-2 Eval D1016-A.M.100.C.1 R:0.07306 P:0.07407 F:0.07356
1 ROUGE-2 Eval D1017-A.M.100.D.1 R:0.03734 P:0.04245 F:0.03973
1 ROUGE-2 Eval D1018-A.M.100.D.1 R:0.09787 P:0.11979 F:0.10773
1 ROUGE-2 Eval D1019-A.M.100.D.1 R:0.07627 P:0.07377 F:0.07500
1 ROUGE-2 Eval D1020-A.M.100.D.1 R:0.04622 P:0.05189 F:0.04889
1 ROUGE-2 Eval D1021-A.M.100.D.1 R:0.09483 P:0.10185 F:0.09821
1 ROUGE-2 Eval D1022-A.M.100.D.1 R:0.08085 P:0.07422 F:0.07739
1 ROUGE-2 Eval D1023-A.M.100.E.1 R:0.01681 P:0.01887 F:0.01778
1 ROUGE-2 Eval D1024-A.M.100.E.1 R:0.08051 P:0.08636 F:0.08333
1 ROUGE-2 Eval D1025-A.M.100.E.1 R:0.10360 P:0.09746 F:0.10044
1 ROUGE-2 Eval D1026-A.M.100.E.1 R:0.00000 P:0.00000 F:0.00000
1 ROUGE-2 Eval D1027-A.M.100.E.1 R:0.16532 P:0.17083 F:0.16803
1 ROUGE-2 Eval D1028-A.M.100.E.1 R:0.11864 P:0.11667 F:0.11765
1 ROUGE-2 Eval D1029-A.M.100.F.1 R:0.06780 P:0.06452 F:0.06612
1 ROUGE-2 Eval D1030-A.M.100.F.1 R:0.00806 P:0.01220 F:0.00971
1 ROUGE-2 Eval D1031-A.M.100.F.1 R:0.02905 P:0.03241 F:0.03064
1 ROUGE-2 Eval D1032-A.M.100.F.1 R:0.09690 P:0.11574 F:0.10549
1 ROUGE-2 Eval D1033-A.M.100.F.1 R:0.10924 P:0.09848 F:0.10358
1 ROUGE-2 Eval D1034-A.M.100.F.1 R:0.02092 P:0.02358 F:0.02217
1 ROUGE-2 Eval D1035-A.M.100.G.1 R:0.07025 P:0.08019 F:0.07489
1 ROUGE-2 Eval D1036-A.M.100.G.1 R:0.00830 P:0.01064 F:0.00933
1 ROUGE-2 Eval D1037-A.M.100.G.1 R:0.04717 P:0.04630 F:0.04673
1 ROUGE-2 Eval D1038-A.M.100.G.1 R:0.05578 P:0.06364 F:0.05945
1 ROUGE-2 Eval D1039-A.M.100.G.1 R:0.13278 P:0.14545 F:0.13883
1 ROUGE-2 Eval D1040-A.M.100.G.1 R:0.01299 P:0.01562 F:0.01418
1 ROUGE-2 Eval D1041-A.M.100.H.1 R:0.08000 P:0.11364 F:0.09390
1 ROUGE-2 Eval D1042-A.M.100.H.1 R:0.08219 P:0.09375 F:0.08759
1 ROUGE-2 Eval D1043-A.M.100.H.1 R:0.14224 P:0.13750 F:0.13983
1 ROUGE-2 Eval D1044-A.M.100.H.1 R:0.05579 P:0.06915 F:0.06176
1 ROUGE-2 Eval D1045-A.M.100.H.1 R:0.08800 P:0.09649 F:0.09205
1 ROUGE-2 Eval D1046-A.M.100.H.1 R:0.06000 P:0.06048 F:0.06024
