---------------------------------------------
1 ROUGE-1 Average_R: 0.25264 (95%-conf.int. 0.23133 - 0.27345)
1 ROUGE-1 Average_P: 0.28866 (95%-conf.int. 0.26847 - 0.30744)
1 ROUGE-1 Average_F: 0.26754 (95%-conf.int. 0.24677 - 0.28660)
.............................................
1 ROUGE-1 Eval D1001-A.M.100.A.1 R:0.24691 P:0.35714 F:0.29197
1 ROUGE-1 Eval D1002-A.M.100.A.1 R:0.29289 P:0.31818 F:0.30501
1 ROUGE-1 Eval D1003-A.M.100.A.1 R:0.27706 P:0.25397 F:0.26501
1 ROUGE-1 Eval D1004-A.M.100.A.1 R:0.29752 P:0.30000 F:0.29875
1 ROUGE-1 Eval D1005-A.M.100.A.1 R:0.28279 P:0.31944 F:0.30000
1 ROUGE-1 Eval D1006-A.M.100.A.1 R:0.20690 P:0.27551 F:0.23633
1 ROUGE-1 Eval D1007-A.M.100.B.1 R:0.31111 P:0.31818 F:0.31461
1 ROUGE-1 Eval D1008-A.M.100.B.1 R:0.18952 P:0.32639 F:0.23980
1 ROUGE-1 Eval D1009-A.M.100.B.1 R:0.23894 P:0.25472 F:0.24658
1 ROUGE-1 Eval D1010-A.M.100.B.1 R:0.31200 P:0.30952 F:0.31076
1 ROUGE-1 Eval D1011-A.M.100.C.1 R:0.17241 P:0.33333 F:0.22727
1 ROUGE-1 Eval D1012-A.M.100.C.1 R:0.24390 P:0.34884 F:0.28708
1 ROUGE-1 Eval D1013-A.M.100.C.1 R:0.24096 P:0.27778 F:0.25806
1 ROUGE-1 Eval D1014-A.M.100.C.1 R:0.18828 P:0.19397 F:0.19108
1 ROUGE-1 Eval D1015-A.M.100.C.1 R:0.22642 P:0.23810 F:0.23211
1 ROUGE-1 Eval D1016-A.M.100.C.1 R:0.31839 P:0.31140 F:0.31486
1 ROUGE-1 Eval D1017-A.M.100.D.1 R:0.10204 P:0.20833 F:0.13698
1 ROUGE-1 Eval D1018-A.M.100.D.1 R:0.27197 P:0.23551 F:0.25243
1 ROUGE-1 Eval D1019-A.M.100.D.1 R:0.32917 P:0.34052 F:0.33475
1 ROUGE-1 Eval D1020-A.M.100.D.1 R:0.19835 P:0.20690 F:0.20253
1 ROUGE-1 Eval D1021-A.M.100.D.1 R:0.20339 P:0.25532 F:0.22642
1 ROUGE-1 Eval D1022-A.M.100.D.1 R:0.34310 P:0.39423 F:0.36689
1 ROUGE-1 Eval D1023-A.M.100.E.1 R:0.16529 P:0.21277 F:0.18605
1 ROUGE-1 Eval D1024-A.M.100.E.1 R:0.37917 P:0.40625 F:0.39224
1 ROUGE-1 Eval D1025-A.M.100.E.1 R:0.33628 P:0.32759 F:0.33188
1 ROUGE-1 Eval D1026-A.M.100.E.1 R:0.12393 P:0.11885 F:0.12134
1 ROUGE-1 Eval D1027-A.M.100.E.1 R:0.40873 P:0.42213 F:0.41532
1 ROUGE-1 Eval D1028-A.M.100.E.1 R:0.35000 P:0.36207 F:0.35593
1 ROUGE-1 Eval D1029-A.M.100.F.1 R:0.24583 P:0.26339 F:0.25431
1 ROUGE-1 Eval D1030-A.M.100.F.1 R:0.20635 P:0.30233 F:0.24529
1 ROUGE-1 Eval D1031-A.M.100.F.1 R:0.21224 P:0.24528 F:0.22757
1 ROUGE-1 Eval D1032-A.M.100.F.1 R:0.37023 P:0.41810 F:0.39271
1 ROUGE-1 Eval D1033-A.M.100.F.1 R:0.23967 P:0.22656 F:0.23293
1 ROUGE-1 Eval D1034-A.M.100.F.1 R:0.13169 P:0.16327 F:0.14579
1 ROUGE-1 Eval D1035-A.M.100.G.1 R:0.20325 P:0.28409 F:0.23697
1 ROUGE-1 Eval D1036-A.M.100.G.1 R:0.19184 P:0.23980 F:0.21316
1 ROUGE-1 Eval D1037-A.M.100.G.1 R:0.26852 P:0.31522 F:0.29000
1 ROUGE-1 Eval D1038-A.M.100.G.1 R:0.18039 P:0.21698 F:0.19700
1 ROUGE-1 Eval D1039-A.M.100.G.1 R:0.28571 P:0.30702 F:0.29598
1 ROUGE-1 Eval D1040-A.M.100.G.1 R:0.25106 P:0.27315 F:0.26164
1 ROUGE-1 Eval D1041-A.M.100.H.1 R:0.15748 P:0.25000 F:0.19324
1 ROUGE-1 Eval D1042-A.M.100.H.1 R:0.29148 P:0.31250 F:0.30162
1 ROUGE-1 Eval D1043-A.M.100.H.1 R:0.27542 P:0.28017 F:0.27777
1 ROUGE-1 Eval D1044-A.M.100.H.1 R:0.29958 P:0.32273 F:0.31072
1 ROUGE-1 Eval D1045-A.M.100.H.1 R:0.31496 P:0.37037 F:0.34043
1 ROUGE-1 Eval D1046-A.M.100.H.1 R:0.26772 P:0.28814 F:0.27755
---------------------------------------------
1 ROUGE-2 Average_R: 0.06835 (95%-conf.int. 0.05707 - 0.07931)
1 ROUGE-2 Average_P: 0.07702 (95%-conf.int. 0.06455 - 0.08836)
1 ROUGE-2 Average_F: 0.07193 (95%-conf.int. 0.05999 - 0.08297)
.............................................
1 ROUGE-2 Eval D1001-A.M.100.A.1 R:0.06695 P:0.09756 F:0.07941
1 ROUGE-2 Eval D1002-A.M.100.A.1 R:0.07660 P:0.08333 F:0.07982
1 ROUGE-2 Eval D1003-A.M.100.A.1 R:0.07048 P:0.06452 F:0.06737
1 ROUGE-2 Eval D1004-A.M.100.A.1 R:0.07143 P:0.07203 F:0.07173
1 ROUGE-2 Eval D1005-A.M.100.A.1 R:0.04583 P:0.05189 F:0.04867
1 ROUGE-2 Eval D1006-A.M.100.A.1 R:0.01556 P:0.02083 F:0.01781
1 ROUGE-2 Eval D1007-A.M.100.B.1 R:0.06335 P:0.06481 F:0.06407
1 ROUGE-2 Eval D1008-A.M.100.B.1 R:0.05328 P:0.09286 F:0.06771
1 ROUGE-2 Eval D1009-A.M.100.B.1 R:0.08559 P:0.09135 F:0.08838
1 ROUGE-2 Eval D1010-A.M.100.B.1 R:0.11789 P:0.11694 F:0.11741
1 ROUGE-2 Eval D1011-A.M.100.C.1 R:0.05263 P:0.10345 F:0.06977
1 ROUGE-2 Eval D1012-A.M.100.C.1 R:0.06198 P:0.08929 F:0.07317
1 ROUGE-2 Eval D1013-A.M.100.C.1 R:0.13469 P:0.15566 F:0.14442
1 ROUGE-2 Eval D1014-A.M.100.C.1 R:0.01277 P:0.01316 F:0.01296
1 ROUGE-2 Eval D1015-A.M.100.C.1 R:0.08046 P:0.08468 F:0.08252
1 ROUGE-2 Eval D1016-A.M.100.C.1 R:0.08219 P:0.08036 F:0.08126
1 ROUGE-2 Eval D1017-A.M.100.D.1 R:0.00000 P:0.00000 F:0.00000
1 ROUGE-2 Eval D1018-A.M.100.D.1 R:0.12340 P:0.10662 F:0.11440
1 ROUGE-2 Eval D1019-A.M.100.D.1 R:0.06356 P:0.06579 F:0.06466
1 ROUGE-2 Eval D1020-A.M.100.D.1 R:0.02521 P:0.02632 F:0.02575
1 ROUGE-2 Eval D1021-A.M.100.D.1 R:0.06034 P:0.07609 F:0.06731
1 ROUGE-2 Eval D1022-A.M.100.D.1 R:0.12766 P:0.14706 F:0.13668
1 ROUGE-2 Eval D1023-A.M.100.E.1 R:0.01261 P:0.01630 F:0.01422
1 ROUGE-2 Eval D1024-A.M.100.E.1 R:0.15254 P:0.16364 F:0.15790
1 ROUGE-2 Eval D1025-A.M.100.E.1 R:0.10811 P:0.10526 F:0.10667
1 ROUGE-2 Eval D1026-A.M.100.E.1 R:0.03043 P:0.02917 F:0.02979
1 ROUGE-2 Eval D1027-A.M.100.E.1 R:0.16935 P:0.17500 F:0.17213
1 ROUGE-2 Eval D1028-A.M.100.E.1 R:0.07203 P:0.07456 F:0.07327
1 ROUGE-2 Eval D1029-A.M.100.F.1 R:0.06356 P:0.06818 F:0.06579
1 ROUGE-2 Eval D1030-A.M.100.F.1 R:0.06452 P:0.09524 F:0.07693
1 ROUGE-2 Eval D1031-A.M.100.F.1 R:0.03320 P:0.03846 F:0.03564
1 ROUGE-2 Eval D1032-A.M.100.F.1 R:0.12016 P:0.13596 F:0.12757
1 ROUGE-2 Eval D1033-A.M.100.F.1 R:0.09664 P:0.09127 F:0.09388
1 ROUGE-2 Eval D1034-A.M.100.F.1 R:0.00000 P:0.00000 F:0.00000
1 ROUGE-2 Eval D1035-A.M.100.G.1 R:0.06198 P:0.08721 F:0.07246
1 ROUGE-2 Eval D1036-A.M.100.G.1 R:0.02490 P:0.03125 F:0.02772
1 ROUGE-2 Eval D1037-A.M.100.G.1 R:0.05189 P:0.06111 F:0.05612
1 ROUGE-2 Eval D1038-A.M.100.G.1 R:0.05179 P:0.06250 F:0.05664
1 ROUGE-2 Eval D1039-A.M.100.G.1 R:0.07054 P:0.07589 F:0.07312
1 ROUGE-2 Eval D1040-A.M.100.G.1 R:0.05195 P:0.05660 F:0.05418
1 ROUGE-2 Eval D1041-A.M.100.H.1 R:0.04800 P:0.07692 F:0.05911
1 ROUGE-2 Eval D1042-A.M.100.H.1 R:0.08219 P:0.08824 F:0.08511
1 ROUGE-2 Eval D1043-A.M.100.H.1 R:0.09483 P:0.09649 F:0.09565
1 ROUGE-2 Eval D1044-A.M.100.H.1 R:0.10730 P:0.11574 F:0.11136
1 ROUGE-2 Eval D1045-A.M.100.H.1 R:0.04800 P:0.05660 F:0.05195
1 ROUGE-2 Eval D1046-A.M.100.H.1 R:0.04400 P:0.04741 F:0.04564
