---------------------------------------------
1 ROUGE-1 Average_R: 0.20491 (95%-conf.int. 0.17734 - 0.23234)
1 ROUGE-1 Average_P: 0.22791 (95%-conf.int. 0.19721 - 0.25805)
1 ROUGE-1 Average_F: 0.21528 (95%-conf.int. 0.18571 - 0.24344)
.............................................
1 ROUGE-1 Eval D1001-A.M.100.A.1 R:0.11523 P:0.16667 F:0.13626
1 ROUGE-1 Eval D1002-A.M.100.A.1 R:0.28870 P:0.33173 F:0.30872
1 ROUGE-1 Eval D1003-A.M.100.A.1 R:0.19913 P:0.23000 F:0.21345
1 ROUGE-1 Eval D1004-A.M.100.A.1 R:0.26860 P:0.26639 F:0.26749
1 ROUGE-1 Eval D1005-A.M.100.A.1 R:0.15574 P:0.16379 F:0.15966
1 ROUGE-1 Eval D1006-A.M.100.A.1 R:0.24521 P:0.33333 F:0.28256
1 ROUGE-1 Eval D1007-A.M.100.B.1 R:0.26222 P:0.27315 F:0.26757
1 ROUGE-1 Eval D1008-A.M.100.B.1 R:0.06855 P:0.08500 F:0.07589
1 ROUGE-1 Eval D1009-A.M.100.B.1 R:0.17257 P:0.18396 F:0.17808
1 ROUGE-1 Eval D1010-A.M.100.B.1 R:0.19200 P:0.23529 F:0.21145
1 ROUGE-1 Eval D1011-A.M.100.C.1 R:0.06897 P:0.09302 F:0.07921
1 ROUGE-1 Eval D1012-A.M.100.C.1 R:0.28862 P:0.34804 F:0.31556
1 ROUGE-1 Eval D1013-A.M.100.C.1 R:0.04418 P:0.04508 F:0.04463
1 ROUGE-1 Eval D1014-A.M.100.C.1 R:0.17155 P:0.18636 F:0.17865
1 ROUGE-1 Eval D1015-A.M.100.C.1 R:0.11698 P:0.12917 F:0.12277
1 ROUGE-1 Eval D1016-A.M.100.C.1 R:0.28700 P:0.27119 F:0.27887
1 ROUGE-1 Eval D1017-A.M.100.D.1 R:0.21633 P:0.25481 F:0.23400
1 ROUGE-1 Eval D1018-A.M.100.D.1 R:0.18410 P:0.23404 F:0.20609
1 ROUGE-1 Eval D1019-A.M.100.D.1 R:0.27500 P:0.30556 F:0.28948
1 ROUGE-1 Eval D1020-A.M.100.D.1 R:0.13223 P:0.13559 F:0.13389
1 ROUGE-1 Eval D1021-A.M.100.D.1 R:0.15254 P:0.18000 F:0.16514
1 ROUGE-1 Eval D1022-A.M.100.D.1 R:0.32218 P:0.33772 F:0.32977
1 ROUGE-1 Eval D1023-A.M.100.E.1 R:0.27686 P:0.29911 F:0.28756
1 ROUGE-1 Eval D1024-A.M.100.E.1 R:0.17917 P:0.21939 F:0.19725
1 ROUGE-1 Eval D1025-A.M.100.E.1 R:0.21681 P:0.20082 F:0.20851
1 ROUGE-1 Eval D1026-A.M.100.E.1 R:0.05983 P:0.06731 F:0.06335
1 ROUGE-1 Eval D1027-A.M.100.E.1 R:0.43651 P:0.53922 F:0.48246
1 ROUGE-1 Eval D1028-A.M.100.E.1 R:0.35417 P:0.41667 F:0.38289
1 ROUGE-1 Eval D1029-A.M.100.F.1 R:0.22083 P:0.25000 F:0.23451
1 ROUGE-1 Eval D1030-A.M.100.F.1 R:0.17460 P:0.20000 F:0.18644
1 ROUGE-1 Eval D1031-A.M.100.F.1 R:0.13878 P:0.14407 F:0.14138
1 ROUGE-1 Eval D1032-A.M.100.F.1 R:0.22519 P:0.27830 F:0.24894
1 ROUGE-1 Eval D1033-A.M.100.F.1 R:0.31818 P:0.30556 F:0.31174
1 ROUGE-1 Eval D1034-A.M.100.F.1 R:0.01646 P:0.01587 F:0.01616
1 ROUGE-1 Eval D1035-A.M.100.G.1 R:0.17073 P:0.19444 F:0.18182
1 ROUGE-1 Eval D1036-A.M.100.G.1 R:0.14286 P:0.14831 F:0.14553
1 ROUGE-1 Eval D1037-A.M.100.G.1 R:0.08796 P:0.09500 F:0.09134
1 ROUGE-1 Eval D1038-A.M.100.G.1 R:0.25098 P:0.26667 F:0.25859
1 ROUGE-1 Eval D1039-A.M.100.G.1 R:0.23673 P:0.27885 F:0.25607
1 ROUGE-1 Eval D1040-A.M.100.G.1 R:0.28511 P:0.29911 F:0.29194
1 ROUGE-1 Eval D1041-A.M.100.H.1 R:0.10630 P:0.09926 F:0.10266
1 ROUGE-1 Eval D1042-A.M.100.H.1 R:0.38117 P:0.37946 F:0.38031
1 ROUGE-1 Eval D1043-A.M.100.H.1 R:0.21186 P:0.21186 F:0.21186
1 ROUGE-1 Eval D1044-A.M.100.H.1 R:0.28270 P:0.34896 F:0.31235
1 ROUGE-1 Eval D1045-A.M.100.H.1 R:0.27165 P:0.28750 F:0.27935
1 ROUGE-1 Eval D1046-A.M.100.H.1 R:0.17323 P:0.16923 F:0.17121
---------------------------------------------
1 ROUGE-2 Average_R: 0.05880 (95%-conf.int. 0.04653 - 0.07141)
1 ROUGE-2 Average_P: 0.06527 (95%-conf.int. 0.05225 - 0.07919)
1 ROUGE-2 Average_F: 0.06171 (95%-conf.int. 0.04899 - 0.07489)
.............................................
1 ROUGE-2 Eval D1001-A.M.100.A.1 R:0.01674 P:0.02439 F:0.01985
1 ROUGE-2 Eval D1002-A.M.100.A.1 R:0.09787 P:0.11275 F:0.10478
1 ROUGE-2 Eval D1003-A.M.100.A.1 R:0.03965 P:0.04592 F:0.04256
1 ROUGE-2 Eval D1004-A.M.100.A.1 R:0.07563 P:0.07500 F:0.07531
1 ROUGE-2 Eval D1005-A.M.100.A.1 R:0.05833 P:0.06140 F:0.05983
1 ROUGE-2 Eval D1006-A.M.100.A.1 R:0.07004 P:0.09574 F:0.08090
1 ROUGE-2 Eval D1007-A.M.100.B.1 R:0.09050 P:0.09434 F:0.09238
1 ROUGE-2 Eval D1008-A.M.100.B.1 R:0.01639 P:0.02041 F:0.01818
1 ROUGE-2 Eval D1009-A.M.100.B.1 R:0.04505 P:0.04808 F:0.04652
1 ROUGE-2 Eval D1010-A.M.100.B.1 R:0.07317 P:0.09000 F:0.08072
1 ROUGE-2 Eval D1011-A.M.100.C.1 R:0.01754 P:0.02381 F:0.02020
1 ROUGE-2 Eval D1012-A.M.100.C.1 R:0.10744 P:0.13000 F:0.11765
1 ROUGE-2 Eval D1013-A.M.100.C.1 R:0.00000 P:0.00000 F:0.00000
1 ROUGE-2 Eval D1014-A.M.100.C.1 R:0.00000 P:0.00000 F:0.00000
1 ROUGE-2 Eval D1015-A.M.100.C.1 R:0.01533 P:0.01695 F:0.01610
1 ROUGE-2 Eval D1016-A.M.100.C.1 R:0.10959 P:0.10345 F:0.10643
1 ROUGE-2 Eval D1017-A.M.100.D.1 R:0.04149 P:0.04902 F:0.04494
1 ROUGE-2 Eval D1018-A.M.100.D.1 R:0.03404 P:0.04348 F:0.03819
1 ROUGE-2 Eval D1019-A.M.100.D.1 R:0.06780 P:0.07547 F:0.07143
1 ROUGE-2 Eval D1020-A.M.100.D.1 R:0.02101 P:0.02155 F:0.02128
1 ROUGE-2 Eval D1021-A.M.100.D.1 R:0.04310 P:0.05102 F:0.04673
1 ROUGE-2 Eval D1022-A.M.100.D.1 R:0.10213 P:0.10714 F:0.10458
1 ROUGE-2 Eval D1023-A.M.100.E.1 R:0.02941 P:0.03182 F:0.03057
1 ROUGE-2 Eval D1024-A.M.100.E.1 R:0.03814 P:0.04688 F:0.04206
1 ROUGE-2 Eval D1025-A.M.100.E.1 R:0.05856 P:0.05417 F:0.05628
1 ROUGE-2 Eval D1026-A.M.100.E.1 R:0.00000 P:0.00000 F:0.00000
1 ROUGE-2 Eval D1027-A.M.100.E.1 R:0.14113 P:0.17500 F:0.15625
1 ROUGE-2 Eval D1028-A.M.100.E.1 R:0.13559 P:0.16000 F:0.14679
1 ROUGE-2 Eval D1029-A.M.100.F.1 R:0.03814 P:0.04327 F:0.04054
1 ROUGE-2 Eval D1030-A.M.100.F.1 R:0.03629 P:0.04167 F:0.03879
1 ROUGE-2 Eval D1031-A.M.100.F.1 R:0.02490 P:0.02586 F:0.02537
1 ROUGE-2 Eval D1032-A.M.100.F.1 R:0.07752 P:0.09615 F:0.08584
1 ROUGE-2 Eval D1033-A.M.100.F.1 R:0.11345 P:0.10887 F:0.11111
1 ROUGE-2 Eval D1034-A.M.100.F.1 R:0.00000 P:0.00000 F:0.00000
1 ROUGE-2 Eval D1035-A.M.100.G.1 R:0.04545 P:0.05189 F:0.04846
1 ROUGE-2 Eval D1036-A.M.100.G.1 R:0.02075 P:0.02155 F:0.02114
1 ROUGE-2 Eval D1037-A.M.100.G.1 R:0.02830 P:0.03061 F:0.02941
1 ROUGE-2 Eval D1038-A.M.100.G.1 R:0.09163 P:0.09746 F:0.09446
1 ROUGE-2 Eval D1039-A.M.100.G.1 R:0.09544 P:0.11275 F:0.10338
1 ROUGE-2 Eval D1040-A.M.100.G.1 R:0.09091 P:0.09545 F:0.09312
1 ROUGE-2 Eval D1041-A.M.100.H.1 R:0.02800 P:0.02612 F:0.02703
1 ROUGE-2 Eval D1042-A.M.100.H.1 R:0.17808 P:0.17727 F:0.17767
1 ROUGE-2 Eval D1043-A.M.100.H.1 R:0.10776 P:0.10776 F:0.10776
1 ROUGE-2 Eval D1044-A.M.100.H.1 R:0.09442 P:0.11702 F:0.10451
1 ROUGE-2 Eval D1045-A.M.100.H.1 R:0.07200 P:0.07627 F:0.07407
1 ROUGE-2 Eval D1046-A.M.100.H.1 R:0.02400 P:0.02344 F:0.02372
