---------------------------------------------
1 ROUGE-1 Average_R: 0.25854 (95%-conf.int. 0.23991 - 0.27684)
1 ROUGE-1 Average_P: 0.28293 (95%-conf.int. 0.26527 - 0.30084)
1 ROUGE-1 Average_F: 0.26960 (95%-conf.int. 0.25147 - 0.28733)
.............................................
1 ROUGE-1 Eval D1001-A.M.100.A.1 R:0.29218 P:0.34804 F:0.31767
1 ROUGE-1 Eval D1002-A.M.100.A.1 R:0.18828 P:0.25568 F:0.21686
1 ROUGE-1 Eval D1003-A.M.100.A.1 R:0.25541 P:0.23790 F:0.24634
1 ROUGE-1 Eval D1004-A.M.100.A.1 R:0.35124 P:0.36017 F:0.35565
1 ROUGE-1 Eval D1005-A.M.100.A.1 R:0.25410 P:0.29808 F:0.27434
1 ROUGE-1 Eval D1006-A.M.100.A.1 R:0.21839 P:0.27941 F:0.24516
1 ROUGE-1 Eval D1007-A.M.100.B.1 R:0.26667 P:0.28846 F:0.27714
1 ROUGE-1 Eval D1008-A.M.100.B.1 R:0.15726 P:0.19500 F:0.17411
1 ROUGE-1 Eval D1009-A.M.100.B.1 R:0.16814 P:0.18627 F:0.17674
1 ROUGE-1 Eval D1010-A.M.100.B.1 R:0.31200 P:0.30469 F:0.30830
1 ROUGE-1 Eval D1011-A.M.100.C.1 R:0.18534 P:0.23889 F:0.20874
1 ROUGE-1 Eval D1012-A.M.100.C.1 R:0.25203 P:0.25410 F:0.25306
1 ROUGE-1 Eval D1013-A.M.100.C.1 R:0.29719 P:0.34259 F:0.31828
1 ROUGE-1 Eval D1014-A.M.100.C.1 R:0.20084 P:0.22642 F:0.21286
1 ROUGE-1 Eval D1015-A.M.100.C.1 R:0.30943 P:0.32540 F:0.31721
1 ROUGE-1 Eval D1016-A.M.100.C.1 R:0.36323 P:0.38942 F:0.37587
1 ROUGE-1 Eval D1017-A.M.100.D.1 R:0.17959 P:0.20000 F:0.18925
1 ROUGE-1 Eval D1018-A.M.100.D.1 R:0.26778 P:0.24615 F:0.25651
1 ROUGE-1 Eval D1019-A.M.100.D.1 R:0.36250 P:0.35081 F:0.35656
1 ROUGE-1 Eval D1020-A.M.100.D.1 R:0.23140 P:0.24561 F:0.23829
1 ROUGE-1 Eval D1021-A.M.100.D.1 R:0.27119 P:0.27119 F:0.27119
1 ROUGE-1 Eval D1022-A.M.100.D.1 R:0.29289 P:0.33654 F:0.31320
1 ROUGE-1 Eval D1023-A.M.100.E.1 R:0.25207 P:0.25847 F:0.25523
1 ROUGE-1 Eval D1024-A.M.100.E.1 R:0.32083 P:0.35648 F:0.33772
1 ROUGE-1 Eval D1025-A.M.100.E.1 R:0.25221 P:0.27404 F:0.26267
1 ROUGE-1 Eval D1026-A.M.100.E.1 R:0.13248 P:0.13839 F:0.13537
1 ROUGE-1 Eval D1027-A.M.100.E.1 R:0.36111 P:0.42130 F:0.38889
1 ROUGE-1 Eval D1028-A.M.100.E.1 R:0.24583 P:0.28922 F:0.26577
1 ROUGE-1 Eval D1029-A.M.100.F.1 R:0.19167 P:0.19828 F:0.19492
1 ROUGE-1 Eval D1030-A.M.100.F.1 R:0.26190 P:0.27966 F:0.27049
1 ROUGE-1 Eval D1031-A.M.100.F.1 R:0.18776 P:0.26136 F:0.21853
1 ROUGE-1 Eval D1032-A.M.100.F.1 R:0.28244 P:0.33636 F:0.30705
1 ROUGE-1 Eval D1033-A.M.100.F.1 R:0.35124 P:0.33730 F:0.34413
1 ROUGE-1 Eval D1034-A.M.100.F.1 R:0.16461 P:0.19608 F:0.17897
1 ROUGE-1 Eval D1035-A.M.100.G.1 R:0.23577 P:0.29000 F:0.26009
1 ROUGE-1 Eval D1036-A.M.100.G.1 R:0.15102 P:0.19271 F:0.16934
1 ROUGE-1 Eval D1037-A.M.100.G.1 R:0.26389 P:0.28500 F:0.27404
1 ROUGE-1 Eval D1038-A.M.100.G.1 R:0.17255 P:0.19298 F:0.18219
1 ROUGE-1 Eval D1039-A.M.100.G.1 R:0.25714 P:0.27632 F:0.26639
1 ROUGE-1 Eval D1040-A.M.100.G.1 R:0.31064 P:0.33182 F:0.32088
1 ROUGE-1 Eval D1041-A.M.100.H.1 R:0.28346 P:0.32727 F:0.30379
1 ROUGE-1 Eval D1042-A.M.100.H.1 R:0.26457 P:0.26339 F:0.26398
1 ROUGE-1 Eval D1043-A.M.100.H.1 R:0.29237 P:0.27823 F:0.28512
1 ROUGE-1 Eval D1044-A.M.100.H.1 R:0.32489 P:0.31557 F:0.32016
1 ROUGE-1 Eval D1045-A.M.100.H.1 R:0.37795 P:0.42857 F:0.40167
1 ROUGE-1 Eval D1046-A.M.100.H.1 R:0.29921 P:0.32759 F:0.31276
---------------------------------------------
1 ROUGE-2 Average_R: 0.07254 (95%-conf.int. 0.06138 - 0.08273)
1 ROUGE-2 Average_P: 0.07863 (95%-conf.int. 0.06714 - 0.08930)
1 ROUGE-2 Average_F: 0.07530 (95%-conf.int. 0.06382 - 0.08556)
.............................................
1 ROUGE-2 Eval D1001-A.M.100.A.1 R:0.10879 P:0.13000 F:0.11845
1 ROUGE-2 Eval D1002-A.M.100.A.1 R:0.02553 P:0.03488 F:0.02948
1 ROUGE-2 Eval D1003-A.M.100.A.1 R:0.04405 P:0.04098 F:0.04246
1 ROUGE-2 Eval D1004-A.M.100.A.1 R:0.10504 P:0.10776 F:0.10638
1 ROUGE-2 Eval D1005-A.M.100.A.1 R:0.04167 P:0.04902 F:0.04505
1 ROUGE-2 Eval D1006-A.M.100.A.1 R:0.04280 P:0.05500 F:0.04814
1 ROUGE-2 Eval D1007-A.M.100.B.1 R:0.07240 P:0.07843 F:0.07529
1 ROUGE-2 Eval D1008-A.M.100.B.1 R:0.02869 P:0.03571 F:0.03182
1 ROUGE-2 Eval D1009-A.M.100.B.1 R:0.04505 P:0.05000 F:0.04740
1 ROUGE-2 Eval D1010-A.M.100.B.1 R:0.14228 P:0.13889 F:0.14056
1 ROUGE-2 Eval D1011-A.M.100.C.1 R:0.06140 P:0.07955 F:0.06931
1 ROUGE-2 Eval D1012-A.M.100.C.1 R:0.03719 P:0.03750 F:0.03734
1 ROUGE-2 Eval D1013-A.M.100.C.1 R:0.15102 P:0.17453 F:0.16193
1 ROUGE-2 Eval D1014-A.M.100.C.1 R:0.02553 P:0.02885 F:0.02709
1 ROUGE-2 Eval D1015-A.M.100.C.1 R:0.11111 P:0.11694 F:0.11395
1 ROUGE-2 Eval D1016-A.M.100.C.1 R:0.09589 P:0.10294 F:0.09929
1 ROUGE-2 Eval D1017-A.M.100.D.1 R:0.01245 P:0.01389 F:0.01313
1 ROUGE-2 Eval D1018-A.M.100.D.1 R:0.12340 P:0.11328 F:0.11812
1 ROUGE-2 Eval D1019-A.M.100.D.1 R:0.08051 P:0.07787 F:0.07917
1 ROUGE-2 Eval D1020-A.M.100.D.1 R:0.03361 P:0.03571 F:0.03463
1 ROUGE-2 Eval D1021-A.M.100.D.1 R:0.11207 P:0.11207 F:0.11207
1 ROUGE-2 Eval D1022-A.M.100.D.1 R:0.10213 P:0.11765 F:0.10934
1 ROUGE-2 Eval D1023-A.M.100.E.1 R:0.04202 P:0.04310 F:0.04255
1 ROUGE-2 Eval D1024-A.M.100.E.1 R:0.09746 P:0.10849 F:0.10268
1 ROUGE-2 Eval D1025-A.M.100.E.1 R:0.07658 P:0.08333 F:0.07981
1 ROUGE-2 Eval D1026-A.M.100.E.1 R:0.03913 P:0.04091 F:0.04000
1 ROUGE-2 Eval D1027-A.M.100.E.1 R:0.10887 P:0.12736 F:0.11739
1 ROUGE-2 Eval D1028-A.M.100.E.1 R:0.05508 P:0.06500 F:0.05963
1 ROUGE-2 Eval D1029-A.M.100.F.1 R:0.02119 P:0.02193 F:0.02155
1 ROUGE-2 Eval D1030-A.M.100.F.1 R:0.06855 P:0.07328 F:0.07084
1 ROUGE-2 Eval D1031-A.M.100.F.1 R:0.03320 P:0.04651 F:0.03874
1 ROUGE-2 Eval D1032-A.M.100.F.1 R:0.05814 P:0.06944 F:0.06329
1 ROUGE-2 Eval D1033-A.M.100.F.1 R:0.13866 P:0.13306 F:0.13580
1 ROUGE-2 Eval D1034-A.M.100.F.1 R:0.02092 P:0.02500 F:0.02278
1 ROUGE-2 Eval D1035-A.M.100.G.1 R:0.07438 P:0.09184 F:0.08219
1 ROUGE-2 Eval D1036-A.M.100.G.1 R:0.01245 P:0.01596 F:0.01399
1 ROUGE-2 Eval D1037-A.M.100.G.1 R:0.03774 P:0.04082 F:0.03922
1 ROUGE-2 Eval D1038-A.M.100.G.1 R:0.05578 P:0.06250 F:0.05895
1 ROUGE-2 Eval D1039-A.M.100.G.1 R:0.09129 P:0.09821 F:0.09462
1 ROUGE-2 Eval D1040-A.M.100.G.1 R:0.12121 P:0.12963 F:0.12528
1 ROUGE-2 Eval D1041-A.M.100.H.1 R:0.11200 P:0.12963 F:0.12017
1 ROUGE-2 Eval D1042-A.M.100.H.1 R:0.08676 P:0.08636 F:0.08656
1 ROUGE-2 Eval D1043-A.M.100.H.1 R:0.11638 P:0.11066 F:0.11345
1 ROUGE-2 Eval D1044-A.M.100.H.1 R:0.10300 P:0.10000 F:0.10148
1 ROUGE-2 Eval D1045-A.M.100.H.1 R:0.08400 P:0.09545 F:0.08936
1 ROUGE-2 Eval D1046-A.M.100.H.1 R:0.08400 P:0.09211 F:0.08787
