---------------------------------------------
1 ROUGE-1 Average_R: 0.25978 (95%-conf.int. 0.24042 - 0.27742)
1 ROUGE-1 Average_P: 0.27689 (95%-conf.int. 0.25815 - 0.29552)
1 ROUGE-1 Average_F: 0.26745 (95%-conf.int. 0.24756 - 0.28589)
.............................................
1 ROUGE-1 Eval D1001-A.M.100.A.1 R:0.30041 P:0.33796 F:0.31808
1 ROUGE-1 Eval D1002-A.M.100.A.1 R:0.22594 P:0.29348 F:0.25532
1 ROUGE-1 Eval D1003-A.M.100.A.1 R:0.23377 P:0.21774 F:0.22547
1 ROUGE-1 Eval D1004-A.M.100.A.1 R:0.32231 P:0.31967 F:0.32098
1 ROUGE-1 Eval D1005-A.M.100.A.1 R:0.31557 P:0.33190 F:0.32353
1 ROUGE-1 Eval D1006-A.M.100.A.1 R:0.18008 P:0.25543 F:0.21124
1 ROUGE-1 Eval D1007-A.M.100.B.1 R:0.29333 P:0.31731 F:0.30485
1 ROUGE-1 Eval D1008-A.M.100.B.1 R:0.17339 P:0.17063 F:0.17200
1 ROUGE-1 Eval D1009-A.M.100.B.1 R:0.38053 P:0.37069 F:0.37555
1 ROUGE-1 Eval D1010-A.M.100.B.1 R:0.35600 P:0.33712 F:0.34630
1 ROUGE-1 Eval D1011-A.M.100.C.1 R:0.24138 P:0.22581 F:0.23334
1 ROUGE-1 Eval D1012-A.M.100.C.1 R:0.23577 P:0.24576 F:0.24066
1 ROUGE-1 Eval D1013-A.M.100.C.1 R:0.24900 P:0.27193 F:0.25996
1 ROUGE-1 Eval D1014-A.M.100.C.1 R:0.17992 P:0.18860 F:0.18416
1 ROUGE-1 Eval D1015-A.M.100.C.1 R:0.24151 P:0.23881 F:0.24015
1 ROUGE-1 Eval D1016-A.M.100.C.1 R:0.35426 P:0.35268 F:0.35347
1 ROUGE-1 Eval D1017-A.M.100.D.1 R:0.19592 P:0.22222 F:0.20824
1 ROUGE-1 Eval D1018-A.M.100.D.1 R:0.28033 P:0.25769 F:0.26853
1 ROUGE-1 Eval D1019-A.M.100.D.1 R:0.32083 P:0.31557 F:0.31818
1 ROUGE-1 Eval D1020-A.M.100.D.1 R:0.23140 P:0.24561 F:0.23829
1 ROUGE-1 Eval D1021-A.M.100.D.1 R:0.20339 P:0.21818 F:0.21053
1 ROUGE-1 Eval D1022-A.M.100.D.1 R:0.28452 P:0.32075 F:0.30155
1 ROUGE-1 Eval D1023-A.M.100.E.1 R:0.22314 P:0.25000 F:0.23581
1 ROUGE-1 Eval D1024-A.M.100.E.1 R:0.36250 P:0.40278 F:0.38158
1 ROUGE-1 Eval D1025-A.M.100.E.1 R:0.30088 P:0.28333 F:0.29184
1 ROUGE-1 Eval D1026-A.M.100.E.1 R:0.13248 P:0.13136 F:0.13192
1 ROUGE-1 Eval D1027-A.M.100.E.1 R:0.35317 P:0.40455 F:0.37712
1 ROUGE-1 Eval D1028-A.M.100.E.1 R:0.29167 P:0.28689 F:0.28926
1 ROUGE-1 Eval D1029-A.M.100.F.1 R:0.27500 P:0.28448 F:0.27966
1 ROUGE-1 Eval D1030-A.M.100.F.1 R:0.25000 P:0.26695 F:0.25820
1 ROUGE-1 Eval D1031-A.M.100.F.1 R:0.20408 P:0.24510 F:0.22272
1 ROUGE-1 Eval D1032-A.M.100.F.1 R:0.30916 P:0.34914 F:0.32794
1 ROUGE-1 Eval D1033-A.M.100.F.1 R:0.31405 P:0.29231 F:0.30279
1 ROUGE-1 Eval D1034-A.M.100.F.1 R:0.14815 P:0.17647 F:0.16107
1 ROUGE-1 Eval D1035-A.M.100.G.1 R:0.20325 P:0.26596 F:0.23041
1 ROUGE-1 Eval D1036-A.M.100.G.1 R:0.10204 P:0.11364 F:0.10753
1 ROUGE-1 Eval D1037-A.M.100.G.1 R:0.27778 P:0.30612 F:0.29126
1 ROUGE-1 Eval D1038-A.M.100.G.1 R:0.17255 P:0.16667 F:0.16956
1 ROUGE-1 Eval D1039-A.M.100.G.1 R:0.26939 P:0.29464 F:0.28145
1 ROUGE-1 Eval D1040-A.M.100.G.1 R:0.27660 P:0.30660 F:0.29083
1 ROUGE-1 Eval D1041-A.M.100.H.1 R:0.20866 P:0.28804 F:0.24201
1 ROUGE-1 Eval D1042-A.M.100.H.1 R:0.26009 P:0.26852 F:0.26424
1 ROUGE-1 Eval D1043-A.M.100.H.1 R:0.28814 P:0.29310 F:0.29060
1 ROUGE-1 Eval D1044-A.M.100.H.1 R:0.27426 P:0.28509 F:0.27957
1 ROUGE-1 Eval D1045-A.M.100.H.1 R:0.38189 P:0.41810 F:0.39918
1 ROUGE-1 Eval D1046-A.M.100.H.1 R:0.29921 P:0.32759 F:0.31276
---------------------------------------------
1 ROUGE-2 Average_R: 0.07437 (95%-conf.int. 0.06312 - 0.08387)
1 ROUGE-2 Average_P: 0.07874 (95%-conf.int. 0.06711 - 0.08838)
1 ROUGE-2 Average_F: 0.07632 (95%-conf.int. 0.06501 - 0.08601)
.............................................
1 ROUGE-2 Eval D1001-A.M.100.A.1 R:0.12552 P:0.14151 F:0.13304
1 ROUGE-2 Eval D1002-A.M.100.A.1 R:0.03830 P:0.05000 F:0.04337
1 ROUGE-2 Eval D1003-A.M.100.A.1 R:0.05727 P:0.05328 F:0.05520
1 ROUGE-2 Eval D1004-A.M.100.A.1 R:0.10504 P:0.10417 F:0.10460
1 ROUGE-2 Eval D1005-A.M.100.A.1 R:0.05417 P:0.05702 F:0.05556
1 ROUGE-2 Eval D1006-A.M.100.A.1 R:0.00000 P:0.00000 F:0.00000
1 ROUGE-2 Eval D1007-A.M.100.B.1 R:0.06787 P:0.07353 F:0.07059
1 ROUGE-2 Eval D1008-A.M.100.B.1 R:0.02869 P:0.02823 F:0.02846
1 ROUGE-2 Eval D1009-A.M.100.B.1 R:0.13063 P:0.12719 F:0.12889
1 ROUGE-2 Eval D1010-A.M.100.B.1 R:0.14228 P:0.13462 F:0.13834
1 ROUGE-2 Eval D1011-A.M.100.C.1 R:0.09211 P:0.08607 F:0.08899
1 ROUGE-2 Eval D1012-A.M.100.C.1 R:0.04545 P:0.04741 F:0.04641
1 ROUGE-2 Eval D1013-A.M.100.C.1 R:0.13469 P:0.14732 F:0.14072
1 ROUGE-2 Eval D1014-A.M.100.C.1 R:0.01702 P:0.01786 F:0.01743
1 ROUGE-2 Eval D1015-A.M.100.C.1 R:0.07663 P:0.07576 F:0.07619
1 ROUGE-2 Eval D1016-A.M.100.C.1 R:0.09589 P:0.09545 F:0.09567
1 ROUGE-2 Eval D1017-A.M.100.D.1 R:0.02490 P:0.02830 F:0.02649
1 ROUGE-2 Eval D1018-A.M.100.D.1 R:0.12340 P:0.11328 F:0.11812
1 ROUGE-2 Eval D1019-A.M.100.D.1 R:0.06780 P:0.06667 F:0.06723
1 ROUGE-2 Eval D1020-A.M.100.D.1 R:0.03361 P:0.03571 F:0.03463
1 ROUGE-2 Eval D1021-A.M.100.D.1 R:0.08190 P:0.08796 F:0.08482
1 ROUGE-2 Eval D1022-A.M.100.D.1 R:0.05106 P:0.05769 F:0.05417
1 ROUGE-2 Eval D1023-A.M.100.E.1 R:0.03361 P:0.03774 F:0.03556
1 ROUGE-2 Eval D1024-A.M.100.E.1 R:0.13983 P:0.15566 F:0.14732
1 ROUGE-2 Eval D1025-A.M.100.E.1 R:0.08559 P:0.08051 F:0.08297
1 ROUGE-2 Eval D1026-A.M.100.E.1 R:0.03913 P:0.03879 F:0.03896
1 ROUGE-2 Eval D1027-A.M.100.E.1 R:0.11694 P:0.13426 F:0.12500
1 ROUGE-2 Eval D1028-A.M.100.E.1 R:0.05932 P:0.05833 F:0.05882
1 ROUGE-2 Eval D1029-A.M.100.F.1 R:0.06780 P:0.07018 F:0.06897
1 ROUGE-2 Eval D1030-A.M.100.F.1 R:0.06855 P:0.07328 F:0.07084
1 ROUGE-2 Eval D1031-A.M.100.F.1 R:0.05394 P:0.06500 F:0.05896
1 ROUGE-2 Eval D1032-A.M.100.F.1 R:0.07752 P:0.08772 F:0.08231
1 ROUGE-2 Eval D1033-A.M.100.F.1 R:0.09664 P:0.08984 F:0.09312
1 ROUGE-2 Eval D1034-A.M.100.F.1 R:0.02092 P:0.02500 F:0.02278
1 ROUGE-2 Eval D1035-A.M.100.G.1 R:0.07851 P:0.10326 F:0.08920
1 ROUGE-2 Eval D1036-A.M.100.G.1 R:0.02075 P:0.02315 F:0.02188
1 ROUGE-2 Eval D1037-A.M.100.G.1 R:0.06132 P:0.06771 F:0.06436
1 ROUGE-2 Eval D1038-A.M.100.G.1 R:0.05578 P:0.05385 F:0.05480
1 ROUGE-2 Eval D1039-A.M.100.G.1 R:0.09544 P:0.10455 F:0.09979
1 ROUGE-2 Eval D1040-A.M.100.G.1 R:0.09091 P:0.10096 F:0.09567
1 ROUGE-2 Eval D1041-A.M.100.H.1 R:0.08400 P:0.11667 F:0.09768
1 ROUGE-2 Eval D1042-A.M.100.H.1 R:0.08676 P:0.08962 F:0.08817
1 ROUGE-2 Eval D1043-A.M.100.H.1 R:0.13362 P:0.13596 F:0.13478
1 ROUGE-2 Eval D1044-A.M.100.H.1 R:0.09871 P:0.10268 F:0.10066
1 ROUGE-2 Eval D1045-A.M.100.H.1 R:0.08400 P:0.09211 F:0.08787
1 ROUGE-2 Eval D1046-A.M.100.H.1 R:0.08400 P:0.09211 F:0.08787
