---------------------------------------------
1 ROUGE-1 Average_R: 0.27395 (95%-conf.int. 0.25481 - 0.29101)
1 ROUGE-1 Average_P: 0.29937 (95%-conf.int. 0.28203 - 0.31765)
1 ROUGE-1 Average_F: 0.28516 (95%-conf.int. 0.26690 - 0.30203)
.............................................
1 ROUGE-1 Eval D1001-A.M.100.A.1 R:0.31276 P:0.36538 F:0.33703
1 ROUGE-1 Eval D1002-A.M.100.A.1 R:0.29289 P:0.31818 F:0.30501
1 ROUGE-1 Eval D1003-A.M.100.A.1 R:0.23810 P:0.25000 F:0.24390
1 ROUGE-1 Eval D1004-A.M.100.A.1 R:0.34711 P:0.31343 F:0.32941
1 ROUGE-1 Eval D1005-A.M.100.A.1 R:0.22951 P:0.29167 F:0.25688
1 ROUGE-1 Eval D1006-A.M.100.A.1 R:0.22989 P:0.34091 F:0.27460
1 ROUGE-1 Eval D1007-A.M.100.B.1 R:0.26667 P:0.28846 F:0.27714
1 ROUGE-1 Eval D1008-A.M.100.B.1 R:0.22984 P:0.31667 F:0.26636
1 ROUGE-1 Eval D1009-A.M.100.B.1 R:0.35841 P:0.33750 F:0.34764
1 ROUGE-1 Eval D1010-A.M.100.B.1 R:0.31600 P:0.38725 F:0.34802
1 ROUGE-1 Eval D1011-A.M.100.C.1 R:0.18103 P:0.25000 F:0.21000
1 ROUGE-1 Eval D1012-A.M.100.C.1 R:0.24797 P:0.25847 F:0.25311
1 ROUGE-1 Eval D1013-A.M.100.C.1 R:0.37349 P:0.42273 F:0.39659
1 ROUGE-1 Eval D1014-A.M.100.C.1 R:0.17573 P:0.18421 F:0.17987
1 ROUGE-1 Eval D1015-A.M.100.C.1 R:0.32075 P:0.36017 F:0.33932
1 ROUGE-1 Eval D1016-A.M.100.C.1 R:0.35874 P:0.35714 F:0.35794
1 ROUGE-1 Eval D1017-A.M.100.D.1 R:0.21633 P:0.23661 F:0.22602
1 ROUGE-1 Eval D1018-A.M.100.D.1 R:0.29289 P:0.25000 F:0.26975
1 ROUGE-1 Eval D1019-A.M.100.D.1 R:0.38750 P:0.38115 F:0.38430
1 ROUGE-1 Eval D1020-A.M.100.D.1 R:0.23140 P:0.24561 F:0.23829
1 ROUGE-1 Eval D1021-A.M.100.D.1 R:0.27119 P:0.27119 F:0.27119
1 ROUGE-1 Eval D1022-A.M.100.D.1 R:0.30126 P:0.33962 F:0.31929
1 ROUGE-1 Eval D1023-A.M.100.E.1 R:0.23554 P:0.28500 F:0.25792
1 ROUGE-1 Eval D1024-A.M.100.E.1 R:0.35000 P:0.38182 F:0.36522
1 ROUGE-1 Eval D1025-A.M.100.E.1 R:0.29646 P:0.27917 F:0.28756
1 ROUGE-1 Eval D1026-A.M.100.E.1 R:0.12393 P:0.13426 F:0.12889
1 ROUGE-1 Eval D1027-A.M.100.E.1 R:0.37302 P:0.43519 F:0.40171
1 ROUGE-1 Eval D1028-A.M.100.E.1 R:0.29167 P:0.28689 F:0.28926
1 ROUGE-1 Eval D1029-A.M.100.F.1 R:0.25000 P:0.25862 F:0.25424
1 ROUGE-1 Eval D1030-A.M.100.F.1 R:0.23810 P:0.27778 F:0.25641
1 ROUGE-1 Eval D1031-A.M.100.F.1 R:0.17551 P:0.21078 F:0.19153
1 ROUGE-1 Eval D1032-A.M.100.F.1 R:0.28244 P:0.33636 F:0.30705
1 ROUGE-1 Eval D1033-A.M.100.F.1 R:0.38843 P:0.36719 F:0.37751
1 ROUGE-1 Eval D1034-A.M.100.F.1 R:0.16461 P:0.20000 F:0.18059
1 ROUGE-1 Eval D1035-A.M.100.G.1 R:0.22764 P:0.28000 F:0.25112
1 ROUGE-1 Eval D1036-A.M.100.G.1 R:0.20816 P:0.25500 F:0.22921
1 ROUGE-1 Eval D1037-A.M.100.G.1 R:0.32870 P:0.30603 F:0.31696
1 ROUGE-1 Eval D1038-A.M.100.G.1 R:0.19216 P:0.23558 F:0.21167
1 ROUGE-1 Eval D1039-A.M.100.G.1 R:0.29796 P:0.32018 F:0.30867
1 ROUGE-1 Eval D1040-A.M.100.G.1 R:0.24681 P:0.25893 F:0.25272
1 ROUGE-1 Eval D1041-A.M.100.H.1 R:0.30315 P:0.36321 F:0.33047
1 ROUGE-1 Eval D1042-A.M.100.H.1 R:0.27803 P:0.26724 F:0.27253
1 ROUGE-1 Eval D1043-A.M.100.H.1 R:0.27966 P:0.28448 F:0.28205
1 ROUGE-1 Eval D1044-A.M.100.H.1 R:0.29114 P:0.29741 F:0.29424
1 ROUGE-1 Eval D1045-A.M.100.H.1 R:0.33858 P:0.37069 F:0.35391
1 ROUGE-1 Eval D1046-A.M.100.H.1 R:0.29134 P:0.34259 F:0.31489
---------------------------------------------
1 ROUGE-2 Average_R: 0.07776 (95%-conf.int. 0.06637 - 0.08890)
1 ROUGE-2 Average_P: 0.08422 (95%-conf.int. 0.07222 - 0.09579)
1 ROUGE-2 Average_F: 0.08061 (95%-conf.int. 0.06868 - 0.09169)
.............................................
1 ROUGE-2 Eval D1001-A.M.100.A.1 R:0.08368 P:0.09804 F:0.09029
1 ROUGE-2 Eval D1002-A.M.100.A.1 R:0.07660 P:0.08333 F:0.07982
1 ROUGE-2 Eval D1003-A.M.100.A.1 R:0.04846 P:0.05093 F:0.04966
1 ROUGE-2 Eval D1004-A.M.100.A.1 R:0.10504 P:0.09470 F:0.09960
1 ROUGE-2 Eval D1005-A.M.100.A.1 R:0.04167 P:0.05319 F:0.04673
1 ROUGE-2 Eval D1006-A.M.100.A.1 R:0.03502 P:0.05233 F:0.04196
1 ROUGE-2 Eval D1007-A.M.100.B.1 R:0.07240 P:0.07843 F:0.07529
1 ROUGE-2 Eval D1008-A.M.100.B.1 R:0.02869 P:0.03977 F:0.03333
1 ROUGE-2 Eval D1009-A.M.100.B.1 R:0.10811 P:0.10169 F:0.10480
1 ROUGE-2 Eval D1010-A.M.100.B.1 R:0.12602 P:0.15500 F:0.13902
1 ROUGE-2 Eval D1011-A.M.100.C.1 R:0.05702 P:0.07927 F:0.06633
1 ROUGE-2 Eval D1012-A.M.100.C.1 R:0.04545 P:0.04741 F:0.04641
1 ROUGE-2 Eval D1013-A.M.100.C.1 R:0.18776 P:0.21296 F:0.19957
1 ROUGE-2 Eval D1014-A.M.100.C.1 R:0.01702 P:0.01786 F:0.01743
1 ROUGE-2 Eval D1015-A.M.100.C.1 R:0.11111 P:0.12500 F:0.11765
1 ROUGE-2 Eval D1016-A.M.100.C.1 R:0.08676 P:0.08636 F:0.08656
1 ROUGE-2 Eval D1017-A.M.100.D.1 R:0.03734 P:0.04091 F:0.03904
1 ROUGE-2 Eval D1018-A.M.100.D.1 R:0.12340 P:0.10507 F:0.11350
1 ROUGE-2 Eval D1019-A.M.100.D.1 R:0.09746 P:0.09583 F:0.09664
1 ROUGE-2 Eval D1020-A.M.100.D.1 R:0.03361 P:0.03571 F:0.03463
1 ROUGE-2 Eval D1021-A.M.100.D.1 R:0.11207 P:0.11207 F:0.11207
1 ROUGE-2 Eval D1022-A.M.100.D.1 R:0.10213 P:0.11538 F:0.10835
1 ROUGE-2 Eval D1023-A.M.100.E.1 R:0.04622 P:0.05612 F:0.05069
1 ROUGE-2 Eval D1024-A.M.100.E.1 R:0.13136 P:0.14352 F:0.13717
1 ROUGE-2 Eval D1025-A.M.100.E.1 R:0.10360 P:0.09746 F:0.10044
1 ROUGE-2 Eval D1026-A.M.100.E.1 R:0.03913 P:0.04245 F:0.04072
1 ROUGE-2 Eval D1027-A.M.100.E.1 R:0.14516 P:0.16981 F:0.15652
1 ROUGE-2 Eval D1028-A.M.100.E.1 R:0.05932 P:0.05833 F:0.05882
1 ROUGE-2 Eval D1029-A.M.100.F.1 R:0.04661 P:0.04825 F:0.04742
1 ROUGE-2 Eval D1030-A.M.100.F.1 R:0.06855 P:0.08019 F:0.07391
1 ROUGE-2 Eval D1031-A.M.100.F.1 R:0.02490 P:0.03000 F:0.02721
1 ROUGE-2 Eval D1032-A.M.100.F.1 R:0.05814 P:0.06944 F:0.06329
1 ROUGE-2 Eval D1033-A.M.100.F.1 R:0.15966 P:0.15079 F:0.15510
1 ROUGE-2 Eval D1034-A.M.100.F.1 R:0.02092 P:0.02551 F:0.02299
1 ROUGE-2 Eval D1035-A.M.100.G.1 R:0.07025 P:0.08673 F:0.07762
1 ROUGE-2 Eval D1036-A.M.100.G.1 R:0.01245 P:0.01531 F:0.01373
1 ROUGE-2 Eval D1037-A.M.100.G.1 R:0.05660 P:0.05263 F:0.05454
1 ROUGE-2 Eval D1038-A.M.100.G.1 R:0.05578 P:0.06863 F:0.06154
1 ROUGE-2 Eval D1039-A.M.100.G.1 R:0.10373 P:0.11161 F:0.10753
1 ROUGE-2 Eval D1040-A.M.100.G.1 R:0.08658 P:0.09091 F:0.08869
1 ROUGE-2 Eval D1041-A.M.100.H.1 R:0.10800 P:0.12981 F:0.11790
1 ROUGE-2 Eval D1042-A.M.100.H.1 R:0.09589 P:0.09211 F:0.09396
1 ROUGE-2 Eval D1043-A.M.100.H.1 R:0.11638 P:0.11842 F:0.11739
1 ROUGE-2 Eval D1044-A.M.100.H.1 R:0.07296 P:0.07456 F:0.07375
1 ROUGE-2 Eval D1045-A.M.100.H.1 R:0.08800 P:0.09649 F:0.09205
1 ROUGE-2 Eval D1046-A.M.100.H.1 R:0.08000 P:0.09434 F:0.08658
