---------------------------------------------
1 ROUGE-1 Average_R: 0.25598 (95%-conf.int. 0.23785 - 0.27370)
1 ROUGE-1 Average_P: 0.28213 (95%-conf.int. 0.26328 - 0.30227)
1 ROUGE-1 Average_F: 0.26774 (95%-conf.int. 0.24988 - 0.28551)
.............................................
1 ROUGE-1 Eval D1001-A.M.100.A.1 R:0.27984 P:0.32692 F:0.30155
1 ROUGE-1 Eval D1002-A.M.100.A.1 R:0.18828 P:0.25568 F:0.21686
1 ROUGE-1 Eval D1003-A.M.100.A.1 R:0.25541 P:0.23047 F:0.24230
1 ROUGE-1 Eval D1004-A.M.100.A.1 R:0.36364 P:0.36667 F:0.36515
1 ROUGE-1 Eval D1005-A.M.100.A.1 R:0.18443 P:0.24457 F:0.21028
1 ROUGE-1 Eval D1006-A.M.100.A.1 R:0.21839 P:0.27941 F:0.24516
1 ROUGE-1 Eval D1007-A.M.100.B.1 R:0.26667 P:0.28846 F:0.27714
1 ROUGE-1 Eval D1008-A.M.100.B.1 R:0.15726 P:0.19118 F:0.17257
1 ROUGE-1 Eval D1009-A.M.100.B.1 R:0.27434 P:0.28182 F:0.27803
1 ROUGE-1 Eval D1010-A.M.100.B.1 R:0.30000 P:0.29297 F:0.29644
1 ROUGE-1 Eval D1011-A.M.100.C.1 R:0.20690 P:0.25532 F:0.22857
1 ROUGE-1 Eval D1012-A.M.100.C.1 R:0.23984 P:0.23790 F:0.23887
1 ROUGE-1 Eval D1013-A.M.100.C.1 R:0.30522 P:0.35849 F:0.32972
1 ROUGE-1 Eval D1014-A.M.100.C.1 R:0.19247 P:0.20909 F:0.20044
1 ROUGE-1 Eval D1015-A.M.100.C.1 R:0.30189 P:0.33898 F:0.31936
1 ROUGE-1 Eval D1016-A.M.100.C.1 R:0.36771 P:0.43617 F:0.39902
1 ROUGE-1 Eval D1017-A.M.100.D.1 R:0.20816 P:0.24057 F:0.22319
1 ROUGE-1 Eval D1018-A.M.100.D.1 R:0.30962 P:0.29365 F:0.30142
1 ROUGE-1 Eval D1019-A.M.100.D.1 R:0.38750 P:0.38115 F:0.38430
1 ROUGE-1 Eval D1020-A.M.100.D.1 R:0.23140 P:0.24561 F:0.23829
1 ROUGE-1 Eval D1021-A.M.100.D.1 R:0.20339 P:0.22222 F:0.21239
1 ROUGE-1 Eval D1022-A.M.100.D.1 R:0.32218 P:0.35648 F:0.33846
1 ROUGE-1 Eval D1023-A.M.100.E.1 R:0.22727 P:0.24123 F:0.23404
1 ROUGE-1 Eval D1024-A.M.100.E.1 R:0.36250 P:0.38839 F:0.37500
1 ROUGE-1 Eval D1025-A.M.100.E.1 R:0.23451 P:0.26500 F:0.24882
1 ROUGE-1 Eval D1026-A.M.100.E.1 R:0.13248 P:0.13596 F:0.13420
1 ROUGE-1 Eval D1027-A.M.100.E.1 R:0.38889 P:0.46226 F:0.42241
1 ROUGE-1 Eval D1028-A.M.100.E.1 R:0.28750 P:0.31944 F:0.30263
1 ROUGE-1 Eval D1029-A.M.100.F.1 R:0.15833 P:0.16102 F:0.15966
1 ROUGE-1 Eval D1030-A.M.100.F.1 R:0.26190 P:0.27966 F:0.27049
1 ROUGE-1 Eval D1031-A.M.100.F.1 R:0.20408 P:0.26596 F:0.23095
1 ROUGE-1 Eval D1032-A.M.100.F.1 R:0.28244 P:0.33636 F:0.30705
1 ROUGE-1 Eval D1033-A.M.100.F.1 R:0.31405 P:0.29231 F:0.30279
1 ROUGE-1 Eval D1034-A.M.100.F.1 R:0.16461 P:0.19608 F:0.17897
1 ROUGE-1 Eval D1035-A.M.100.G.1 R:0.23984 P:0.31383 F:0.27189
1 ROUGE-1 Eval D1036-A.M.100.G.1 R:0.15510 P:0.19000 F:0.17079
1 ROUGE-1 Eval D1037-A.M.100.G.1 R:0.25926 P:0.26923 F:0.26415
1 ROUGE-1 Eval D1038-A.M.100.G.1 R:0.20784 P:0.22083 F:0.21414
1 ROUGE-1 Eval D1039-A.M.100.G.1 R:0.21633 P:0.25980 F:0.23608
1 ROUGE-1 Eval D1040-A.M.100.G.1 R:0.30213 P:0.33491 F:0.31768
1 ROUGE-1 Eval D1041-A.M.100.H.1 R:0.22835 P:0.28431 F:0.25328
1 ROUGE-1 Eval D1042-A.M.100.H.1 R:0.26009 P:0.25893 F:0.25951
1 ROUGE-1 Eval D1043-A.M.100.H.1 R:0.25000 P:0.26339 F:0.25652
1 ROUGE-1 Eval D1044-A.M.100.H.1 R:0.29536 P:0.25735 F:0.27505
1 ROUGE-1 Eval D1045-A.M.100.H.1 R:0.30315 P:0.34375 F:0.32218
1 ROUGE-1 Eval D1046-A.M.100.H.1 R:0.29921 P:0.32759 F:0.31276
---------------------------------------------
1 ROUGE-2 Average_R: 0.07335 (95%-conf.int. 0.06193 - 0.08362)
1 ROUGE-2 Average_P: 0.08065 (95%-conf.int. 0.06860 - 0.09273)
1 ROUGE-2 Average_F: 0.07664 (95%-conf.int. 0.06502 - 0.08770)
.............................................
1 ROUGE-2 Eval D1001-A.M.100.A.1 R:0.10879 P:0.12745 F:0.11738
1 ROUGE-2 Eval D1002-A.M.100.A.1 R:0.02553 P:0.03488 F:0.02948
1 ROUGE-2 Eval D1003-A.M.100.A.1 R:0.05286 P:0.04762 F:0.05010
1 ROUGE-2 Eval D1004-A.M.100.A.1 R:0.11765 P:0.11864 F:0.11814
1 ROUGE-2 Eval D1005-A.M.100.A.1 R:0.01667 P:0.02222 F:0.01905
1 ROUGE-2 Eval D1006-A.M.100.A.1 R:0.04280 P:0.05500 F:0.04814
1 ROUGE-2 Eval D1007-A.M.100.B.1 R:0.07240 P:0.07843 F:0.07529
1 ROUGE-2 Eval D1008-A.M.100.B.1 R:0.02869 P:0.03500 F:0.03153
1 ROUGE-2 Eval D1009-A.M.100.B.1 R:0.06757 P:0.06944 F:0.06849
1 ROUGE-2 Eval D1010-A.M.100.B.1 R:0.14228 P:0.13889 F:0.14056
1 ROUGE-2 Eval D1011-A.M.100.C.1 R:0.06140 P:0.07609 F:0.06796
1 ROUGE-2 Eval D1012-A.M.100.C.1 R:0.03719 P:0.03689 F:0.03704
1 ROUGE-2 Eval D1013-A.M.100.C.1 R:0.15102 P:0.17788 F:0.16335
1 ROUGE-2 Eval D1014-A.M.100.C.1 R:0.02128 P:0.02315 F:0.02218
1 ROUGE-2 Eval D1015-A.M.100.C.1 R:0.11877 P:0.13362 F:0.12576
1 ROUGE-2 Eval D1016-A.M.100.C.1 R:0.10502 P:0.12500 F:0.11414
1 ROUGE-2 Eval D1017-A.M.100.D.1 R:0.02490 P:0.02885 F:0.02673
1 ROUGE-2 Eval D1018-A.M.100.D.1 R:0.12766 P:0.12097 F:0.12422
1 ROUGE-2 Eval D1019-A.M.100.D.1 R:0.09746 P:0.09583 F:0.09664
1 ROUGE-2 Eval D1020-A.M.100.D.1 R:0.03361 P:0.03571 F:0.03463
1 ROUGE-2 Eval D1021-A.M.100.D.1 R:0.08190 P:0.08962 F:0.08559
1 ROUGE-2 Eval D1022-A.M.100.D.1 R:0.10213 P:0.11321 F:0.10738
1 ROUGE-2 Eval D1023-A.M.100.E.1 R:0.03361 P:0.03571 F:0.03463
1 ROUGE-2 Eval D1024-A.M.100.E.1 R:0.11441 P:0.12273 F:0.11842
1 ROUGE-2 Eval D1025-A.M.100.E.1 R:0.07207 P:0.08163 F:0.07655
1 ROUGE-2 Eval D1026-A.M.100.E.1 R:0.03913 P:0.04018 F:0.03965
1 ROUGE-2 Eval D1027-A.M.100.E.1 R:0.17339 P:0.20673 F:0.18860
1 ROUGE-2 Eval D1028-A.M.100.E.1 R:0.09746 P:0.10849 F:0.10268
1 ROUGE-2 Eval D1029-A.M.100.F.1 R:0.02119 P:0.02155 F:0.02137
1 ROUGE-2 Eval D1030-A.M.100.F.1 R:0.06855 P:0.07328 F:0.07084
1 ROUGE-2 Eval D1031-A.M.100.F.1 R:0.04564 P:0.05978 F:0.05176
1 ROUGE-2 Eval D1032-A.M.100.F.1 R:0.05814 P:0.06944 F:0.06329
1 ROUGE-2 Eval D1033-A.M.100.F.1 R:0.09664 P:0.08984 F:0.09312
1 ROUGE-2 Eval D1034-A.M.100.F.1 R:0.02092 P:0.02500 F:0.02278
1 ROUGE-2 Eval D1035-A.M.100.G.1 R:0.06198 P:0.08152 F:0.07042
1 ROUGE-2 Eval D1036-A.M.100.G.1 R:0.02905 P:0.03571 F:0.03204
1 ROUGE-2 Eval D1037-A.M.100.G.1 R:0.03774 P:0.03922 F:0.03847
1 ROUGE-2 Eval D1038-A.M.100.G.1 R:0.05578 P:0.05932 F:0.05750
1 ROUGE-2 Eval D1039-A.M.100.G.1 R:0.07469 P:0.09000 F:0.08163
1 ROUGE-2 Eval D1040-A.M.100.G.1 R:0.12121 P:0.13462 F:0.12756
1 ROUGE-2 Eval D1041-A.M.100.H.1 R:0.10000 P:0.12500 F:0.11111
1 ROUGE-2 Eval D1042-A.M.100.H.1 R:0.08676 P:0.08636 F:0.08656
1 ROUGE-2 Eval D1043-A.M.100.H.1 R:0.09052 P:0.09545 F:0.09292
1 ROUGE-2 Eval D1044-A.M.100.H.1 R:0.08584 P:0.07463 F:0.07984
1 ROUGE-2 Eval D1045-A.M.100.H.1 R:0.07600 P:0.08636 F:0.08085
1 ROUGE-2 Eval D1046-A.M.100.H.1 R:0.08400 P:0.09211 F:0.08787
