---------------------------------------------
1 ROUGE-1 Average_R: 0.25780 (95%-conf.int. 0.24030 - 0.27484)
1 ROUGE-1 Average_P: 0.27392 (95%-conf.int. 0.25635 - 0.29132)
1 ROUGE-1 Average_F: 0.26504 (95%-conf.int. 0.24813 - 0.28232)
.............................................
1 ROUGE-1 Eval D1001-A.M.100.A.1 R:0.18519 P:0.23438 F:0.20690
1 ROUGE-1 Eval D1002-A.M.100.A.1 R:0.25941 P:0.30392 F:0.27991
1 ROUGE-1 Eval D1003-A.M.100.A.1 R:0.23810 P:0.23305 F:0.23555
1 ROUGE-1 Eval D1004-A.M.100.A.1 R:0.36364 P:0.35484 F:0.35919
1 ROUGE-1 Eval D1005-A.M.100.A.1 R:0.18443 P:0.24457 F:0.21028
1 ROUGE-1 Eval D1006-A.M.100.A.1 R:0.22222 P:0.28431 F:0.24946
1 ROUGE-1 Eval D1007-A.M.100.B.1 R:0.27556 P:0.27679 F:0.27617
1 ROUGE-1 Eval D1008-A.M.100.B.1 R:0.16935 P:0.17213 F:0.17073
1 ROUGE-1 Eval D1009-A.M.100.B.1 R:0.37168 P:0.37500 F:0.37333
1 ROUGE-1 Eval D1010-A.M.100.B.1 R:0.25200 P:0.25820 F:0.25506
1 ROUGE-1 Eval D1011-A.M.100.C.1 R:0.19397 P:0.19397 F:0.19397
1 ROUGE-1 Eval D1012-A.M.100.C.1 R:0.23984 P:0.25000 F:0.24481
1 ROUGE-1 Eval D1013-A.M.100.C.1 R:0.33735 P:0.34426 F:0.34077
1 ROUGE-1 Eval D1014-A.M.100.C.1 R:0.17992 P:0.21078 F:0.19413
1 ROUGE-1 Eval D1015-A.M.100.C.1 R:0.31321 P:0.32937 F:0.32109
1 ROUGE-1 Eval D1016-A.M.100.C.1 R:0.32287 P:0.31034 F:0.31648
1 ROUGE-1 Eval D1017-A.M.100.D.1 R:0.18776 P:0.20909 F:0.19785
1 ROUGE-1 Eval D1018-A.M.100.D.1 R:0.27615 P:0.27049 F:0.27329
1 ROUGE-1 Eval D1019-A.M.100.D.1 R:0.33750 P:0.36161 F:0.34914
1 ROUGE-1 Eval D1020-A.M.100.D.1 R:0.21074 P:0.24057 F:0.22467
1 ROUGE-1 Eval D1021-A.M.100.D.1 R:0.25424 P:0.24194 F:0.24794
1 ROUGE-1 Eval D1022-A.M.100.D.1 R:0.30544 P:0.33182 F:0.31808
1 ROUGE-1 Eval D1023-A.M.100.E.1 R:0.23140 P:0.25926 F:0.24454
1 ROUGE-1 Eval D1024-A.M.100.E.1 R:0.38333 P:0.39655 F:0.38983
1 ROUGE-1 Eval D1025-A.M.100.E.1 R:0.24779 P:0.23729 F:0.24243
1 ROUGE-1 Eval D1026-A.M.100.E.1 R:0.17949 P:0.17213 F:0.17573
1 ROUGE-1 Eval D1027-A.M.100.E.1 R:0.38889 P:0.43750 F:0.41177
1 ROUGE-1 Eval D1028-A.M.100.E.1 R:0.34583 P:0.34583 F:0.34583
1 ROUGE-1 Eval D1029-A.M.100.F.1 R:0.22083 P:0.21371 F:0.21721
1 ROUGE-1 Eval D1030-A.M.100.F.1 R:0.25000 P:0.26695 F:0.25820
1 ROUGE-1 Eval D1031-A.M.100.F.1 R:0.20408 P:0.21186 F:0.20790
1 ROUGE-1 Eval D1032-A.M.100.F.1 R:0.25954 P:0.38636 F:0.31050
1 ROUGE-1 Eval D1033-A.M.100.F.1 R:0.30579 P:0.28462 F:0.29483
1 ROUGE-1 Eval D1034-A.M.100.F.1 R:0.16872 P:0.18304 F:0.17559
1 ROUGE-1 Eval D1035-A.M.100.G.1 R:0.23577 P:0.26852 F:0.25108
1 ROUGE-1 Eval D1036-A.M.100.G.1 R:0.15510 P:0.17273 F:0.16344
1 ROUGE-1 Eval D1037-A.M.100.G.1 R:0.30556 P:0.33000 F:0.31731
1 ROUGE-1 Eval D1038-A.M.100.G.1 R:0.18824 P:0.21818 F:0.20211
1 ROUGE-1 Eval D1039-A.M.100.G.1 R:0.24898 P:0.26293 F:0.25576
1 ROUGE-1 Eval D1040-A.M.100.G.1 R:0.23404 P:0.25000 F:0.24176
1 ROUGE-1 Eval D1041-A.M.100.H.1 R:0.29134 P:0.28462 F:0.28794
1 ROUGE-1 Eval D1042-A.M.100.H.1 R:0.25561 P:0.26887 F:0.26207
1 ROUGE-1 Eval D1043-A.M.100.H.1 R:0.27119 P:0.29630 F:0.28319
1 ROUGE-1 Eval D1044-A.M.100.H.1 R:0.29536 P:0.28689 F:0.29106
1 ROUGE-1 Eval D1045-A.M.100.H.1 R:0.27165 P:0.28750 F:0.27935
1 ROUGE-1 Eval D1046-A.M.100.H.1 R:0.26378 P:0.27917 F:0.27126
---------------------------------------------
1 ROUGE-2 Average_R: 0.07375 (95%-conf.int. 0.06236 - 0.08360)
1 ROUGE-2 Average_P: 0.07740 (95%-conf.int. 0.06616 - 0.08711)
1 ROUGE-2 Average_F: 0.07539 (95%-conf.int. 0.06396 - 0.08521)
.............................................
1 ROUGE-2 Eval D1001-A.M.100.A.1 R:0.06695 P:0.08511 F:0.07495
1 ROUGE-2 Eval D1002-A.M.100.A.1 R:0.05957 P:0.07000 F:0.06437
1 ROUGE-2 Eval D1003-A.M.100.A.1 R:0.05727 P:0.05603 F:0.05664
1 ROUGE-2 Eval D1004-A.M.100.A.1 R:0.13025 P:0.12705 F:0.12863
1 ROUGE-2 Eval D1005-A.M.100.A.1 R:0.01667 P:0.02222 F:0.01905
1 ROUGE-2 Eval D1006-A.M.100.A.1 R:0.04280 P:0.05500 F:0.04814
1 ROUGE-2 Eval D1007-A.M.100.B.1 R:0.08145 P:0.08182 F:0.08163
1 ROUGE-2 Eval D1008-A.M.100.B.1 R:0.02459 P:0.02500 F:0.02479
1 ROUGE-2 Eval D1009-A.M.100.B.1 R:0.10360 P:0.10455 F:0.10407
1 ROUGE-2 Eval D1010-A.M.100.B.1 R:0.09756 P:0.10000 F:0.09876
1 ROUGE-2 Eval D1011-A.M.100.C.1 R:0.07018 P:0.07018 F:0.07018
1 ROUGE-2 Eval D1012-A.M.100.C.1 R:0.05372 P:0.05603 F:0.05485
1 ROUGE-2 Eval D1013-A.M.100.C.1 R:0.15510 P:0.15833 F:0.15670
1 ROUGE-2 Eval D1014-A.M.100.C.1 R:0.01702 P:0.02000 F:0.01839
1 ROUGE-2 Eval D1015-A.M.100.C.1 R:0.11877 P:0.12500 F:0.12181
1 ROUGE-2 Eval D1016-A.M.100.C.1 R:0.09589 P:0.09211 F:0.09396
1 ROUGE-2 Eval D1017-A.M.100.D.1 R:0.02075 P:0.02315 F:0.02188
1 ROUGE-2 Eval D1018-A.M.100.D.1 R:0.11915 P:0.11667 F:0.11790
1 ROUGE-2 Eval D1019-A.M.100.D.1 R:0.05508 P:0.05909 F:0.05701
1 ROUGE-2 Eval D1020-A.M.100.D.1 R:0.03782 P:0.04327 F:0.04036
1 ROUGE-2 Eval D1021-A.M.100.D.1 R:0.09052 P:0.08607 F:0.08824
1 ROUGE-2 Eval D1022-A.M.100.D.1 R:0.10213 P:0.11111 F:0.10643
1 ROUGE-2 Eval D1023-A.M.100.E.1 R:0.03361 P:0.03774 F:0.03556
1 ROUGE-2 Eval D1024-A.M.100.E.1 R:0.10593 P:0.10965 F:0.10776
1 ROUGE-2 Eval D1025-A.M.100.E.1 R:0.10360 P:0.09914 F:0.10132
1 ROUGE-2 Eval D1026-A.M.100.E.1 R:0.05217 P:0.05000 F:0.05106
1 ROUGE-2 Eval D1027-A.M.100.E.1 R:0.13306 P:0.15000 F:0.14102
1 ROUGE-2 Eval D1028-A.M.100.E.1 R:0.11017 P:0.11017 F:0.11017
1 ROUGE-2 Eval D1029-A.M.100.F.1 R:0.02966 P:0.02869 F:0.02917
1 ROUGE-2 Eval D1030-A.M.100.F.1 R:0.06855 P:0.07328 F:0.07084
1 ROUGE-2 Eval D1031-A.M.100.F.1 R:0.04564 P:0.04741 F:0.04651
1 ROUGE-2 Eval D1032-A.M.100.F.1 R:0.05426 P:0.08140 F:0.06512
1 ROUGE-2 Eval D1033-A.M.100.F.1 R:0.12605 P:0.11719 F:0.12146
1 ROUGE-2 Eval D1034-A.M.100.F.1 R:0.01674 P:0.01818 F:0.01743
1 ROUGE-2 Eval D1035-A.M.100.G.1 R:0.07025 P:0.08019 F:0.07489
1 ROUGE-2 Eval D1036-A.M.100.G.1 R:0.02490 P:0.02778 F:0.02626
1 ROUGE-2 Eval D1037-A.M.100.G.1 R:0.06132 P:0.06633 F:0.06373
1 ROUGE-2 Eval D1038-A.M.100.G.1 R:0.04781 P:0.05556 F:0.05139
1 ROUGE-2 Eval D1039-A.M.100.G.1 R:0.09959 P:0.10526 F:0.10235
1 ROUGE-2 Eval D1040-A.M.100.G.1 R:0.08225 P:0.08796 F:0.08501
1 ROUGE-2 Eval D1041-A.M.100.H.1 R:0.09600 P:0.09375 F:0.09486
1 ROUGE-2 Eval D1042-A.M.100.H.1 R:0.08676 P:0.09135 F:0.08900
1 ROUGE-2 Eval D1043-A.M.100.H.1 R:0.11638 P:0.12736 F:0.12162
1 ROUGE-2 Eval D1044-A.M.100.H.1 R:0.08584 P:0.08333 F:0.08457
1 ROUGE-2 Eval D1045-A.M.100.H.1 R:0.06400 P:0.06780 F:0.06585
1 ROUGE-2 Eval D1046-A.M.100.H.1 R:0.06800 P:0.07203 F:0.06996
