---------------------------------------------
1 ROUGE-1 Average_R: 0.25879 (95%-conf.int. 0.23967 - 0.27720)
1 ROUGE-1 Average_P: 0.27785 (95%-conf.int. 0.25829 - 0.29742)
1 ROUGE-1 Average_F: 0.26741 (95%-conf.int. 0.24846 - 0.28632)
.............................................
1 ROUGE-1 Eval D1001-A.M.100.A.1 R:0.34568 P:0.40385 F:0.37251
1 ROUGE-1 Eval D1002-A.M.100.A.1 R:0.23431 P:0.28571 F:0.25747
1 ROUGE-1 Eval D1003-A.M.100.A.1 R:0.25541 P:0.23047 F:0.24230
1 ROUGE-1 Eval D1004-A.M.100.A.1 R:0.32231 P:0.31967 F:0.32098
1 ROUGE-1 Eval D1005-A.M.100.A.1 R:0.29918 P:0.31466 F:0.30672
1 ROUGE-1 Eval D1006-A.M.100.A.1 R:0.18391 P:0.26087 F:0.21573
1 ROUGE-1 Eval D1007-A.M.100.B.1 R:0.29333 P:0.31731 F:0.30485
1 ROUGE-1 Eval D1008-A.M.100.B.1 R:0.17339 P:0.17063 F:0.17200
1 ROUGE-1 Eval D1009-A.M.100.B.1 R:0.31858 P:0.32727 F:0.32287
1 ROUGE-1 Eval D1010-A.M.100.B.1 R:0.35600 P:0.33712 F:0.34630
1 ROUGE-1 Eval D1011-A.M.100.C.1 R:0.24138 P:0.22222 F:0.23140
1 ROUGE-1 Eval D1012-A.M.100.C.1 R:0.23577 P:0.25439 F:0.24473
1 ROUGE-1 Eval D1013-A.M.100.C.1 R:0.25301 P:0.27632 F:0.26415
1 ROUGE-1 Eval D1014-A.M.100.C.1 R:0.17992 P:0.18860 F:0.18416
1 ROUGE-1 Eval D1015-A.M.100.C.1 R:0.24151 P:0.23881 F:0.24015
1 ROUGE-1 Eval D1016-A.M.100.C.1 R:0.35426 P:0.36574 F:0.35991
1 ROUGE-1 Eval D1017-A.M.100.D.1 R:0.16735 P:0.18981 F:0.17787
1 ROUGE-1 Eval D1018-A.M.100.D.1 R:0.25941 P:0.25410 F:0.25673
1 ROUGE-1 Eval D1019-A.M.100.D.1 R:0.33750 P:0.36161 F:0.34914
1 ROUGE-1 Eval D1020-A.M.100.D.1 R:0.23140 P:0.24561 F:0.23829
1 ROUGE-1 Eval D1021-A.M.100.D.1 R:0.20339 P:0.22642 F:0.21429
1 ROUGE-1 Eval D1022-A.M.100.D.1 R:0.19665 P:0.23500 F:0.21412
1 ROUGE-1 Eval D1023-A.M.100.E.1 R:0.26033 P:0.28636 F:0.27273
1 ROUGE-1 Eval D1024-A.M.100.E.1 R:0.34583 P:0.35776 F:0.35169
1 ROUGE-1 Eval D1025-A.M.100.E.1 R:0.30973 P:0.28689 F:0.29787
1 ROUGE-1 Eval D1026-A.M.100.E.1 R:0.13248 P:0.13136 F:0.13192
1 ROUGE-1 Eval D1027-A.M.100.E.1 R:0.38889 P:0.43750 F:0.41177
1 ROUGE-1 Eval D1028-A.M.100.E.1 R:0.27500 P:0.27500 F:0.27500
1 ROUGE-1 Eval D1029-A.M.100.F.1 R:0.27500 P:0.28448 F:0.27966
1 ROUGE-1 Eval D1030-A.M.100.F.1 R:0.25000 P:0.26695 F:0.25820
1 ROUGE-1 Eval D1031-A.M.100.F.1 R:0.20408 P:0.24038 F:0.22075
1 ROUGE-1 Eval D1032-A.M.100.F.1 R:0.28244 P:0.34906 F:0.31224
1 ROUGE-1 Eval D1033-A.M.100.F.1 R:0.31405 P:0.29231 F:0.30279
1 ROUGE-1 Eval D1034-A.M.100.F.1 R:0.14815 P:0.17647 F:0.16107
1 ROUGE-1 Eval D1035-A.M.100.G.1 R:0.20325 P:0.26596 F:0.23041
1 ROUGE-1 Eval D1036-A.M.100.G.1 R:0.10204 P:0.11574 F:0.10846
1 ROUGE-1 Eval D1037-A.M.100.G.1 R:0.29167 P:0.31500 F:0.30289
1 ROUGE-1 Eval D1038-A.M.100.G.1 R:0.17255 P:0.20000 F:0.18526
1 ROUGE-1 Eval D1039-A.M.100.G.1 R:0.26939 P:0.29464 F:0.28145
1 ROUGE-1 Eval D1040-A.M.100.G.1 R:0.27234 P:0.29630 F:0.28382
1 ROUGE-1 Eval D1041-A.M.100.H.1 R:0.23228 P:0.30729 F:0.26457
1 ROUGE-1 Eval D1042-A.M.100.H.1 R:0.26009 P:0.26852 F:0.26424
1 ROUGE-1 Eval D1043-A.M.100.H.1 R:0.30508 P:0.30508 F:0.30508
1 ROUGE-1 Eval D1044-A.M.100.H.1 R:0.27426 P:0.28509 F:0.27957
1 ROUGE-1 Eval D1045-A.M.100.H.1 R:0.38189 P:0.41810 F:0.39918
1 ROUGE-1 Eval D1046-A.M.100.H.1 R:0.29921 P:0.32759 F:0.31276
---------------------------------------------
1 ROUGE-2 Average_R: 0.07284 (95%-conf.int. 0.06195 - 0.08257)
1 ROUGE-2 Average_P: 0.07762 (95%-conf.int. 0.06594 - 0.08821)
1 ROUGE-2 Average_F: 0.07500 (95%-conf.int. 0.06409 - 0.08511)
.............................................
1 ROUGE-2 Eval D1001-A.M.100.A.1 R:0.12134 P:0.14216 F:0.13093
1 ROUGE-2 Eval D1002-A.M.100.A.1 R:0.03830 P:0.04688 F:0.04216
1 ROUGE-2 Eval D1003-A.M.100.A.1 R:0.06608 P:0.05952 F:0.06263
1 ROUGE-2 Eval D1004-A.M.100.A.1 R:0.10504 P:0.10417 F:0.10460
1 ROUGE-2 Eval D1005-A.M.100.A.1 R:0.06250 P:0.06579 F:0.06410
1 ROUGE-2 Eval D1006-A.M.100.A.1 R:0.00000 P:0.00000 F:0.00000
1 ROUGE-2 Eval D1007-A.M.100.B.1 R:0.06787 P:0.07353 F:0.07059
1 ROUGE-2 Eval D1008-A.M.100.B.1 R:0.02869 P:0.02823 F:0.02846
1 ROUGE-2 Eval D1009-A.M.100.B.1 R:0.09910 P:0.10185 F:0.10046
1 ROUGE-2 Eval D1010-A.M.100.B.1 R:0.14228 P:0.13462 F:0.13834
1 ROUGE-2 Eval D1011-A.M.100.C.1 R:0.09211 P:0.08468 F:0.08824
1 ROUGE-2 Eval D1012-A.M.100.C.1 R:0.04545 P:0.04911 F:0.04721
1 ROUGE-2 Eval D1013-A.M.100.C.1 R:0.13878 P:0.15179 F:0.14499
1 ROUGE-2 Eval D1014-A.M.100.C.1 R:0.01702 P:0.01786 F:0.01743
1 ROUGE-2 Eval D1015-A.M.100.C.1 R:0.07663 P:0.07576 F:0.07619
1 ROUGE-2 Eval D1016-A.M.100.C.1 R:0.08676 P:0.08962 F:0.08817
1 ROUGE-2 Eval D1017-A.M.100.D.1 R:0.01245 P:0.01415 F:0.01325
1 ROUGE-2 Eval D1018-A.M.100.D.1 R:0.11915 P:0.11667 F:0.11790
1 ROUGE-2 Eval D1019-A.M.100.D.1 R:0.06356 P:0.06818 F:0.06579
1 ROUGE-2 Eval D1020-A.M.100.D.1 R:0.03361 P:0.03571 F:0.03463
1 ROUGE-2 Eval D1021-A.M.100.D.1 R:0.08190 P:0.09135 F:0.08637
1 ROUGE-2 Eval D1022-A.M.100.D.1 R:0.02553 P:0.03061 F:0.02784
1 ROUGE-2 Eval D1023-A.M.100.E.1 R:0.03361 P:0.03704 F:0.03524
1 ROUGE-2 Eval D1024-A.M.100.E.1 R:0.13559 P:0.14035 F:0.13793
1 ROUGE-2 Eval D1025-A.M.100.E.1 R:0.08559 P:0.07917 F:0.08225
1 ROUGE-2 Eval D1026-A.M.100.E.1 R:0.03913 P:0.03879 F:0.03896
1 ROUGE-2 Eval D1027-A.M.100.E.1 R:0.13710 P:0.15455 F:0.14530
1 ROUGE-2 Eval D1028-A.M.100.E.1 R:0.05085 P:0.05085 F:0.05085
1 ROUGE-2 Eval D1029-A.M.100.F.1 R:0.06780 P:0.07018 F:0.06897
1 ROUGE-2 Eval D1030-A.M.100.F.1 R:0.06855 P:0.07328 F:0.07084
1 ROUGE-2 Eval D1031-A.M.100.F.1 R:0.04979 P:0.05882 F:0.05393
1 ROUGE-2 Eval D1032-A.M.100.F.1 R:0.05814 P:0.07212 F:0.06438
1 ROUGE-2 Eval D1033-A.M.100.F.1 R:0.09664 P:0.08984 F:0.09312
1 ROUGE-2 Eval D1034-A.M.100.F.1 R:0.02092 P:0.02500 F:0.02278
1 ROUGE-2 Eval D1035-A.M.100.G.1 R:0.07851 P:0.10326 F:0.08920
1 ROUGE-2 Eval D1036-A.M.100.G.1 R:0.02075 P:0.02358 F:0.02207
1 ROUGE-2 Eval D1037-A.M.100.G.1 R:0.06132 P:0.06633 F:0.06373
1 ROUGE-2 Eval D1038-A.M.100.G.1 R:0.05578 P:0.06481 F:0.05996
1 ROUGE-2 Eval D1039-A.M.100.G.1 R:0.09544 P:0.10455 F:0.09979
1 ROUGE-2 Eval D1040-A.M.100.G.1 R:0.09091 P:0.09906 F:0.09481
1 ROUGE-2 Eval D1041-A.M.100.H.1 R:0.10000 P:0.13298 F:0.11416
1 ROUGE-2 Eval D1042-A.M.100.H.1 R:0.08676 P:0.08962 F:0.08817
1 ROUGE-2 Eval D1043-A.M.100.H.1 R:0.13362 P:0.13362 F:0.13362
1 ROUGE-2 Eval D1044-A.M.100.H.1 R:0.09871 P:0.10268 F:0.10066
1 ROUGE-2 Eval D1045-A.M.100.H.1 R:0.08400 P:0.09211 F:0.08787
1 ROUGE-2 Eval D1046-A.M.100.H.1 R:0.08400 P:0.09211 F:0.08787
