---------------------------------------------
1 ROUGE-1 Average_R: 0.24870 (95%-conf.int. 0.23081 - 0.26696)
1 ROUGE-1 Average_P: 0.26981 (95%-conf.int. 0.24970 - 0.28938)
1 ROUGE-1 Average_F: 0.25821 (95%-conf.int. 0.23965 - 0.27662)
.............................................
1 ROUGE-1 Eval D1001-A.M.100.A.1 R:0.23457 P:0.25909 F:0.24622
1 ROUGE-1 Eval D1002-A.M.100.A.1 R:0.25941 P:0.30392 F:0.27991
1 ROUGE-1 Eval D1003-A.M.100.A.1 R:0.23810 P:0.21825 F:0.22774
1 ROUGE-1 Eval D1004-A.M.100.A.1 R:0.36364 P:0.36667 F:0.36515
1 ROUGE-1 Eval D1005-A.M.100.A.1 R:0.18443 P:0.24457 F:0.21028
1 ROUGE-1 Eval D1006-A.M.100.A.1 R:0.26437 P:0.34500 F:0.29935
1 ROUGE-1 Eval D1007-A.M.100.B.1 R:0.26667 P:0.28846 F:0.27714
1 ROUGE-1 Eval D1008-A.M.100.B.1 R:0.16935 P:0.17500 F:0.17213
1 ROUGE-1 Eval D1009-A.M.100.B.1 R:0.27434 P:0.28182 F:0.27803
1 ROUGE-1 Eval D1010-A.M.100.B.1 R:0.25200 P:0.25820 F:0.25506
1 ROUGE-1 Eval D1011-A.M.100.C.1 R:0.15517 P:0.14286 F:0.14876
1 ROUGE-1 Eval D1012-A.M.100.C.1 R:0.25203 P:0.27679 F:0.26383
1 ROUGE-1 Eval D1013-A.M.100.C.1 R:0.27711 P:0.30263 F:0.28931
1 ROUGE-1 Eval D1014-A.M.100.C.1 R:0.18410 P:0.20755 F:0.19512
1 ROUGE-1 Eval D1015-A.M.100.C.1 R:0.31321 P:0.32937 F:0.32109
1 ROUGE-1 Eval D1016-A.M.100.C.1 R:0.38565 P:0.38393 F:0.38479
1 ROUGE-1 Eval D1017-A.M.100.D.1 R:0.18776 P:0.21698 F:0.20132
1 ROUGE-1 Eval D1018-A.M.100.D.1 R:0.17992 P:0.18220 F:0.18105
1 ROUGE-1 Eval D1019-A.M.100.D.1 R:0.35833 P:0.37719 F:0.36752
1 ROUGE-1 Eval D1020-A.M.100.D.1 R:0.19421 P:0.21759 F:0.20524
1 ROUGE-1 Eval D1021-A.M.100.D.1 R:0.22458 P:0.22845 F:0.22650
1 ROUGE-1 Eval D1022-A.M.100.D.1 R:0.30544 P:0.33796 F:0.32088
1 ROUGE-1 Eval D1023-A.M.100.E.1 R:0.23140 P:0.25926 F:0.24454
1 ROUGE-1 Eval D1024-A.M.100.E.1 R:0.26667 P:0.31373 F:0.28829
1 ROUGE-1 Eval D1025-A.M.100.E.1 R:0.21239 P:0.22642 F:0.21918
1 ROUGE-1 Eval D1026-A.M.100.E.1 R:0.17949 P:0.17213 F:0.17573
1 ROUGE-1 Eval D1027-A.M.100.E.1 R:0.40476 P:0.43966 F:0.42149
1 ROUGE-1 Eval D1028-A.M.100.E.1 R:0.34583 P:0.34583 F:0.34583
1 ROUGE-1 Eval D1029-A.M.100.F.1 R:0.15833 P:0.16667 F:0.16239
1 ROUGE-1 Eval D1030-A.M.100.F.1 R:0.21429 P:0.24107 F:0.22689
1 ROUGE-1 Eval D1031-A.M.100.F.1 R:0.17959 P:0.18333 F:0.18144
1 ROUGE-1 Eval D1032-A.M.100.F.1 R:0.25191 P:0.39286 F:0.30698
1 ROUGE-1 Eval D1033-A.M.100.F.1 R:0.32645 P:0.32377 F:0.32510
1 ROUGE-1 Eval D1034-A.M.100.F.1 R:0.16872 P:0.18304 F:0.17559
1 ROUGE-1 Eval D1035-A.M.100.G.1 R:0.24797 P:0.32447 F:0.28111
1 ROUGE-1 Eval D1036-A.M.100.G.1 R:0.15510 P:0.17273 F:0.16344
1 ROUGE-1 Eval D1037-A.M.100.G.1 R:0.32870 P:0.32273 F:0.32569
1 ROUGE-1 Eval D1038-A.M.100.G.1 R:0.19216 P:0.19444 F:0.19329
1 ROUGE-1 Eval D1039-A.M.100.G.1 R:0.24490 P:0.26786 F:0.25587
1 ROUGE-1 Eval D1040-A.M.100.G.1 R:0.28511 P:0.32212 F:0.30249
1 ROUGE-1 Eval D1041-A.M.100.H.1 R:0.26378 P:0.29386 F:0.27801
1 ROUGE-1 Eval D1042-A.M.100.H.1 R:0.25561 P:0.26887 F:0.26207
1 ROUGE-1 Eval D1043-A.M.100.H.1 R:0.23729 P:0.26415 F:0.25000
1 ROUGE-1 Eval D1044-A.M.100.H.1 R:0.29536 P:0.28689 F:0.29106
1 ROUGE-1 Eval D1045-A.M.100.H.1 R:0.22441 P:0.24153 F:0.23266
1 ROUGE-1 Eval D1046-A.M.100.H.1 R:0.26378 P:0.27917 F:0.27126
---------------------------------------------
1 ROUGE-2 Average_R: 0.06886 (95%-conf.int. 0.05853 - 0.07866)
1 ROUGE-2 Average_P: 0.07432 (95%-conf.int. 0.06361 - 0.08461)
1 ROUGE-2 Average_F: 0.07134 (95%-conf.int. 0.06095 - 0.08125)
.............................................
1 ROUGE-2 Eval D1001-A.M.100.A.1 R:0.09623 P:0.10648 F:0.10110
1 ROUGE-2 Eval D1002-A.M.100.A.1 R:0.05957 P:0.07000 F:0.06437
1 ROUGE-2 Eval D1003-A.M.100.A.1 R:0.03524 P:0.03226 F:0.03368
1 ROUGE-2 Eval D1004-A.M.100.A.1 R:0.11765 P:0.11864 F:0.11814
1 ROUGE-2 Eval D1005-A.M.100.A.1 R:0.01667 P:0.02222 F:0.01905
1 ROUGE-2 Eval D1006-A.M.100.A.1 R:0.05837 P:0.07653 F:0.06623
1 ROUGE-2 Eval D1007-A.M.100.B.1 R:0.07240 P:0.07843 F:0.07529
1 ROUGE-2 Eval D1008-A.M.100.B.1 R:0.03689 P:0.03814 F:0.03750
1 ROUGE-2 Eval D1009-A.M.100.B.1 R:0.06757 P:0.06944 F:0.06849
1 ROUGE-2 Eval D1010-A.M.100.B.1 R:0.09756 P:0.10000 F:0.09876
1 ROUGE-2 Eval D1011-A.M.100.C.1 R:0.05263 P:0.04839 F:0.05042
1 ROUGE-2 Eval D1012-A.M.100.C.1 R:0.04959 P:0.05455 F:0.05195
1 ROUGE-2 Eval D1013-A.M.100.C.1 R:0.13061 P:0.14286 F:0.13646
1 ROUGE-2 Eval D1014-A.M.100.C.1 R:0.02128 P:0.02404 F:0.02258
1 ROUGE-2 Eval D1015-A.M.100.C.1 R:0.11877 P:0.12500 F:0.12181
1 ROUGE-2 Eval D1016-A.M.100.C.1 R:0.13699 P:0.13636 F:0.13667
1 ROUGE-2 Eval D1017-A.M.100.D.1 R:0.01245 P:0.01442 F:0.01336
1 ROUGE-2 Eval D1018-A.M.100.D.1 R:0.09362 P:0.09483 F:0.09422
1 ROUGE-2 Eval D1019-A.M.100.D.1 R:0.05932 P:0.06250 F:0.06087
1 ROUGE-2 Eval D1020-A.M.100.D.1 R:0.03782 P:0.04245 F:0.04000
1 ROUGE-2 Eval D1021-A.M.100.D.1 R:0.06897 P:0.07018 F:0.06957
1 ROUGE-2 Eval D1022-A.M.100.D.1 R:0.10213 P:0.11321 F:0.10738
1 ROUGE-2 Eval D1023-A.M.100.E.1 R:0.03361 P:0.03774 F:0.03556
1 ROUGE-2 Eval D1024-A.M.100.E.1 R:0.08051 P:0.09500 F:0.08716
1 ROUGE-2 Eval D1025-A.M.100.E.1 R:0.05856 P:0.06250 F:0.06047
1 ROUGE-2 Eval D1026-A.M.100.E.1 R:0.05217 P:0.05000 F:0.05106
1 ROUGE-2 Eval D1027-A.M.100.E.1 R:0.14919 P:0.16228 F:0.15546
1 ROUGE-2 Eval D1028-A.M.100.E.1 R:0.11017 P:0.11017 F:0.11017
1 ROUGE-2 Eval D1029-A.M.100.F.1 R:0.02119 P:0.02232 F:0.02174
1 ROUGE-2 Eval D1030-A.M.100.F.1 R:0.06855 P:0.07727 F:0.07265
1 ROUGE-2 Eval D1031-A.M.100.F.1 R:0.02490 P:0.02542 F:0.02516
1 ROUGE-2 Eval D1032-A.M.100.F.1 R:0.05426 P:0.08537 F:0.06635
1 ROUGE-2 Eval D1033-A.M.100.F.1 R:0.08824 P:0.08750 F:0.08787
1 ROUGE-2 Eval D1034-A.M.100.F.1 R:0.01674 P:0.01818 F:0.01743
1 ROUGE-2 Eval D1035-A.M.100.G.1 R:0.07025 P:0.09239 F:0.07981
1 ROUGE-2 Eval D1036-A.M.100.G.1 R:0.02490 P:0.02778 F:0.02626
1 ROUGE-2 Eval D1037-A.M.100.G.1 R:0.07075 P:0.06944 F:0.07009
1 ROUGE-2 Eval D1038-A.M.100.G.1 R:0.04382 P:0.04435 F:0.04408
1 ROUGE-2 Eval D1039-A.M.100.G.1 R:0.07469 P:0.08182 F:0.07809
1 ROUGE-2 Eval D1040-A.M.100.G.1 R:0.11255 P:0.12745 F:0.11954
1 ROUGE-2 Eval D1041-A.M.100.H.1 R:0.08800 P:0.09821 F:0.09283
1 ROUGE-2 Eval D1042-A.M.100.H.1 R:0.08676 P:0.09135 F:0.08900
1 ROUGE-2 Eval D1043-A.M.100.H.1 R:0.09052 P:0.10096 F:0.09546
1 ROUGE-2 Eval D1044-A.M.100.H.1 R:0.08584 P:0.08333 F:0.08457
1 ROUGE-2 Eval D1045-A.M.100.H.1 R:0.05600 P:0.06034 F:0.05809
1 ROUGE-2 Eval D1046-A.M.100.H.1 R:0.06800 P:0.07203 F:0.06996
