---------------------------------------------
1 ROUGE-1 Average_R: 0.25119 (95%-conf.int. 0.23424 - 0.26837)
1 ROUGE-1 Average_P: 0.26465 (95%-conf.int. 0.24774 - 0.28295)
1 ROUGE-1 Average_F: 0.25716 (95%-conf.int. 0.24102 - 0.27376)
.............................................
1 ROUGE-1 Eval D1001-A.M.100.A.1 R:0.27984 P:0.32692 F:0.30155
1 ROUGE-1 Eval D1002-A.M.100.A.1 R:0.18828 P:0.25568 F:0.21686
1 ROUGE-1 Eval D1003-A.M.100.A.1 R:0.26407 P:0.23828 F:0.25051
1 ROUGE-1 Eval D1004-A.M.100.A.1 R:0.37603 P:0.34470 F:0.35968
1 ROUGE-1 Eval D1005-A.M.100.A.1 R:0.29918 P:0.31466 F:0.30672
1 ROUGE-1 Eval D1006-A.M.100.A.1 R:0.19923 P:0.22034 F:0.20925
1 ROUGE-1 Eval D1007-A.M.100.B.1 R:0.20889 P:0.23500 F:0.22118
1 ROUGE-1 Eval D1008-A.M.100.B.1 R:0.17339 P:0.17917 F:0.17623
1 ROUGE-1 Eval D1009-A.M.100.B.1 R:0.25221 P:0.26389 F:0.25792
1 ROUGE-1 Eval D1010-A.M.100.B.1 R:0.29200 P:0.29435 F:0.29317
1 ROUGE-1 Eval D1011-A.M.100.C.1 R:0.24138 P:0.22222 F:0.23140
1 ROUGE-1 Eval D1012-A.M.100.C.1 R:0.23984 P:0.25431 F:0.24686
1 ROUGE-1 Eval D1013-A.M.100.C.1 R:0.25301 P:0.27632 F:0.26415
1 ROUGE-1 Eval D1014-A.M.100.C.1 R:0.17155 P:0.18304 F:0.17711
1 ROUGE-1 Eval D1015-A.M.100.C.1 R:0.27547 P:0.28516 F:0.28023
1 ROUGE-1 Eval D1016-A.M.100.C.1 R:0.33632 P:0.34722 F:0.34168
1 ROUGE-1 Eval D1017-A.M.100.D.1 R:0.20816 P:0.23611 F:0.22126
1 ROUGE-1 Eval D1018-A.M.100.D.1 R:0.26778 P:0.23529 F:0.25049
1 ROUGE-1 Eval D1019-A.M.100.D.1 R:0.32083 P:0.30556 F:0.31301
1 ROUGE-1 Eval D1020-A.M.100.D.1 R:0.23140 P:0.24561 F:0.23829
1 ROUGE-1 Eval D1021-A.M.100.D.1 R:0.20339 P:0.22642 F:0.21429
1 ROUGE-1 Eval D1022-A.M.100.D.1 R:0.29289 P:0.33654 F:0.31320
1 ROUGE-1 Eval D1023-A.M.100.E.1 R:0.22314 P:0.22881 F:0.22594
1 ROUGE-1 Eval D1024-A.M.100.E.1 R:0.32083 P:0.35648 F:0.33772
1 ROUGE-1 Eval D1025-A.M.100.E.1 R:0.25221 P:0.24569 F:0.24891
1 ROUGE-1 Eval D1026-A.M.100.E.1 R:0.13248 P:0.13596 F:0.13420
1 ROUGE-1 Eval D1027-A.M.100.E.1 R:0.32937 P:0.37054 F:0.34874
1 ROUGE-1 Eval D1028-A.M.100.E.1 R:0.29167 P:0.28689 F:0.28926
1 ROUGE-1 Eval D1029-A.M.100.F.1 R:0.16250 P:0.20745 F:0.18224
1 ROUGE-1 Eval D1030-A.M.100.F.1 R:0.25000 P:0.26695 F:0.25820
1 ROUGE-1 Eval D1031-A.M.100.F.1 R:0.17143 P:0.20192 F:0.18543
1 ROUGE-1 Eval D1032-A.M.100.F.1 R:0.29008 P:0.33333 F:0.31020
1 ROUGE-1 Eval D1033-A.M.100.F.1 R:0.31405 P:0.29231 F:0.30279
1 ROUGE-1 Eval D1034-A.M.100.F.1 R:0.16872 P:0.18304 F:0.17559
1 ROUGE-1 Eval D1035-A.M.100.G.1 R:0.20325 P:0.26596 F:0.23041
1 ROUGE-1 Eval D1036-A.M.100.G.1 R:0.13061 P:0.13793 F:0.13417
1 ROUGE-1 Eval D1037-A.M.100.G.1 R:0.25926 P:0.25926 F:0.25926
1 ROUGE-1 Eval D1038-A.M.100.G.1 R:0.18824 P:0.17910 F:0.18356
1 ROUGE-1 Eval D1039-A.M.100.G.1 R:0.26939 P:0.26613 F:0.26775
1 ROUGE-1 Eval D1040-A.M.100.G.1 R:0.31064 P:0.33182 F:0.32088
1 ROUGE-1 Eval D1041-A.M.100.H.1 R:0.22047 P:0.26415 F:0.24034
1 ROUGE-1 Eval D1042-A.M.100.H.1 R:0.26009 P:0.24167 F:0.25054
1 ROUGE-1 Eval D1043-A.M.100.H.1 R:0.27966 P:0.26190 F:0.27049
1 ROUGE-1 Eval D1044-A.M.100.H.1 R:0.32489 P:0.31557 F:0.32016
1 ROUGE-1 Eval D1045-A.M.100.H.1 R:0.35433 P:0.40909 F:0.37975
1 ROUGE-1 Eval D1046-A.M.100.H.1 R:0.29921 P:0.32759 F:0.31276
---------------------------------------------
1 ROUGE-2 Average_R: 0.06901 (95%-conf.int. 0.05807 - 0.07926)
1 ROUGE-2 Average_P: 0.07223 (95%-conf.int. 0.06101 - 0.08232)
1 ROUGE-2 Average_F: 0.07041 (95%-conf.int. 0.05942 - 0.08045)
.............................................
1 ROUGE-2 Eval D1001-A.M.100.A.1 R:0.10879 P:0.12745 F:0.11738
1 ROUGE-2 Eval D1002-A.M.100.A.1 R:0.02553 P:0.03488 F:0.02948
1 ROUGE-2 Eval D1003-A.M.100.A.1 R:0.06167 P:0.05556 F:0.05846
1 ROUGE-2 Eval D1004-A.M.100.A.1 R:0.09664 P:0.08846 F:0.09237
1 ROUGE-2 Eval D1005-A.M.100.A.1 R:0.06250 P:0.06579 F:0.06410
1 ROUGE-2 Eval D1006-A.M.100.A.1 R:0.00389 P:0.00431 F:0.00409
1 ROUGE-2 Eval D1007-A.M.100.B.1 R:0.04072 P:0.04592 F:0.04316
1 ROUGE-2 Eval D1008-A.M.100.B.1 R:0.02459 P:0.02542 F:0.02500
1 ROUGE-2 Eval D1009-A.M.100.B.1 R:0.05856 P:0.06132 F:0.05991
1 ROUGE-2 Eval D1010-A.M.100.B.1 R:0.14228 P:0.14344 F:0.14286
1 ROUGE-2 Eval D1011-A.M.100.C.1 R:0.09211 P:0.08468 F:0.08824
1 ROUGE-2 Eval D1012-A.M.100.C.1 R:0.02893 P:0.03070 F:0.02979
1 ROUGE-2 Eval D1013-A.M.100.C.1 R:0.13878 P:0.15179 F:0.14499
1 ROUGE-2 Eval D1014-A.M.100.C.1 R:0.01277 P:0.01364 F:0.01319
1 ROUGE-2 Eval D1015-A.M.100.C.1 R:0.09195 P:0.09524 F:0.09357
1 ROUGE-2 Eval D1016-A.M.100.C.1 R:0.05479 P:0.05660 F:0.05568
1 ROUGE-2 Eval D1017-A.M.100.D.1 R:0.03320 P:0.03774 F:0.03532
1 ROUGE-2 Eval D1018-A.M.100.D.1 R:0.12340 P:0.10821 F:0.11531
1 ROUGE-2 Eval D1019-A.M.100.D.1 R:0.07203 P:0.06855 F:0.07025
1 ROUGE-2 Eval D1020-A.M.100.D.1 R:0.03361 P:0.03571 F:0.03463
1 ROUGE-2 Eval D1021-A.M.100.D.1 R:0.08190 P:0.09135 F:0.08637
1 ROUGE-2 Eval D1022-A.M.100.D.1 R:0.10213 P:0.11765 F:0.10934
1 ROUGE-2 Eval D1023-A.M.100.E.1 R:0.03361 P:0.03448 F:0.03404
1 ROUGE-2 Eval D1024-A.M.100.E.1 R:0.09746 P:0.10849 F:0.10268
1 ROUGE-2 Eval D1025-A.M.100.E.1 R:0.04955 P:0.04825 F:0.04889
1 ROUGE-2 Eval D1026-A.M.100.E.1 R:0.03913 P:0.04018 F:0.03965
1 ROUGE-2 Eval D1027-A.M.100.E.1 R:0.09677 P:0.10909 F:0.10256
1 ROUGE-2 Eval D1028-A.M.100.E.1 R:0.05932 P:0.05833 F:0.05882
1 ROUGE-2 Eval D1029-A.M.100.F.1 R:0.00000 P:0.00000 F:0.00000
1 ROUGE-2 Eval D1030-A.M.100.F.1 R:0.06452 P:0.06897 F:0.06667
1 ROUGE-2 Eval D1031-A.M.100.F.1 R:0.04564 P:0.05392 F:0.04944
1 ROUGE-2 Eval D1032-A.M.100.F.1 R:0.07752 P:0.08929 F:0.08299
1 ROUGE-2 Eval D1033-A.M.100.F.1 R:0.09664 P:0.08984 F:0.09312
1 ROUGE-2 Eval D1034-A.M.100.F.1 R:0.01674 P:0.01818 F:0.01743
1 ROUGE-2 Eval D1035-A.M.100.G.1 R:0.07851 P:0.10326 F:0.08920
1 ROUGE-2 Eval D1036-A.M.100.G.1 R:0.02490 P:0.02632 F:0.02559
1 ROUGE-2 Eval D1037-A.M.100.G.1 R:0.05660 P:0.05660 F:0.05660
1 ROUGE-2 Eval D1038-A.M.100.G.1 R:0.05976 P:0.05682 F:0.05825
1 ROUGE-2 Eval D1039-A.M.100.G.1 R:0.08299 P:0.08197 F:0.08248
1 ROUGE-2 Eval D1040-A.M.100.G.1 R:0.12121 P:0.12963 F:0.12528
1 ROUGE-2 Eval D1041-A.M.100.H.1 R:0.08800 P:0.10577 F:0.09607
1 ROUGE-2 Eval D1042-A.M.100.H.1 R:0.09589 P:0.08898 F:0.09231
1 ROUGE-2 Eval D1043-A.M.100.H.1 R:0.13793 P:0.12903 F:0.13333
1 ROUGE-2 Eval D1044-A.M.100.H.1 R:0.10300 P:0.10000 F:0.10148
1 ROUGE-2 Eval D1045-A.M.100.H.1 R:0.08000 P:0.09259 F:0.08584
1 ROUGE-2 Eval D1046-A.M.100.H.1 R:0.08400 P:0.09211 F:0.08787
