---------------------------------------------
1 ROUGE-1 Average_R: 0.27092 (95%-conf.int. 0.25333 - 0.28795)
1 ROUGE-1 Average_P: 0.29754 (95%-conf.int. 0.27908 - 0.31545)
1 ROUGE-1 Average_F: 0.28278 (95%-conf.int. 0.26536 - 0.29930)
.............................................
1 ROUGE-1 Eval D1001-A.M.100.A.1 R:0.31276 P:0.36538 F:0.33703
1 ROUGE-1 Eval D1002-A.M.100.A.1 R:0.29289 P:0.31818 F:0.30501
1 ROUGE-1 Eval D1003-A.M.100.A.1 R:0.27706 P:0.27586 F:0.27646
1 ROUGE-1 Eval D1004-A.M.100.A.1 R:0.25207 P:0.24206 F:0.24696
1 ROUGE-1 Eval D1005-A.M.100.A.1 R:0.25410 P:0.29808 F:0.27434
1 ROUGE-1 Eval D1006-A.M.100.A.1 R:0.22989 P:0.34091 F:0.27460
1 ROUGE-1 Eval D1007-A.M.100.B.1 R:0.26667 P:0.28846 F:0.27714
1 ROUGE-1 Eval D1008-A.M.100.B.1 R:0.22984 P:0.31667 F:0.26636
1 ROUGE-1 Eval D1009-A.M.100.B.1 R:0.35841 P:0.33750 F:0.34764
1 ROUGE-1 Eval D1010-A.M.100.B.1 R:0.31600 P:0.38725 F:0.34802
1 ROUGE-1 Eval D1011-A.M.100.C.1 R:0.17241 P:0.25000 F:0.20408
1 ROUGE-1 Eval D1012-A.M.100.C.1 R:0.28455 P:0.28689 F:0.28572
1 ROUGE-1 Eval D1013-A.M.100.C.1 R:0.36546 P:0.42925 F:0.39479
1 ROUGE-1 Eval D1014-A.M.100.C.1 R:0.16736 P:0.19231 F:0.17897
1 ROUGE-1 Eval D1015-A.M.100.C.1 R:0.32075 P:0.36017 F:0.33932
1 ROUGE-1 Eval D1016-A.M.100.C.1 R:0.31839 P:0.32870 F:0.32346
1 ROUGE-1 Eval D1017-A.M.100.D.1 R:0.22041 P:0.25000 F:0.23427
1 ROUGE-1 Eval D1018-A.M.100.D.1 R:0.25523 P:0.23106 F:0.24254
1 ROUGE-1 Eval D1019-A.M.100.D.1 R:0.38750 P:0.38115 F:0.38430
1 ROUGE-1 Eval D1020-A.M.100.D.1 R:0.24380 P:0.26818 F:0.25541
1 ROUGE-1 Eval D1021-A.M.100.D.1 R:0.27542 P:0.27542 F:0.27542
1 ROUGE-1 Eval D1022-A.M.100.D.1 R:0.29289 P:0.34314 F:0.31603
1 ROUGE-1 Eval D1023-A.M.100.E.1 R:0.25207 P:0.25847 F:0.25523
1 ROUGE-1 Eval D1024-A.M.100.E.1 R:0.37083 P:0.39035 F:0.38034
1 ROUGE-1 Eval D1025-A.M.100.E.1 R:0.29646 P:0.27016 F:0.28270
1 ROUGE-1 Eval D1026-A.M.100.E.1 R:0.12393 P:0.13182 F:0.12775
1 ROUGE-1 Eval D1027-A.M.100.E.1 R:0.31349 P:0.36574 F:0.33761
1 ROUGE-1 Eval D1028-A.M.100.E.1 R:0.32500 P:0.33051 F:0.32773
1 ROUGE-1 Eval D1029-A.M.100.F.1 R:0.19167 P:0.18852 F:0.19008
1 ROUGE-1 Eval D1030-A.M.100.F.1 R:0.26190 P:0.27966 F:0.27049
1 ROUGE-1 Eval D1031-A.M.100.F.1 R:0.17551 P:0.19907 F:0.18655
1 ROUGE-1 Eval D1032-A.M.100.F.1 R:0.28244 P:0.33636 F:0.30705
1 ROUGE-1 Eval D1033-A.M.100.F.1 R:0.38843 P:0.36719 F:0.37751
1 ROUGE-1 Eval D1034-A.M.100.F.1 R:0.16461 P:0.19608 F:0.17897
1 ROUGE-1 Eval D1035-A.M.100.G.1 R:0.24390 P:0.30000 F:0.26906
1 ROUGE-1 Eval D1036-A.M.100.G.1 R:0.21224 P:0.27083 F:0.23798
1 ROUGE-1 Eval D1037-A.M.100.G.1 R:0.29167 P:0.30882 F:0.30000
1 ROUGE-1 Eval D1038-A.M.100.G.1 R:0.20784 P:0.24091 F:0.22316
1 ROUGE-1 Eval D1039-A.M.100.G.1 R:0.29796 P:0.32018 F:0.30867
1 ROUGE-1 Eval D1040-A.M.100.G.1 R:0.22128 P:0.25000 F:0.23476
1 ROUGE-1 Eval D1041-A.M.100.H.1 R:0.30315 P:0.36321 F:0.33047
1 ROUGE-1 Eval D1042-A.M.100.H.1 R:0.26906 P:0.26786 F:0.26846
1 ROUGE-1 Eval D1043-A.M.100.H.1 R:0.29237 P:0.27823 F:0.28512
1 ROUGE-1 Eval D1044-A.M.100.H.1 R:0.26160 P:0.30392 F:0.28118
1 ROUGE-1 Eval D1045-A.M.100.H.1 R:0.33858 P:0.37069 F:0.35391
1 ROUGE-1 Eval D1046-A.M.100.H.1 R:0.31890 P:0.36161 F:0.33891
---------------------------------------------
1 ROUGE-2 Average_R: 0.07545 (95%-conf.int. 0.06448 - 0.08666)
1 ROUGE-2 Average_P: 0.08198 (95%-conf.int. 0.07088 - 0.09331)
1 ROUGE-2 Average_F: 0.07834 (95%-conf.int. 0.06742 - 0.08951)
.............................................
1 ROUGE-2 Eval D1001-A.M.100.A.1 R:0.08368 P:0.09804 F:0.09029
1 ROUGE-2 Eval D1002-A.M.100.A.1 R:0.07660 P:0.08333 F:0.07982
1 ROUGE-2 Eval D1003-A.M.100.A.1 R:0.06167 P:0.06140 F:0.06153
1 ROUGE-2 Eval D1004-A.M.100.A.1 R:0.08403 P:0.08065 F:0.08231
1 ROUGE-2 Eval D1005-A.M.100.A.1 R:0.04167 P:0.04902 F:0.04505
1 ROUGE-2 Eval D1006-A.M.100.A.1 R:0.03502 P:0.05233 F:0.04196
1 ROUGE-2 Eval D1007-A.M.100.B.1 R:0.07240 P:0.07843 F:0.07529
1 ROUGE-2 Eval D1008-A.M.100.B.1 R:0.02869 P:0.03977 F:0.03333
1 ROUGE-2 Eval D1009-A.M.100.B.1 R:0.10811 P:0.10169 F:0.10480
1 ROUGE-2 Eval D1010-A.M.100.B.1 R:0.12602 P:0.15500 F:0.13902
1 ROUGE-2 Eval D1011-A.M.100.C.1 R:0.05702 P:0.08333 F:0.06771
1 ROUGE-2 Eval D1012-A.M.100.C.1 R:0.05372 P:0.05417 F:0.05394
1 ROUGE-2 Eval D1013-A.M.100.C.1 R:0.18367 P:0.21635 F:0.19868
1 ROUGE-2 Eval D1014-A.M.100.C.1 R:0.01702 P:0.01961 F:0.01822
1 ROUGE-2 Eval D1015-A.M.100.C.1 R:0.11111 P:0.12500 F:0.11765
1 ROUGE-2 Eval D1016-A.M.100.C.1 R:0.07306 P:0.07547 F:0.07425
1 ROUGE-2 Eval D1017-A.M.100.D.1 R:0.03734 P:0.04245 F:0.03973
1 ROUGE-2 Eval D1018-A.M.100.D.1 R:0.12340 P:0.11154 F:0.11717
1 ROUGE-2 Eval D1019-A.M.100.D.1 R:0.09746 P:0.09583 F:0.09664
1 ROUGE-2 Eval D1020-A.M.100.D.1 R:0.03782 P:0.04167 F:0.03965
1 ROUGE-2 Eval D1021-A.M.100.D.1 R:0.11207 P:0.11207 F:0.11207
1 ROUGE-2 Eval D1022-A.M.100.D.1 R:0.10213 P:0.12000 F:0.11035
1 ROUGE-2 Eval D1023-A.M.100.E.1 R:0.04202 P:0.04310 F:0.04255
1 ROUGE-2 Eval D1024-A.M.100.E.1 R:0.11441 P:0.12054 F:0.11740
1 ROUGE-2 Eval D1025-A.M.100.E.1 R:0.11712 P:0.10656 F:0.11159
1 ROUGE-2 Eval D1026-A.M.100.E.1 R:0.03913 P:0.04167 F:0.04036
1 ROUGE-2 Eval D1027-A.M.100.E.1 R:0.10484 P:0.12264 F:0.11304
1 ROUGE-2 Eval D1028-A.M.100.E.1 R:0.07627 P:0.07759 F:0.07692
1 ROUGE-2 Eval D1029-A.M.100.F.1 R:0.02966 P:0.02917 F:0.02941
1 ROUGE-2 Eval D1030-A.M.100.F.1 R:0.06855 P:0.07328 F:0.07084
1 ROUGE-2 Eval D1031-A.M.100.F.1 R:0.02905 P:0.03302 F:0.03091
1 ROUGE-2 Eval D1032-A.M.100.F.1 R:0.05814 P:0.06944 F:0.06329
1 ROUGE-2 Eval D1033-A.M.100.F.1 R:0.15966 P:0.15079 F:0.15510
1 ROUGE-2 Eval D1034-A.M.100.F.1 R:0.02092 P:0.02500 F:0.02278
1 ROUGE-2 Eval D1035-A.M.100.G.1 R:0.06198 P:0.07653 F:0.06849
1 ROUGE-2 Eval D1036-A.M.100.G.1 R:0.02075 P:0.02660 F:0.02331
1 ROUGE-2 Eval D1037-A.M.100.G.1 R:0.05660 P:0.06000 F:0.05825
1 ROUGE-2 Eval D1038-A.M.100.G.1 R:0.05578 P:0.06481 F:0.05996
1 ROUGE-2 Eval D1039-A.M.100.G.1 R:0.10373 P:0.11161 F:0.10753
1 ROUGE-2 Eval D1040-A.M.100.G.1 R:0.03896 P:0.04412 F:0.04138
1 ROUGE-2 Eval D1041-A.M.100.H.1 R:0.10800 P:0.12981 F:0.11790
1 ROUGE-2 Eval D1042-A.M.100.H.1 R:0.09132 P:0.09091 F:0.09111
1 ROUGE-2 Eval D1043-A.M.100.H.1 R:0.11638 P:0.11066 F:0.11345
1 ROUGE-2 Eval D1044-A.M.100.H.1 R:0.06438 P:0.07500 F:0.06929
1 ROUGE-2 Eval D1045-A.M.100.H.1 R:0.08800 P:0.09649 F:0.09205
1 ROUGE-2 Eval D1046-A.M.100.H.1 R:0.09200 P:0.10455 F:0.09787
