---------------------------------------------
1 ROUGE-1 Average_R: 0.25152 (95%-conf.int. 0.23473 - 0.26822)
1 ROUGE-1 Average_P: 0.26376 (95%-conf.int. 0.24657 - 0.28094)
1 ROUGE-1 Average_F: 0.25704 (95%-conf.int. 0.24008 - 0.27360)
.............................................
1 ROUGE-1 Eval D1001-A.M.100.A.1 R:0.23868 P:0.29000 F:0.26185
1 ROUGE-1 Eval D1002-A.M.100.A.1 R:0.19665 P:0.24479 F:0.21810
1 ROUGE-1 Eval D1003-A.M.100.A.1 R:0.24242 P:0.21538 F:0.22810
1 ROUGE-1 Eval D1004-A.M.100.A.1 R:0.36364 P:0.34921 F:0.35628
1 ROUGE-1 Eval D1005-A.M.100.A.1 R:0.29918 P:0.30932 F:0.30417
1 ROUGE-1 Eval D1006-A.M.100.A.1 R:0.23755 P:0.27679 F:0.25567
1 ROUGE-1 Eval D1007-A.M.100.B.1 R:0.20889 P:0.23500 F:0.22118
1 ROUGE-1 Eval D1008-A.M.100.B.1 R:0.18145 P:0.18145 F:0.18145
1 ROUGE-1 Eval D1009-A.M.100.B.1 R:0.31858 P:0.31579 F:0.31718
1 ROUGE-1 Eval D1010-A.M.100.B.1 R:0.31200 P:0.30469 F:0.30830
1 ROUGE-1 Eval D1011-A.M.100.C.1 R:0.24138 P:0.22222 F:0.23140
1 ROUGE-1 Eval D1012-A.M.100.C.1 R:0.23577 P:0.25439 F:0.24473
1 ROUGE-1 Eval D1013-A.M.100.C.1 R:0.25301 P:0.27632 F:0.26415
1 ROUGE-1 Eval D1014-A.M.100.C.1 R:0.17155 P:0.17083 F:0.17119
1 ROUGE-1 Eval D1015-A.M.100.C.1 R:0.27547 P:0.28516 F:0.28023
1 ROUGE-1 Eval D1016-A.M.100.C.1 R:0.33632 P:0.34722 F:0.34168
1 ROUGE-1 Eval D1017-A.M.100.D.1 R:0.18367 P:0.19068 F:0.18711
1 ROUGE-1 Eval D1018-A.M.100.D.1 R:0.28033 P:0.25000 F:0.26430
1 ROUGE-1 Eval D1019-A.M.100.D.1 R:0.32083 P:0.31557 F:0.31818
1 ROUGE-1 Eval D1020-A.M.100.D.1 R:0.23140 P:0.24561 F:0.23829
1 ROUGE-1 Eval D1021-A.M.100.D.1 R:0.20763 P:0.22685 F:0.21681
1 ROUGE-1 Eval D1022-A.M.100.D.1 R:0.19665 P:0.23500 F:0.21412
1 ROUGE-1 Eval D1023-A.M.100.E.1 R:0.22314 P:0.22881 F:0.22594
1 ROUGE-1 Eval D1024-A.M.100.E.1 R:0.34583 P:0.35776 F:0.35169
1 ROUGE-1 Eval D1025-A.M.100.E.1 R:0.25221 P:0.24569 F:0.24891
1 ROUGE-1 Eval D1026-A.M.100.E.1 R:0.13248 P:0.13596 F:0.13420
1 ROUGE-1 Eval D1027-A.M.100.E.1 R:0.35317 P:0.38362 F:0.36777
1 ROUGE-1 Eval D1028-A.M.100.E.1 R:0.29167 P:0.28689 F:0.28926
1 ROUGE-1 Eval D1029-A.M.100.F.1 R:0.20833 P:0.24510 F:0.22522
1 ROUGE-1 Eval D1030-A.M.100.F.1 R:0.25000 P:0.26695 F:0.25820
1 ROUGE-1 Eval D1031-A.M.100.F.1 R:0.17143 P:0.18750 F:0.17911
1 ROUGE-1 Eval D1032-A.M.100.F.1 R:0.28626 P:0.34091 F:0.31120
1 ROUGE-1 Eval D1033-A.M.100.F.1 R:0.31405 P:0.29231 F:0.30279
1 ROUGE-1 Eval D1034-A.M.100.F.1 R:0.16872 P:0.18304 F:0.17559
1 ROUGE-1 Eval D1035-A.M.100.G.1 R:0.21545 P:0.26500 F:0.23767
1 ROUGE-1 Eval D1036-A.M.100.G.1 R:0.13061 P:0.13793 F:0.13417
1 ROUGE-1 Eval D1037-A.M.100.G.1 R:0.27778 P:0.30000 F:0.28846
1 ROUGE-1 Eval D1038-A.M.100.G.1 R:0.18824 P:0.17910 F:0.18356
1 ROUGE-1 Eval D1039-A.M.100.G.1 R:0.23673 P:0.25893 F:0.24733
1 ROUGE-1 Eval D1040-A.M.100.G.1 R:0.26383 P:0.29245 F:0.27740
1 ROUGE-1 Eval D1041-A.M.100.H.1 R:0.22047 P:0.26415 F:0.24034
1 ROUGE-1 Eval D1042-A.M.100.H.1 R:0.24664 P:0.24123 F:0.24391
1 ROUGE-1 Eval D1043-A.M.100.H.1 R:0.27966 P:0.26190 F:0.27049
1 ROUGE-1 Eval D1044-A.M.100.H.1 R:0.32489 P:0.31557 F:0.32016
1 ROUGE-1 Eval D1045-A.M.100.H.1 R:0.38189 P:0.41810 F:0.39918
1 ROUGE-1 Eval D1046-A.M.100.H.1 R:0.29921 P:0.32759 F:0.31276
---------------------------------------------
1 ROUGE-2 Average_R: 0.06971 (95%-conf.int. 0.05894 - 0.07988)
1 ROUGE-2 Average_P: 0.07263 (95%-conf.int. 0.06153 - 0.08278)
1 ROUGE-2 Average_F: 0.07100 (95%-conf.int. 0.06012 - 0.08111)
.............................................
1 ROUGE-2 Eval D1001-A.M.100.A.1 R:0.10460 P:0.12755 F:0.11494
1 ROUGE-2 Eval D1002-A.M.100.A.1 R:0.02979 P:0.03723 F:0.03310
1 ROUGE-2 Eval D1003-A.M.100.A.1 R:0.04846 P:0.04297 F:0.04555
1 ROUGE-2 Eval D1004-A.M.100.A.1 R:0.11765 P:0.11290 F:0.11523
1 ROUGE-2 Eval D1005-A.M.100.A.1 R:0.06250 P:0.06466 F:0.06356
1 ROUGE-2 Eval D1006-A.M.100.A.1 R:0.00389 P:0.00455 F:0.00419
1 ROUGE-2 Eval D1007-A.M.100.B.1 R:0.04072 P:0.04592 F:0.04316
1 ROUGE-2 Eval D1008-A.M.100.B.1 R:0.03279 P:0.03279 F:0.03279
1 ROUGE-2 Eval D1009-A.M.100.B.1 R:0.09910 P:0.09821 F:0.09865
1 ROUGE-2 Eval D1010-A.M.100.B.1 R:0.14228 P:0.13889 F:0.14056
1 ROUGE-2 Eval D1011-A.M.100.C.1 R:0.09211 P:0.08468 F:0.08824
1 ROUGE-2 Eval D1012-A.M.100.C.1 R:0.04545 P:0.04911 F:0.04721
1 ROUGE-2 Eval D1013-A.M.100.C.1 R:0.13878 P:0.15179 F:0.14499
1 ROUGE-2 Eval D1014-A.M.100.C.1 R:0.02128 P:0.02119 F:0.02123
1 ROUGE-2 Eval D1015-A.M.100.C.1 R:0.09195 P:0.09524 F:0.09357
1 ROUGE-2 Eval D1016-A.M.100.C.1 R:0.05479 P:0.05660 F:0.05568
1 ROUGE-2 Eval D1017-A.M.100.D.1 R:0.02075 P:0.02155 F:0.02114
1 ROUGE-2 Eval D1018-A.M.100.D.1 R:0.12340 P:0.10985 F:0.11623
1 ROUGE-2 Eval D1019-A.M.100.D.1 R:0.06780 P:0.06667 F:0.06723
1 ROUGE-2 Eval D1020-A.M.100.D.1 R:0.03361 P:0.03571 F:0.03463
1 ROUGE-2 Eval D1021-A.M.100.D.1 R:0.08190 P:0.08962 F:0.08559
1 ROUGE-2 Eval D1022-A.M.100.D.1 R:0.02553 P:0.03061 F:0.02784
1 ROUGE-2 Eval D1023-A.M.100.E.1 R:0.03361 P:0.03448 F:0.03404
1 ROUGE-2 Eval D1024-A.M.100.E.1 R:0.13559 P:0.14035 F:0.13793
1 ROUGE-2 Eval D1025-A.M.100.E.1 R:0.04955 P:0.04825 F:0.04889
1 ROUGE-2 Eval D1026-A.M.100.E.1 R:0.03913 P:0.04018 F:0.03965
1 ROUGE-2 Eval D1027-A.M.100.E.1 R:0.11694 P:0.12719 F:0.12185
1 ROUGE-2 Eval D1028-A.M.100.E.1 R:0.05932 P:0.05833 F:0.05882
1 ROUGE-2 Eval D1029-A.M.100.F.1 R:0.01695 P:0.02000 F:0.01835
1 ROUGE-2 Eval D1030-A.M.100.F.1 R:0.06452 P:0.06897 F:0.06667
1 ROUGE-2 Eval D1031-A.M.100.F.1 R:0.04564 P:0.05000 F:0.04772
1 ROUGE-2 Eval D1032-A.M.100.F.1 R:0.06977 P:0.08333 F:0.07595
1 ROUGE-2 Eval D1033-A.M.100.F.1 R:0.09664 P:0.08984 F:0.09312
1 ROUGE-2 Eval D1034-A.M.100.F.1 R:0.01674 P:0.01818 F:0.01743
1 ROUGE-2 Eval D1035-A.M.100.G.1 R:0.07851 P:0.09694 F:0.08676
1 ROUGE-2 Eval D1036-A.M.100.G.1 R:0.02490 P:0.02632 F:0.02559
1 ROUGE-2 Eval D1037-A.M.100.G.1 R:0.06604 P:0.07143 F:0.06863
1 ROUGE-2 Eval D1038-A.M.100.G.1 R:0.05976 P:0.05682 F:0.05825
1 ROUGE-2 Eval D1039-A.M.100.G.1 R:0.08299 P:0.09091 F:0.08677
1 ROUGE-2 Eval D1040-A.M.100.G.1 R:0.09091 P:0.10096 F:0.09567
1 ROUGE-2 Eval D1041-A.M.100.H.1 R:0.08800 P:0.10577 F:0.09607
1 ROUGE-2 Eval D1042-A.M.100.H.1 R:0.09132 P:0.08929 F:0.09029
1 ROUGE-2 Eval D1043-A.M.100.H.1 R:0.13793 P:0.12903 F:0.13333
1 ROUGE-2 Eval D1044-A.M.100.H.1 R:0.10300 P:0.10000 F:0.10148
1 ROUGE-2 Eval D1045-A.M.100.H.1 R:0.08400 P:0.09211 F:0.08787
1 ROUGE-2 Eval D1046-A.M.100.H.1 R:0.08400 P:0.09211 F:0.08787
