---------------------------------------------
1 ROUGE-1 Average_R: 0.25914 (95%-conf.int. 0.24168 - 0.27657)
1 ROUGE-1 Average_P: 0.28715 (95%-conf.int. 0.26874 - 0.30460)
1 ROUGE-1 Average_F: 0.27181 (95%-conf.int. 0.25452 - 0.28907)
.............................................
1 ROUGE-1 Eval D1001-A.M.100.A.1 R:0.27984 P:0.35417 F:0.31265
1 ROUGE-1 Eval D1002-A.M.100.A.1 R:0.25941 P:0.30392 F:0.27991
1 ROUGE-1 Eval D1003-A.M.100.A.1 R:0.25108 P:0.23770 F:0.24421
1 ROUGE-1 Eval D1004-A.M.100.A.1 R:0.29752 P:0.27273 F:0.28459
1 ROUGE-1 Eval D1005-A.M.100.A.1 R:0.15574 P:0.22619 F:0.18447
1 ROUGE-1 Eval D1006-A.M.100.A.1 R:0.24521 P:0.31373 F:0.27527
1 ROUGE-1 Eval D1007-A.M.100.B.1 R:0.26667 P:0.27273 F:0.26967
1 ROUGE-1 Eval D1008-A.M.100.B.1 R:0.17339 P:0.22396 F:0.19546
1 ROUGE-1 Eval D1009-A.M.100.B.1 R:0.25664 P:0.27358 F:0.26484
1 ROUGE-1 Eval D1010-A.M.100.B.1 R:0.19600 P:0.21491 F:0.20502
1 ROUGE-1 Eval D1011-A.M.100.C.1 R:0.16379 P:0.19000 F:0.17592
1 ROUGE-1 Eval D1012-A.M.100.C.1 R:0.27236 P:0.31604 F:0.29258
1 ROUGE-1 Eval D1013-A.M.100.C.1 R:0.24900 P:0.32292 F:0.28118
1 ROUGE-1 Eval D1014-A.M.100.C.1 R:0.16736 P:0.16949 F:0.16842
1 ROUGE-1 Eval D1015-A.M.100.C.1 R:0.32075 P:0.36017 F:0.33932
1 ROUGE-1 Eval D1016-A.M.100.C.1 R:0.38117 P:0.40094 F:0.39081
1 ROUGE-1 Eval D1017-A.M.100.D.1 R:0.20000 P:0.23113 F:0.21444
1 ROUGE-1 Eval D1018-A.M.100.D.1 R:0.16736 P:0.20000 F:0.18223
1 ROUGE-1 Eval D1019-A.M.100.D.1 R:0.30833 P:0.33036 F:0.31897
1 ROUGE-1 Eval D1020-A.M.100.D.1 R:0.20248 P:0.22685 F:0.21397
1 ROUGE-1 Eval D1021-A.M.100.D.1 R:0.27119 P:0.32000 F:0.29358
1 ROUGE-1 Eval D1022-A.M.100.D.1 R:0.36820 P:0.39286 F:0.38013
1 ROUGE-1 Eval D1023-A.M.100.E.1 R:0.30992 P:0.31250 F:0.31120
1 ROUGE-1 Eval D1024-A.M.100.E.1 R:0.34583 P:0.36404 F:0.35470
1 ROUGE-1 Eval D1025-A.M.100.E.1 R:0.31858 P:0.32143 F:0.32000
1 ROUGE-1 Eval D1026-A.M.100.E.1 R:0.16239 P:0.17273 F:0.16740
1 ROUGE-1 Eval D1027-A.M.100.E.1 R:0.34524 P:0.36250 F:0.35366
1 ROUGE-1 Eval D1028-A.M.100.E.1 R:0.29583 P:0.29583 F:0.29583
1 ROUGE-1 Eval D1029-A.M.100.F.1 R:0.20833 P:0.23148 F:0.21930
1 ROUGE-1 Eval D1030-A.M.100.F.1 R:0.21429 P:0.23684 F:0.22500
1 ROUGE-1 Eval D1031-A.M.100.F.1 R:0.17551 P:0.19907 F:0.18655
1 ROUGE-1 Eval D1032-A.M.100.F.1 R:0.30916 P:0.42188 F:0.35683
1 ROUGE-1 Eval D1033-A.M.100.F.1 R:0.28926 P:0.29167 F:0.29046
1 ROUGE-1 Eval D1034-A.M.100.F.1 R:0.16872 P:0.18304 F:0.17559
1 ROUGE-1 Eval D1035-A.M.100.G.1 R:0.31301 P:0.37019 F:0.33921
1 ROUGE-1 Eval D1036-A.M.100.G.1 R:0.19592 P:0.24490 F:0.21769
1 ROUGE-1 Eval D1037-A.M.100.G.1 R:0.32870 P:0.29098 F:0.30869
1 ROUGE-1 Eval D1038-A.M.100.G.1 R:0.20784 P:0.22845 F:0.21766
1 ROUGE-1 Eval D1039-A.M.100.G.1 R:0.32245 P:0.35268 F:0.33689
1 ROUGE-1 Eval D1040-A.M.100.G.1 R:0.30213 P:0.32870 F:0.31486
1 ROUGE-1 Eval D1041-A.M.100.H.1 R:0.27559 P:0.33019 F:0.30043
1 ROUGE-1 Eval D1042-A.M.100.H.1 R:0.25561 P:0.28500 F:0.26951
1 ROUGE-1 Eval D1043-A.M.100.H.1 R:0.19915 P:0.22170 F:0.20982
1 ROUGE-1 Eval D1044-A.M.100.H.1 R:0.29114 P:0.33173 F:0.31011
1 ROUGE-1 Eval D1045-A.M.100.H.1 R:0.36220 P:0.38333 F:0.37247
1 ROUGE-1 Eval D1046-A.M.100.H.1 R:0.28346 P:0.30508 F:0.29387
---------------------------------------------
1 ROUGE-2 Average_R: 0.06735 (95%-conf.int. 0.05801 - 0.07669)
1 ROUGE-2 Average_P: 0.07466 (95%-conf.int. 0.06468 - 0.08528)
1 ROUGE-2 Average_F: 0.07066 (95%-conf.int. 0.06122 - 0.08056)
.............................................
1 ROUGE-2 Eval D1001-A.M.100.A.1 R:0.08368 P:0.10638 F:0.09367
1 ROUGE-2 Eval D1002-A.M.100.A.1 R:0.05957 P:0.07000 F:0.06437
1 ROUGE-2 Eval D1003-A.M.100.A.1 R:0.04405 P:0.04167 F:0.04283
1 ROUGE-2 Eval D1004-A.M.100.A.1 R:0.07563 P:0.06923 F:0.07229
1 ROUGE-2 Eval D1005-A.M.100.A.1 R:0.01667 P:0.02439 F:0.01980
1 ROUGE-2 Eval D1006-A.M.100.A.1 R:0.03502 P:0.04500 F:0.03939
1 ROUGE-2 Eval D1007-A.M.100.B.1 R:0.09050 P:0.09259 F:0.09153
1 ROUGE-2 Eval D1008-A.M.100.B.1 R:0.02869 P:0.03723 F:0.03241
1 ROUGE-2 Eval D1009-A.M.100.B.1 R:0.04955 P:0.05288 F:0.05116
1 ROUGE-2 Eval D1010-A.M.100.B.1 R:0.08130 P:0.08929 F:0.08511
1 ROUGE-2 Eval D1011-A.M.100.C.1 R:0.05702 P:0.06633 F:0.06132
1 ROUGE-2 Eval D1012-A.M.100.C.1 R:0.05372 P:0.06250 F:0.05778
1 ROUGE-2 Eval D1013-A.M.100.C.1 R:0.11020 P:0.14362 F:0.12471
1 ROUGE-2 Eval D1014-A.M.100.C.1 R:0.02553 P:0.02586 F:0.02569
1 ROUGE-2 Eval D1015-A.M.100.C.1 R:0.11494 P:0.12931 F:0.12170
1 ROUGE-2 Eval D1016-A.M.100.C.1 R:0.10046 P:0.10577 F:0.10305
1 ROUGE-2 Eval D1017-A.M.100.D.1 R:0.01660 P:0.01923 F:0.01782
1 ROUGE-2 Eval D1018-A.M.100.D.1 R:0.08085 P:0.09694 F:0.08817
1 ROUGE-2 Eval D1019-A.M.100.D.1 R:0.08051 P:0.08636 F:0.08333
1 ROUGE-2 Eval D1020-A.M.100.D.1 R:0.03782 P:0.04245 F:0.04000
1 ROUGE-2 Eval D1021-A.M.100.D.1 R:0.11207 P:0.13265 F:0.12149
1 ROUGE-2 Eval D1022-A.M.100.D.1 R:0.13191 P:0.14091 F:0.13626
1 ROUGE-2 Eval D1023-A.M.100.E.1 R:0.04202 P:0.04237 F:0.04219
1 ROUGE-2 Eval D1024-A.M.100.E.1 R:0.11864 P:0.12500 F:0.12174
1 ROUGE-2 Eval D1025-A.M.100.E.1 R:0.09009 P:0.09091 F:0.09050
1 ROUGE-2 Eval D1026-A.M.100.E.1 R:0.04783 P:0.05093 F:0.04933
1 ROUGE-2 Eval D1027-A.M.100.E.1 R:0.10081 P:0.10593 F:0.10331
1 ROUGE-2 Eval D1028-A.M.100.E.1 R:0.07203 P:0.07203 F:0.07203
1 ROUGE-2 Eval D1029-A.M.100.F.1 R:0.01695 P:0.01887 F:0.01786
1 ROUGE-2 Eval D1030-A.M.100.F.1 R:0.02823 P:0.03125 F:0.02966
1 ROUGE-2 Eval D1031-A.M.100.F.1 R:0.02905 P:0.03302 F:0.03091
1 ROUGE-2 Eval D1032-A.M.100.F.1 R:0.08527 P:0.11702 F:0.09865
1 ROUGE-2 Eval D1033-A.M.100.F.1 R:0.13866 P:0.13983 F:0.13924
1 ROUGE-2 Eval D1034-A.M.100.F.1 R:0.01674 P:0.01818 F:0.01743
1 ROUGE-2 Eval D1035-A.M.100.G.1 R:0.07025 P:0.08333 F:0.07623
1 ROUGE-2 Eval D1036-A.M.100.G.1 R:0.01660 P:0.02083 F:0.01848
1 ROUGE-2 Eval D1037-A.M.100.G.1 R:0.08019 P:0.07083 F:0.07522
1 ROUGE-2 Eval D1038-A.M.100.G.1 R:0.04382 P:0.04825 F:0.04593
1 ROUGE-2 Eval D1039-A.M.100.G.1 R:0.12033 P:0.13182 F:0.12581
1 ROUGE-2 Eval D1040-A.M.100.G.1 R:0.07359 P:0.08019 F:0.07675
1 ROUGE-2 Eval D1041-A.M.100.H.1 R:0.10000 P:0.12019 F:0.10917
1 ROUGE-2 Eval D1042-A.M.100.H.1 R:0.08219 P:0.09184 F:0.08675
1 ROUGE-2 Eval D1043-A.M.100.H.1 R:0.04310 P:0.04808 F:0.04545
1 ROUGE-2 Eval D1044-A.M.100.H.1 R:0.05579 P:0.06373 F:0.05950
1 ROUGE-2 Eval D1045-A.M.100.H.1 R:0.08800 P:0.09322 F:0.09053
1 ROUGE-2 Eval D1046-A.M.100.H.1 R:0.06000 P:0.06466 F:0.06224
