---------------------------------------------
1 ROUGE-1 Average_R: 0.22978 (95%-conf.int. 0.21005 - 0.25077)
1 ROUGE-1 Average_P: 0.24511 (95%-conf.int. 0.22584 - 0.26487)
1 ROUGE-1 Average_F: 0.23651 (95%-conf.int. 0.21698 - 0.25661)
.............................................
1 ROUGE-1 Eval D1001-A.M.100.A.1 R:0.20988 P:0.20902 F:0.20945
1 ROUGE-1 Eval D1002-A.M.100.A.1 R:0.14644 P:0.17857 F:0.16092
1 ROUGE-1 Eval D1003-A.M.100.A.1 R:0.28139 P:0.29018 F:0.28572
1 ROUGE-1 Eval D1004-A.M.100.A.1 R:0.27273 P:0.27049 F:0.27161
1 ROUGE-1 Eval D1005-A.M.100.A.1 R:0.20902 P:0.25000 F:0.22768
1 ROUGE-1 Eval D1006-A.M.100.A.1 R:0.31034 P:0.38942 F:0.34541
1 ROUGE-1 Eval D1007-A.M.100.B.1 R:0.30222 P:0.30357 F:0.30289
1 ROUGE-1 Eval D1008-A.M.100.B.1 R:0.18145 P:0.21635 F:0.19737
1 ROUGE-1 Eval D1009-A.M.100.B.1 R:0.18142 P:0.17083 F:0.17597
1 ROUGE-1 Eval D1010-A.M.100.B.1 R:0.41200 P:0.39015 F:0.40078
1 ROUGE-1 Eval D1011-A.M.100.C.1 R:0.18534 P:0.13961 F:0.15926
1 ROUGE-1 Eval D1012-A.M.100.C.1 R:0.24797 P:0.24206 F:0.24498
1 ROUGE-1 Eval D1013-A.M.100.C.1 R:0.25301 P:0.27155 F:0.26195
1 ROUGE-1 Eval D1014-A.M.100.C.1 R:0.10879 P:0.11017 F:0.10948
1 ROUGE-1 Eval D1015-A.M.100.C.1 R:0.26792 P:0.26894 F:0.26843
1 ROUGE-1 Eval D1016-A.M.100.C.1 R:0.27803 P:0.27679 F:0.27741
1 ROUGE-1 Eval D1017-A.M.100.D.1 R:0.19184 P:0.23039 F:0.20936
1 ROUGE-1 Eval D1018-A.M.100.D.1 R:0.24268 P:0.26852 F:0.25495
1 ROUGE-1 Eval D1019-A.M.100.D.1 R:0.37500 P:0.35156 F:0.36290
1 ROUGE-1 Eval D1020-A.M.100.D.1 R:0.16942 P:0.16803 F:0.16872
1 ROUGE-1 Eval D1021-A.M.100.D.1 R:0.20339 P:0.22642 F:0.21429
1 ROUGE-1 Eval D1022-A.M.100.D.1 R:0.30962 P:0.33036 F:0.31965
1 ROUGE-1 Eval D1023-A.M.100.E.1 R:0.21488 P:0.22807 F:0.22128
1 ROUGE-1 Eval D1024-A.M.100.E.1 R:0.37500 P:0.38136 F:0.37815
1 ROUGE-1 Eval D1025-A.M.100.E.1 R:0.17699 P:0.17857 F:0.17778
1 ROUGE-1 Eval D1026-A.M.100.E.1 R:0.07265 P:0.09884 F:0.08375
1 ROUGE-1 Eval D1027-A.M.100.E.1 R:0.28571 P:0.32727 F:0.30508
1 ROUGE-1 Eval D1028-A.M.100.E.1 R:0.26250 P:0.27632 F:0.26923
1 ROUGE-1 Eval D1029-A.M.100.F.1 R:0.17500 P:0.18750 F:0.18103
1 ROUGE-1 Eval D1030-A.M.100.F.1 R:0.16667 P:0.24419 F:0.19812
1 ROUGE-1 Eval D1031-A.M.100.F.1 R:0.20816 P:0.20565 F:0.20690
1 ROUGE-1 Eval D1032-A.M.100.F.1 R:0.14504 P:0.17593 F:0.15900
1 ROUGE-1 Eval D1033-A.M.100.F.1 R:0.29752 P:0.31579 F:0.30638
1 ROUGE-1 Eval D1034-A.M.100.F.1 R:0.11523 P:0.14000 F:0.12641
1 ROUGE-1 Eval D1035-A.M.100.G.1 R:0.23577 P:0.29592 F:0.26244
1 ROUGE-1 Eval D1036-A.M.100.G.1 R:0.07347 P:0.09184 F:0.08163
1 ROUGE-1 Eval D1037-A.M.100.G.1 R:0.24074 P:0.24074 F:0.24074
1 ROUGE-1 Eval D1038-A.M.100.G.1 R:0.22353 P:0.24153 F:0.23218
1 ROUGE-1 Eval D1039-A.M.100.G.1 R:0.21633 P:0.20076 F:0.20825
1 ROUGE-1 Eval D1040-A.M.100.G.1 R:0.22553 P:0.24537 F:0.23503
1 ROUGE-1 Eval D1041-A.M.100.H.1 R:0.25197 P:0.31373 F:0.27948
1 ROUGE-1 Eval D1042-A.M.100.H.1 R:0.25561 P:0.26887 F:0.26207
1 ROUGE-1 Eval D1043-A.M.100.H.1 R:0.29237 P:0.27823 F:0.28512
1 ROUGE-1 Eval D1044-A.M.100.H.1 R:0.21097 P:0.24510 F:0.22676
1 ROUGE-1 Eval D1045-A.M.100.H.1 R:0.27165 P:0.29237 F:0.28163
1 ROUGE-1 Eval D1046-A.M.100.H.1 R:0.26378 P:0.26172 F:0.26275
---------------------------------------------
1 ROUGE-2 Average_R: 0.05950 (95%-conf.int. 0.04873 - 0.07160)
1 ROUGE-2 Average_P: 0.06292 (95%-conf.int. 0.05169 - 0.07494)
1 ROUGE-2 Average_F: 0.06099 (95%-conf.int. 0.04997 - 0.07320)
.............................................
1 ROUGE-2 Eval D1001-A.M.100.A.1 R:0.04603 P:0.04583 F:0.04593
1 ROUGE-2 Eval D1002-A.M.100.A.1 R:0.02128 P:0.02604 F:0.02342
1 ROUGE-2 Eval D1003-A.M.100.A.1 R:0.05727 P:0.05909 F:0.05817
1 ROUGE-2 Eval D1004-A.M.100.A.1 R:0.06723 P:0.06667 F:0.06695
1 ROUGE-2 Eval D1005-A.M.100.A.1 R:0.04167 P:0.05000 F:0.04546
1 ROUGE-2 Eval D1006-A.M.100.A.1 R:0.07782 P:0.09804 F:0.08677
1 ROUGE-2 Eval D1007-A.M.100.B.1 R:0.06787 P:0.06818 F:0.06802
1 ROUGE-2 Eval D1008-A.M.100.B.1 R:0.02869 P:0.03431 F:0.03125
1 ROUGE-2 Eval D1009-A.M.100.B.1 R:0.02703 P:0.02542 F:0.02620
1 ROUGE-2 Eval D1010-A.M.100.B.1 R:0.18699 P:0.17692 F:0.18182
1 ROUGE-2 Eval D1011-A.M.100.C.1 R:0.06579 P:0.04934 F:0.05639
1 ROUGE-2 Eval D1012-A.M.100.C.1 R:0.04545 P:0.04435 F:0.04489
1 ROUGE-2 Eval D1013-A.M.100.C.1 R:0.12653 P:0.13596 F:0.13108
1 ROUGE-2 Eval D1014-A.M.100.C.1 R:0.00851 P:0.00862 F:0.00856
1 ROUGE-2 Eval D1015-A.M.100.C.1 R:0.10345 P:0.10385 F:0.10365
1 ROUGE-2 Eval D1016-A.M.100.C.1 R:0.04566 P:0.04545 F:0.04555
1 ROUGE-2 Eval D1017-A.M.100.D.1 R:0.02075 P:0.02500 F:0.02268
1 ROUGE-2 Eval D1018-A.M.100.D.1 R:0.10638 P:0.11792 F:0.11185
1 ROUGE-2 Eval D1019-A.M.100.D.1 R:0.08051 P:0.07540 F:0.07787
1 ROUGE-2 Eval D1020-A.M.100.D.1 R:0.01261 P:0.01250 F:0.01255
1 ROUGE-2 Eval D1021-A.M.100.D.1 R:0.08190 P:0.09135 F:0.08637
1 ROUGE-2 Eval D1022-A.M.100.D.1 R:0.11489 P:0.12273 F:0.11868
1 ROUGE-2 Eval D1023-A.M.100.E.1 R:0.01261 P:0.01339 F:0.01299
1 ROUGE-2 Eval D1024-A.M.100.E.1 R:0.11441 P:0.11638 F:0.11539
1 ROUGE-2 Eval D1025-A.M.100.E.1 R:0.02252 P:0.02273 F:0.02262
1 ROUGE-2 Eval D1026-A.M.100.E.1 R:0.00000 P:0.00000 F:0.00000
1 ROUGE-2 Eval D1027-A.M.100.E.1 R:0.10484 P:0.12037 F:0.11207
1 ROUGE-2 Eval D1028-A.M.100.E.1 R:0.05085 P:0.05357 F:0.05217
1 ROUGE-2 Eval D1029-A.M.100.F.1 R:0.02119 P:0.02273 F:0.02193
1 ROUGE-2 Eval D1030-A.M.100.F.1 R:0.02823 P:0.04167 F:0.03366
1 ROUGE-2 Eval D1031-A.M.100.F.1 R:0.04979 P:0.04918 F:0.04948
1 ROUGE-2 Eval D1032-A.M.100.F.1 R:0.00775 P:0.00943 F:0.00851
1 ROUGE-2 Eval D1033-A.M.100.F.1 R:0.12605 P:0.13393 F:0.12987
1 ROUGE-2 Eval D1034-A.M.100.F.1 R:0.00837 P:0.01020 F:0.00919
1 ROUGE-2 Eval D1035-A.M.100.G.1 R:0.06612 P:0.08333 F:0.07373
1 ROUGE-2 Eval D1036-A.M.100.G.1 R:0.01660 P:0.02083 F:0.01848
1 ROUGE-2 Eval D1037-A.M.100.G.1 R:0.03774 P:0.03774 F:0.03774
1 ROUGE-2 Eval D1038-A.M.100.G.1 R:0.05578 P:0.06034 F:0.05797
1 ROUGE-2 Eval D1039-A.M.100.G.1 R:0.07469 P:0.06923 F:0.07186
1 ROUGE-2 Eval D1040-A.M.100.G.1 R:0.03030 P:0.03302 F:0.03160
1 ROUGE-2 Eval D1041-A.M.100.H.1 R:0.10000 P:0.12500 F:0.11111
1 ROUGE-2 Eval D1042-A.M.100.H.1 R:0.08676 P:0.09135 F:0.08900
1 ROUGE-2 Eval D1043-A.M.100.H.1 R:0.11638 P:0.11066 F:0.11345
1 ROUGE-2 Eval D1044-A.M.100.H.1 R:0.04721 P:0.05500 F:0.05081
1 ROUGE-2 Eval D1045-A.M.100.H.1 R:0.06400 P:0.06897 F:0.06639
1 ROUGE-2 Eval D1046-A.M.100.H.1 R:0.07200 P:0.07143 F:0.07171
