---------------------------------------------
1 ROUGE-1 Average_R: 0.26112 (95%-conf.int. 0.24322 - 0.27868)
1 ROUGE-1 Average_P: 0.28516 (95%-conf.int. 0.26735 - 0.30404)
1 ROUGE-1 Average_F: 0.27209 (95%-conf.int. 0.25474 - 0.28986)
.............................................
1 ROUGE-1 Eval D1001-A.M.100.A.1 R:0.29218 P:0.34804 F:0.31767
1 ROUGE-1 Eval D1002-A.M.100.A.1 R:0.18410 P:0.24444 F:0.21002
1 ROUGE-1 Eval D1003-A.M.100.A.1 R:0.27273 P:0.25820 F:0.26527
1 ROUGE-1 Eval D1004-A.M.100.A.1 R:0.35124 P:0.36017 F:0.35565
1 ROUGE-1 Eval D1005-A.M.100.A.1 R:0.25410 P:0.29808 F:0.27434
1 ROUGE-1 Eval D1006-A.M.100.A.1 R:0.21839 P:0.27941 F:0.24516
1 ROUGE-1 Eval D1007-A.M.100.B.1 R:0.26667 P:0.28846 F:0.27714
1 ROUGE-1 Eval D1008-A.M.100.B.1 R:0.15726 P:0.19500 F:0.17411
1 ROUGE-1 Eval D1009-A.M.100.B.1 R:0.25221 P:0.26887 F:0.26027
1 ROUGE-1 Eval D1010-A.M.100.B.1 R:0.31200 P:0.30469 F:0.30830
1 ROUGE-1 Eval D1011-A.M.100.C.1 R:0.18534 P:0.23889 F:0.20874
1 ROUGE-1 Eval D1012-A.M.100.C.1 R:0.25203 P:0.25410 F:0.25306
1 ROUGE-1 Eval D1013-A.M.100.C.1 R:0.29719 P:0.34259 F:0.31828
1 ROUGE-1 Eval D1014-A.M.100.C.1 R:0.20084 P:0.22642 F:0.21286
1 ROUGE-1 Eval D1015-A.M.100.C.1 R:0.30943 P:0.32540 F:0.31721
1 ROUGE-1 Eval D1016-A.M.100.C.1 R:0.36323 P:0.38942 F:0.37587
1 ROUGE-1 Eval D1017-A.M.100.D.1 R:0.17959 P:0.19643 F:0.18763
1 ROUGE-1 Eval D1018-A.M.100.D.1 R:0.26778 P:0.24615 F:0.25651
1 ROUGE-1 Eval D1019-A.M.100.D.1 R:0.36250 P:0.35081 F:0.35656
1 ROUGE-1 Eval D1020-A.M.100.D.1 R:0.23140 P:0.24561 F:0.23829
1 ROUGE-1 Eval D1021-A.M.100.D.1 R:0.27119 P:0.27119 F:0.27119
1 ROUGE-1 Eval D1022-A.M.100.D.1 R:0.29289 P:0.33654 F:0.31320
1 ROUGE-1 Eval D1023-A.M.100.E.1 R:0.25207 P:0.25847 F:0.25523
1 ROUGE-1 Eval D1024-A.M.100.E.1 R:0.32083 P:0.35648 F:0.33772
1 ROUGE-1 Eval D1025-A.M.100.E.1 R:0.23451 P:0.24091 F:0.23767
1 ROUGE-1 Eval D1026-A.M.100.E.1 R:0.13248 P:0.13839 F:0.13537
1 ROUGE-1 Eval D1027-A.M.100.E.1 R:0.40079 P:0.45909 F:0.42796
1 ROUGE-1 Eval D1028-A.M.100.E.1 R:0.24583 P:0.28922 F:0.26577
1 ROUGE-1 Eval D1029-A.M.100.F.1 R:0.22083 P:0.22083 F:0.22083
1 ROUGE-1 Eval D1030-A.M.100.F.1 R:0.26190 P:0.27966 F:0.27049
1 ROUGE-1 Eval D1031-A.M.100.F.1 R:0.17959 P:0.23913 F:0.20513
1 ROUGE-1 Eval D1032-A.M.100.F.1 R:0.28244 P:0.33636 F:0.30705
1 ROUGE-1 Eval D1033-A.M.100.F.1 R:0.35124 P:0.33730 F:0.34413
1 ROUGE-1 Eval D1034-A.M.100.F.1 R:0.16461 P:0.19608 F:0.17897
1 ROUGE-1 Eval D1035-A.M.100.G.1 R:0.23577 P:0.29000 F:0.26009
1 ROUGE-1 Eval D1036-A.M.100.G.1 R:0.15102 P:0.19271 F:0.16934
1 ROUGE-1 Eval D1037-A.M.100.G.1 R:0.26389 P:0.28500 F:0.27404
1 ROUGE-1 Eval D1038-A.M.100.G.1 R:0.19216 P:0.21121 F:0.20124
1 ROUGE-1 Eval D1039-A.M.100.G.1 R:0.33061 P:0.34914 F:0.33962
1 ROUGE-1 Eval D1040-A.M.100.G.1 R:0.25957 P:0.28241 F:0.27051
1 ROUGE-1 Eval D1041-A.M.100.H.1 R:0.28346 P:0.32727 F:0.30379
1 ROUGE-1 Eval D1042-A.M.100.H.1 R:0.26009 P:0.26852 F:0.26424
1 ROUGE-1 Eval D1043-A.M.100.H.1 R:0.29237 P:0.27823 F:0.28512
1 ROUGE-1 Eval D1044-A.M.100.H.1 R:0.27426 P:0.28509 F:0.27957
1 ROUGE-1 Eval D1045-A.M.100.H.1 R:0.37795 P:0.42857 F:0.40167
1 ROUGE-1 Eval D1046-A.M.100.H.1 R:0.29921 P:0.32759 F:0.31276
---------------------------------------------
1 ROUGE-2 Average_R: 0.07399 (95%-conf.int. 0.06255 - 0.08428)
1 ROUGE-2 Average_P: 0.08020 (95%-conf.int. 0.06823 - 0.09118)
1 ROUGE-2 Average_F: 0.07682 (95%-conf.int. 0.06545 - 0.08747)
.............................................
1 ROUGE-2 Eval D1001-A.M.100.A.1 R:0.10879 P:0.13000 F:0.11845
1 ROUGE-2 Eval D1002-A.M.100.A.1 R:0.03404 P:0.04545 F:0.03893
1 ROUGE-2 Eval D1003-A.M.100.A.1 R:0.04405 P:0.04167 F:0.04283
1 ROUGE-2 Eval D1004-A.M.100.A.1 R:0.10504 P:0.10776 F:0.10638
1 ROUGE-2 Eval D1005-A.M.100.A.1 R:0.04167 P:0.04902 F:0.04505
1 ROUGE-2 Eval D1006-A.M.100.A.1 R:0.04280 P:0.05500 F:0.04814
1 ROUGE-2 Eval D1007-A.M.100.B.1 R:0.07240 P:0.07843 F:0.07529
1 ROUGE-2 Eval D1008-A.M.100.B.1 R:0.02869 P:0.03571 F:0.03182
1 ROUGE-2 Eval D1009-A.M.100.B.1 R:0.07207 P:0.07692 F:0.07442
1 ROUGE-2 Eval D1010-A.M.100.B.1 R:0.14228 P:0.13889 F:0.14056
1 ROUGE-2 Eval D1011-A.M.100.C.1 R:0.06140 P:0.07955 F:0.06931
1 ROUGE-2 Eval D1012-A.M.100.C.1 R:0.03719 P:0.03750 F:0.03734
1 ROUGE-2 Eval D1013-A.M.100.C.1 R:0.15102 P:0.17453 F:0.16193
1 ROUGE-2 Eval D1014-A.M.100.C.1 R:0.02553 P:0.02885 F:0.02709
1 ROUGE-2 Eval D1015-A.M.100.C.1 R:0.11111 P:0.11694 F:0.11395
1 ROUGE-2 Eval D1016-A.M.100.C.1 R:0.09589 P:0.10294 F:0.09929
1 ROUGE-2 Eval D1017-A.M.100.D.1 R:0.01245 P:0.01364 F:0.01302
1 ROUGE-2 Eval D1018-A.M.100.D.1 R:0.12340 P:0.11328 F:0.11812
1 ROUGE-2 Eval D1019-A.M.100.D.1 R:0.08051 P:0.07787 F:0.07917
1 ROUGE-2 Eval D1020-A.M.100.D.1 R:0.03361 P:0.03571 F:0.03463
1 ROUGE-2 Eval D1021-A.M.100.D.1 R:0.11207 P:0.11207 F:0.11207
1 ROUGE-2 Eval D1022-A.M.100.D.1 R:0.10213 P:0.11765 F:0.10934
1 ROUGE-2 Eval D1023-A.M.100.E.1 R:0.04202 P:0.04310 F:0.04255
1 ROUGE-2 Eval D1024-A.M.100.E.1 R:0.09746 P:0.10849 F:0.10268
1 ROUGE-2 Eval D1025-A.M.100.E.1 R:0.08559 P:0.08796 F:0.08676
1 ROUGE-2 Eval D1026-A.M.100.E.1 R:0.03913 P:0.04091 F:0.04000
1 ROUGE-2 Eval D1027-A.M.100.E.1 R:0.14919 P:0.17130 F:0.15948
1 ROUGE-2 Eval D1028-A.M.100.E.1 R:0.05508 P:0.06500 F:0.05963
1 ROUGE-2 Eval D1029-A.M.100.F.1 R:0.02966 P:0.02966 F:0.02966
1 ROUGE-2 Eval D1030-A.M.100.F.1 R:0.06855 P:0.07328 F:0.07084
1 ROUGE-2 Eval D1031-A.M.100.F.1 R:0.02905 P:0.03889 F:0.03326
1 ROUGE-2 Eval D1032-A.M.100.F.1 R:0.05814 P:0.06944 F:0.06329
1 ROUGE-2 Eval D1033-A.M.100.F.1 R:0.13866 P:0.13306 F:0.13580
1 ROUGE-2 Eval D1034-A.M.100.F.1 R:0.02092 P:0.02500 F:0.02278
1 ROUGE-2 Eval D1035-A.M.100.G.1 R:0.07438 P:0.09184 F:0.08219
1 ROUGE-2 Eval D1036-A.M.100.G.1 R:0.01245 P:0.01596 F:0.01399
1 ROUGE-2 Eval D1037-A.M.100.G.1 R:0.03774 P:0.04082 F:0.03922
1 ROUGE-2 Eval D1038-A.M.100.G.1 R:0.05578 P:0.06140 F:0.05846
1 ROUGE-2 Eval D1039-A.M.100.G.1 R:0.10373 P:0.10965 F:0.10661
1 ROUGE-2 Eval D1040-A.M.100.G.1 R:0.09091 P:0.09906 F:0.09481
1 ROUGE-2 Eval D1041-A.M.100.H.1 R:0.11200 P:0.12963 F:0.12017
1 ROUGE-2 Eval D1042-A.M.100.H.1 R:0.08676 P:0.08962 F:0.08817
1 ROUGE-2 Eval D1043-A.M.100.H.1 R:0.11638 P:0.11066 F:0.11345
1 ROUGE-2 Eval D1044-A.M.100.H.1 R:0.09871 P:0.10268 F:0.10066
1 ROUGE-2 Eval D1045-A.M.100.H.1 R:0.08400 P:0.09545 F:0.08936
1 ROUGE-2 Eval D1046-A.M.100.H.1 R:0.08400 P:0.09211 F:0.08787
