---------------------------------------------
1 ROUGE-1 Average_R: 0.26281 (95%-conf.int. 0.24453 - 0.28083)
1 ROUGE-1 Average_P: 0.27891 (95%-conf.int. 0.26167 - 0.29700)
1 ROUGE-1 Average_F: 0.26991 (95%-conf.int. 0.25222 - 0.28748)
.............................................
1 ROUGE-1 Eval D1001-A.M.100.A.1 R:0.30041 P:0.33796 F:0.31808
1 ROUGE-1 Eval D1002-A.M.100.A.1 R:0.26778 P:0.30769 F:0.28635
1 ROUGE-1 Eval D1003-A.M.100.A.1 R:0.27706 P:0.25397 F:0.26501
1 ROUGE-1 Eval D1004-A.M.100.A.1 R:0.35950 P:0.34524 F:0.35223
1 ROUGE-1 Eval D1005-A.M.100.A.1 R:0.30738 P:0.31250 F:0.30992
1 ROUGE-1 Eval D1006-A.M.100.A.1 R:0.21839 P:0.32386 F:0.26087
1 ROUGE-1 Eval D1007-A.M.100.B.1 R:0.29333 P:0.31731 F:0.30485
1 ROUGE-1 Eval D1008-A.M.100.B.1 R:0.15323 P:0.16102 F:0.15703
1 ROUGE-1 Eval D1009-A.M.100.B.1 R:0.29646 P:0.28879 F:0.29257
1 ROUGE-1 Eval D1010-A.M.100.B.1 R:0.35600 P:0.35317 F:0.35458
1 ROUGE-1 Eval D1011-A.M.100.C.1 R:0.23276 P:0.21429 F:0.22314
1 ROUGE-1 Eval D1012-A.M.100.C.1 R:0.23577 P:0.24576 F:0.24066
1 ROUGE-1 Eval D1013-A.M.100.C.1 R:0.25301 P:0.27632 F:0.26415
1 ROUGE-1 Eval D1014-A.M.100.C.1 R:0.17992 P:0.18860 F:0.18416
1 ROUGE-1 Eval D1015-A.M.100.C.1 R:0.24151 P:0.23881 F:0.24015
1 ROUGE-1 Eval D1016-A.M.100.C.1 R:0.35426 P:0.36574 F:0.35991
1 ROUGE-1 Eval D1017-A.M.100.D.1 R:0.13469 P:0.18750 F:0.15677
1 ROUGE-1 Eval D1018-A.M.100.D.1 R:0.28033 P:0.25000 F:0.26430
1 ROUGE-1 Eval D1019-A.M.100.D.1 R:0.32083 P:0.30556 F:0.31301
1 ROUGE-1 Eval D1020-A.M.100.D.1 R:0.23140 P:0.24561 F:0.23829
1 ROUGE-1 Eval D1021-A.M.100.D.1 R:0.27119 P:0.27119 F:0.27119
1 ROUGE-1 Eval D1022-A.M.100.D.1 R:0.28033 P:0.30455 F:0.29194
1 ROUGE-1 Eval D1023-A.M.100.E.1 R:0.21074 P:0.23611 F:0.22270
1 ROUGE-1 Eval D1024-A.M.100.E.1 R:0.38333 P:0.41818 F:0.40000
1 ROUGE-1 Eval D1025-A.M.100.E.1 R:0.30973 P:0.28689 F:0.29787
1 ROUGE-1 Eval D1026-A.M.100.E.1 R:0.13248 P:0.13136 F:0.13192
1 ROUGE-1 Eval D1027-A.M.100.E.1 R:0.36905 P:0.40789 F:0.38750
1 ROUGE-1 Eval D1028-A.M.100.E.1 R:0.30833 P:0.30328 F:0.30578
1 ROUGE-1 Eval D1029-A.M.100.F.1 R:0.27500 P:0.28448 F:0.27966
1 ROUGE-1 Eval D1030-A.M.100.F.1 R:0.24206 P:0.26293 F:0.25206
1 ROUGE-1 Eval D1031-A.M.100.F.1 R:0.20000 P:0.22273 F:0.21075
1 ROUGE-1 Eval D1032-A.M.100.F.1 R:0.29008 P:0.33333 F:0.31020
1 ROUGE-1 Eval D1033-A.M.100.F.1 R:0.31405 P:0.29231 F:0.30279
1 ROUGE-1 Eval D1034-A.M.100.F.1 R:0.14815 P:0.17647 F:0.16107
1 ROUGE-1 Eval D1035-A.M.100.G.1 R:0.23171 P:0.28500 F:0.25561
1 ROUGE-1 Eval D1036-A.M.100.G.1 R:0.17959 P:0.21154 F:0.19426
1 ROUGE-1 Eval D1037-A.M.100.G.1 R:0.28704 P:0.29808 F:0.29246
1 ROUGE-1 Eval D1038-A.M.100.G.1 R:0.17255 P:0.20000 F:0.18526
1 ROUGE-1 Eval D1039-A.M.100.G.1 R:0.26939 P:0.29464 F:0.28145
1 ROUGE-1 Eval D1040-A.M.100.G.1 R:0.26383 P:0.29245 F:0.27740
1 ROUGE-1 Eval D1041-A.M.100.H.1 R:0.19685 P:0.27778 F:0.23042
1 ROUGE-1 Eval D1042-A.M.100.H.1 R:0.27354 P:0.28241 F:0.27790
1 ROUGE-1 Eval D1043-A.M.100.H.1 R:0.29237 P:0.27823 F:0.28512
1 ROUGE-1 Eval D1044-A.M.100.H.1 R:0.27426 P:0.28509 F:0.27957
1 ROUGE-1 Eval D1045-A.M.100.H.1 R:0.35433 P:0.37500 F:0.36437
1 ROUGE-1 Eval D1046-A.M.100.H.1 R:0.29921 P:0.32759 F:0.31276
---------------------------------------------
1 ROUGE-2 Average_R: 0.07402 (95%-conf.int. 0.06330 - 0.08348)
1 ROUGE-2 Average_P: 0.07764 (95%-conf.int. 0.06610 - 0.08730)
1 ROUGE-2 Average_F: 0.07562 (95%-conf.int. 0.06447 - 0.08504)
.............................................
1 ROUGE-2 Eval D1001-A.M.100.A.1 R:0.12552 P:0.14151 F:0.13304
1 ROUGE-2 Eval D1002-A.M.100.A.1 R:0.05957 P:0.06863 F:0.06378
1 ROUGE-2 Eval D1003-A.M.100.A.1 R:0.07048 P:0.06452 F:0.06737
1 ROUGE-2 Eval D1004-A.M.100.A.1 R:0.09664 P:0.09274 F:0.09465
1 ROUGE-2 Eval D1005-A.M.100.A.1 R:0.05417 P:0.05508 F:0.05462
1 ROUGE-2 Eval D1006-A.M.100.A.1 R:0.00389 P:0.00581 F:0.00466
1 ROUGE-2 Eval D1007-A.M.100.B.1 R:0.06787 P:0.07353 F:0.07059
1 ROUGE-2 Eval D1008-A.M.100.B.1 R:0.03689 P:0.03879 F:0.03782
1 ROUGE-2 Eval D1009-A.M.100.B.1 R:0.09459 P:0.09211 F:0.09333
1 ROUGE-2 Eval D1010-A.M.100.B.1 R:0.15041 P:0.14919 F:0.14980
1 ROUGE-2 Eval D1011-A.M.100.C.1 R:0.09211 P:0.08468 F:0.08824
1 ROUGE-2 Eval D1012-A.M.100.C.1 R:0.04545 P:0.04741 F:0.04641
1 ROUGE-2 Eval D1013-A.M.100.C.1 R:0.13878 P:0.15179 F:0.14499
1 ROUGE-2 Eval D1014-A.M.100.C.1 R:0.01702 P:0.01786 F:0.01743
1 ROUGE-2 Eval D1015-A.M.100.C.1 R:0.07663 P:0.07576 F:0.07619
1 ROUGE-2 Eval D1016-A.M.100.C.1 R:0.08676 P:0.08962 F:0.08817
1 ROUGE-2 Eval D1017-A.M.100.D.1 R:0.00830 P:0.01163 F:0.00969
1 ROUGE-2 Eval D1018-A.M.100.D.1 R:0.12340 P:0.10985 F:0.11623
1 ROUGE-2 Eval D1019-A.M.100.D.1 R:0.07203 P:0.06855 F:0.07025
1 ROUGE-2 Eval D1020-A.M.100.D.1 R:0.03361 P:0.03571 F:0.03463
1 ROUGE-2 Eval D1021-A.M.100.D.1 R:0.11207 P:0.11207 F:0.11207
1 ROUGE-2 Eval D1022-A.M.100.D.1 R:0.02553 P:0.02778 F:0.02661
1 ROUGE-2 Eval D1023-A.M.100.E.1 R:0.03361 P:0.03774 F:0.03556
1 ROUGE-2 Eval D1024-A.M.100.E.1 R:0.13983 P:0.15278 F:0.14602
1 ROUGE-2 Eval D1025-A.M.100.E.1 R:0.08559 P:0.07917 F:0.08225
1 ROUGE-2 Eval D1026-A.M.100.E.1 R:0.03913 P:0.03879 F:0.03896
1 ROUGE-2 Eval D1027-A.M.100.E.1 R:0.13306 P:0.14732 F:0.13983
1 ROUGE-2 Eval D1028-A.M.100.E.1 R:0.07203 P:0.07083 F:0.07142
1 ROUGE-2 Eval D1029-A.M.100.F.1 R:0.06780 P:0.07018 F:0.06897
1 ROUGE-2 Eval D1030-A.M.100.F.1 R:0.06452 P:0.07018 F:0.06723
1 ROUGE-2 Eval D1031-A.M.100.F.1 R:0.04979 P:0.05556 F:0.05252
1 ROUGE-2 Eval D1032-A.M.100.F.1 R:0.07752 P:0.08929 F:0.08299
1 ROUGE-2 Eval D1033-A.M.100.F.1 R:0.09664 P:0.08984 F:0.09312
1 ROUGE-2 Eval D1034-A.M.100.F.1 R:0.02092 P:0.02500 F:0.02278
1 ROUGE-2 Eval D1035-A.M.100.G.1 R:0.07438 P:0.09184 F:0.08219
1 ROUGE-2 Eval D1036-A.M.100.G.1 R:0.02905 P:0.03431 F:0.03146
1 ROUGE-2 Eval D1037-A.M.100.G.1 R:0.07075 P:0.07353 F:0.07211
1 ROUGE-2 Eval D1038-A.M.100.G.1 R:0.05578 P:0.06481 F:0.05996
1 ROUGE-2 Eval D1039-A.M.100.G.1 R:0.09544 P:0.10455 F:0.09979
1 ROUGE-2 Eval D1040-A.M.100.G.1 R:0.09091 P:0.10096 F:0.09567
1 ROUGE-2 Eval D1041-A.M.100.H.1 R:0.07200 P:0.10227 F:0.08451
1 ROUGE-2 Eval D1042-A.M.100.H.1 R:0.09132 P:0.09434 F:0.09281
1 ROUGE-2 Eval D1043-A.M.100.H.1 R:0.11638 P:0.11066 F:0.11345
1 ROUGE-2 Eval D1044-A.M.100.H.1 R:0.09871 P:0.10268 F:0.10066
1 ROUGE-2 Eval D1045-A.M.100.H.1 R:0.06400 P:0.06780 F:0.06585
1 ROUGE-2 Eval D1046-A.M.100.H.1 R:0.08400 P:0.09211 F:0.08787
