---------------------------------------------
1 ROUGE-1 Average_R: 0.24775 (95%-conf.int. 0.22953 - 0.26738)
1 ROUGE-1 Average_P: 0.26591 (95%-conf.int. 0.24752 - 0.28491)
1 ROUGE-1 Average_F: 0.25588 (95%-conf.int. 0.23766 - 0.27466)
.............................................
1 ROUGE-1 Eval D1001-A.M.100.A.1 R:0.23457 P:0.25909 F:0.24622
1 ROUGE-1 Eval D1002-A.M.100.A.1 R:0.25941 P:0.30392 F:0.27991
1 ROUGE-1 Eval D1003-A.M.100.A.1 R:0.23810 P:0.21825 F:0.22774
1 ROUGE-1 Eval D1004-A.M.100.A.1 R:0.35950 P:0.35081 F:0.35510
1 ROUGE-1 Eval D1005-A.M.100.A.1 R:0.18443 P:0.24457 F:0.21028
1 ROUGE-1 Eval D1006-A.M.100.A.1 R:0.17625 P:0.23958 F:0.20309
1 ROUGE-1 Eval D1007-A.M.100.B.1 R:0.20889 P:0.22170 F:0.21510
1 ROUGE-1 Eval D1008-A.M.100.B.1 R:0.16935 P:0.17500 F:0.17213
1 ROUGE-1 Eval D1009-A.M.100.B.1 R:0.14159 P:0.16000 F:0.15023
1 ROUGE-1 Eval D1010-A.M.100.B.1 R:0.25200 P:0.25820 F:0.25506
1 ROUGE-1 Eval D1011-A.M.100.C.1 R:0.22414 P:0.19118 F:0.20635
1 ROUGE-1 Eval D1012-A.M.100.C.1 R:0.23577 P:0.25439 F:0.24473
1 ROUGE-1 Eval D1013-A.M.100.C.1 R:0.32129 P:0.33333 F:0.32720
1 ROUGE-1 Eval D1014-A.M.100.C.1 R:0.18410 P:0.20755 F:0.19512
1 ROUGE-1 Eval D1015-A.M.100.C.1 R:0.30943 P:0.32540 F:0.31721
1 ROUGE-1 Eval D1016-A.M.100.C.1 R:0.36323 P:0.34322 F:0.35294
1 ROUGE-1 Eval D1017-A.M.100.D.1 R:0.15102 P:0.19681 F:0.17090
1 ROUGE-1 Eval D1018-A.M.100.D.1 R:0.17155 P:0.21354 F:0.19026
1 ROUGE-1 Eval D1019-A.M.100.D.1 R:0.33750 P:0.36161 F:0.34914
1 ROUGE-1 Eval D1020-A.M.100.D.1 R:0.19421 P:0.21759 F:0.20524
1 ROUGE-1 Eval D1021-A.M.100.D.1 R:0.26695 P:0.28125 F:0.27391
1 ROUGE-1 Eval D1022-A.M.100.D.1 R:0.30544 P:0.33796 F:0.32088
1 ROUGE-1 Eval D1023-A.M.100.E.1 R:0.21901 P:0.24537 F:0.23144
1 ROUGE-1 Eval D1024-A.M.100.E.1 R:0.31667 P:0.34545 F:0.33043
1 ROUGE-1 Eval D1025-A.M.100.E.1 R:0.23451 P:0.25000 F:0.24201
1 ROUGE-1 Eval D1026-A.M.100.E.1 R:0.18803 P:0.18333 F:0.18565
1 ROUGE-1 Eval D1027-A.M.100.E.1 R:0.40476 P:0.41129 F:0.40800
1 ROUGE-1 Eval D1028-A.M.100.E.1 R:0.30833 P:0.29365 F:0.30081
1 ROUGE-1 Eval D1029-A.M.100.F.1 R:0.17500 P:0.16406 F:0.16935
1 ROUGE-1 Eval D1030-A.M.100.F.1 R:0.21429 P:0.24107 F:0.22689
1 ROUGE-1 Eval D1031-A.M.100.F.1 R:0.17959 P:0.18333 F:0.18144
1 ROUGE-1 Eval D1032-A.M.100.F.1 R:0.25573 P:0.37222 F:0.30317
1 ROUGE-1 Eval D1033-A.M.100.F.1 R:0.33471 P:0.33197 F:0.33333
1 ROUGE-1 Eval D1034-A.M.100.F.1 R:0.16872 P:0.18304 F:0.17559
1 ROUGE-1 Eval D1035-A.M.100.G.1 R:0.29268 P:0.34615 F:0.31718
1 ROUGE-1 Eval D1036-A.M.100.G.1 R:0.13061 P:0.13559 F:0.13305
1 ROUGE-1 Eval D1037-A.M.100.G.1 R:0.32407 P:0.31818 F:0.32110
1 ROUGE-1 Eval D1038-A.M.100.G.1 R:0.20000 P:0.20902 F:0.20441
1 ROUGE-1 Eval D1039-A.M.100.G.1 R:0.27347 P:0.27917 F:0.27629
1 ROUGE-1 Eval D1040-A.M.100.G.1 R:0.28511 P:0.32212 F:0.30249
1 ROUGE-1 Eval D1041-A.M.100.H.1 R:0.26378 P:0.29386 F:0.27801
1 ROUGE-1 Eval D1042-A.M.100.H.1 R:0.25561 P:0.26887 F:0.26207
1 ROUGE-1 Eval D1043-A.M.100.H.1 R:0.24576 P:0.26364 F:0.25439
1 ROUGE-1 Eval D1044-A.M.100.H.1 R:0.29958 P:0.29583 F:0.29769
1 ROUGE-1 Eval D1045-A.M.100.H.1 R:0.29134 P:0.33636 F:0.31224
1 ROUGE-1 Eval D1046-A.M.100.H.1 R:0.26378 P:0.27917 F:0.27126
---------------------------------------------
1 ROUGE-2 Average_R: 0.07071 (95%-conf.int. 0.05884 - 0.08181)
1 ROUGE-2 Average_P: 0.07527 (95%-conf.int. 0.06276 - 0.08693)
1 ROUGE-2 Average_F: 0.07277 (95%-conf.int. 0.06058 - 0.08412)
.............................................
1 ROUGE-2 Eval D1001-A.M.100.A.1 R:0.09623 P:0.10648 F:0.10110
1 ROUGE-2 Eval D1002-A.M.100.A.1 R:0.05957 P:0.07000 F:0.06437
1 ROUGE-2 Eval D1003-A.M.100.A.1 R:0.03524 P:0.03226 F:0.03368
1 ROUGE-2 Eval D1004-A.M.100.A.1 R:0.12605 P:0.12295 F:0.12448
1 ROUGE-2 Eval D1005-A.M.100.A.1 R:0.01667 P:0.02222 F:0.01905
1 ROUGE-2 Eval D1006-A.M.100.A.1 R:0.03113 P:0.04255 F:0.03595
1 ROUGE-2 Eval D1007-A.M.100.B.1 R:0.03620 P:0.03846 F:0.03730
1 ROUGE-2 Eval D1008-A.M.100.B.1 R:0.03689 P:0.03814 F:0.03750
1 ROUGE-2 Eval D1009-A.M.100.B.1 R:0.01351 P:0.01531 F:0.01435
1 ROUGE-2 Eval D1010-A.M.100.B.1 R:0.09756 P:0.10000 F:0.09876
1 ROUGE-2 Eval D1011-A.M.100.C.1 R:0.08772 P:0.07463 F:0.08065
1 ROUGE-2 Eval D1012-A.M.100.C.1 R:0.05372 P:0.05804 F:0.05580
1 ROUGE-2 Eval D1013-A.M.100.C.1 R:0.15510 P:0.16102 F:0.15800
1 ROUGE-2 Eval D1014-A.M.100.C.1 R:0.02128 P:0.02404 F:0.02258
1 ROUGE-2 Eval D1015-A.M.100.C.1 R:0.11111 P:0.11694 F:0.11395
1 ROUGE-2 Eval D1016-A.M.100.C.1 R:0.12785 P:0.12069 F:0.12417
1 ROUGE-2 Eval D1017-A.M.100.D.1 R:0.00830 P:0.01087 F:0.00941
1 ROUGE-2 Eval D1018-A.M.100.D.1 R:0.09362 P:0.11702 F:0.10402
1 ROUGE-2 Eval D1019-A.M.100.D.1 R:0.05508 P:0.05909 F:0.05701
1 ROUGE-2 Eval D1020-A.M.100.D.1 R:0.03782 P:0.04245 F:0.04000
1 ROUGE-2 Eval D1021-A.M.100.D.1 R:0.09914 P:0.10455 F:0.10177
1 ROUGE-2 Eval D1022-A.M.100.D.1 R:0.10213 P:0.11321 F:0.10738
1 ROUGE-2 Eval D1023-A.M.100.E.1 R:0.03361 P:0.03774 F:0.03556
1 ROUGE-2 Eval D1024-A.M.100.E.1 R:0.12288 P:0.13426 F:0.12832
1 ROUGE-2 Eval D1025-A.M.100.E.1 R:0.04955 P:0.05288 F:0.05116
1 ROUGE-2 Eval D1026-A.M.100.E.1 R:0.05217 P:0.05085 F:0.05150
1 ROUGE-2 Eval D1027-A.M.100.E.1 R:0.14516 P:0.14754 F:0.14634
1 ROUGE-2 Eval D1028-A.M.100.E.1 R:0.07203 P:0.06855 F:0.07025
1 ROUGE-2 Eval D1029-A.M.100.F.1 R:0.01695 P:0.01587 F:0.01639
1 ROUGE-2 Eval D1030-A.M.100.F.1 R:0.06855 P:0.07727 F:0.07265
1 ROUGE-2 Eval D1031-A.M.100.F.1 R:0.02490 P:0.02542 F:0.02516
1 ROUGE-2 Eval D1032-A.M.100.F.1 R:0.03876 P:0.05682 F:0.04608
1 ROUGE-2 Eval D1033-A.M.100.F.1 R:0.11765 P:0.11667 F:0.11716
1 ROUGE-2 Eval D1034-A.M.100.F.1 R:0.01674 P:0.01818 F:0.01743
1 ROUGE-2 Eval D1035-A.M.100.G.1 R:0.12397 P:0.14706 F:0.13453
1 ROUGE-2 Eval D1036-A.M.100.G.1 R:0.02075 P:0.02155 F:0.02114
1 ROUGE-2 Eval D1037-A.M.100.G.1 R:0.06604 P:0.06481 F:0.06542
1 ROUGE-2 Eval D1038-A.M.100.G.1 R:0.04382 P:0.04583 F:0.04480
1 ROUGE-2 Eval D1039-A.M.100.G.1 R:0.09959 P:0.10169 F:0.10063
1 ROUGE-2 Eval D1040-A.M.100.G.1 R:0.11255 P:0.12745 F:0.11954
1 ROUGE-2 Eval D1041-A.M.100.H.1 R:0.08800 P:0.09821 F:0.09283
1 ROUGE-2 Eval D1042-A.M.100.H.1 R:0.08676 P:0.09135 F:0.08900
1 ROUGE-2 Eval D1043-A.M.100.H.1 R:0.10776 P:0.11574 F:0.11161
1 ROUGE-2 Eval D1044-A.M.100.H.1 R:0.11159 P:0.11017 F:0.11088
1 ROUGE-2 Eval D1045-A.M.100.H.1 R:0.06400 P:0.07407 F:0.06867
1 ROUGE-2 Eval D1046-A.M.100.H.1 R:0.06800 P:0.07203 F:0.06996
