---------------------------------------------
1 ROUGE-1 Average_R: 0.24538 (95%-conf.int. 0.22745 - 0.26478)
1 ROUGE-1 Average_P: 0.26357 (95%-conf.int. 0.24394 - 0.28395)
1 ROUGE-1 Average_F: 0.25351 (95%-conf.int. 0.23552 - 0.27263)
.............................................
1 ROUGE-1 Eval D1001-A.M.100.A.1 R:0.13580 P:0.17188 F:0.15172
1 ROUGE-1 Eval D1002-A.M.100.A.1 R:0.18828 P:0.25568 F:0.21686
1 ROUGE-1 Eval D1003-A.M.100.A.1 R:0.25541 P:0.25000 F:0.25268
1 ROUGE-1 Eval D1004-A.M.100.A.1 R:0.36364 P:0.33333 F:0.34783
1 ROUGE-1 Eval D1005-A.M.100.A.1 R:0.25410 P:0.29808 F:0.27434
1 ROUGE-1 Eval D1006-A.M.100.A.1 R:0.15326 P:0.20000 F:0.17354
1 ROUGE-1 Eval D1007-A.M.100.B.1 R:0.22222 P:0.22727 F:0.22472
1 ROUGE-1 Eval D1008-A.M.100.B.1 R:0.15726 P:0.16525 F:0.16116
1 ROUGE-1 Eval D1009-A.M.100.B.1 R:0.15487 P:0.16827 F:0.16129
1 ROUGE-1 Eval D1010-A.M.100.B.1 R:0.25200 P:0.25820 F:0.25506
1 ROUGE-1 Eval D1011-A.M.100.C.1 R:0.22414 P:0.19118 F:0.20635
1 ROUGE-1 Eval D1012-A.M.100.C.1 R:0.23577 P:0.25439 F:0.24473
1 ROUGE-1 Eval D1013-A.M.100.C.1 R:0.28112 P:0.34314 F:0.30905
1 ROUGE-1 Eval D1014-A.M.100.C.1 R:0.18828 P:0.20089 F:0.19438
1 ROUGE-1 Eval D1015-A.M.100.C.1 R:0.31321 P:0.32937 F:0.32109
1 ROUGE-1 Eval D1016-A.M.100.C.1 R:0.36323 P:0.34322 F:0.35294
1 ROUGE-1 Eval D1017-A.M.100.D.1 R:0.15918 P:0.18056 F:0.16920
1 ROUGE-1 Eval D1018-A.M.100.D.1 R:0.23013 P:0.22917 F:0.22965
1 ROUGE-1 Eval D1019-A.M.100.D.1 R:0.36250 P:0.35081 F:0.35656
1 ROUGE-1 Eval D1020-A.M.100.D.1 R:0.22314 P:0.25472 F:0.23789
1 ROUGE-1 Eval D1021-A.M.100.D.1 R:0.26695 P:0.28125 F:0.27391
1 ROUGE-1 Eval D1022-A.M.100.D.1 R:0.30544 P:0.33796 F:0.32088
1 ROUGE-1 Eval D1023-A.M.100.E.1 R:0.21488 P:0.21667 F:0.21577
1 ROUGE-1 Eval D1024-A.M.100.E.1 R:0.34167 P:0.37963 F:0.35965
1 ROUGE-1 Eval D1025-A.M.100.E.1 R:0.18584 P:0.19444 F:0.19004
1 ROUGE-1 Eval D1026-A.M.100.E.1 R:0.16667 P:0.19500 F:0.17973
1 ROUGE-1 Eval D1027-A.M.100.E.1 R:0.32937 P:0.37727 F:0.35170
1 ROUGE-1 Eval D1028-A.M.100.E.1 R:0.23333 P:0.25455 F:0.24348
1 ROUGE-1 Eval D1029-A.M.100.F.1 R:0.20417 P:0.20417 F:0.20417
1 ROUGE-1 Eval D1030-A.M.100.F.1 R:0.21429 P:0.24107 F:0.22689
1 ROUGE-1 Eval D1031-A.M.100.F.1 R:0.17959 P:0.18966 F:0.18449
1 ROUGE-1 Eval D1032-A.M.100.F.1 R:0.27099 P:0.38587 F:0.31838
1 ROUGE-1 Eval D1033-A.M.100.F.1 R:0.34298 P:0.33468 F:0.33878
1 ROUGE-1 Eval D1034-A.M.100.F.1 R:0.16872 P:0.18304 F:0.17559
1 ROUGE-1 Eval D1035-A.M.100.G.1 R:0.28862 P:0.33491 F:0.31005
1 ROUGE-1 Eval D1036-A.M.100.G.1 R:0.09388 P:0.09914 F:0.09644
1 ROUGE-1 Eval D1037-A.M.100.G.1 R:0.32407 P:0.31818 F:0.32110
1 ROUGE-1 Eval D1038-A.M.100.G.1 R:0.24314 P:0.26724 F:0.25462
1 ROUGE-1 Eval D1039-A.M.100.G.1 R:0.28163 P:0.31944 F:0.29935
1 ROUGE-1 Eval D1040-A.M.100.G.1 R:0.24681 P:0.25893 F:0.25272
1 ROUGE-1 Eval D1041-A.M.100.H.1 R:0.25197 P:0.26667 F:0.25911
1 ROUGE-1 Eval D1042-A.M.100.H.1 R:0.25561 P:0.26887 F:0.26207
1 ROUGE-1 Eval D1043-A.M.100.H.1 R:0.27966 P:0.24265 F:0.25984
1 ROUGE-1 Eval D1044-A.M.100.H.1 R:0.27848 P:0.29464 F:0.28633
1 ROUGE-1 Eval D1045-A.M.100.H.1 R:0.31102 P:0.34649 F:0.32780
1 ROUGE-1 Eval D1046-A.M.100.H.1 R:0.31496 P:0.35088 F:0.33195
---------------------------------------------
1 ROUGE-2 Average_R: 0.06644 (95%-conf.int. 0.05583 - 0.07692)
1 ROUGE-2 Average_P: 0.07089 (95%-conf.int. 0.05990 - 0.08169)
1 ROUGE-2 Average_F: 0.06842 (95%-conf.int. 0.05786 - 0.07875)
.............................................
1 ROUGE-2 Eval D1001-A.M.100.A.1 R:0.02510 P:0.03191 F:0.02810
1 ROUGE-2 Eval D1002-A.M.100.A.1 R:0.02553 P:0.03488 F:0.02948
1 ROUGE-2 Eval D1003-A.M.100.A.1 R:0.04846 P:0.04741 F:0.04793
1 ROUGE-2 Eval D1004-A.M.100.A.1 R:0.10084 P:0.09231 F:0.09639
1 ROUGE-2 Eval D1005-A.M.100.A.1 R:0.04167 P:0.04902 F:0.04505
1 ROUGE-2 Eval D1006-A.M.100.A.1 R:0.01556 P:0.02041 F:0.01766
1 ROUGE-2 Eval D1007-A.M.100.B.1 R:0.05430 P:0.05556 F:0.05492
1 ROUGE-2 Eval D1008-A.M.100.B.1 R:0.02049 P:0.02155 F:0.02101
1 ROUGE-2 Eval D1009-A.M.100.B.1 R:0.01351 P:0.01471 F:0.01408
1 ROUGE-2 Eval D1010-A.M.100.B.1 R:0.09756 P:0.10000 F:0.09876
1 ROUGE-2 Eval D1011-A.M.100.C.1 R:0.08772 P:0.07463 F:0.08065
1 ROUGE-2 Eval D1012-A.M.100.C.1 R:0.05372 P:0.05804 F:0.05580
1 ROUGE-2 Eval D1013-A.M.100.C.1 R:0.14286 P:0.17500 F:0.15731
1 ROUGE-2 Eval D1014-A.M.100.C.1 R:0.01277 P:0.01364 F:0.01319
1 ROUGE-2 Eval D1015-A.M.100.C.1 R:0.11877 P:0.12500 F:0.12181
1 ROUGE-2 Eval D1016-A.M.100.C.1 R:0.12785 P:0.12069 F:0.12417
1 ROUGE-2 Eval D1017-A.M.100.D.1 R:0.02075 P:0.02358 F:0.02207
1 ROUGE-2 Eval D1018-A.M.100.D.1 R:0.09787 P:0.09746 F:0.09766
1 ROUGE-2 Eval D1019-A.M.100.D.1 R:0.08051 P:0.07787 F:0.07917
1 ROUGE-2 Eval D1020-A.M.100.D.1 R:0.04202 P:0.04808 F:0.04485
1 ROUGE-2 Eval D1021-A.M.100.D.1 R:0.09914 P:0.10455 F:0.10177
1 ROUGE-2 Eval D1022-A.M.100.D.1 R:0.10213 P:0.11321 F:0.10738
1 ROUGE-2 Eval D1023-A.M.100.E.1 R:0.00840 P:0.00847 F:0.00843
1 ROUGE-2 Eval D1024-A.M.100.E.1 R:0.13983 P:0.15566 F:0.14732
1 ROUGE-2 Eval D1025-A.M.100.E.1 R:0.05856 P:0.06132 F:0.05991
1 ROUGE-2 Eval D1026-A.M.100.E.1 R:0.05652 P:0.06633 F:0.06103
1 ROUGE-2 Eval D1027-A.M.100.E.1 R:0.09677 P:0.11111 F:0.10345
1 ROUGE-2 Eval D1028-A.M.100.E.1 R:0.05085 P:0.05556 F:0.05310
1 ROUGE-2 Eval D1029-A.M.100.F.1 R:0.02966 P:0.02966 F:0.02966
1 ROUGE-2 Eval D1030-A.M.100.F.1 R:0.06855 P:0.07727 F:0.07265
1 ROUGE-2 Eval D1031-A.M.100.F.1 R:0.02490 P:0.02632 F:0.02559
1 ROUGE-2 Eval D1032-A.M.100.F.1 R:0.05426 P:0.07778 F:0.06393
1 ROUGE-2 Eval D1033-A.M.100.F.1 R:0.12185 P:0.11885 F:0.12033
1 ROUGE-2 Eval D1034-A.M.100.F.1 R:0.01674 P:0.01818 F:0.01743
1 ROUGE-2 Eval D1035-A.M.100.G.1 R:0.08678 P:0.10096 F:0.09333
1 ROUGE-2 Eval D1036-A.M.100.G.1 R:0.00830 P:0.00877 F:0.00853
1 ROUGE-2 Eval D1037-A.M.100.G.1 R:0.06132 P:0.06019 F:0.06075
1 ROUGE-2 Eval D1038-A.M.100.G.1 R:0.06773 P:0.07456 F:0.07098
1 ROUGE-2 Eval D1039-A.M.100.G.1 R:0.09129 P:0.10377 F:0.09713
1 ROUGE-2 Eval D1040-A.M.100.G.1 R:0.08658 P:0.09091 F:0.08869
1 ROUGE-2 Eval D1041-A.M.100.H.1 R:0.07600 P:0.08051 F:0.07819
1 ROUGE-2 Eval D1042-A.M.100.H.1 R:0.08676 P:0.09135 F:0.08900
1 ROUGE-2 Eval D1043-A.M.100.H.1 R:0.10776 P:0.09328 F:0.10000
1 ROUGE-2 Eval D1044-A.M.100.H.1 R:0.07725 P:0.08182 F:0.07947
1 ROUGE-2 Eval D1045-A.M.100.H.1 R:0.07600 P:0.08482 F:0.08017
1 ROUGE-2 Eval D1046-A.M.100.H.1 R:0.08000 P:0.08929 F:0.08439
