---------------------------------------------
1 ROUGE-1 Average_R: 0.23663 (95%-conf.int. 0.21994 - 0.25325)
1 ROUGE-1 Average_P: 0.26520 (95%-conf.int. 0.24971 - 0.28118)
1 ROUGE-1 Average_F: 0.24942 (95%-conf.int. 0.23377 - 0.26523)
.............................................
1 ROUGE-1 Eval D1001-A.M.100.A.1 R:0.27984 P:0.34000 F:0.30700
1 ROUGE-1 Eval D1002-A.M.100.A.1 R:0.22176 P:0.28804 F:0.25059
1 ROUGE-1 Eval D1003-A.M.100.A.1 R:0.18182 P:0.20192 F:0.19134
1 ROUGE-1 Eval D1004-A.M.100.A.1 R:0.39256 P:0.35448 F:0.37255
1 ROUGE-1 Eval D1005-A.M.100.A.1 R:0.18033 P:0.28947 F:0.22222
1 ROUGE-1 Eval D1006-A.M.100.A.1 R:0.21839 P:0.27941 F:0.24516
1 ROUGE-1 Eval D1007-A.M.100.B.1 R:0.24444 P:0.25943 F:0.25171
1 ROUGE-1 Eval D1008-A.M.100.B.1 R:0.15726 P:0.19500 F:0.17411
1 ROUGE-1 Eval D1009-A.M.100.B.1 R:0.16372 P:0.19271 F:0.17704
1 ROUGE-1 Eval D1010-A.M.100.B.1 R:0.28800 P:0.30000 F:0.29388
1 ROUGE-1 Eval D1011-A.M.100.C.1 R:0.15948 P:0.14015 F:0.14919
1 ROUGE-1 Eval D1012-A.M.100.C.1 R:0.17073 P:0.21429 F:0.19005
1 ROUGE-1 Eval D1013-A.M.100.C.1 R:0.29719 P:0.33036 F:0.31290
1 ROUGE-1 Eval D1014-A.M.100.C.1 R:0.20084 P:0.22642 F:0.21286
1 ROUGE-1 Eval D1015-A.M.100.C.1 R:0.32453 P:0.37069 F:0.34608
1 ROUGE-1 Eval D1016-A.M.100.C.1 R:0.21525 P:0.25000 F:0.23133
1 ROUGE-1 Eval D1017-A.M.100.D.1 R:0.15102 P:0.18878 F:0.16780
1 ROUGE-1 Eval D1018-A.M.100.D.1 R:0.26778 P:0.24615 F:0.25651
1 ROUGE-1 Eval D1019-A.M.100.D.1 R:0.32500 P:0.34211 F:0.33334
1 ROUGE-1 Eval D1020-A.M.100.D.1 R:0.17355 P:0.19811 F:0.18502
1 ROUGE-1 Eval D1021-A.M.100.D.1 R:0.27119 P:0.27119 F:0.27119
1 ROUGE-1 Eval D1022-A.M.100.D.1 R:0.20502 P:0.24500 F:0.22323
1 ROUGE-1 Eval D1023-A.M.100.E.1 R:0.26033 P:0.27155 F:0.26582
1 ROUGE-1 Eval D1024-A.M.100.E.1 R:0.27917 P:0.31019 F:0.29386
1 ROUGE-1 Eval D1025-A.M.100.E.1 R:0.34071 P:0.35000 F:0.34529
1 ROUGE-1 Eval D1026-A.M.100.E.1 R:0.13248 P:0.14623 F:0.13902
1 ROUGE-1 Eval D1027-A.M.100.E.1 R:0.28175 P:0.35500 F:0.31416
1 ROUGE-1 Eval D1028-A.M.100.E.1 R:0.27500 P:0.27966 F:0.27731
1 ROUGE-1 Eval D1029-A.M.100.F.1 R:0.16667 P:0.17544 F:0.17094
1 ROUGE-1 Eval D1030-A.M.100.F.1 R:0.26190 P:0.27966 F:0.27049
1 ROUGE-1 Eval D1031-A.M.100.F.1 R:0.18776 P:0.22115 F:0.20309
1 ROUGE-1 Eval D1032-A.M.100.F.1 R:0.28244 P:0.33636 F:0.30705
1 ROUGE-1 Eval D1033-A.M.100.F.1 R:0.26033 P:0.25820 F:0.25926
1 ROUGE-1 Eval D1034-A.M.100.F.1 R:0.16461 P:0.19608 F:0.17897
1 ROUGE-1 Eval D1035-A.M.100.G.1 R:0.23984 P:0.30102 F:0.26697
1 ROUGE-1 Eval D1036-A.M.100.G.1 R:0.15918 P:0.19118 F:0.17372
1 ROUGE-1 Eval D1037-A.M.100.G.1 R:0.26852 P:0.29000 F:0.27885
1 ROUGE-1 Eval D1038-A.M.100.G.1 R:0.19608 P:0.21930 F:0.20704
1 ROUGE-1 Eval D1039-A.M.100.G.1 R:0.18776 P:0.23469 F:0.20862
1 ROUGE-1 Eval D1040-A.M.100.G.1 R:0.27660 P:0.30093 F:0.28825
1 ROUGE-1 Eval D1041-A.M.100.H.1 R:0.22441 P:0.26887 F:0.24464
1 ROUGE-1 Eval D1042-A.M.100.H.1 R:0.26457 P:0.26339 F:0.26398
1 ROUGE-1 Eval D1043-A.M.100.H.1 R:0.24153 P:0.25446 F:0.24783
1 ROUGE-1 Eval D1044-A.M.100.H.1 R:0.26160 P:0.30392 F:0.28118
1 ROUGE-1 Eval D1045-A.M.100.H.1 R:0.29921 P:0.35185 F:0.32340
1 ROUGE-1 Eval D1046-A.M.100.H.1 R:0.29921 P:0.32759 F:0.31276
---------------------------------------------
1 ROUGE-2 Average_R: 0.06325 (95%-conf.int. 0.05327 - 0.07309)
1 ROUGE-2 Average_P: 0.06998 (95%-conf.int. 0.05946 - 0.08011)
1 ROUGE-2 Average_F: 0.06629 (95%-conf.int. 0.05620 - 0.07625)
.............................................
1 ROUGE-2 Eval D1001-A.M.100.A.1 R:0.10879 P:0.13265 F:0.11954
1 ROUGE-2 Eval D1002-A.M.100.A.1 R:0.04255 P:0.05556 F:0.04819
1 ROUGE-2 Eval D1003-A.M.100.A.1 R:0.03965 P:0.04412 F:0.04177
1 ROUGE-2 Eval D1004-A.M.100.A.1 R:0.10504 P:0.09470 F:0.09960
1 ROUGE-2 Eval D1005-A.M.100.A.1 R:0.00417 P:0.00676 F:0.00516
1 ROUGE-2 Eval D1006-A.M.100.A.1 R:0.04280 P:0.05500 F:0.04814
1 ROUGE-2 Eval D1007-A.M.100.B.1 R:0.03167 P:0.03365 F:0.03263
1 ROUGE-2 Eval D1008-A.M.100.B.1 R:0.02869 P:0.03571 F:0.03182
1 ROUGE-2 Eval D1009-A.M.100.B.1 R:0.04054 P:0.04787 F:0.04390
1 ROUGE-2 Eval D1010-A.M.100.B.1 R:0.13008 P:0.13559 F:0.13278
1 ROUGE-2 Eval D1011-A.M.100.C.1 R:0.03509 P:0.03077 F:0.03279
1 ROUGE-2 Eval D1012-A.M.100.C.1 R:0.03306 P:0.04167 F:0.03687
1 ROUGE-2 Eval D1013-A.M.100.C.1 R:0.15102 P:0.16818 F:0.15914
1 ROUGE-2 Eval D1014-A.M.100.C.1 R:0.02128 P:0.02404 F:0.02258
1 ROUGE-2 Eval D1015-A.M.100.C.1 R:0.13027 P:0.14912 F:0.13906
1 ROUGE-2 Eval D1016-A.M.100.C.1 R:0.05023 P:0.05851 F:0.05405
1 ROUGE-2 Eval D1017-A.M.100.D.1 R:0.00830 P:0.01042 F:0.00924
1 ROUGE-2 Eval D1018-A.M.100.D.1 R:0.12340 P:0.11328 F:0.11812
1 ROUGE-2 Eval D1019-A.M.100.D.1 R:0.07203 P:0.07589 F:0.07391
1 ROUGE-2 Eval D1020-A.M.100.D.1 R:0.02101 P:0.02404 F:0.02242
1 ROUGE-2 Eval D1021-A.M.100.D.1 R:0.11207 P:0.11207 F:0.11207
1 ROUGE-2 Eval D1022-A.M.100.D.1 R:0.02979 P:0.03571 F:0.03248
1 ROUGE-2 Eval D1023-A.M.100.E.1 R:0.03361 P:0.03509 F:0.03433
1 ROUGE-2 Eval D1024-A.M.100.E.1 R:0.07203 P:0.08019 F:0.07589
1 ROUGE-2 Eval D1025-A.M.100.E.1 R:0.11261 P:0.11574 F:0.11415
1 ROUGE-2 Eval D1026-A.M.100.E.1 R:0.03913 P:0.04327 F:0.04110
1 ROUGE-2 Eval D1027-A.M.100.E.1 R:0.09274 P:0.11735 F:0.10360
1 ROUGE-2 Eval D1028-A.M.100.E.1 R:0.06356 P:0.06466 F:0.06411
1 ROUGE-2 Eval D1029-A.M.100.F.1 R:0.01695 P:0.01786 F:0.01739
1 ROUGE-2 Eval D1030-A.M.100.F.1 R:0.06855 P:0.07328 F:0.07084
1 ROUGE-2 Eval D1031-A.M.100.F.1 R:0.04149 P:0.04902 F:0.04494
1 ROUGE-2 Eval D1032-A.M.100.F.1 R:0.05814 P:0.06944 F:0.06329
1 ROUGE-2 Eval D1033-A.M.100.F.1 R:0.07143 P:0.07083 F:0.07113
1 ROUGE-2 Eval D1034-A.M.100.F.1 R:0.02092 P:0.02500 F:0.02278
1 ROUGE-2 Eval D1035-A.M.100.G.1 R:0.08264 P:0.10417 F:0.09216
1 ROUGE-2 Eval D1036-A.M.100.G.1 R:0.01660 P:0.02000 F:0.01814
1 ROUGE-2 Eval D1037-A.M.100.G.1 R:0.04245 P:0.04592 F:0.04412
1 ROUGE-2 Eval D1038-A.M.100.G.1 R:0.05578 P:0.06250 F:0.05895
1 ROUGE-2 Eval D1039-A.M.100.G.1 R:0.05809 P:0.07292 F:0.06467
1 ROUGE-2 Eval D1040-A.M.100.G.1 R:0.10390 P:0.11321 F:0.10836
1 ROUGE-2 Eval D1041-A.M.100.H.1 R:0.09200 P:0.11058 F:0.10044
1 ROUGE-2 Eval D1042-A.M.100.H.1 R:0.08676 P:0.08636 F:0.08656
1 ROUGE-2 Eval D1043-A.M.100.H.1 R:0.10776 P:0.11364 F:0.11062
1 ROUGE-2 Eval D1044-A.M.100.H.1 R:0.06009 P:0.07000 F:0.06467
1 ROUGE-2 Eval D1045-A.M.100.H.1 R:0.07200 P:0.08491 F:0.07792
1 ROUGE-2 Eval D1046-A.M.100.H.1 R:0.08400 P:0.09211 F:0.08787
