---------------------------------------------
1 ROUGE-1 Average_R: 0.26017 (95%-conf.int. 0.24198 - 0.27747)
1 ROUGE-1 Average_P: 0.27580 (95%-conf.int. 0.25704 - 0.29293)
1 ROUGE-1 Average_F: 0.26721 (95%-conf.int. 0.24862 - 0.28445)
.............................................
1 ROUGE-1 Eval D1001-A.M.100.A.1 R:0.30041 P:0.34434 F:0.32088
1 ROUGE-1 Eval D1002-A.M.100.A.1 R:0.25523 P:0.31771 F:0.28306
1 ROUGE-1 Eval D1003-A.M.100.A.1 R:0.23377 P:0.21774 F:0.22547
1 ROUGE-1 Eval D1004-A.M.100.A.1 R:0.32231 P:0.31967 F:0.32098
1 ROUGE-1 Eval D1005-A.M.100.A.1 R:0.31557 P:0.33190 F:0.32353
1 ROUGE-1 Eval D1006-A.M.100.A.1 R:0.18008 P:0.25543 F:0.21124
1 ROUGE-1 Eval D1007-A.M.100.B.1 R:0.29333 P:0.31731 F:0.30485
1 ROUGE-1 Eval D1008-A.M.100.B.1 R:0.17339 P:0.17063 F:0.17200
1 ROUGE-1 Eval D1009-A.M.100.B.1 R:0.38053 P:0.37069 F:0.37555
1 ROUGE-1 Eval D1010-A.M.100.B.1 R:0.35600 P:0.33712 F:0.34630
1 ROUGE-1 Eval D1011-A.M.100.C.1 R:0.24569 P:0.23750 F:0.24153
1 ROUGE-1 Eval D1012-A.M.100.C.1 R:0.23577 P:0.25000 F:0.24268
1 ROUGE-1 Eval D1013-A.M.100.C.1 R:0.24900 P:0.27193 F:0.25996
1 ROUGE-1 Eval D1014-A.M.100.C.1 R:0.17992 P:0.18534 F:0.18259
1 ROUGE-1 Eval D1015-A.M.100.C.1 R:0.24151 P:0.23881 F:0.24015
1 ROUGE-1 Eval D1016-A.M.100.C.1 R:0.34978 P:0.34821 F:0.34899
1 ROUGE-1 Eval D1017-A.M.100.D.1 R:0.21224 P:0.22414 F:0.21803
1 ROUGE-1 Eval D1018-A.M.100.D.1 R:0.28033 P:0.25769 F:0.26853
1 ROUGE-1 Eval D1019-A.M.100.D.1 R:0.32083 P:0.31557 F:0.31818
1 ROUGE-1 Eval D1020-A.M.100.D.1 R:0.23140 P:0.24561 F:0.23829
1 ROUGE-1 Eval D1021-A.M.100.D.1 R:0.20339 P:0.21818 F:0.21053
1 ROUGE-1 Eval D1022-A.M.100.D.1 R:0.28033 P:0.31019 F:0.29451
1 ROUGE-1 Eval D1023-A.M.100.E.1 R:0.22314 P:0.25000 F:0.23581
1 ROUGE-1 Eval D1024-A.M.100.E.1 R:0.37917 P:0.41364 F:0.39566
1 ROUGE-1 Eval D1025-A.M.100.E.1 R:0.30531 P:0.29741 F:0.30131
1 ROUGE-1 Eval D1026-A.M.100.E.1 R:0.13248 P:0.13136 F:0.13192
1 ROUGE-1 Eval D1027-A.M.100.E.1 R:0.35317 P:0.40455 F:0.37712
1 ROUGE-1 Eval D1028-A.M.100.E.1 R:0.29167 P:0.28689 F:0.28926
1 ROUGE-1 Eval D1029-A.M.100.F.1 R:0.27500 P:0.28448 F:0.27966
1 ROUGE-1 Eval D1030-A.M.100.F.1 R:0.25397 P:0.27119 F:0.26230
1 ROUGE-1 Eval D1031-A.M.100.F.1 R:0.17143 P:0.20192 F:0.18543
1 ROUGE-1 Eval D1032-A.M.100.F.1 R:0.30916 P:0.34914 F:0.32794
1 ROUGE-1 Eval D1033-A.M.100.F.1 R:0.31405 P:0.29231 F:0.30279
1 ROUGE-1 Eval D1034-A.M.100.F.1 R:0.14815 P:0.17647 F:0.16107
1 ROUGE-1 Eval D1035-A.M.100.G.1 R:0.20325 P:0.26596 F:0.23041
1 ROUGE-1 Eval D1036-A.M.100.G.1 R:0.13878 P:0.15741 F:0.14751
1 ROUGE-1 Eval D1037-A.M.100.G.1 R:0.25463 P:0.29255 F:0.27228
1 ROUGE-1 Eval D1038-A.M.100.G.1 R:0.18824 P:0.18462 F:0.18641
1 ROUGE-1 Eval D1039-A.M.100.G.1 R:0.24490 P:0.26786 F:0.25587
1 ROUGE-1 Eval D1040-A.M.100.G.1 R:0.26809 P:0.28125 F:0.27451
1 ROUGE-1 Eval D1041-A.M.100.H.1 R:0.21260 P:0.28125 F:0.24215
1 ROUGE-1 Eval D1042-A.M.100.H.1 R:0.29596 P:0.29464 F:0.29530
1 ROUGE-1 Eval D1043-A.M.100.H.1 R:0.28814 P:0.29310 F:0.29060
1 ROUGE-1 Eval D1044-A.M.100.H.1 R:0.27426 P:0.28509 F:0.27957
1 ROUGE-1 Eval D1045-A.M.100.H.1 R:0.33071 P:0.33871 F:0.33466
1 ROUGE-1 Eval D1046-A.M.100.H.1 R:0.29921 P:0.32759 F:0.31276
---------------------------------------------
1 ROUGE-2 Average_R: 0.07402 (95%-conf.int. 0.06291 - 0.08353)
1 ROUGE-2 Average_P: 0.07806 (95%-conf.int. 0.06653 - 0.08820)
1 ROUGE-2 Average_F: 0.07584 (95%-conf.int. 0.06445 - 0.08561)
.............................................
1 ROUGE-2 Eval D1001-A.M.100.A.1 R:0.12552 P:0.14423 F:0.13423
1 ROUGE-2 Eval D1002-A.M.100.A.1 R:0.05957 P:0.07447 F:0.06619
1 ROUGE-2 Eval D1003-A.M.100.A.1 R:0.05727 P:0.05328 F:0.05520
1 ROUGE-2 Eval D1004-A.M.100.A.1 R:0.10504 P:0.10417 F:0.10460
1 ROUGE-2 Eval D1005-A.M.100.A.1 R:0.05417 P:0.05702 F:0.05556
1 ROUGE-2 Eval D1006-A.M.100.A.1 R:0.00000 P:0.00000 F:0.00000
1 ROUGE-2 Eval D1007-A.M.100.B.1 R:0.06787 P:0.07353 F:0.07059
1 ROUGE-2 Eval D1008-A.M.100.B.1 R:0.02869 P:0.02823 F:0.02846
1 ROUGE-2 Eval D1009-A.M.100.B.1 R:0.13063 P:0.12719 F:0.12889
1 ROUGE-2 Eval D1010-A.M.100.B.1 R:0.14228 P:0.13462 F:0.13834
1 ROUGE-2 Eval D1011-A.M.100.C.1 R:0.09211 P:0.08898 F:0.09052
1 ROUGE-2 Eval D1012-A.M.100.C.1 R:0.04545 P:0.04825 F:0.04681
1 ROUGE-2 Eval D1013-A.M.100.C.1 R:0.13469 P:0.14732 F:0.14072
1 ROUGE-2 Eval D1014-A.M.100.C.1 R:0.01702 P:0.01754 F:0.01728
1 ROUGE-2 Eval D1015-A.M.100.C.1 R:0.07663 P:0.07576 F:0.07619
1 ROUGE-2 Eval D1016-A.M.100.C.1 R:0.09132 P:0.09091 F:0.09111
1 ROUGE-2 Eval D1017-A.M.100.D.1 R:0.03320 P:0.03509 F:0.03412
1 ROUGE-2 Eval D1018-A.M.100.D.1 R:0.12340 P:0.11328 F:0.11812
1 ROUGE-2 Eval D1019-A.M.100.D.1 R:0.06780 P:0.06667 F:0.06723
1 ROUGE-2 Eval D1020-A.M.100.D.1 R:0.03361 P:0.03571 F:0.03463
1 ROUGE-2 Eval D1021-A.M.100.D.1 R:0.08190 P:0.08796 F:0.08482
1 ROUGE-2 Eval D1022-A.M.100.D.1 R:0.04255 P:0.04717 F:0.04474
1 ROUGE-2 Eval D1023-A.M.100.E.1 R:0.03361 P:0.03774 F:0.03556
1 ROUGE-2 Eval D1024-A.M.100.E.1 R:0.14831 P:0.16204 F:0.15487
1 ROUGE-2 Eval D1025-A.M.100.E.1 R:0.08559 P:0.08333 F:0.08444
1 ROUGE-2 Eval D1026-A.M.100.E.1 R:0.03913 P:0.03879 F:0.03896
1 ROUGE-2 Eval D1027-A.M.100.E.1 R:0.11694 P:0.13426 F:0.12500
1 ROUGE-2 Eval D1028-A.M.100.E.1 R:0.05932 P:0.05833 F:0.05882
1 ROUGE-2 Eval D1029-A.M.100.F.1 R:0.06780 P:0.07018 F:0.06897
1 ROUGE-2 Eval D1030-A.M.100.F.1 R:0.06855 P:0.07328 F:0.07084
1 ROUGE-2 Eval D1031-A.M.100.F.1 R:0.04564 P:0.05392 F:0.04944
1 ROUGE-2 Eval D1032-A.M.100.F.1 R:0.07752 P:0.08772 F:0.08231
1 ROUGE-2 Eval D1033-A.M.100.F.1 R:0.09664 P:0.08984 F:0.09312
1 ROUGE-2 Eval D1034-A.M.100.F.1 R:0.02092 P:0.02500 F:0.02278
1 ROUGE-2 Eval D1035-A.M.100.G.1 R:0.07851 P:0.10326 F:0.08920
1 ROUGE-2 Eval D1036-A.M.100.G.1 R:0.01660 P:0.01887 F:0.01766
1 ROUGE-2 Eval D1037-A.M.100.G.1 R:0.06132 P:0.07065 F:0.06566
1 ROUGE-2 Eval D1038-A.M.100.G.1 R:0.05976 P:0.05859 F:0.05917
1 ROUGE-2 Eval D1039-A.M.100.G.1 R:0.08299 P:0.09091 F:0.08677
1 ROUGE-2 Eval D1040-A.M.100.G.1 R:0.09524 P:0.10000 F:0.09756
1 ROUGE-2 Eval D1041-A.M.100.H.1 R:0.08000 P:0.10638 F:0.09132
1 ROUGE-2 Eval D1042-A.M.100.H.1 R:0.08676 P:0.08636 F:0.08656
1 ROUGE-2 Eval D1043-A.M.100.H.1 R:0.13362 P:0.13596 F:0.13478
1 ROUGE-2 Eval D1044-A.M.100.H.1 R:0.09871 P:0.10268 F:0.10066
1 ROUGE-2 Eval D1045-A.M.100.H.1 R:0.06400 P:0.06557 F:0.06478
1 ROUGE-2 Eval D1046-A.M.100.H.1 R:0.08400 P:0.09211 F:0.08787
