---------------------------------------------
1 ROUGE-1 Average_R: 0.25882 (95%-conf.int. 0.24032 - 0.27765)
1 ROUGE-1 Average_P: 0.27950 (95%-conf.int. 0.26239 - 0.29832)
1 ROUGE-1 Average_F: 0.26795 (95%-conf.int. 0.25066 - 0.28621)
.............................................
1 ROUGE-1 Eval D1001-A.M.100.A.1 R:0.30041 P:0.35784 F:0.32662
1 ROUGE-1 Eval D1002-A.M.100.A.1 R:0.23849 P:0.30319 F:0.26698
1 ROUGE-1 Eval D1003-A.M.100.A.1 R:0.19481 P:0.20089 F:0.19780
1 ROUGE-1 Eval D1004-A.M.100.A.1 R:0.36364 P:0.35484 F:0.35919
1 ROUGE-1 Eval D1005-A.M.100.A.1 R:0.18443 P:0.24457 F:0.21028
1 ROUGE-1 Eval D1006-A.M.100.A.1 R:0.26437 P:0.34500 F:0.29935
1 ROUGE-1 Eval D1007-A.M.100.B.1 R:0.24444 P:0.23707 F:0.24070
1 ROUGE-1 Eval D1008-A.M.100.B.1 R:0.15726 P:0.19898 F:0.17568
1 ROUGE-1 Eval D1009-A.M.100.B.1 R:0.37168 P:0.38889 F:0.38009
1 ROUGE-1 Eval D1010-A.M.100.B.1 R:0.30000 P:0.29297 F:0.29644
1 ROUGE-1 Eval D1011-A.M.100.C.1 R:0.15948 P:0.22024 F:0.18500
1 ROUGE-1 Eval D1012-A.M.100.C.1 R:0.26829 P:0.28448 F:0.27615
1 ROUGE-1 Eval D1013-A.M.100.C.1 R:0.34137 P:0.37281 F:0.35640
1 ROUGE-1 Eval D1014-A.M.100.C.1 R:0.18410 P:0.22449 F:0.20230
1 ROUGE-1 Eval D1015-A.M.100.C.1 R:0.24528 P:0.24254 F:0.24390
1 ROUGE-1 Eval D1016-A.M.100.C.1 R:0.30493 P:0.35417 F:0.32771
1 ROUGE-1 Eval D1017-A.M.100.D.1 R:0.18776 P:0.23958 F:0.21053
1 ROUGE-1 Eval D1018-A.M.100.D.1 R:0.26360 P:0.23162 F:0.24658
1 ROUGE-1 Eval D1019-A.M.100.D.1 R:0.38750 P:0.38115 F:0.38430
1 ROUGE-1 Eval D1020-A.M.100.D.1 R:0.17355 P:0.19444 F:0.18340
1 ROUGE-1 Eval D1021-A.M.100.D.1 R:0.27119 P:0.27119 F:0.27119
1 ROUGE-1 Eval D1022-A.M.100.D.1 R:0.33891 P:0.35526 F:0.34689
1 ROUGE-1 Eval D1023-A.M.100.E.1 R:0.21074 P:0.22768 F:0.21888
1 ROUGE-1 Eval D1024-A.M.100.E.1 R:0.35000 P:0.37500 F:0.36207
1 ROUGE-1 Eval D1025-A.M.100.E.1 R:0.34071 P:0.32627 F:0.33333
1 ROUGE-1 Eval D1026-A.M.100.E.1 R:0.13248 P:0.13596 F:0.13420
1 ROUGE-1 Eval D1027-A.M.100.E.1 R:0.37698 P:0.40254 F:0.38934
1 ROUGE-1 Eval D1028-A.M.100.E.1 R:0.29167 P:0.28689 F:0.28926
1 ROUGE-1 Eval D1029-A.M.100.F.1 R:0.21667 P:0.20968 F:0.21312
1 ROUGE-1 Eval D1030-A.M.100.F.1 R:0.26190 P:0.27966 F:0.27049
1 ROUGE-1 Eval D1031-A.M.100.F.1 R:0.17551 P:0.22396 F:0.19680
1 ROUGE-1 Eval D1032-A.M.100.F.1 R:0.28244 P:0.33636 F:0.30705
1 ROUGE-1 Eval D1033-A.M.100.F.1 R:0.31405 P:0.29231 F:0.30279
1 ROUGE-1 Eval D1034-A.M.100.F.1 R:0.13992 P:0.17708 F:0.15632
1 ROUGE-1 Eval D1035-A.M.100.G.1 R:0.24390 P:0.29412 F:0.26667
1 ROUGE-1 Eval D1036-A.M.100.G.1 R:0.15510 P:0.18627 F:0.16926
1 ROUGE-1 Eval D1037-A.M.100.G.1 R:0.26389 P:0.28500 F:0.27404
1 ROUGE-1 Eval D1038-A.M.100.G.1 R:0.20000 P:0.22768 F:0.21294
1 ROUGE-1 Eval D1039-A.M.100.G.1 R:0.31020 P:0.32759 F:0.31866
1 ROUGE-1 Eval D1040-A.M.100.G.1 R:0.30213 P:0.33491 F:0.31768
1 ROUGE-1 Eval D1041-A.M.100.H.1 R:0.25984 P:0.33000 F:0.29075
1 ROUGE-1 Eval D1042-A.M.100.H.1 R:0.22870 P:0.22368 F:0.22616
1 ROUGE-1 Eval D1043-A.M.100.H.1 R:0.29237 P:0.27823 F:0.28512
1 ROUGE-1 Eval D1044-A.M.100.H.1 R:0.29536 P:0.25735 F:0.27505
1 ROUGE-1 Eval D1045-A.M.100.H.1 R:0.27165 P:0.28750 F:0.27935
1 ROUGE-1 Eval D1046-A.M.100.H.1 R:0.27165 P:0.28750 F:0.27935
---------------------------------------------
1 ROUGE-2 Average_R: 0.07730 (95%-conf.int. 0.06550 - 0.08870)
1 ROUGE-2 Average_P: 0.08235 (95%-conf.int. 0.07091 - 0.09416)
1 ROUGE-2 Average_F: 0.07951 (95%-conf.int. 0.06781 - 0.09118)
.............................................
1 ROUGE-2 Eval D1001-A.M.100.A.1 R:0.12552 P:0.15000 F:0.13667
1 ROUGE-2 Eval D1002-A.M.100.A.1 R:0.05106 P:0.06522 F:0.05728
1 ROUGE-2 Eval D1003-A.M.100.A.1 R:0.04405 P:0.04545 F:0.04474
1 ROUGE-2 Eval D1004-A.M.100.A.1 R:0.13025 P:0.12705 F:0.12863
1 ROUGE-2 Eval D1005-A.M.100.A.1 R:0.01667 P:0.02222 F:0.01905
1 ROUGE-2 Eval D1006-A.M.100.A.1 R:0.08560 P:0.11224 F:0.09713
1 ROUGE-2 Eval D1007-A.M.100.B.1 R:0.07692 P:0.07456 F:0.07572
1 ROUGE-2 Eval D1008-A.M.100.B.1 R:0.02869 P:0.03646 F:0.03211
1 ROUGE-2 Eval D1009-A.M.100.B.1 R:0.13063 P:0.13679 F:0.13364
1 ROUGE-2 Eval D1010-A.M.100.B.1 R:0.14228 P:0.13889 F:0.14056
1 ROUGE-2 Eval D1011-A.M.100.C.1 R:0.05702 P:0.07927 F:0.06633
1 ROUGE-2 Eval D1012-A.M.100.C.1 R:0.05372 P:0.05702 F:0.05532
1 ROUGE-2 Eval D1013-A.M.100.C.1 R:0.17143 P:0.18750 F:0.17911
1 ROUGE-2 Eval D1014-A.M.100.C.1 R:0.02128 P:0.02604 F:0.02342
1 ROUGE-2 Eval D1015-A.M.100.C.1 R:0.08429 P:0.08333 F:0.08381
1 ROUGE-2 Eval D1016-A.M.100.C.1 R:0.08219 P:0.09574 F:0.08845
1 ROUGE-2 Eval D1017-A.M.100.D.1 R:0.03320 P:0.04255 F:0.03730
1 ROUGE-2 Eval D1018-A.M.100.D.1 R:0.12340 P:0.10821 F:0.11531
1 ROUGE-2 Eval D1019-A.M.100.D.1 R:0.09746 P:0.09583 F:0.09664
1 ROUGE-2 Eval D1020-A.M.100.D.1 R:0.02101 P:0.02358 F:0.02222
1 ROUGE-2 Eval D1021-A.M.100.D.1 R:0.11207 P:0.11207 F:0.11207
1 ROUGE-2 Eval D1022-A.M.100.D.1 R:0.11489 P:0.12054 F:0.11765
1 ROUGE-2 Eval D1023-A.M.100.E.1 R:0.03361 P:0.03636 F:0.03493
1 ROUGE-2 Eval D1024-A.M.100.E.1 R:0.13136 P:0.14091 F:0.13597
1 ROUGE-2 Eval D1025-A.M.100.E.1 R:0.14414 P:0.13793 F:0.14097
1 ROUGE-2 Eval D1026-A.M.100.E.1 R:0.03913 P:0.04018 F:0.03965
1 ROUGE-2 Eval D1027-A.M.100.E.1 R:0.14113 P:0.15086 F:0.14583
1 ROUGE-2 Eval D1028-A.M.100.E.1 R:0.05932 P:0.05833 F:0.05882
1 ROUGE-2 Eval D1029-A.M.100.F.1 R:0.02966 P:0.02869 F:0.02917
1 ROUGE-2 Eval D1030-A.M.100.F.1 R:0.06855 P:0.07328 F:0.07084
1 ROUGE-2 Eval D1031-A.M.100.F.1 R:0.02905 P:0.03723 F:0.03264
1 ROUGE-2 Eval D1032-A.M.100.F.1 R:0.05814 P:0.06944 F:0.06329
1 ROUGE-2 Eval D1033-A.M.100.F.1 R:0.09664 P:0.08984 F:0.09312
1 ROUGE-2 Eval D1034-A.M.100.F.1 R:0.02092 P:0.02660 F:0.02342
1 ROUGE-2 Eval D1035-A.M.100.G.1 R:0.06612 P:0.08000 F:0.07240
1 ROUGE-2 Eval D1036-A.M.100.G.1 R:0.02905 P:0.03500 F:0.03175
1 ROUGE-2 Eval D1037-A.M.100.G.1 R:0.04245 P:0.04592 F:0.04412
1 ROUGE-2 Eval D1038-A.M.100.G.1 R:0.05578 P:0.06364 F:0.05945
1 ROUGE-2 Eval D1039-A.M.100.G.1 R:0.10373 P:0.10965 F:0.10661
1 ROUGE-2 Eval D1040-A.M.100.G.1 R:0.12121 P:0.13462 F:0.12756
1 ROUGE-2 Eval D1041-A.M.100.H.1 R:0.07200 P:0.09184 F:0.08072
1 ROUGE-2 Eval D1042-A.M.100.H.1 R:0.07763 P:0.07589 F:0.07675
1 ROUGE-2 Eval D1043-A.M.100.H.1 R:0.11638 P:0.11066 F:0.11345
1 ROUGE-2 Eval D1044-A.M.100.H.1 R:0.08584 P:0.07463 F:0.07984
1 ROUGE-2 Eval D1045-A.M.100.H.1 R:0.06400 P:0.06780 F:0.06585
1 ROUGE-2 Eval D1046-A.M.100.H.1 R:0.07200 P:0.07627 F:0.07407
